<?xml version="1.0" encoding="UTF-8"?>
<testng-results ignored="0" total="3" passed="3" failed="0" skipped="0">
  <reporter-output>
  </reporter-output>
  <suite started-at="2026-04-15T16:39:58 IST" name="functionalTestSuite" finished-at="2026-04-15T16:40:24 IST" duration-ms="26419">
    <groups>
      <group name="material">
        <method signature="Create_materialPurchaseTest.addMaterialPurchase(com.onsite.pojo_request.MaterialPurchaseRequest)[pri:0, instance:com.onsite.transaction.materialPurchase_test.Create_materialPurchaseTest@36bc55de]" name="addMaterialPurchase" class="com.onsite.transaction.materialPurchase_test.Create_materialPurchaseTest"/>
      </group> <!-- material -->
    </groups>
    <test started-at="2026-04-15T16:39:58 IST" name="AddMaterialPurchase" finished-at="2026-04-15T16:40:24 IST" duration-ms="26419">
      <class name="com.onsite.transaction.materialPurchase_test.Create_materialPurchaseTest">
        <test-method signature="addMaterialPurchase(com.onsite.pojo_request.MaterialPurchaseRequest)[pri:0, instance:com.onsite.transaction.materialPurchase_test.Create_materialPurchaseTest@36bc55de]" started-at="2026-04-15T16:39:59 IST" name="addMaterialPurchase" data-provider="purchaseData" finished-at="2026-04-15T16:40:11 IST" duration-ms="11786" status="PASS">
          <params>
            <param index="0">
              <value>
                <![CDATA[com.onsite.pojo_request.MaterialPurchaseRequest@2fa3be26]]>
              </value>
            </param>
          </params>
          <reporter-output>
          </reporter-output>
        </test-method> <!-- addMaterialPurchase -->
      </class> <!-- com.onsite.transaction.materialPurchase_test.Create_materialPurchaseTest -->
      <class name="com.onsite.deduction_test.Add_Deduction_test">
        <test-method signature="addDeductionItem(com.onsite.pojo_request.DeductionEntryBulkAdd_Request)[pri:0, instance:com.onsite.deduction_test.Add_Deduction_test@10e31a9a]" started-at="2026-04-15T16:40:20 IST" name="addDeductionItem" data-provider="deductionItem" depends-on-groups="material" finished-at="2026-04-15T16:40:24 IST" duration-ms="3446" status="PASS">
          <params>
            <param index="0">
              <value>
                <![CDATA[com.onsite.pojo_request.DeductionEntryBulkAdd_Request@43423d40]]>
              </value>
            </param>
          </params>
          <reporter-output>
          </reporter-output>
        </test-method> <!-- addDeductionItem -->
      </class> <!-- com.onsite.deduction_test.Add_Deduction_test -->
      <class name="com.onsite.transaction.materialPurchase_test.Details_materialPurchase_Test">
        <test-method signature="detailsMaterialPurchase(java.lang.String)[pri:0, instance:com.onsite.transaction.materialPurchase_test.Details_materialPurchase_Test@57a3af25]" started-at="2026-04-15T16:40:11 IST" name="detailsMaterialPurchase" data-provider="purchaseData" finished-at="2026-04-15T16:40:20 IST" duration-ms="9137" status="PASS">
          <params>
            <param index="0">
              <value>
                <![CDATA[8d9732cd-21ca-44f3-9fb4-1993e09e5bfc]]>
              </value>
            </param>
          </params>
          <reporter-output>
          </reporter-output>
        </test-method> <!-- detailsMaterialPurchase -->
      </class> <!-- com.onsite.transaction.materialPurchase_test.Details_materialPurchase_Test -->
    </test> <!-- AddMaterialPurchase -->
  </suite> <!-- functionalTestSuite -->
</testng-results>
