<?xml version="1.0" encoding="UTF-8"?>
<testng-results ignored="0" total="1" passed="1" failed="0" skipped="0">
  <reporter-output>
  </reporter-output>
  <suite started-at="2026-05-15T16:51:33 IST" name="Default suite" finished-at="2026-05-15T16:51:43 IST" duration-ms="9901">
    <groups>
    </groups>
    <test started-at="2026-05-15T16:51:33 IST" name="Default test" finished-at="2026-05-15T16:51:43 IST" duration-ms="9901">
      <class name="com.onsite.transaction.otherexpenses.Create_otherExpensesTest">
        <test-method signature="createotherExpense(com.onsite.pojo_request.OtherExpensesRequest)[pri:0, instance:com.onsite.transaction.otherexpenses.Create_otherExpensesTest@a514af7]" started-at="2026-05-15T16:51:34 IST" name="createotherExpense" description="valid test cases" data-provider="testData" finished-at="2026-05-15T16:51:43 IST" duration-ms="9348" status="PASS">
          <params>
            <param index="0">
              <value>
                <![CDATA[com.onsite.pojo_request.OtherExpensesRequest@327af41b]]>
              </value>
            </param>
          </params>
          <reporter-output>
          </reporter-output>
        </test-method> <!-- createotherExpense -->
      </class> <!-- com.onsite.transaction.otherexpenses.Create_otherExpensesTest -->
    </test> <!-- Default test -->
  </suite> <!-- Default suite -->
</testng-results>
