<?xml version="1.0" encoding="UTF-8"?>
<testng-results ignored="0" total="1" passed="1" failed="0" skipped="0">
  <reporter-output>
  </reporter-output>
  <suite started-at="2025-11-13T18:11:00 IST" name="Default suite" finished-at="2025-11-13T18:11:10 IST" duration-ms="10193">
    <groups>
    </groups>
    <test started-at="2025-11-13T18:11:00 IST" name="Default test" finished-at="2025-11-13T18:11:10 IST" duration-ms="10193">
      <class name="com.onsite.payroll_test_page.ChangePayrollType">
        <test-method signature="payrollType(com.onsite.pojo_request.Edit_payroll_type_Request)[pri:1, instance:com.onsite.payroll_test_page.ChangePayrollType@294425a7]" started-at="2025-11-13T18:11:01 IST" name="payrollType" data-provider="changePayrollType" finished-at="2025-11-13T18:11:10 IST" duration-ms="9675" status="PASS">
          <params>
            <param index="0">
              <value>
                <![CDATA[com.onsite.pojo_request.Edit_payroll_type_Request@57576994]]>
              </value>
            </param>
          </params>
          <reporter-output>
          </reporter-output>
        </test-method> <!-- payrollType -->
      </class> <!-- com.onsite.payroll_test_page.ChangePayrollType -->
    </test> <!-- Default test -->
  </suite> <!-- Default suite -->
</testng-results>
