<?xml version="1.0" encoding="UTF-8"?>
<testng-results ignored="0" total="5" passed="5" failed="0" skipped="0">
  <reporter-output>
  </reporter-output>
  <suite started-at="2025-09-04T17:51:20 IST" name="Default suite" finished-at="2025-09-04T17:51:56 IST" duration-ms="36422">
    <groups>
    </groups>
    <test started-at="2025-09-04T17:51:20 IST" name="Default test" finished-at="2025-09-04T17:51:56 IST" duration-ms="36422">
      <class name="com.onsite.mom_test_page.Edit_MOM_Test">
        <test-method signature="getlistMom(com.onsite.pojo_request.MOM_Request)[pri:1, instance:com.onsite.mom_test_page.Edit_MOM_Test@1aa7ecca]" started-at="2025-09-04T17:51:21 IST" name="getlistMom" data-provider="editMomData" finished-at="2025-09-04T17:51:29 IST" duration-ms="8871" status="PASS">
          <params>
            <param index="0">
              <value>
                <![CDATA[com.onsite.pojo_request.MOM_Request@2609b277]]>
              </value>
            </param>
          </params>
          <reporter-output>
          </reporter-output>
        </test-method> <!-- getlistMom -->
        <test-method signature="getlistAttendeeMom(com.onsite.pojo_request.MOM_Request)[pri:2, instance:com.onsite.mom_test_page.Edit_MOM_Test@1aa7ecca]" started-at="2025-09-04T17:51:29 IST" name="getlistAttendeeMom" data-provider="editMomData" finished-at="2025-09-04T17:51:33 IST" duration-ms="3826" status="PASS">
          <params>
            <param index="0">
              <value>
                <![CDATA[com.onsite.pojo_request.MOM_Request@41f3aaf1]]>
              </value>
            </param>
          </params>
          <reporter-output>
          </reporter-output>
        </test-method> <!-- getlistAttendeeMom -->
        <test-method signature="getlistProjectMom(com.onsite.pojo_request.MOM_Request)[pri:3, instance:com.onsite.mom_test_page.Edit_MOM_Test@1aa7ecca]" started-at="2025-09-04T17:51:33 IST" name="getlistProjectMom" data-provider="editMomData" finished-at="2025-09-04T17:51:37 IST" duration-ms="3754" status="PASS">
          <params>
            <param index="0">
              <value>
                <![CDATA[com.onsite.pojo_request.MOM_Request@13866329]]>
              </value>
            </param>
          </params>
          <reporter-output>
          </reporter-output>
        </test-method> <!-- getlistProjectMom -->
        <test-method signature="editMom(com.onsite.pojo_request.MOM_Request)[pri:4, instance:com.onsite.mom_test_page.Edit_MOM_Test@1aa7ecca]" started-at="2025-09-04T17:51:37 IST" name="editMom" data-provider="editMomData" finished-at="2025-09-04T17:51:53 IST" duration-ms="15648" status="PASS">
          <params>
            <param index="0">
              <value>
                <![CDATA[com.onsite.pojo_request.MOM_Request@72ecbcb3]]>
              </value>
            </param>
          </params>
          <reporter-output>
          </reporter-output>
        </test-method> <!-- editMom -->
        <test-method signature="geteditdata(com.onsite.pojo_request.MOM_Request)[pri:5, instance:com.onsite.mom_test_page.Edit_MOM_Test@1aa7ecca]" started-at="2025-09-04T17:51:53 IST" name="geteditdata" data-provider="editMomData" finished-at="2025-09-04T17:51:56 IST" duration-ms="3629" status="PASS">
          <params>
            <param index="0">
              <value>
                <![CDATA[com.onsite.pojo_request.MOM_Request@35c8be21]]>
              </value>
            </param>
          </params>
          <reporter-output>
          </reporter-output>
        </test-method> <!-- geteditdata -->
      </class> <!-- com.onsite.mom_test_page.Edit_MOM_Test -->
    </test> <!-- Default test -->
  </suite> <!-- Default suite -->
</testng-results>
