<?xml version="1.0" encoding="UTF-8"?>
<testng-results ignored="0" total="2" passed="2" failed="0" skipped="0">
  <reporter-output>
  </reporter-output>
  <suite started-at="2026-04-08T16:33:17 IST" name="functionalTestSuite" finished-at="2026-04-08T16:33:30 IST" duration-ms="13775">
    <groups>
    </groups>
    <test started-at="2026-04-08T16:33:17 IST" name="AddMaterialPurchase" finished-at="2026-04-08T16:33:30 IST" duration-ms="13775">
      <class name="com.onsite.transaction.materialPurchase_test.Create_materialPurchaseTest">
        <test-method signature="addMaterialPurchase(com.onsite.pojo_request.MaterialPurchaseRequest)[pri:0, instance:com.onsite.transaction.materialPurchase_test.Create_materialPurchaseTest@222545dc]" started-at="2026-04-08T16:33:18 IST" name="addMaterialPurchase" data-provider="purchaseData" finished-at="2026-04-08T16:33:27 IST" duration-ms="9107" status="PASS">
          <params>
            <param index="0">
              <value>
                <![CDATA[com.onsite.pojo_request.MaterialPurchaseRequest@1654a892]]>
              </value>
            </param>
          </params>
          <reporter-output>
          </reporter-output>
        </test-method> <!-- addMaterialPurchase -->
      </class> <!-- com.onsite.transaction.materialPurchase_test.Create_materialPurchaseTest -->
      <class name="com.onsite.deduction_test.Add_Deduction_test">
        <test-method signature="addDeductionItem(com.onsite.pojo_request.DeductionEntryBulkAdd_Request)[pri:0, instance:com.onsite.deduction_test.Add_Deduction_test@3a93b025]" started-at="2026-04-08T16:33:27 IST" name="addDeductionItem" data-provider="deductionItem" finished-at="2026-04-08T16:33:30 IST" duration-ms="3591" status="PASS">
          <params>
            <param index="0">
              <value>
                <![CDATA[com.onsite.pojo_request.DeductionEntryBulkAdd_Request@53ba7997]]>
              </value>
            </param>
          </params>
          <reporter-output>
          </reporter-output>
        </test-method> <!-- addDeductionItem -->
      </class> <!-- com.onsite.deduction_test.Add_Deduction_test -->
    </test> <!-- AddMaterialPurchase -->
  </suite> <!-- functionalTestSuite -->
</testng-results>
