<?xml version="1.0" encoding="UTF-8"?>
<testng-results ignored="0" total="3" passed="2" failed="1" skipped="0">
  <reporter-output>
  </reporter-output>
  <suite started-at="2025-12-08T18:23:18 IST" name="Default suite" finished-at="2025-12-08T18:23:26 IST" duration-ms="8455">
    <groups>
    </groups>
    <test started-at="2025-12-08T18:23:18 IST" name="Default test" finished-at="2025-12-08T18:23:26 IST" duration-ms="8455">
      <class name="com.onsite.payroll_test_page.ListCompanyUserforPayroll">
        <test-method signature="labourPayrollList()[pri:1, instance:com.onsite.payroll_test_page.ListCompanyUserforPayroll@4f18837a]" started-at="2025-12-08T18:23:18 IST" name="labourPayrollList" finished-at="2025-12-08T18:23:23 IST" duration-ms="5423" status="PASS">
          <reporter-output>
          </reporter-output>
        </test-method> <!-- labourPayrollList -->
        <test-method signature="saveUserId()[pri:2, instance:com.onsite.payroll_test_page.ListCompanyUserforPayroll@4f18837a]" started-at="2025-12-08T18:23:23 IST" name="saveUserId" finished-at="2025-12-08T18:23:24 IST" duration-ms="332" status="PASS">
          <reporter-output>
          </reporter-output>
        </test-method> <!-- saveUserId -->
        <test-method signature="staffPayrollList()[pri:3, instance:com.onsite.payroll_test_page.ListCompanyUserforPayroll@4f18837a]" started-at="2025-12-08T18:23:24 IST" name="staffPayrollList" finished-at="2025-12-08T18:23:26 IST" duration-ms="2623" status="FAIL">
          <exception class="java.lang.AssertionError">
            <message>
              <![CDATA[staff type is missmatch : 76f6dacf-4486-4d75-b956-1f37240ecfb5 : employee]]>
            </message>
            <full-stacktrace>
              <![CDATA[java.lang.AssertionError: staff type is missmatch : 76f6dacf-4486-4d75-b956-1f37240ecfb5 : employee
at org.testng.Assert.fail(Assert.java:99)
at com.onsite.payroll_test_page.ListCompanyUserforPayroll.staffPayrollList(ListCompanyUserforPayroll.java:263)
at java.base/jdk.internal.reflect.DirectMethodHandleAccessor.invoke(DirectMethodHandleAccessor.java:103)
at java.base/java.lang.reflect.Method.invoke(Method.java:580)
at org.testng.internal.MethodInvocationHelper.invokeMethod(MethodInvocationHelper.java:133)
at org.testng.internal.TestInvoker.invokeMethod(TestInvoker.java:598)
at org.testng.internal.TestInvoker.invokeTestMethod(TestInvoker.java:173)
at org.testng.internal.MethodRunner.runInSequence(MethodRunner.java:46)
at org.testng.internal.TestInvoker$MethodInvocationAgent.invoke(TestInvoker.java:824)
at org.testng.internal.TestInvoker.invokeTestMethods(TestInvoker.java:146)
at org.testng.internal.TestMethodWorker.invokeTestMethods(TestMethodWorker.java:146)
at org.testng.internal.TestMethodWorker.run(TestMethodWorker.java:128)
at java.base/java.util.ArrayList.forEach(ArrayList.java:1596)
at org.testng.TestRunner.privateRun(TestRunner.java:794)
at org.testng.TestRunner.run(TestRunner.java:596)
at org.testng.SuiteRunner.runTest(SuiteRunner.java:377)
at org.testng.SuiteRunner.runSequentially(SuiteRunner.java:371)
at org.testng.SuiteRunner.privateRun(SuiteRunner.java:332)
at org.testng.SuiteRunner.run(SuiteRunner.java:276)
at org.testng.SuiteRunnerWorker.runSuite(SuiteRunnerWorker.java:53)
at org.testng.SuiteRunnerWorker.run(SuiteRunnerWorker.java:96)
at org.testng.TestNG.runSuitesSequentially(TestNG.java:1212)
at org.testng.TestNG.runSuitesLocally(TestNG.java:1134)
at org.testng.TestNG.runSuites(TestNG.java:1063)
at org.testng.TestNG.run(TestNG.java:1031)
at org.testng.remote.AbstractRemoteTestNG.run(AbstractRemoteTestNG.java:115)
at org.testng.remote.RemoteTestNG.initAndRun(RemoteTestNG.java:293)
at org.testng.remote.RemoteTestNG.main(RemoteTestNG.java:91)
]]>
            </full-stacktrace>
          </exception> <!-- java.lang.AssertionError -->
          <reporter-output>
          </reporter-output>
        </test-method> <!-- staffPayrollList -->
      </class> <!-- com.onsite.payroll_test_page.ListCompanyUserforPayroll -->
    </test> <!-- Default test -->
  </suite> <!-- Default suite -->
</testng-results>
