<?xml version="1.0" encoding="UTF-8"?>
<testng-results ignored="0" total="1" passed="1" failed="0" skipped="0">
  <reporter-output>
  </reporter-output>
  <suite started-at="2025-11-13T14:13:20 IST" name="Default suite" finished-at="2025-11-13T14:13:29 IST" duration-ms="9358">
    <groups>
    </groups>
    <test started-at="2025-11-13T14:13:20 IST" name="Default test" finished-at="2025-11-13T14:13:29 IST" duration-ms="9358">
      <class name="com.onsite.payroll_test_page.Delete_Payroll">
        <test-method signature="deletePayroll()[pri:1, instance:com.onsite.payroll_test_page.Delete_Payroll@5ffead27]" started-at="2025-11-13T14:13:20 IST" name="deletePayroll" finished-at="2025-11-13T14:13:29 IST" duration-ms="9276" status="PASS">
          <reporter-output>
          </reporter-output>
        </test-method> <!-- deletePayroll -->
      </class> <!-- com.onsite.payroll_test_page.Delete_Payroll -->
    </test> <!-- Default test -->
  </suite> <!-- Default suite -->
</testng-results>
