<?xml version="1.0" encoding="UTF-8"?>
<testng-results ignored="0" total="48" passed="48" failed="0" skipped="0">
  <reporter-output>
  </reporter-output>
  <suite started-at="2026-05-29T15:47:54 IST" name="Default suite" finished-at="2026-05-29T15:48:06 IST" duration-ms="12246">
    <groups>
    </groups>
    <test started-at="2026-05-29T15:47:54 IST" name="Default test" finished-at="2026-05-29T15:48:06 IST" duration-ms="12246">
      <class name="com.onsite.transaction.otherexpenses.Edit_otherExpenseTest">
        <test-method is-config="true" signature="setUp()[pri:0, instance:com.onsite.transaction.otherexpenses.Edit_otherExpenseTest@48f2bd5b]" started-at="2026-05-29T15:47:54 IST" name="setUp" finished-at="2026-05-29T15:47:55 IST" duration-ms="536" status="PASS">
          <reporter-output>
          </reporter-output>
        </test-method> <!-- setUp -->
        <test-method signature="createOtherExpense(com.onsite.pojo_request.OtherExpensesRequest)[pri:1, instance:com.onsite.transaction.otherexpenses.Edit_otherExpenseTest@48f2bd5b]" started-at="2026-05-29T15:47:55 IST" name="createOtherExpense" description="other expense creation" data-provider="testData" finished-at="2026-05-29T15:48:04 IST" duration-ms="9301" status="PASS">
          <params>
            <param index="0">
              <value>
                <![CDATA[com.onsite.pojo_request.OtherExpensesRequest@2bd08376]]>
              </value>
            </param>
          </params>
          <reporter-output>
          </reporter-output>
        </test-method> <!-- createOtherExpense -->
        <test-method signature="validateStatusCode()[pri:2, instance:com.onsite.transaction.otherexpenses.Edit_otherExpenseTest@48f2bd5b]" started-at="2026-05-29T15:48:04 IST" name="validateStatusCode" description="validateStatusCode" finished-at="2026-05-29T15:48:04 IST" depends-on-methods="com.onsite.transaction.otherexpenses.Edit_otherExpenseTest.createOtherExpense" duration-ms="3" status="PASS">
          <reporter-output>
          </reporter-output>
        </test-method> <!-- validateStatusCode -->
        <test-method signature="valiadateResponseMessage()[pri:3, instance:com.onsite.transaction.otherexpenses.Edit_otherExpenseTest@48f2bd5b]" started-at="2026-05-29T15:48:04 IST" name="valiadateResponseMessage" description="valiadateResponseMessage" finished-at="2026-05-29T15:48:05 IST" depends-on-methods="com.onsite.transaction.otherexpenses.Edit_otherExpenseTest.createOtherExpense" duration-ms="187" status="PASS">
          <reporter-output>
          </reporter-output>
        </test-method> <!-- valiadateResponseMessage -->
        <test-method signature="validateResponseTime()[pri:4, instance:com.onsite.transaction.otherexpenses.Edit_otherExpenseTest@48f2bd5b]" started-at="2026-05-29T15:48:05 IST" name="validateResponseTime" description="validateResponseTime" finished-at="2026-05-29T15:48:05 IST" depends-on-methods="com.onsite.transaction.otherexpenses.Edit_otherExpenseTest.createOtherExpense" duration-ms="10" status="PASS">
          <reporter-output>
          </reporter-output>
        </test-method> <!-- validateResponseTime -->
        <test-method signature="valiadetResponseSchema()[pri:5, instance:com.onsite.transaction.otherexpenses.Edit_otherExpenseTest@48f2bd5b]" started-at="2026-05-29T15:48:05 IST" name="valiadetResponseSchema" description="valiadetResponseSchema" finished-at="2026-05-29T15:48:05 IST" depends-on-methods="com.onsite.transaction.otherexpenses.Edit_otherExpenseTest.createOtherExpense" duration-ms="460" status="PASS">
          <reporter-output>
          </reporter-output>
        </test-method> <!-- valiadetResponseSchema -->
        <test-method signature="valiadetId()[pri:6, instance:com.onsite.transaction.otherexpenses.Edit_otherExpenseTest@48f2bd5b]" started-at="2026-05-29T15:48:05 IST" name="valiadetId" description="id validation" finished-at="2026-05-29T15:48:05 IST" depends-on-methods="com.onsite.transaction.otherexpenses.Edit_otherExpenseTest.createOtherExpense" duration-ms="3" status="PASS">
          <reporter-output>
          </reporter-output>
        </test-method> <!-- valiadetId -->
        <test-method signature="validateProjectId()[pri:7, instance:com.onsite.transaction.otherexpenses.Edit_otherExpenseTest@48f2bd5b]" started-at="2026-05-29T15:48:05 IST" name="validateProjectId" description="projectId validate" finished-at="2026-05-29T15:48:05 IST" depends-on-methods="com.onsite.transaction.otherexpenses.Edit_otherExpenseTest.createOtherExpense" duration-ms="8" status="PASS">
          <reporter-output>
          </reporter-output>
        </test-method> <!-- validateProjectId -->
        <test-method signature="validatePartyCompanyUserId()[pri:8, instance:com.onsite.transaction.otherexpenses.Edit_otherExpenseTest@48f2bd5b]" started-at="2026-05-29T15:48:05 IST" name="validatePartyCompanyUserId" description="validatePartyCompanyUserId" finished-at="2026-05-29T15:48:05 IST" depends-on-methods="com.onsite.transaction.otherexpenses.Edit_otherExpenseTest.createOtherExpense" duration-ms="3" status="PASS">
          <reporter-output>
          </reporter-output>
        </test-method> <!-- validatePartyCompanyUserId -->
        <test-method signature="validateRemark()[pri:9, instance:com.onsite.transaction.otherexpenses.Edit_otherExpenseTest@48f2bd5b]" started-at="2026-05-29T15:48:05 IST" name="validateRemark" description="validateRemark" finished-at="2026-05-29T15:48:05 IST" depends-on-methods="com.onsite.transaction.otherexpenses.Edit_otherExpenseTest.createOtherExpense" duration-ms="6" status="PASS">
          <reporter-output>
          </reporter-output>
        </test-method> <!-- validateRemark -->
        <test-method signature="validateUnitPrice()[pri:10, instance:com.onsite.transaction.otherexpenses.Edit_otherExpenseTest@48f2bd5b]" started-at="2026-05-29T15:48:05 IST" name="validateUnitPrice" description="createOtherExpense" finished-at="2026-05-29T15:48:05 IST" depends-on-methods="com.onsite.transaction.otherexpenses.Edit_otherExpenseTest.createOtherExpense" duration-ms="9" status="PASS">
          <reporter-output>
          </reporter-output>
        </test-method> <!-- validateUnitPrice -->
        <test-method signature="validateQuantity()[pri:11, instance:com.onsite.transaction.otherexpenses.Edit_otherExpenseTest@48f2bd5b]" started-at="2026-05-29T15:48:05 IST" name="validateQuantity" description="validateQuantity" finished-at="2026-05-29T15:48:05 IST" depends-on-methods="com.onsite.transaction.otherexpenses.Edit_otherExpenseTest.createOtherExpense" duration-ms="4" status="PASS">
          <reporter-output>
          </reporter-output>
        </test-method> <!-- validateQuantity -->
        <test-method signature="validateEarningAmount()[pri:12, instance:com.onsite.transaction.otherexpenses.Edit_otherExpenseTest@48f2bd5b]" started-at="2026-05-29T15:48:05 IST" name="validateEarningAmount" description="validateEarningAmount" finished-at="2026-05-29T15:48:05 IST" depends-on-methods="com.onsite.transaction.otherexpenses.Edit_otherExpenseTest.createOtherExpense" duration-ms="3" status="PASS">
          <reporter-output>
          </reporter-output>
        </test-method> <!-- validateEarningAmount -->
        <test-method signature="validateOtherAmount()[pri:13, instance:com.onsite.transaction.otherexpenses.Edit_otherExpenseTest@48f2bd5b]" started-at="2026-05-29T15:48:05 IST" name="validateOtherAmount" description="validateOtherAmount" finished-at="2026-05-29T15:48:05 IST" depends-on-methods="com.onsite.transaction.otherexpenses.Edit_otherExpenseTest.createOtherExpense" duration-ms="2" status="PASS">
          <reporter-output>
          </reporter-output>
        </test-method> <!-- validateOtherAmount -->
        <test-method signature="validateDiscount()[pri:14, instance:com.onsite.transaction.otherexpenses.Edit_otherExpenseTest@48f2bd5b]" started-at="2026-05-29T15:48:05 IST" name="validateDiscount" description="validateDiscount" finished-at="2026-05-29T15:48:05 IST" depends-on-methods="com.onsite.transaction.otherexpenses.Edit_otherExpenseTest.createOtherExpense" duration-ms="4" status="PASS">
          <reporter-output>
          </reporter-output>
        </test-method> <!-- validateDiscount -->
        <test-method signature="validateGSTpercent()[pri:15, instance:com.onsite.transaction.otherexpenses.Edit_otherExpenseTest@48f2bd5b]" started-at="2026-05-29T15:48:05 IST" name="validateGSTpercent" description="validateGSTpercent" finished-at="2026-05-29T15:48:05 IST" depends-on-methods="com.onsite.transaction.otherexpenses.Edit_otherExpenseTest.createOtherExpense" duration-ms="3" status="PASS">
          <reporter-output>
          </reporter-output>
        </test-method> <!-- validateGSTpercent -->
        <test-method signature="validateGSTAmount()[pri:16, instance:com.onsite.transaction.otherexpenses.Edit_otherExpenseTest@48f2bd5b]" started-at="2026-05-29T15:48:05 IST" name="validateGSTAmount" description="validateGSTAmount" finished-at="2026-05-29T15:48:05 IST" depends-on-methods="com.onsite.transaction.otherexpenses.Edit_otherExpenseTest.createOtherExpense" duration-ms="2" status="PASS">
          <reporter-output>
          </reporter-output>
        </test-method> <!-- validateGSTAmount -->
        <test-method signature="validateAmount()[pri:17, instance:com.onsite.transaction.otherexpenses.Edit_otherExpenseTest@48f2bd5b]" started-at="2026-05-29T15:48:05 IST" name="validateAmount" description="validateAmount" finished-at="2026-05-29T15:48:05 IST" depends-on-methods="com.onsite.transaction.otherexpenses.Edit_otherExpenseTest.createOtherExpense" duration-ms="3" status="PASS">
          <reporter-output>
          </reporter-output>
        </test-method> <!-- validateAmount -->
        <test-method signature="validatePostTaxDeductionAmount()[pri:18, instance:com.onsite.transaction.otherexpenses.Edit_otherExpenseTest@48f2bd5b]" started-at="2026-05-29T15:48:05 IST" name="validatePostTaxDeductionAmount" description="validatePostTaxDeductionAmount" finished-at="2026-05-29T15:48:05 IST" depends-on-methods="com.onsite.transaction.otherexpenses.Edit_otherExpenseTest.createOtherExpense" duration-ms="1" status="PASS">
          <reporter-output>
          </reporter-output>
        </test-method> <!-- validatePostTaxDeductionAmount -->
        <test-method signature="validateNetAmount()[pri:19, instance:com.onsite.transaction.otherexpenses.Edit_otherExpenseTest@48f2bd5b]" started-at="2026-05-29T15:48:05 IST" name="validateNetAmount" description="validateNetAmount" finished-at="2026-05-29T15:48:05 IST" depends-on-methods="com.onsite.transaction.otherexpenses.Edit_otherExpenseTest.createOtherExpense" duration-ms="7" status="PASS">
          <reporter-output>
          </reporter-output>
        </test-method> <!-- validateNetAmount -->
        <test-method signature="validatePhoto()[pri:20, instance:com.onsite.transaction.otherexpenses.Edit_otherExpenseTest@48f2bd5b]" started-at="2026-05-29T15:48:05 IST" name="validatePhoto" description="validatePhoto" finished-at="2026-05-29T15:48:05 IST" depends-on-methods="com.onsite.transaction.otherexpenses.Edit_otherExpenseTest.createOtherExpense" duration-ms="1" status="PASS">
          <reporter-output>
          </reporter-output>
        </test-method> <!-- validatePhoto -->
        <test-method signature="validateSubCategoryId()[pri:21, instance:com.onsite.transaction.otherexpenses.Edit_otherExpenseTest@48f2bd5b]" started-at="2026-05-29T15:48:05 IST" name="validateSubCategoryId" description="validateSubCategoryId" finished-at="2026-05-29T15:48:05 IST" depends-on-methods="com.onsite.transaction.otherexpenses.Edit_otherExpenseTest.createOtherExpense" duration-ms="2" status="PASS">
          <reporter-output>
          </reporter-output>
        </test-method> <!-- validateSubCategoryId -->
        <test-method signature="validateCategoryId()[pri:22, instance:com.onsite.transaction.otherexpenses.Edit_otherExpenseTest@48f2bd5b]" started-at="2026-05-29T15:48:05 IST" name="validateCategoryId" description="validateCategoryId" finished-at="2026-05-29T15:48:05 IST" depends-on-methods="com.onsite.transaction.otherexpenses.Edit_otherExpenseTest.createOtherExpense" duration-ms="4" status="PASS">
          <reporter-output>
          </reporter-output>
        </test-method> <!-- validateCategoryId -->
        <test-method signature="validatePaymentDate()[pri:23, instance:com.onsite.transaction.otherexpenses.Edit_otherExpenseTest@48f2bd5b]" started-at="2026-05-29T15:48:05 IST" name="validatePaymentDate" description="validatePaymentDate" finished-at="2026-05-29T15:48:05 IST" depends-on-methods="com.onsite.transaction.otherexpenses.Edit_otherExpenseTest.createOtherExpense" duration-ms="1" status="PASS">
          <reporter-output>
          </reporter-output>
        </test-method> <!-- validatePaymentDate -->
        <test-method signature="validateUnitId()[pri:24, instance:com.onsite.transaction.otherexpenses.Edit_otherExpenseTest@48f2bd5b]" started-at="2026-05-29T15:48:05 IST" name="validateUnitId" description="validateUnitId" finished-at="2026-05-29T15:48:05 IST" depends-on-methods="com.onsite.transaction.otherexpenses.Edit_otherExpenseTest.createOtherExpense" duration-ms="2" status="PASS">
          <reporter-output>
          </reporter-output>
        </test-method> <!-- validateUnitId -->
        <test-method signature="validateEarningType()[pri:25, instance:com.onsite.transaction.otherexpenses.Edit_otherExpenseTest@48f2bd5b]" started-at="2026-05-29T15:48:05 IST" name="validateEarningType" description="validateEarningType" finished-at="2026-05-29T15:48:05 IST" depends-on-methods="com.onsite.transaction.otherexpenses.Edit_otherExpenseTest.createOtherExpense" duration-ms="2" status="PASS">
          <reporter-output>
          </reporter-output>
        </test-method> <!-- validateEarningType -->
        <test-method signature="validateDueDays()[pri:26, instance:com.onsite.transaction.otherexpenses.Edit_otherExpenseTest@48f2bd5b]" started-at="2026-05-29T15:48:05 IST" name="validateDueDays" description="validateDueDays" finished-at="2026-05-29T15:48:05 IST" depends-on-methods="com.onsite.transaction.otherexpenses.Edit_otherExpenseTest.createOtherExpense" duration-ms="2" status="PASS">
          <reporter-output>
          </reporter-output>
        </test-method> <!-- validateDueDays -->
        <test-method signature="validateShipToAddressId()[pri:27, instance:com.onsite.transaction.otherexpenses.Edit_otherExpenseTest@48f2bd5b]" started-at="2026-05-29T15:48:05 IST" name="validateShipToAddressId" description="validateShipToAddressId" finished-at="2026-05-29T15:48:05 IST" depends-on-methods="com.onsite.transaction.otherexpenses.Edit_otherExpenseTest.createOtherExpense" duration-ms="2" status="PASS">
          <reporter-output>
          </reporter-output>
        </test-method> <!-- validateShipToAddressId -->
        <test-method signature="validateBillToAddressId()[pri:28, instance:com.onsite.transaction.otherexpenses.Edit_otherExpenseTest@48f2bd5b]" started-at="2026-05-29T15:48:05 IST" name="validateBillToAddressId" description="validateBillToAddressId" finished-at="2026-05-29T15:48:05 IST" depends-on-methods="com.onsite.transaction.otherexpenses.Edit_otherExpenseTest.createOtherExpense" duration-ms="2" status="PASS">
          <reporter-output>
          </reporter-output>
        </test-method> <!-- validateBillToAddressId -->
        <test-method signature="validateShipFromAddressId()[pri:29, instance:com.onsite.transaction.otherexpenses.Edit_otherExpenseTest@48f2bd5b]" started-at="2026-05-29T15:48:05 IST" name="validateShipFromAddressId" description="validateShipFromAddressId" finished-at="2026-05-29T15:48:05 IST" depends-on-methods="com.onsite.transaction.otherexpenses.Edit_otherExpenseTest.createOtherExpense" duration-ms="1" status="PASS">
          <reporter-output>
          </reporter-output>
        </test-method> <!-- validateShipFromAddressId -->
        <test-method signature="validateBillFromAddressId()[pri:30, instance:com.onsite.transaction.otherexpenses.Edit_otherExpenseTest@48f2bd5b]" started-at="2026-05-29T15:48:05 IST" name="validateBillFromAddressId" description="validateBillFromAddressId" finished-at="2026-05-29T15:48:05 IST" depends-on-methods="com.onsite.transaction.otherexpenses.Edit_otherExpenseTest.createOtherExpense" duration-ms="1" status="PASS">
          <reporter-output>
          </reporter-output>
        </test-method> <!-- validateBillFromAddressId -->
        <test-method signature="validateIsGstPercent()[pri:31, instance:com.onsite.transaction.otherexpenses.Edit_otherExpenseTest@48f2bd5b]" started-at="2026-05-29T15:48:05 IST" name="validateIsGstPercent" description="validateIsGstPercent" finished-at="2026-05-29T15:48:05 IST" depends-on-methods="com.onsite.transaction.otherexpenses.Edit_otherExpenseTest.createOtherExpense" duration-ms="2" status="PASS">
          <reporter-output>
          </reporter-output>
        </test-method> <!-- validateIsGstPercent -->
        <test-method signature="validateIsRoundOff()[pri:32, instance:com.onsite.transaction.otherexpenses.Edit_otherExpenseTest@48f2bd5b]" started-at="2026-05-29T15:48:05 IST" name="validateIsRoundOff" description="validateIsRoundOff" finished-at="2026-05-29T15:48:05 IST" depends-on-methods="com.onsite.transaction.otherexpenses.Edit_otherExpenseTest.createOtherExpense" duration-ms="4" status="PASS">
          <reporter-output>
          </reporter-output>
        </test-method> <!-- validateIsRoundOff -->
        <test-method signature="validateVendorBillNumber()[pri:33, instance:com.onsite.transaction.otherexpenses.Edit_otherExpenseTest@48f2bd5b]" started-at="2026-05-29T15:48:05 IST" name="validateVendorBillNumber" description="validateVendorBillNumber" finished-at="2026-05-29T15:48:05 IST" depends-on-methods="com.onsite.transaction.otherexpenses.Edit_otherExpenseTest.createOtherExpense" duration-ms="2" status="PASS">
          <reporter-output>
          </reporter-output>
        </test-method> <!-- validateVendorBillNumber -->
        <test-method signature="validateEquipmentStockId()[pri:34, instance:com.onsite.transaction.otherexpenses.Edit_otherExpenseTest@48f2bd5b]" started-at="2026-05-29T15:48:05 IST" name="validateEquipmentStockId" description="validateEquipmentStockId" finished-at="2026-05-29T15:48:05 IST" depends-on-methods="com.onsite.transaction.otherexpenses.Edit_otherExpenseTest.createOtherExpense" duration-ms="2" status="PASS">
          <reporter-output>
          </reporter-output>
        </test-method> <!-- validateEquipmentStockId -->
        <test-method signature="validateBillingActivityId()[pri:35, instance:com.onsite.transaction.otherexpenses.Edit_otherExpenseTest@48f2bd5b]" started-at="2026-05-29T15:48:05 IST" name="validateBillingActivityId" description="validateBillingActivityId" finished-at="2026-05-29T15:48:05 IST" depends-on-methods="com.onsite.transaction.otherexpenses.Edit_otherExpenseTest.createOtherExpense" duration-ms="1" status="PASS">
          <reporter-output>
          </reporter-output>
        </test-method> <!-- validateBillingActivityId -->
        <test-method signature="validateMonkeyPatchInvoiceId()[pri:36, instance:com.onsite.transaction.otherexpenses.Edit_otherExpenseTest@48f2bd5b]" started-at="2026-05-29T15:48:05 IST" name="validateMonkeyPatchInvoiceId" description="validateMonkeyPatchInvoiceId" finished-at="2026-05-29T15:48:05 IST" depends-on-methods="com.onsite.transaction.otherexpenses.Edit_otherExpenseTest.createOtherExpense" duration-ms="150" status="PASS">
          <reporter-output>
          </reporter-output>
        </test-method> <!-- validateMonkeyPatchInvoiceId -->
        <test-method signature="validateMonkeyPatchInvoiceCompanyId()[pri:37, instance:com.onsite.transaction.otherexpenses.Edit_otherExpenseTest@48f2bd5b]" started-at="2026-05-29T15:48:05 IST" name="validateMonkeyPatchInvoiceCompanyId" description="validateMonkeyPatchInvoiceCompanyId" finished-at="2026-05-29T15:48:05 IST" depends-on-methods="com.onsite.transaction.otherexpenses.Edit_otherExpenseTest.createOtherExpense" duration-ms="95" status="PASS">
          <reporter-output>
          </reporter-output>
        </test-method> <!-- validateMonkeyPatchInvoiceCompanyId -->
        <test-method signature="validateMonkeyPatchInvoiceCreatorCompanyUserId()[pri:38, instance:com.onsite.transaction.otherexpenses.Edit_otherExpenseTest@48f2bd5b]" started-at="2026-05-29T15:48:05 IST" name="validateMonkeyPatchInvoiceCreatorCompanyUserId" description="validateMonkeyPatchInvoiceCreatorCompanyUserId" finished-at="2026-05-29T15:48:06 IST" depends-on-methods="com.onsite.transaction.otherexpenses.Edit_otherExpenseTest.createOtherExpense" duration-ms="90" status="PASS">
          <reporter-output>
          </reporter-output>
        </test-method> <!-- validateMonkeyPatchInvoiceCreatorCompanyUserId -->
        <test-method signature="validateMonkeyPatchInvoicePartyCompanyUserId()[pri:39, instance:com.onsite.transaction.otherexpenses.Edit_otherExpenseTest@48f2bd5b]" started-at="2026-05-29T15:48:06 IST" name="validateMonkeyPatchInvoicePartyCompanyUserId" description="validateMonkeyPatchInvoicePartyCompanyUserId" finished-at="2026-05-29T15:48:06 IST" depends-on-methods="com.onsite.transaction.otherexpenses.Edit_otherExpenseTest.createOtherExpense" duration-ms="65" status="PASS">
          <reporter-output>
          </reporter-output>
        </test-method> <!-- validateMonkeyPatchInvoicePartyCompanyUserId -->
        <test-method signature="validateMonkeyPatchInvoiceProjectId()[pri:40, instance:com.onsite.transaction.otherexpenses.Edit_otherExpenseTest@48f2bd5b]" started-at="2026-05-29T15:48:06 IST" name="validateMonkeyPatchInvoiceProjectId" description="validateMonkeyPatchInvoiceProjectId" finished-at="2026-05-29T15:48:06 IST" depends-on-methods="com.onsite.transaction.otherexpenses.Edit_otherExpenseTest.createOtherExpense" duration-ms="82" status="PASS">
          <reporter-output>
          </reporter-output>
        </test-method> <!-- validateMonkeyPatchInvoiceProjectId -->
        <test-method signature="validateMonkeyPatchInvoiceSubCategoryId()[pri:41, instance:com.onsite.transaction.otherexpenses.Edit_otherExpenseTest@48f2bd5b]" started-at="2026-05-29T15:48:06 IST" name="validateMonkeyPatchInvoiceSubCategoryId" description="validateMonkeyPatchInvoiceSubCategoryId" finished-at="2026-05-29T15:48:06 IST" depends-on-methods="com.onsite.transaction.otherexpenses.Edit_otherExpenseTest.createOtherExpense" duration-ms="90" status="PASS">
          <reporter-output>
          </reporter-output>
        </test-method> <!-- validateMonkeyPatchInvoiceSubCategoryId -->
        <test-method signature="validateMonkeyPatchInvoiceFaturesType()[pri:42, instance:com.onsite.transaction.otherexpenses.Edit_otherExpenseTest@48f2bd5b]" started-at="2026-05-29T15:48:06 IST" name="validateMonkeyPatchInvoiceFaturesType" description="validateMonkeyPatchInvoiceFaturesType" finished-at="2026-05-29T15:48:06 IST" depends-on-methods="com.onsite.transaction.otherexpenses.Edit_otherExpenseTest.createOtherExpense" duration-ms="81" status="PASS">
          <reporter-output>
          </reporter-output>
        </test-method> <!-- validateMonkeyPatchInvoiceFaturesType -->
        <test-method signature="validateMonkeyPatchInvoiceFeatureId()[pri:43, instance:com.onsite.transaction.otherexpenses.Edit_otherExpenseTest@48f2bd5b]" started-at="2026-05-29T15:48:06 IST" name="validateMonkeyPatchInvoiceFeatureId" description="validateMonkeyPatchInvoiceFeatureId" finished-at="2026-05-29T15:48:06 IST" depends-on-methods="com.onsite.transaction.otherexpenses.Edit_otherExpenseTest.createOtherExpense" duration-ms="76" status="PASS">
          <reporter-output>
          </reporter-output>
        </test-method> <!-- validateMonkeyPatchInvoiceFeatureId -->
        <test-method signature="validateMonkeyPatchInvoiceInvoiceType()[pri:44, instance:com.onsite.transaction.otherexpenses.Edit_otherExpenseTest@48f2bd5b]" started-at="2026-05-29T15:48:06 IST" name="validateMonkeyPatchInvoiceInvoiceType" description="validateMonkeyPatchInvoiceInvoiceType" finished-at="2026-05-29T15:48:06 IST" depends-on-methods="com.onsite.transaction.otherexpenses.Edit_otherExpenseTest.createOtherExpense" duration-ms="86" status="PASS">
          <reporter-output>
          </reporter-output>
        </test-method> <!-- validateMonkeyPatchInvoiceInvoiceType -->
        <test-method signature="validateMonkeyPatchInvoiceStatus()[pri:45, instance:com.onsite.transaction.otherexpenses.Edit_otherExpenseTest@48f2bd5b]" started-at="2026-05-29T15:48:06 IST" name="validateMonkeyPatchInvoiceStatus" description="validateMonkeyPatchInvoiceStatus" finished-at="2026-05-29T15:48:06 IST" depends-on-methods="com.onsite.transaction.otherexpenses.Edit_otherExpenseTest.createOtherExpense" duration-ms="78" status="PASS">
          <reporter-output>
          </reporter-output>
        </test-method> <!-- validateMonkeyPatchInvoiceStatus -->
        <test-method signature="validateMonkeyPatchInvoiceTotalPayable()[pri:46, instance:com.onsite.transaction.otherexpenses.Edit_otherExpenseTest@48f2bd5b]" started-at="2026-05-29T15:48:06 IST" name="validateMonkeyPatchInvoiceTotalPayable" description="validateMonkeyPatchInvoiceTotalPayable" finished-at="2026-05-29T15:48:06 IST" depends-on-methods="com.onsite.transaction.otherexpenses.Edit_otherExpenseTest.createOtherExpense" duration-ms="86" status="PASS">
          <reporter-output>
          </reporter-output>
        </test-method> <!-- validateMonkeyPatchInvoiceTotalPayable -->
        <test-method signature="validateMonkeyPatchInvoiceSequence()[pri:47, instance:com.onsite.transaction.otherexpenses.Edit_otherExpenseTest@48f2bd5b]" started-at="2026-05-29T15:48:06 IST" name="validateMonkeyPatchInvoiceSequence" description="resMonkeyPatchInvoiceSequence" finished-at="2026-05-29T15:48:06 IST" depends-on-methods="com.onsite.transaction.otherexpenses.Edit_otherExpenseTest.createOtherExpense" duration-ms="80" status="PASS">
          <reporter-output>
          </reporter-output>
        </test-method> <!-- validateMonkeyPatchInvoiceSequence -->
        <test-method signature="validateMonkeyPatchInvoiceApproval()[pri:48, instance:com.onsite.transaction.otherexpenses.Edit_otherExpenseTest@48f2bd5b]" started-at="2026-05-29T15:48:06 IST" name="validateMonkeyPatchInvoiceApproval" description="validateMonkeyPatchInvoiceApproval" finished-at="2026-05-29T15:48:06 IST" depends-on-methods="com.onsite.transaction.otherexpenses.Edit_otherExpenseTest.createOtherExpense" duration-ms="81" status="PASS">
          <reporter-output>
          </reporter-output>
        </test-method> <!-- validateMonkeyPatchInvoiceApproval -->
      </class> <!-- com.onsite.transaction.otherexpenses.Edit_otherExpenseTest -->
    </test> <!-- Default test -->
  </suite> <!-- Default suite -->
</testng-results>
