<?xml version="1.0" encoding="UTF-8"?>
<testng-results ignored="0" total="2" passed="2" failed="0" skipped="0">
  <reporter-output>
  </reporter-output>
  <suite started-at="2025-11-24T15:34:32 IST" name="Default suite" finished-at="2025-11-24T15:34:46 IST" duration-ms="14230">
    <groups>
    </groups>
    <test started-at="2025-11-24T15:34:32 IST" name="Default test" finished-at="2025-11-24T15:34:46 IST" duration-ms="14230">
      <class name="com.onsite.payroll_test_page.ListCompanyUserforPayroll">
        <test-method signature="labourPayrollList()[pri:1, instance:com.onsite.payroll_test_page.ListCompanyUserforPayroll@6356695f]" started-at="2025-11-24T15:34:32 IST" name="labourPayrollList" finished-at="2025-11-24T15:34:42 IST" duration-ms="10621" status="PASS">
          <reporter-output>
          </reporter-output>
        </test-method> <!-- labourPayrollList -->
        <test-method signature="staffPayrollList()[pri:2, instance:com.onsite.payroll_test_page.ListCompanyUserforPayroll@6356695f]" started-at="2025-11-24T15:34:42 IST" name="staffPayrollList" finished-at="2025-11-24T15:34:46 IST" duration-ms="3518" status="PASS">
          <reporter-output>
          </reporter-output>
        </test-method> <!-- staffPayrollList -->
      </class> <!-- com.onsite.payroll_test_page.ListCompanyUserforPayroll -->
    </test> <!-- Default test -->
  </suite> <!-- Default suite -->
</testng-results>
