<?xml version="1.0" encoding="UTF-8"?>
<testng-results ignored="0" total="1" passed="1" failed="0" skipped="0">
  <reporter-output>
  </reporter-output>
  <suite started-at="2025-08-06T18:01:07 IST" name="Default suite" finished-at="2025-08-06T18:01:30 IST" duration-ms="23718">
    <groups>
    </groups>
    <test started-at="2025-08-06T18:01:07 IST" name="Default test" finished-at="2025-08-06T18:01:30 IST" duration-ms="23718">
      <class name="com.onsite.credit_note_test_page.CreditNoteAddItemTest">
        <test-method is-config="true" signature="generateTokenForSuite()[pri:0, instance:com.onsite.credit_note_test_page.CreditNoteAddItemTest@35e2d654]" started-at="2025-08-06T18:01:01 IST" name="generateTokenForSuite" finished-at="2025-08-06T18:01:07 IST" duration-ms="5734" status="PASS">
          <reporter-output>
          </reporter-output>
        </test-method> <!-- generateTokenForSuite -->
        <test-method is-config="true" signature="setUp()[pri:0, instance:com.onsite.credit_note_test_page.CreditNoteAddItemTest@35e2d654]" started-at="2025-08-06T18:01:07 IST" name="setUp" finished-at="2025-08-06T18:01:10 IST" duration-ms="2885" status="PASS">
          <reporter-output>
          </reporter-output>
        </test-method> <!-- setUp -->
        <test-method signature="addCreditItem(com.onsite.pojo_request.CreditNoteCreateRequest,com.onsite.pojo_request.CreditNoteAddItemRequest)[pri:0, instance:com.onsite.credit_note_test_page.CreditNoteAddItemTest@35e2d654]" started-at="2025-08-06T18:01:10 IST" name="addCreditItem" data-provider="creditNoteData" finished-at="2025-08-06T18:01:30 IST" duration-ms="20540" status="PASS">
          <params>
            <param index="0">
              <value>
                <![CDATA[com.onsite.pojo_request.CreditNoteCreateRequest@58eac00e]]>
              </value>
            </param>
            <param index="1">
              <value>
                <![CDATA[com.onsite.pojo_request.CreditNoteAddItemRequest@6acffb2d]]>
              </value>
            </param>
          </params>
          <reporter-output>
          </reporter-output>
        </test-method> <!-- addCreditItem -->
      </class> <!-- com.onsite.credit_note_test_page.CreditNoteAddItemTest -->
    </test> <!-- Default test -->
  </suite> <!-- Default suite -->
</testng-results>
