<?xml version="1.0" encoding="UTF-8"?>
<testng-results ignored="0" total="4" passed="4" failed="0" skipped="0">
  <reporter-output>
  </reporter-output>
  <suite started-at="2025-08-27T12:02:57 IST" name="Default suite" finished-at="2025-08-27T12:03:30 IST" duration-ms="33422">
    <groups>
    </groups>
    <test started-at="2025-08-27T12:02:57 IST" name="Default test" finished-at="2025-08-27T12:03:30 IST" duration-ms="33422">
      <class name="com.onsite.mom_test_page.Create_MOM_Test">
        <test-method is-config="true" signature="generateTokenForSuite()[pri:0, instance:com.onsite.mom_test_page.Create_MOM_Test@130d63be]" started-at="2025-08-27T12:02:51 IST" name="generateTokenForSuite" finished-at="2025-08-27T12:02:57 IST" duration-ms="5913" status="PASS">
          <reporter-output>
          </reporter-output>
        </test-method> <!-- generateTokenForSuite -->
        <test-method is-config="true" signature="setUp()[pri:0, instance:com.onsite.mom_test_page.Create_MOM_Test@130d63be]" started-at="2025-08-27T12:02:57 IST" name="setUp" finished-at="2025-08-27T12:03:00 IST" duration-ms="3436" status="PASS">
          <reporter-output>
          </reporter-output>
        </test-method> <!-- setUp -->
        <test-method signature="getCompanyUserId(com.onsite.pojo_request.MOM_Request)[pri:1, instance:com.onsite.mom_test_page.Create_MOM_Test@130d63be]" started-at="2025-08-27T12:03:01 IST" name="getCompanyUserId" data-provider="createMomData" finished-at="2025-08-27T12:03:07 IST" duration-ms="6642" status="PASS">
          <params>
            <param index="0">
              <value>
                <![CDATA[com.onsite.pojo_request.MOM_Request@226de93c]]>
              </value>
            </param>
          </params>
          <reporter-output>
          </reporter-output>
        </test-method> <!-- getCompanyUserId -->
        <test-method signature="getProjectId(com.onsite.pojo_request.MOM_Request)[pri:2, instance:com.onsite.mom_test_page.Create_MOM_Test@130d63be]" started-at="2025-08-27T12:03:07 IST" name="getProjectId" data-provider="createMomData" finished-at="2025-08-27T12:03:13 IST" depends-on-methods="com.onsite.mom_test_page.Create_MOM_Test.getCompanyUserId" duration-ms="5779" status="PASS">
          <params>
            <param index="0">
              <value>
                <![CDATA[com.onsite.pojo_request.MOM_Request@35145874]]>
              </value>
            </param>
          </params>
          <reporter-output>
          </reporter-output>
        </test-method> <!-- getProjectId -->
        <test-method signature="createMOM(com.onsite.pojo_request.MOM_Request)[pri:3, instance:com.onsite.mom_test_page.Create_MOM_Test@130d63be]" started-at="2025-08-27T12:03:13 IST" name="createMOM" data-provider="createMomData" finished-at="2025-08-27T12:03:26 IST" depends-on-methods="com.onsite.mom_test_page.Create_MOM_Test.getProjectId" duration-ms="13389" status="PASS">
          <params>
            <param index="0">
              <value>
                <![CDATA[com.onsite.pojo_request.MOM_Request@6c0b51da]]>
              </value>
            </param>
          </params>
          <reporter-output>
          </reporter-output>
        </test-method> <!-- createMOM -->
        <test-method signature="getMOM()[pri:4, instance:com.onsite.mom_test_page.Create_MOM_Test@130d63be]" started-at="2025-08-27T12:03:26 IST" name="getMOM" finished-at="2025-08-27T12:03:30 IST" depends-on-methods="com.onsite.mom_test_page.Create_MOM_Test.createMOM" duration-ms="3830" status="PASS">
          <reporter-output>
          </reporter-output>
        </test-method> <!-- getMOM -->
      </class> <!-- com.onsite.mom_test_page.Create_MOM_Test -->
    </test> <!-- Default test -->
  </suite> <!-- Default suite -->
</testng-results>
