<?xml version="1.0" encoding="UTF-8"?>
<testng-results ignored="2" total="8" passed="6" failed="0" skipped="0">
  <reporter-output>
  </reporter-output>
  <suite started-at="2025-07-29T18:09:18 IST" name="Suite" finished-at="2025-07-29T18:09:53 IST" duration-ms="34543">
    <groups>
    </groups>
    <test started-at="2025-07-29T18:09:18 IST" name="CreditNote" finished-at="2025-07-29T18:09:53 IST" duration-ms="34543">
      <class name="com.onsite.credit_note_test_page.CreditNoteCreateTest">
        <test-method is-config="true" signature="generateTokenForSuite()[pri:0, instance:com.onsite.credit_note_test_page.CreditNoteCreateTest@293a5bf6]" started-at="2025-07-29T18:09:12 IST" name="generateTokenForSuite" finished-at="2025-07-29T18:09:18 IST" duration-ms="6103" status="PASS">
          <reporter-output>
          </reporter-output>
        </test-method> <!-- generateTokenForSuite -->
        <test-method is-config="true" signature="setUp()[pri:0, instance:com.onsite.credit_note_test_page.CreditNoteCreateTest@293a5bf6]" started-at="2025-07-29T18:09:18 IST" name="setUp" finished-at="2025-07-29T18:09:22 IST" duration-ms="3257" status="PASS">
          <reporter-output>
          </reporter-output>
        </test-method> <!-- setUp -->
        <test-method signature="postCreditNote(com.onsite.pojo_request.CreditNoteCreateRequest)[pri:1, instance:com.onsite.credit_note_test_page.CreditNoteCreateTest@293a5bf6]" started-at="2025-07-29T18:09:22 IST" name="postCreditNote" data-provider="creditNote_CreateTestData" finished-at="2025-07-29T18:09:26 IST" duration-ms="4410" status="PASS">
          <params>
            <param index="0">
              <value>
                <![CDATA[com.onsite.pojo_request.CreditNoteCreateRequest@261f359f]]>
              </value>
            </param>
          </params>
          <reporter-output>
          </reporter-output>
        </test-method> <!-- postCreditNote -->
        <test-method signature="getCreditNote()[pri:2, instance:com.onsite.credit_note_test_page.CreditNoteCreateTest@293a5bf6]" started-at="2025-07-29T18:09:26 IST" name="getCreditNote" finished-at="2025-07-29T18:09:30 IST" depends-on-methods="com.onsite.credit_note_test_page.CreditNoteCreateTest.postCreditNote" duration-ms="3836" status="PASS">
          <reporter-output>
          </reporter-output>
        </test-method> <!-- getCreditNote -->
      </class> <!-- com.onsite.credit_note_test_page.CreditNoteCreateTest -->
      <class name="com.onsite.credit_note_test_page.CreditNoteDeleteTest">
        <test-method is-config="true" signature="setUp()[pri:0, instance:com.onsite.credit_note_test_page.CreditNoteDeleteTest@351d00c0]" started-at="2025-07-29T18:09:45 IST" name="setUp" finished-at="2025-07-29T18:09:49 IST" duration-ms="3351" status="PASS">
          <reporter-output>
          </reporter-output>
        </test-method> <!-- setUp -->
        <test-method signature="deleteCreditNote()[pri:1, instance:com.onsite.credit_note_test_page.CreditNoteDeleteTest@351d00c0]" started-at="2025-07-29T18:09:49 IST" name="deleteCreditNote" finished-at="2025-07-29T18:09:53 IST" duration-ms="3953" status="PASS">
          <reporter-output>
          </reporter-output>
        </test-method> <!-- deleteCreditNote -->
      </class> <!-- com.onsite.credit_note_test_page.CreditNoteDeleteTest -->
      <class name="com.onsite.credit_note_test_page.CreditNoteEditTest">
        <test-method is-config="true" signature="setUp()[pri:0, instance:com.onsite.credit_note_test_page.CreditNoteEditTest@49e53c76]" started-at="2025-07-29T18:09:30 IST" name="setUp" finished-at="2025-07-29T18:09:33 IST" duration-ms="3179" status="PASS">
          <reporter-output>
          </reporter-output>
        </test-method> <!-- setUp -->
        <test-method signature="editCreditNote(com.onsite.pojo_request.CreditNoteEditRequest)[pri:1, instance:com.onsite.credit_note_test_page.CreditNoteEditTest@49e53c76]" started-at="2025-07-29T18:09:33 IST" name="editCreditNote" data-provider="CreditNote_EditTestData" finished-at="2025-07-29T18:09:38 IST" duration-ms="4168" status="PASS">
          <params>
            <param index="0">
              <value>
                <![CDATA[com.onsite.pojo_request.CreditNoteEditRequest@6c70b7c3]]>
              </value>
            </param>
          </params>
          <reporter-output>
          </reporter-output>
        </test-method> <!-- editCreditNote -->
        <test-method signature="editCreditNote(com.onsite.pojo_request.CreditNoteEditRequest)[pri:1, instance:com.onsite.credit_note_test_page.CreditNoteEditTest@49e53c76]" started-at="2025-07-29T18:09:38 IST" name="editCreditNote" data-provider="CreditNote_EditTestData" finished-at="2025-07-29T18:09:42 IST" duration-ms="4754" status="PASS">
          <params>
            <param index="0">
              <value>
                <![CDATA[com.onsite.pojo_request.CreditNoteEditRequest@173b1af1]]>
              </value>
            </param>
          </params>
          <reporter-output>
          </reporter-output>
        </test-method> <!-- editCreditNote -->
        <test-method signature="getCreditNote()[pri:2, instance:com.onsite.credit_note_test_page.CreditNoteEditTest@49e53c76]" started-at="2025-07-29T18:09:42 IST" name="getCreditNote" finished-at="2025-07-29T18:09:45 IST" depends-on-methods="com.onsite.credit_note_test_page.CreditNoteEditTest.editCreditNote" duration-ms="3022" status="PASS">
          <reporter-output>
          </reporter-output>
        </test-method> <!-- getCreditNote -->
      </class> <!-- com.onsite.credit_note_test_page.CreditNoteEditTest -->
    </test> <!-- CreditNote -->
  </suite> <!-- Suite -->
</testng-results>
