<?xml version="1.0" encoding="UTF-8"?>
<testng-results ignored="0" total="1" passed="1" failed="0" skipped="0">
  <reporter-output>
  </reporter-output>
  <suite started-at="2025-11-21T18:26:33 IST" name="Default suite" finished-at="2025-11-21T18:26:43 IST" duration-ms="10339">
    <groups>
    </groups>
    <test started-at="2025-11-21T18:26:33 IST" name="Default test" finished-at="2025-11-21T18:26:43 IST" duration-ms="10339">
      <class name="com.onsite.payroll_test_page.ListCompanyUserforPayroll">
        <test-method signature="payrollList()[pri:1, instance:com.onsite.payroll_test_page.ListCompanyUserforPayroll@5ffead27]" started-at="2025-11-21T18:26:33 IST" name="payrollList" finished-at="2025-11-21T18:26:43 IST" duration-ms="10251" status="PASS">
          <reporter-output>
          </reporter-output>
        </test-method> <!-- payrollList -->
      </class> <!-- com.onsite.payroll_test_page.ListCompanyUserforPayroll -->
    </test> <!-- Default test -->
  </suite> <!-- Default suite -->
</testng-results>
