<?xml version="1.0" encoding="UTF-8"?>
<testng-results ignored="0" total="14" passed="13" failed="1" skipped="0">
  <reporter-output>
  </reporter-output>
  <suite started-at="2026-09-17T18:40:08 IST" name="Default suite" finished-at="2026-09-17T18:40:22 IST" duration-ms="13705">
    <groups>
    </groups>
    <test started-at="2026-09-17T18:40:08 IST" name="Default test" finished-at="2026-09-17T18:40:22 IST" duration-ms="13705">
      <class name="com.onsite.salarytemplate.Create_SalaryTemplate_Test">
        <test-method is-config="true" signature="setUp()[pri:0, instance:com.onsite.salarytemplate.Create_SalaryTemplate_Test@55b699ef]" started-at="2026-09-17T18:40:08 IST" name="setUp" finished-at="2026-09-17T18:40:12 IST" duration-ms="4150" status="PASS">
          <reporter-output>
          </reporter-output>
        </test-method> <!-- setUp -->
        <test-method is-config="true" signature="generateTokenForSuite()[pri:0, instance:com.onsite.salarytemplate.Create_SalaryTemplate_Test@55b699ef]" started-at="2026-09-17T18:40:13 IST" name="generateTokenForSuite" finished-at="2026-09-17T18:40:14 IST" duration-ms="594" status="PASS">
          <reporter-output>
          </reporter-output>
        </test-method> <!-- generateTokenForSuite -->
        <test-method signature="create_salarytemplate(java.lang.String)[pri:1, instance:com.onsite.salarytemplate.Create_SalaryTemplate_Test@55b699ef]" started-at="2026-09-17T18:40:14 IST" name="create_salarytemplate" data-provider="salaryTemplateData" finished-at="2026-09-17T18:40:14 IST" duration-ms="293" status="PASS">
          <params>
            <param index="0">
              <value>
                <![CDATA[{"company_id":"9e87d60c-9bb0-4ede-9fd3-10d9db21e0bc","name":"Salary Template - 3","ctc_amount":25000.0,"gross_amount":25000.0,"net_amount":21750.0,"dayoff":[0],"type":"monthly","basic":{"id":null,"name":"basic","relation_type":"fixed","relation_value":22000.0,"amount":22000.0},"allowance":[{"id":"68b72eb8-6481-4850-99ae-6146f60f20ea","name":"Allowance 1","relation_type":"ctc","relation_value":10.0,"amount":2500.0}],"fixed_allowance":{"id":null,"name":"fixed","relation_type":"fixed","relation_value":null,"amount":500.0},"deductions":[{"id":"5523b231-f41e-4473-b3ab-22daa4ddc632","name":"Deduction 1","relation_type":"ctc","relation_value":5.0,"amount":1250.0}],"notes":"testing - 1","is_active":1,"is_pf":1,"is_esic":1,"is_pt":1,"is_lwf":1,"work_state":"MH"}]]>
              </value>
            </param>
          </params>
          <reporter-output>
          </reporter-output>
        </test-method> <!-- create_salarytemplate -->
        <test-method is-config="true" signature="generateTokenForSuite()[pri:0, instance:com.onsite.salarytemplate.Create_SalaryTemplate_Test@55b699ef]" started-at="2026-09-17T18:40:14 IST" name="generateTokenForSuite" finished-at="2026-09-17T18:40:14 IST" duration-ms="498" status="PASS">
          <reporter-output>
          </reporter-output>
        </test-method> <!-- generateTokenForSuite -->
        <test-method signature="validStatusCode()[pri:2, instance:com.onsite.salarytemplate.Create_SalaryTemplate_Test@55b699ef]" started-at="2026-09-17T18:40:14 IST" name="validStatusCode" finished-at="2026-09-17T18:40:14 IST" depends-on-methods="com.onsite.salarytemplate.Create_SalaryTemplate_Test.create_salarytemplate" duration-ms="7" status="PASS">
          <reporter-output>
          </reporter-output>
        </test-method> <!-- validStatusCode -->
        <test-method is-config="true" signature="generateTokenForSuite()[pri:0, instance:com.onsite.salarytemplate.Create_SalaryTemplate_Test@55b699ef]" started-at="2026-09-17T18:40:14 IST" name="generateTokenForSuite" finished-at="2026-09-17T18:40:15 IST" duration-ms="453" status="PASS">
          <reporter-output>
          </reporter-output>
        </test-method> <!-- generateTokenForSuite -->
        <test-method signature="validMessage()[pri:3, instance:com.onsite.salarytemplate.Create_SalaryTemplate_Test@55b699ef]" started-at="2026-09-17T18:40:15 IST" name="validMessage" finished-at="2026-09-17T18:40:15 IST" depends-on-methods="com.onsite.salarytemplate.Create_SalaryTemplate_Test.create_salarytemplate" duration-ms="38" status="PASS">
          <reporter-output>
          </reporter-output>
        </test-method> <!-- validMessage -->
        <test-method is-config="true" signature="generateTokenForSuite()[pri:0, instance:com.onsite.salarytemplate.Create_SalaryTemplate_Test@55b699ef]" started-at="2026-09-17T18:40:15 IST" name="generateTokenForSuite" finished-at="2026-09-17T18:40:16 IST" duration-ms="554" status="PASS">
          <reporter-output>
          </reporter-output>
        </test-method> <!-- generateTokenForSuite -->
        <test-method signature="validResponseTime()[pri:4, instance:com.onsite.salarytemplate.Create_SalaryTemplate_Test@55b699ef]" started-at="2026-09-17T18:40:16 IST" name="validResponseTime" finished-at="2026-09-17T18:40:16 IST" depends-on-methods="com.onsite.salarytemplate.Create_SalaryTemplate_Test.create_salarytemplate" duration-ms="11" status="PASS">
          <reporter-output>
          </reporter-output>
        </test-method> <!-- validResponseTime -->
        <test-method is-config="true" signature="generateTokenForSuite()[pri:0, instance:com.onsite.salarytemplate.Create_SalaryTemplate_Test@55b699ef]" started-at="2026-09-17T18:40:16 IST" name="generateTokenForSuite" finished-at="2026-09-17T18:40:16 IST" duration-ms="382" status="PASS">
          <reporter-output>
          </reporter-output>
        </test-method> <!-- generateTokenForSuite -->
        <test-method signature="validResponseSchema()[pri:5, instance:com.onsite.salarytemplate.Create_SalaryTemplate_Test@55b699ef]" started-at="2026-09-17T18:40:16 IST" name="validResponseSchema" finished-at="2026-09-17T18:40:16 IST" depends-on-methods="com.onsite.salarytemplate.Create_SalaryTemplate_Test.create_salarytemplate" duration-ms="139" status="PASS">
          <reporter-output>
          </reporter-output>
        </test-method> <!-- validResponseSchema -->
        <test-method is-config="true" signature="generateTokenForSuite()[pri:0, instance:com.onsite.salarytemplate.Create_SalaryTemplate_Test@55b699ef]" started-at="2026-09-17T18:40:16 IST" name="generateTokenForSuite" finished-at="2026-09-17T18:40:18 IST" duration-ms="1518" status="PASS">
          <reporter-output>
          </reporter-output>
        </test-method> <!-- generateTokenForSuite -->
        <test-method signature="validCompanyId()[pri:6, instance:com.onsite.salarytemplate.Create_SalaryTemplate_Test@55b699ef]" started-at="2026-09-17T18:40:18 IST" name="validCompanyId" finished-at="2026-09-17T18:40:18 IST" depends-on-methods="com.onsite.salarytemplate.Create_SalaryTemplate_Test.create_salarytemplate" duration-ms="26" status="PASS">
          <reporter-output>
          </reporter-output>
        </test-method> <!-- validCompanyId -->
        <test-method is-config="true" signature="generateTokenForSuite()[pri:0, instance:com.onsite.salarytemplate.Create_SalaryTemplate_Test@55b699ef]" started-at="2026-09-17T18:40:18 IST" name="generateTokenForSuite" finished-at="2026-09-17T18:40:18 IST" duration-ms="404" status="PASS">
          <reporter-output>
          </reporter-output>
        </test-method> <!-- generateTokenForSuite -->
        <test-method signature="validSalaryTemplateName()[pri:7, instance:com.onsite.salarytemplate.Create_SalaryTemplate_Test@55b699ef]" started-at="2026-09-17T18:40:18 IST" name="validSalaryTemplateName" finished-at="2026-09-17T18:40:18 IST" depends-on-methods="com.onsite.salarytemplate.Create_SalaryTemplate_Test.create_salarytemplate" duration-ms="28" status="PASS">
          <reporter-output>
          </reporter-output>
        </test-method> <!-- validSalaryTemplateName -->
        <test-method is-config="true" signature="generateTokenForSuite()[pri:0, instance:com.onsite.salarytemplate.Create_SalaryTemplate_Test@55b699ef]" started-at="2026-09-17T18:40:18 IST" name="generateTokenForSuite" finished-at="2026-09-17T18:40:19 IST" duration-ms="537" status="PASS">
          <reporter-output>
          </reporter-output>
        </test-method> <!-- generateTokenForSuite -->
        <test-method signature="validCtcAmount()[pri:8, instance:com.onsite.salarytemplate.Create_SalaryTemplate_Test@55b699ef]" started-at="2026-09-17T18:40:19 IST" name="validCtcAmount" finished-at="2026-09-17T18:40:19 IST" depends-on-methods="com.onsite.salarytemplate.Create_SalaryTemplate_Test.create_salarytemplate" duration-ms="21" status="PASS">
          <reporter-output>
          </reporter-output>
        </test-method> <!-- validCtcAmount -->
        <test-method is-config="true" signature="generateTokenForSuite()[pri:0, instance:com.onsite.salarytemplate.Create_SalaryTemplate_Test@55b699ef]" started-at="2026-09-17T18:40:19 IST" name="generateTokenForSuite" finished-at="2026-09-17T18:40:19 IST" duration-ms="552" status="PASS">
          <reporter-output>
          </reporter-output>
        </test-method> <!-- generateTokenForSuite -->
        <test-method signature="validSalaryTemplateType()[pri:9, instance:com.onsite.salarytemplate.Create_SalaryTemplate_Test@55b699ef]" started-at="2026-09-17T18:40:19 IST" name="validSalaryTemplateType" finished-at="2026-09-17T18:40:19 IST" depends-on-methods="com.onsite.salarytemplate.Create_SalaryTemplate_Test.create_salarytemplate" duration-ms="22" status="PASS">
          <reporter-output>
          </reporter-output>
        </test-method> <!-- validSalaryTemplateType -->
        <test-method is-config="true" signature="generateTokenForSuite()[pri:0, instance:com.onsite.salarytemplate.Create_SalaryTemplate_Test@55b699ef]" started-at="2026-09-17T18:40:19 IST" name="generateTokenForSuite" finished-at="2026-09-17T18:40:20 IST" duration-ms="487" status="PASS">
          <reporter-output>
          </reporter-output>
        </test-method> <!-- generateTokenForSuite -->
        <test-method signature="validDayoff()[pri:10, instance:com.onsite.salarytemplate.Create_SalaryTemplate_Test@55b699ef]" started-at="2026-09-17T18:40:20 IST" name="validDayoff" finished-at="2026-09-17T18:40:20 IST" depends-on-methods="com.onsite.salarytemplate.Create_SalaryTemplate_Test.create_salarytemplate" duration-ms="44" status="FAIL">
          <exception class="java.lang.ClassCastException">
            <message>
              <![CDATA[class java.util.ArrayList cannot be cast to class [Ljava.lang.Integer; (java.util.ArrayList and [Ljava.lang.Integer; are in module java.base of loader 'bootstrap')]]>
            </message>
            <full-stacktrace>
              <![CDATA[java.lang.ClassCastException: class java.util.ArrayList cannot be cast to class [Ljava.lang.Integer; (java.util.ArrayList and [Ljava.lang.Integer; are in module java.base of loader 'bootstrap')
at com.onsite.salarytemplate.Create_SalaryTemplate_Test.validDayoff(Create_SalaryTemplate_Test.java:202)
at java.base/jdk.internal.reflect.DirectMethodHandleAccessor.invoke(DirectMethodHandleAccessor.java:103)
at java.base/java.lang.reflect.Method.invoke(Method.java:580)
at org.testng.internal.MethodInvocationHelper.invokeMethod(MethodInvocationHelper.java:133)
at org.testng.internal.TestInvoker.invokeMethod(TestInvoker.java:598)
at org.testng.internal.TestInvoker.invokeTestMethod(TestInvoker.java:173)
at org.testng.internal.MethodRunner.runInSequence(MethodRunner.java:46)
at org.testng.internal.TestInvoker$MethodInvocationAgent.invoke(TestInvoker.java:824)
at org.testng.internal.TestInvoker.invokeTestMethods(TestInvoker.java:146)
at org.testng.internal.TestMethodWorker.invokeTestMethods(TestMethodWorker.java:146)
at org.testng.internal.TestMethodWorker.run(TestMethodWorker.java:128)
at java.base/java.util.ArrayList.forEach(ArrayList.java:1596)
at org.testng.TestRunner.privateRun(TestRunner.java:794)
at org.testng.TestRunner.run(TestRunner.java:596)
at org.testng.SuiteRunner.runTest(SuiteRunner.java:377)
at org.testng.SuiteRunner.runSequentially(SuiteRunner.java:371)
at org.testng.SuiteRunner.privateRun(SuiteRunner.java:332)
at org.testng.SuiteRunner.run(SuiteRunner.java:276)
at org.testng.SuiteRunnerWorker.runSuite(SuiteRunnerWorker.java:53)
at org.testng.SuiteRunnerWorker.run(SuiteRunnerWorker.java:96)
at org.testng.TestNG.runSuitesSequentially(TestNG.java:1212)
at org.testng.TestNG.runSuitesLocally(TestNG.java:1134)
at org.testng.TestNG.runSuites(TestNG.java:1063)
at org.testng.TestNG.run(TestNG.java:1031)
at org.testng.remote.AbstractRemoteTestNG.run(AbstractRemoteTestNG.java:115)
at org.testng.remote.RemoteTestNG.initAndRun(RemoteTestNG.java:293)
at org.testng.remote.RemoteTestNG.main(RemoteTestNG.java:91)
]]>
            </full-stacktrace>
          </exception> <!-- java.lang.ClassCastException -->
          <reporter-output>
          </reporter-output>
        </test-method> <!-- validDayoff -->
        <test-method is-config="true" signature="generateTokenForSuite()[pri:0, instance:com.onsite.salarytemplate.Create_SalaryTemplate_Test@55b699ef]" started-at="2026-09-17T18:40:20 IST" name="generateTokenForSuite" finished-at="2026-09-17T18:40:20 IST" duration-ms="334" status="PASS">
          <reporter-output>
          </reporter-output>
        </test-method> <!-- generateTokenForSuite -->
        <test-method signature="validBasicName()[pri:11, instance:com.onsite.salarytemplate.Create_SalaryTemplate_Test@55b699ef]" started-at="2026-09-17T18:40:20 IST" name="validBasicName" finished-at="2026-09-17T18:40:20 IST" depends-on-methods="com.onsite.salarytemplate.Create_SalaryTemplate_Test.create_salarytemplate" duration-ms="50" status="PASS">
          <reporter-output>
          </reporter-output>
        </test-method> <!-- validBasicName -->
        <test-method is-config="true" signature="generateTokenForSuite()[pri:0, instance:com.onsite.salarytemplate.Create_SalaryTemplate_Test@55b699ef]" started-at="2026-09-17T18:40:20 IST" name="generateTokenForSuite" finished-at="2026-09-17T18:40:21 IST" duration-ms="491" status="PASS">
          <reporter-output>
          </reporter-output>
        </test-method> <!-- generateTokenForSuite -->
        <test-method signature="validBasicRelationType()[pri:12, instance:com.onsite.salarytemplate.Create_SalaryTemplate_Test@55b699ef]" started-at="2026-09-17T18:40:21 IST" name="validBasicRelationType" finished-at="2026-09-17T18:40:21 IST" depends-on-methods="com.onsite.salarytemplate.Create_SalaryTemplate_Test.create_salarytemplate" duration-ms="20" status="PASS">
          <reporter-output>
          </reporter-output>
        </test-method> <!-- validBasicRelationType -->
        <test-method is-config="true" signature="generateTokenForSuite()[pri:0, instance:com.onsite.salarytemplate.Create_SalaryTemplate_Test@55b699ef]" started-at="2026-09-17T18:40:21 IST" name="generateTokenForSuite" finished-at="2026-09-17T18:40:21 IST" duration-ms="306" status="PASS">
          <reporter-output>
          </reporter-output>
        </test-method> <!-- generateTokenForSuite -->
        <test-method signature="validBasicRelationValue()[pri:13, instance:com.onsite.salarytemplate.Create_SalaryTemplate_Test@55b699ef]" started-at="2026-09-17T18:40:21 IST" name="validBasicRelationValue" finished-at="2026-09-17T18:40:21 IST" depends-on-methods="com.onsite.salarytemplate.Create_SalaryTemplate_Test.create_salarytemplate" duration-ms="99" status="PASS">
          <reporter-output>
          </reporter-output>
        </test-method> <!-- validBasicRelationValue -->
        <test-method is-config="true" signature="generateTokenForSuite()[pri:0, instance:com.onsite.salarytemplate.Create_SalaryTemplate_Test@55b699ef]" started-at="2026-09-17T18:40:21 IST" name="generateTokenForSuite" finished-at="2026-09-17T18:40:22 IST" duration-ms="496" status="PASS">
          <reporter-output>
          </reporter-output>
        </test-method> <!-- generateTokenForSuite -->
        <test-method signature="validBasicAmount()[pri:14, instance:com.onsite.salarytemplate.Create_SalaryTemplate_Test@55b699ef]" started-at="2026-09-17T18:40:22 IST" name="validBasicAmount" finished-at="2026-09-17T18:40:22 IST" depends-on-methods="com.onsite.salarytemplate.Create_SalaryTemplate_Test.create_salarytemplate" duration-ms="29" status="PASS">
          <reporter-output>
          </reporter-output>
        </test-method> <!-- validBasicAmount -->
      </class> <!-- com.onsite.salarytemplate.Create_SalaryTemplate_Test -->
    </test> <!-- Default test -->
  </suite> <!-- Default suite -->
</testng-results>
