<?xml version="1.0" encoding="UTF-8"?>
<testng-results ignored="0" total="3" passed="3" failed="0" skipped="0">
  <reporter-output>
  </reporter-output>
  <suite started-at="2025-08-14T18:09:21 IST" name="Default suite" finished-at="2025-08-14T18:09:51 IST" duration-ms="30577">
    <groups>
    </groups>
    <test started-at="2025-08-14T18:09:21 IST" name="Default test" finished-at="2025-08-14T18:09:51 IST" duration-ms="30577">
      <class name="com.onsite.mom_test_page.Create_MOM_Test">
        <test-method is-config="true" signature="generateTokenForSuite()[pri:0, instance:com.onsite.mom_test_page.Create_MOM_Test@1bd4fdd]" started-at="2025-08-14T18:09:13 IST" name="generateTokenForSuite" finished-at="2025-08-14T18:09:21 IST" duration-ms="7496" status="PASS">
          <reporter-output>
          </reporter-output>
        </test-method> <!-- generateTokenForSuite -->
        <test-method is-config="true" signature="setUp()[pri:0, instance:com.onsite.mom_test_page.Create_MOM_Test@1bd4fdd]" started-at="2025-08-14T18:09:21 IST" name="setUp" finished-at="2025-08-14T18:09:24 IST" duration-ms="3415" status="PASS">
          <reporter-output>
          </reporter-output>
        </test-method> <!-- setUp -->
        <test-method signature="getCompanyUserId(com.onsite.pojo_request.MOM_Request)[pri:1, instance:com.onsite.mom_test_page.Create_MOM_Test@1bd4fdd]" started-at="2025-08-14T18:09:25 IST" name="getCompanyUserId" data-provider="createMomData" finished-at="2025-08-14T18:09:32 IST" duration-ms="6830" status="PASS">
          <params>
            <param index="0">
              <value>
                <![CDATA[com.onsite.pojo_request.MOM_Request@79a201cf]]>
              </value>
            </param>
          </params>
          <reporter-output>
          </reporter-output>
        </test-method> <!-- getCompanyUserId -->
        <test-method signature="getProjectId(com.onsite.pojo_request.MOM_Request)[pri:2, instance:com.onsite.mom_test_page.Create_MOM_Test@1bd4fdd]" started-at="2025-08-14T18:09:32 IST" name="getProjectId" data-provider="createMomData" finished-at="2025-08-14T18:09:37 IST" duration-ms="5676" status="PASS">
          <params>
            <param index="0">
              <value>
                <![CDATA[com.onsite.pojo_request.MOM_Request@4c319d52]]>
              </value>
            </param>
          </params>
          <reporter-output>
          </reporter-output>
        </test-method> <!-- getProjectId -->
        <test-method signature="createMOM(com.onsite.pojo_request.MOM_Request)[pri:3, instance:com.onsite.mom_test_page.Create_MOM_Test@1bd4fdd]" started-at="2025-08-14T18:09:37 IST" name="createMOM" data-provider="createMomData" finished-at="2025-08-14T18:09:51 IST" duration-ms="14180" status="PASS">
          <params>
            <param index="0">
              <value>
                <![CDATA[com.onsite.pojo_request.MOM_Request@1a2ac487]]>
              </value>
            </param>
          </params>
          <reporter-output>
          </reporter-output>
        </test-method> <!-- createMOM -->
      </class> <!-- com.onsite.mom_test_page.Create_MOM_Test -->
    </test> <!-- Default test -->
  </suite> <!-- Default suite -->
</testng-results>
