<?xml version="1.0" encoding="UTF-8"?>
<testng-results ignored="0" total="2" passed="2" failed="0" skipped="0">
  <reporter-output>
  </reporter-output>
  <suite started-at="2025-07-06T13:50:26 IST" name="Suite" finished-at="2025-07-06T13:50:33 IST" duration-ms="6639">
    <groups>
    </groups>
    <test started-at="2025-07-06T13:50:26 IST" name="TimeSheetTest" finished-at="2025-07-06T13:50:33 IST" duration-ms="6639">
      <class name="com.onsite.timesheet_test_page.TimeSheetCreateTest">
        <test-method is-config="true" signature="generateTokenForSuite()[pri:0, instance:com.onsite.timesheet_test_page.TimeSheetCreateTest@661972b0]" started-at="2025-07-06T13:50:19 IST" name="generateTokenForSuite" finished-at="2025-07-06T13:50:26 IST" duration-ms="7241" status="PASS">
          <reporter-output>
          </reporter-output>
        </test-method> <!-- generateTokenForSuite -->
        <test-method is-config="true" signature="setUp()[pri:0, instance:com.onsite.timesheet_test_page.TimeSheetCreateTest@661972b0]" started-at="2025-07-06T13:50:27 IST" name="setUp" finished-at="2025-07-06T13:50:30 IST" duration-ms="2936" status="PASS">
          <reporter-output>
          </reporter-output>
        </test-method> <!-- setUp -->
        <test-method signature="postTimesheet()[pri:1, instance:com.onsite.timesheet_test_page.TimeSheetCreateTest@661972b0]" started-at="2025-07-06T13:50:30 IST" name="postTimesheet" finished-at="2025-07-06T13:50:32 IST" duration-ms="2337" status="PASS">
          <reporter-output>
          </reporter-output>
        </test-method> <!-- postTimesheet -->
        <test-method signature="getTimeSheet()[pri:2, instance:com.onsite.timesheet_test_page.TimeSheetCreateTest@661972b0]" started-at="2025-07-06T13:50:32 IST" name="getTimeSheet" finished-at="2025-07-06T13:50:33 IST" depends-on-methods="com.onsite.timesheet_test_page.TimeSheetCreateTest.postTimesheet" duration-ms="933" status="PASS">
          <reporter-output>
          </reporter-output>
        </test-method> <!-- getTimeSheet -->
      </class> <!-- com.onsite.timesheet_test_page.TimeSheetCreateTest -->
    </test> <!-- TimeSheetTest -->
  </suite> <!-- Suite -->
</testng-results>
