<?xml version="1.0" encoding="UTF-8"?>
<testng-results ignored="0" total="22" passed="22" failed="0" skipped="0">
  <reporter-output>
  </reporter-output>
  <suite started-at="2026-07-31T16:05:30 IST" name="Default suite" finished-at="2026-07-31T16:05:49 IST" duration-ms="18854">
    <groups>
    </groups>
    <test started-at="2026-07-31T16:05:30 IST" name="Default test" finished-at="2026-07-31T16:05:49 IST" duration-ms="18854">
      <class name="com.onsite.materialReturn_testpage.Create_materialReturn_test">
        <test-method is-config="true" signature="setUp()[pri:0, instance:com.onsite.materialReturn_testpage.Create_materialReturn_test@2a4fb17b]" started-at="2026-07-31T16:05:30 IST" name="setUp" finished-at="2026-07-31T16:05:37 IST" duration-ms="6073" status="PASS">
          <reporter-output>
          </reporter-output>
        </test-method> <!-- setUp -->
        <test-method is-config="true" signature="generateTokenForSuite()[pri:0, instance:com.onsite.materialReturn_testpage.Create_materialReturn_test@2a4fb17b]" started-at="2026-07-31T16:05:37 IST" name="generateTokenForSuite" finished-at="2026-07-31T16:05:38 IST" duration-ms="468" status="PASS">
          <reporter-output>
          </reporter-output>
        </test-method> <!-- generateTokenForSuite -->
        <test-method signature="materialReturn(com.onsite.pojo_request.MaterialReturnRequest)[pri:1, instance:com.onsite.materialReturn_testpage.Create_materialReturn_test@2a4fb17b]" started-at="2026-07-31T16:05:38 IST" name="materialReturn" data-provider="materialReturn" finished-at="2026-07-31T16:05:39 IST" duration-ms="989" status="PASS">
          <params>
            <param index="0">
              <value>
                <![CDATA[com.onsite.pojo_request.MaterialReturnRequest@7fef0b40]]>
              </value>
            </param>
          </params>
          <reporter-output>
          </reporter-output>
        </test-method> <!-- materialReturn -->
        <test-method is-config="true" signature="generateTokenForSuite()[pri:0, instance:com.onsite.materialReturn_testpage.Create_materialReturn_test@2a4fb17b]" started-at="2026-07-31T16:05:39 IST" name="generateTokenForSuite" finished-at="2026-07-31T16:05:39 IST" duration-ms="532" status="PASS">
          <reporter-output>
          </reporter-output>
        </test-method> <!-- generateTokenForSuite -->
        <test-method signature="validResponseMessage()[pri:2, instance:com.onsite.materialReturn_testpage.Create_materialReturn_test@2a4fb17b]" started-at="2026-07-31T16:05:39 IST" name="validResponseMessage" finished-at="2026-07-31T16:05:40 IST" depends-on-methods="com.onsite.materialReturn_testpage.Create_materialReturn_test.materialReturn" duration-ms="69" status="PASS">
          <reporter-output>
          </reporter-output>
        </test-method> <!-- validResponseMessage -->
        <test-method is-config="true" signature="generateTokenForSuite()[pri:0, instance:com.onsite.materialReturn_testpage.Create_materialReturn_test@2a4fb17b]" started-at="2026-07-31T16:05:40 IST" name="generateTokenForSuite" finished-at="2026-07-31T16:05:40 IST" duration-ms="514" status="PASS">
          <reporter-output>
          </reporter-output>
        </test-method> <!-- generateTokenForSuite -->
        <test-method signature="validStatusCode()[pri:2, instance:com.onsite.materialReturn_testpage.Create_materialReturn_test@2a4fb17b]" started-at="2026-07-31T16:05:40 IST" name="validStatusCode" finished-at="2026-07-31T16:05:40 IST" depends-on-methods="com.onsite.materialReturn_testpage.Create_materialReturn_test.materialReturn" duration-ms="9" status="PASS">
          <reporter-output>
          </reporter-output>
        </test-method> <!-- validStatusCode -->
        <test-method is-config="true" signature="generateTokenForSuite()[pri:0, instance:com.onsite.materialReturn_testpage.Create_materialReturn_test@2a4fb17b]" started-at="2026-07-31T16:05:40 IST" name="generateTokenForSuite" finished-at="2026-07-31T16:05:41 IST" duration-ms="498" status="PASS">
          <reporter-output>
          </reporter-output>
        </test-method> <!-- generateTokenForSuite -->
        <test-method signature="validResponseTime()[pri:3, instance:com.onsite.materialReturn_testpage.Create_materialReturn_test@2a4fb17b]" started-at="2026-07-31T16:05:41 IST" name="validResponseTime" finished-at="2026-07-31T16:05:41 IST" depends-on-methods="com.onsite.materialReturn_testpage.Create_materialReturn_test.materialReturn" duration-ms="14" status="PASS">
          <reporter-output>
          </reporter-output>
        </test-method> <!-- validResponseTime -->
        <test-method is-config="true" signature="generateTokenForSuite()[pri:0, instance:com.onsite.materialReturn_testpage.Create_materialReturn_test@2a4fb17b]" started-at="2026-07-31T16:05:41 IST" name="generateTokenForSuite" finished-at="2026-07-31T16:05:41 IST" duration-ms="468" status="PASS">
          <reporter-output>
          </reporter-output>
        </test-method> <!-- generateTokenForSuite -->
        <test-method signature="validResponseSchema()[pri:4, instance:com.onsite.materialReturn_testpage.Create_materialReturn_test@2a4fb17b]" started-at="2026-07-31T16:05:41 IST" name="validResponseSchema" finished-at="2026-07-31T16:05:42 IST" depends-on-methods="com.onsite.materialReturn_testpage.Create_materialReturn_test.materialReturn" duration-ms="589" status="PASS">
          <reporter-output>
          </reporter-output>
        </test-method> <!-- validResponseSchema -->
        <test-method is-config="true" signature="generateTokenForSuite()[pri:0, instance:com.onsite.materialReturn_testpage.Create_materialReturn_test@2a4fb17b]" started-at="2026-07-31T16:05:42 IST" name="generateTokenForSuite" finished-at="2026-07-31T16:05:42 IST" duration-ms="440" status="PASS">
          <reporter-output>
          </reporter-output>
        </test-method> <!-- generateTokenForSuite -->
        <test-method signature="validMaterialReturnId()[pri:5, instance:com.onsite.materialReturn_testpage.Create_materialReturn_test@2a4fb17b]" started-at="2026-07-31T16:05:42 IST" name="validMaterialReturnId" finished-at="2026-07-31T16:05:42 IST" depends-on-methods="com.onsite.materialReturn_testpage.Create_materialReturn_test.materialReturn" duration-ms="34" status="PASS">
          <reporter-output>
          </reporter-output>
        </test-method> <!-- validMaterialReturnId -->
        <test-method is-config="true" signature="generateTokenForSuite()[pri:0, instance:com.onsite.materialReturn_testpage.Create_materialReturn_test@2a4fb17b]" started-at="2026-07-31T16:05:42 IST" name="generateTokenForSuite" finished-at="2026-07-31T16:05:43 IST" duration-ms="420" status="PASS">
          <reporter-output>
          </reporter-output>
        </test-method> <!-- generateTokenForSuite -->
        <test-method signature="validCompanyId()[pri:6, instance:com.onsite.materialReturn_testpage.Create_materialReturn_test@2a4fb17b]" started-at="2026-07-31T16:05:43 IST" name="validCompanyId" finished-at="2026-07-31T16:05:43 IST" depends-on-methods="com.onsite.materialReturn_testpage.Create_materialReturn_test.materialReturn" duration-ms="31" status="PASS">
          <reporter-output>
          </reporter-output>
        </test-method> <!-- validCompanyId -->
        <test-method is-config="true" signature="generateTokenForSuite()[pri:0, instance:com.onsite.materialReturn_testpage.Create_materialReturn_test@2a4fb17b]" started-at="2026-07-31T16:05:43 IST" name="generateTokenForSuite" finished-at="2026-07-31T16:05:43 IST" duration-ms="465" status="PASS">
          <reporter-output>
          </reporter-output>
        </test-method> <!-- generateTokenForSuite -->
        <test-method signature="validRemark()[pri:7, instance:com.onsite.materialReturn_testpage.Create_materialReturn_test@2a4fb17b]" started-at="2026-07-31T16:05:43 IST" name="validRemark" finished-at="2026-07-31T16:05:43 IST" depends-on-methods="com.onsite.materialReturn_testpage.Create_materialReturn_test.materialReturn" duration-ms="52" status="PASS">
          <reporter-output>
          </reporter-output>
        </test-method> <!-- validRemark -->
        <test-method is-config="true" signature="generateTokenForSuite()[pri:0, instance:com.onsite.materialReturn_testpage.Create_materialReturn_test@2a4fb17b]" started-at="2026-07-31T16:05:43 IST" name="generateTokenForSuite" finished-at="2026-07-31T16:05:43 IST" duration-ms="311" status="PASS">
          <reporter-output>
          </reporter-output>
        </test-method> <!-- generateTokenForSuite -->
        <test-method signature="validPartyCompanyUserId()[pri:8, instance:com.onsite.materialReturn_testpage.Create_materialReturn_test@2a4fb17b]" started-at="2026-07-31T16:05:43 IST" name="validPartyCompanyUserId" finished-at="2026-07-31T16:05:44 IST" depends-on-methods="com.onsite.materialReturn_testpage.Create_materialReturn_test.materialReturn" duration-ms="40" status="PASS">
          <reporter-output>
          </reporter-output>
        </test-method> <!-- validPartyCompanyUserId -->
        <test-method is-config="true" signature="generateTokenForSuite()[pri:0, instance:com.onsite.materialReturn_testpage.Create_materialReturn_test@2a4fb17b]" started-at="2026-07-31T16:05:44 IST" name="generateTokenForSuite" finished-at="2026-07-31T16:05:44 IST" duration-ms="431" status="PASS">
          <reporter-output>
          </reporter-output>
        </test-method> <!-- generateTokenForSuite -->
        <test-method signature="validCreatorCompanyUserId()[pri:9, instance:com.onsite.materialReturn_testpage.Create_materialReturn_test@2a4fb17b]" started-at="2026-07-31T16:05:44 IST" name="validCreatorCompanyUserId" finished-at="2026-07-31T16:05:44 IST" depends-on-methods="com.onsite.materialReturn_testpage.Create_materialReturn_test.materialReturn" duration-ms="33" status="PASS">
          <reporter-output>
          </reporter-output>
        </test-method> <!-- validCreatorCompanyUserId -->
        <test-method is-config="true" signature="generateTokenForSuite()[pri:0, instance:com.onsite.materialReturn_testpage.Create_materialReturn_test@2a4fb17b]" started-at="2026-07-31T16:05:44 IST" name="generateTokenForSuite" finished-at="2026-07-31T16:05:44 IST" duration-ms="447" status="PASS">
          <reporter-output>
          </reporter-output>
        </test-method> <!-- generateTokenForSuite -->
        <test-method signature="validProjectId()[pri:10, instance:com.onsite.materialReturn_testpage.Create_materialReturn_test@2a4fb17b]" started-at="2026-07-31T16:05:44 IST" name="validProjectId" finished-at="2026-07-31T16:05:44 IST" depends-on-methods="com.onsite.materialReturn_testpage.Create_materialReturn_test.materialReturn" duration-ms="49" status="PASS">
          <reporter-output>
          </reporter-output>
        </test-method> <!-- validProjectId -->
        <test-method is-config="true" signature="generateTokenForSuite()[pri:0, instance:com.onsite.materialReturn_testpage.Create_materialReturn_test@2a4fb17b]" started-at="2026-07-31T16:05:44 IST" name="generateTokenForSuite" finished-at="2026-07-31T16:05:45 IST" duration-ms="353" status="PASS">
          <reporter-output>
          </reporter-output>
        </test-method> <!-- generateTokenForSuite -->
        <test-method signature="validInvoiceId()[pri:11, instance:com.onsite.materialReturn_testpage.Create_materialReturn_test@2a4fb17b]" started-at="2026-07-31T16:05:45 IST" name="validInvoiceId" finished-at="2026-07-31T16:05:45 IST" depends-on-methods="com.onsite.materialReturn_testpage.Create_materialReturn_test.materialReturn" duration-ms="45" status="PASS">
          <reporter-output>
          </reporter-output>
        </test-method> <!-- validInvoiceId -->
        <test-method is-config="true" signature="generateTokenForSuite()[pri:0, instance:com.onsite.materialReturn_testpage.Create_materialReturn_test@2a4fb17b]" started-at="2026-07-31T16:05:45 IST" name="generateTokenForSuite" finished-at="2026-07-31T16:05:45 IST" duration-ms="498" status="PASS">
          <reporter-output>
          </reporter-output>
        </test-method> <!-- generateTokenForSuite -->
        <test-method signature="validMaterial()[pri:12, instance:com.onsite.materialReturn_testpage.Create_materialReturn_test@2a4fb17b]" started-at="2026-07-31T16:05:45 IST" name="validMaterial" finished-at="2026-07-31T16:05:45 IST" depends-on-methods="com.onsite.materialReturn_testpage.Create_materialReturn_test.materialReturn" duration-ms="52" status="PASS">
          <reporter-output>
          </reporter-output>
        </test-method> <!-- validMaterial -->
        <test-method is-config="true" signature="generateTokenForSuite()[pri:0, instance:com.onsite.materialReturn_testpage.Create_materialReturn_test@2a4fb17b]" started-at="2026-07-31T16:05:45 IST" name="generateTokenForSuite" finished-at="2026-07-31T16:05:46 IST" duration-ms="435" status="PASS">
          <reporter-output>
          </reporter-output>
        </test-method> <!-- generateTokenForSuite -->
        <test-method signature="validMaterialAmount()[pri:13, instance:com.onsite.materialReturn_testpage.Create_materialReturn_test@2a4fb17b]" started-at="2026-07-31T16:05:46 IST" name="validMaterialAmount" finished-at="2026-07-31T16:05:46 IST" depends-on-methods="com.onsite.materialReturn_testpage.Create_materialReturn_test.materialReturn" duration-ms="34" status="PASS">
          <reporter-output>
          </reporter-output>
        </test-method> <!-- validMaterialAmount -->
        <test-method is-config="true" signature="generateTokenForSuite()[pri:0, instance:com.onsite.materialReturn_testpage.Create_materialReturn_test@2a4fb17b]" started-at="2026-07-31T16:05:46 IST" name="generateTokenForSuite" finished-at="2026-07-31T16:05:46 IST" duration-ms="281" status="PASS">
          <reporter-output>
          </reporter-output>
        </test-method> <!-- generateTokenForSuite -->
        <test-method signature="validDiscount()[pri:14, instance:com.onsite.materialReturn_testpage.Create_materialReturn_test@2a4fb17b]" started-at="2026-07-31T16:05:46 IST" name="validDiscount" finished-at="2026-07-31T16:05:46 IST" depends-on-methods="com.onsite.materialReturn_testpage.Create_materialReturn_test.materialReturn" duration-ms="30" status="PASS">
          <reporter-output>
          </reporter-output>
        </test-method> <!-- validDiscount -->
        <test-method is-config="true" signature="generateTokenForSuite()[pri:0, instance:com.onsite.materialReturn_testpage.Create_materialReturn_test@2a4fb17b]" started-at="2026-07-31T16:05:46 IST" name="generateTokenForSuite" finished-at="2026-07-31T16:05:47 IST" duration-ms="366" status="PASS">
          <reporter-output>
          </reporter-output>
        </test-method> <!-- generateTokenForSuite -->
        <test-method signature="validGstAmount()[pri:15, instance:com.onsite.materialReturn_testpage.Create_materialReturn_test@2a4fb17b]" started-at="2026-07-31T16:05:47 IST" name="validGstAmount" finished-at="2026-07-31T16:05:47 IST" depends-on-methods="com.onsite.materialReturn_testpage.Create_materialReturn_test.materialReturn" duration-ms="71" status="PASS">
          <reporter-output>
          </reporter-output>
        </test-method> <!-- validGstAmount -->
        <test-method is-config="true" signature="generateTokenForSuite()[pri:0, instance:com.onsite.materialReturn_testpage.Create_materialReturn_test@2a4fb17b]" started-at="2026-07-31T16:05:47 IST" name="generateTokenForSuite" finished-at="2026-07-31T16:05:47 IST" duration-ms="453" status="PASS">
          <reporter-output>
          </reporter-output>
        </test-method> <!-- generateTokenForSuite -->
        <test-method signature="validOtherAmount()[pri:16, instance:com.onsite.materialReturn_testpage.Create_materialReturn_test@2a4fb17b]" started-at="2026-07-31T16:05:47 IST" name="validOtherAmount" finished-at="2026-07-31T16:05:47 IST" depends-on-methods="com.onsite.materialReturn_testpage.Create_materialReturn_test.materialReturn" duration-ms="38" status="PASS">
          <reporter-output>
          </reporter-output>
        </test-method> <!-- validOtherAmount -->
        <test-method is-config="true" signature="generateTokenForSuite()[pri:0, instance:com.onsite.materialReturn_testpage.Create_materialReturn_test@2a4fb17b]" started-at="2026-07-31T16:05:47 IST" name="generateTokenForSuite" finished-at="2026-07-31T16:05:48 IST" duration-ms="374" status="PASS">
          <reporter-output>
          </reporter-output>
        </test-method> <!-- generateTokenForSuite -->
        <test-method signature="validTotalPayable()[pri:17, instance:com.onsite.materialReturn_testpage.Create_materialReturn_test@2a4fb17b]" started-at="2026-07-31T16:05:48 IST" name="validTotalPayable" finished-at="2026-07-31T16:05:48 IST" depends-on-methods="com.onsite.materialReturn_testpage.Create_materialReturn_test.materialReturn" duration-ms="48" status="PASS">
          <reporter-output>
          </reporter-output>
        </test-method> <!-- validTotalPayable -->
        <test-method is-config="true" signature="generateTokenForSuite()[pri:0, instance:com.onsite.materialReturn_testpage.Create_materialReturn_test@2a4fb17b]" started-at="2026-07-31T16:05:48 IST" name="generateTokenForSuite" finished-at="2026-07-31T16:05:48 IST" duration-ms="460" status="PASS">
          <reporter-output>
          </reporter-output>
        </test-method> <!-- generateTokenForSuite -->
        <test-method signature="validPhoto()[pri:18, instance:com.onsite.materialReturn_testpage.Create_materialReturn_test@2a4fb17b]" started-at="2026-07-31T16:05:48 IST" name="validPhoto" finished-at="2026-07-31T16:05:48 IST" depends-on-methods="com.onsite.materialReturn_testpage.Create_materialReturn_test.materialReturn" duration-ms="33" status="PASS">
          <reporter-output>
          </reporter-output>
        </test-method> <!-- validPhoto -->
        <test-method is-config="true" signature="generateTokenForSuite()[pri:0, instance:com.onsite.materialReturn_testpage.Create_materialReturn_test@2a4fb17b]" started-at="2026-07-31T16:05:48 IST" name="generateTokenForSuite" finished-at="2026-07-31T16:05:48 IST" duration-ms="289" status="PASS">
          <reporter-output>
          </reporter-output>
        </test-method> <!-- generateTokenForSuite -->
        <test-method signature="validReturnDate()[pri:19, instance:com.onsite.materialReturn_testpage.Create_materialReturn_test@2a4fb17b]" started-at="2026-07-31T16:05:48 IST" name="validReturnDate" finished-at="2026-07-31T16:05:48 IST" depends-on-methods="com.onsite.materialReturn_testpage.Create_materialReturn_test.materialReturn" duration-ms="34" status="PASS">
          <reporter-output>
          </reporter-output>
        </test-method> <!-- validReturnDate -->
        <test-method is-config="true" signature="generateTokenForSuite()[pri:0, instance:com.onsite.materialReturn_testpage.Create_materialReturn_test@2a4fb17b]" started-at="2026-07-31T16:05:48 IST" name="generateTokenForSuite" finished-at="2026-07-31T16:05:49 IST" duration-ms="431" status="PASS">
          <reporter-output>
          </reporter-output>
        </test-method> <!-- generateTokenForSuite -->
        <test-method signature="validRefrenceNumber()[pri:20, instance:com.onsite.materialReturn_testpage.Create_materialReturn_test@2a4fb17b]" started-at="2026-07-31T16:05:49 IST" name="validRefrenceNumber" finished-at="2026-07-31T16:05:49 IST" depends-on-methods="com.onsite.materialReturn_testpage.Create_materialReturn_test.materialReturn" duration-ms="60" status="PASS">
          <reporter-output>
          </reporter-output>
        </test-method> <!-- validRefrenceNumber -->
        <test-method is-config="true" signature="generateTokenForSuite()[pri:0, instance:com.onsite.materialReturn_testpage.Create_materialReturn_test@2a4fb17b]" started-at="2026-07-31T16:05:49 IST" name="generateTokenForSuite" finished-at="2026-07-31T16:05:49 IST" duration-ms="297" status="PASS">
          <reporter-output>
          </reporter-output>
        </test-method> <!-- generateTokenForSuite -->
        <test-method signature="validDueDays()[pri:21, instance:com.onsite.materialReturn_testpage.Create_materialReturn_test@2a4fb17b]" started-at="2026-07-31T16:05:49 IST" name="validDueDays" finished-at="2026-07-31T16:05:49 IST" depends-on-methods="com.onsite.materialReturn_testpage.Create_materialReturn_test.materialReturn" duration-ms="35" status="PASS">
          <reporter-output>
          </reporter-output>
        </test-method> <!-- validDueDays -->
      </class> <!-- com.onsite.materialReturn_testpage.Create_materialReturn_test -->
    </test> <!-- Default test -->
  </suite> <!-- Default suite -->
</testng-results>
