<?xml version="1.0" encoding="UTF-8"?>
<testng-results ignored="0" total="1" passed="1" failed="0" skipped="0">
  <reporter-output>
  </reporter-output>
  <suite started-at="2025-12-04T16:20:33 IST" name="Default suite" finished-at="2025-12-04T16:21:19 IST" duration-ms="45912">
    <groups>
    </groups>
    <test started-at="2025-12-04T16:20:33 IST" name="Default test" finished-at="2025-12-04T16:21:19 IST" duration-ms="45912">
      <class name="com.onsite.payroll_test_page.ListPayrollExcludeProject">
        <test-method signature="listPayrollExcludeProject()[pri:1, instance:com.onsite.payroll_test_page.ListPayrollExcludeProject@5ffead27]" started-at="2025-12-04T16:20:34 IST" name="listPayrollExcludeProject" finished-at="2025-12-04T16:21:19 IST" duration-ms="45833" status="PASS">
          <reporter-output>
          </reporter-output>
        </test-method> <!-- listPayrollExcludeProject -->
      </class> <!-- com.onsite.payroll_test_page.ListPayrollExcludeProject -->
    </test> <!-- Default test -->
  </suite> <!-- Default suite -->
</testng-results>
