<?xml version="1.0" encoding="UTF-8"?>
<testng-results ignored="0" total="5" passed="2" failed="3" skipped="0">
  <reporter-output>
  </reporter-output>
  <suite started-at="2026-09-08T16:55:02 IST" name="Default suite" finished-at="2026-09-08T16:55:09 IST" duration-ms="6784">
    <groups>
    </groups>
    <test started-at="2026-09-08T16:55:02 IST" name="Default test" finished-at="2026-09-08T16:55:09 IST" duration-ms="6784">
      <class name="com.onsite.materialReturn_testpage.Delete_MaterialReturn_test">
        <test-method signature="verifyDeleteWithValidId(java.lang.String)[pri:1, instance:com.onsite.materialReturn_testpage.Delete_MaterialReturn_test@4fb61f4a]" started-at="2026-09-08T16:55:02 IST" name="verifyDeleteWithValidId" description="validId test case" data-provider="materialReturnId" finished-at="2026-09-08T16:55:08 IST" duration-ms="5716" status="FAIL">
          <params>
            <param index="0">
              <value>
                <![CDATA[9dc3a1e2-570d-4a0e-a0ac-d92be67531af]]>
              </value>
            </param>
          </params>
          <exception class="java.lang.AssertionError">
            <message>
              <![CDATA[1 expectation failed.
Response body doesn't match expectation.
Expected: The content to match the given JSON schema.
error: object has missing required properties (["net_amount","purchase_date"])
    level: "error"
    schema: {"loadingURI":"file:/C:/Users/Administrator/git/Api_repository/RestAssuredApiTesting.BDD/target/test-classes/responseSchema_files/materialPurchaseResponseSchema.json#","pointer":""}
    instance: {"pointer":""}
    domain: "validation"
    keyword: "required"
    required: ["company_id","created","discount","gst_amount","id","material_amount","net_amount","other_amount","party_company_user_id","project_id","purchase_date","remark","total_payable","vendor_reference_number"]
    missing: ["net_amount","purchase_date"]

  Actual: {"id":"9dc3a1e2-570d-4a0e-a0ac-d92be67531af","company_id":"9e87d60c-9bb0-4ede-9fd3-10d9db21e0bc","remark":"test - 1","creator_company_user_id":"94a98f3d-4bb1-4b82-9376-e7f8b59aa364","party_company_user_id":"ff4ad76a-bdcb-4894-b0ab-d26390779e9d","project_id":"3e2fcfd2-70e0-406e-8398-c84cb7481fd9","sub_category_id":"eed3baf3-b8ff-4182-8d96-f1d1cad008b6","invoice_id":"6252a521-9424-418d-8428-f17b72eb5d2c","material_ids":["b4782448-9ecb-4c1f-a763-259fd5beb1b2"],"discount":10,"gst_amount":30,"other_amount":20,"material_amount":1000,"total_payable":1040,"prefix":"MRET-","sequence":26,"return_number":"MRET-26","photos":[],"return_date":"2026-08-09T10:34:15.768Z","vendor_reference_number":"A-01","delete":1,"created":"2026-09-08T10:26:45.938Z","updated":"2026-09-08T11:25:07.629112371Z","updated_by_cu_id":"94a98f3d-4bb1-4b82-9376-e7f8b59aa364","approval_flag":"auto_approved","monkey_patch_materials":null,"monkey_patch_creator_company_user":{"id":"","company_id":"","company_role_id":"","role":"","type":"","creator":"","name":"","mobile":0,"mobile_verified":0,"user_id":"","gstin":"","party_id":"","legal_business_name":"","billing_address":"","hidden":0,"profile_pic":"","monkey_patch_policy_ids":null,"monkey_patch_company_role":{"id":"","role":"","name":"","description":"","company_id":"","creator_company_user_id":"","policy_ids":null,"hidden":0,"delete":0,"created":"0001-01-01T00:00:00Z","updated":"0001-01-01T00:00:00Z","monkey_patch_policies":null},"monkey_patch_user":{"id":"","name":"","mobile":0,"country_code":"","profile_pic":"","mobile_verified":0,"invited":0,"invitation_count":0,"profession":""},"email":"","date_of_joining":"0001-01-01T00:00:00Z"},"monkey_patch_party_company_user":{"id":"","company_id":"","company_role_id":"","role":"","type":"","creator":"","name":"","mobile":0,"mobile_verified":0,"user_id":"","gstin":"","party_id":"","legal_business_name":"","billing_address":"","hidden":0,"profile_pic":"","monkey_patch_policy_ids":null,"monkey_patch_company_role":{"id":"","role":"","name":"","description":"","company_id":"","creator_company_user_id":"","policy_ids":null,"hidden":0,"delete":0,"created":"0001-01-01T00:00:00Z","updated":"0001-01-01T00:00:00Z","monkey_patch_policies":null},"monkey_patch_user":{"id":"","name":"","mobile":0,"country_code":"","profile_pic":"","mobile_verified":0,"invited":0,"invitation_count":0,"profession":""},"email":"","date_of_joining":"0001-01-01T00:00:00Z"},"monkey_patch_is_editable":0,"monkey_patch_paid_amount":0,"monkey_patch_status":"","monkey_patch_sub_category":{"id":"","parent_id":"","creator":"","creator_company_user_id":"","company_id":"","type":"","text_en":"","text_hi":"","index":0,"hidden":0,"created":"0001-01-01T00:00:00Z","updated":"0001-01-01T00:00:00Z","monkey_patch_children":null,"monkey_patch_parent":null,"color_hex":"","is_project_phase":0},"monkey_patch_project":{"id":"","type":"","name":"","contractor":"","contractor_company_user_id":"","creator":"","creator_company_user_id":"","bg_image":"","admins":null,"admins_company_user_ids":null,"workers_company_user_ids":null,"customer_name":"","customer_contact":0,"customer_email":"","customer_company_name":"","customer_company_address":"","customer_gst":"","customer_profile_image":"","address":"","city":"","state":"","status":"","contact_book":null,"is_engine":0,"duplicate_from":"","created":"0001-01-01T00:00:00Z","updated":"0001-01-01T00:00:00Z","updated_by_cu_id":"","contact_data":null,"photos":null,"location":{"type":"","coordinates":null},"google_address":null,"allowed_features":null,"estimated_cost":0,"progress":0,"start_date":"0001-01-01T00:00:00Z","end_date":"0001-01-01T00:00:00Z","monkey_patch_contractor_name":"","monkey_patch_contractor_company_user_name":"","monkey_patch_contractor_contact":0,"monkey_patch_contractor_profile_pic":"","monkey_patch_in_amount":0,"monkey_patch_out_amount":0,"monkey_patch_transaction_in_amount":0,"monkey_patch_transaction_out_amount":0,"company_id":"","monkey_patch_my_company_user":{"id":"","company_id":"","company_role_id":"","role":"","type":"","creator":"","name":"","mobile":0,"mobile_verified":0,"user_id":"","gstin":"","party_id":"","legal_business_name":"","billing_address":"","hidden":0,"profile_pic":"","monkey_patch_policy_ids":null,"monkey_patch_company_role":{"id":"","role":"","name":"","description":"","company_id":"","creator_company_user_id":"","policy_ids":null,"hidden":0,"delete":0,"created":"0001-01-01T00:00:00Z","updated":"0001-01-01T00:00:00Z","monkey_patch_policies":null},"monkey_patch_user":{"id":"","name":"","mobile":0,"country_code":"","profile_pic":"","mobile_verified":0,"invited":0,"invitation_count":0,"profession":""},"email":"","date_of_joining":"0001-01-01T00:00:00Z"},"monkey_patch_company_name":"","monkey_patch_team_member":null,"monkey_patch_todo_count":0,"attendance_radius":0,"distance":0,"monkey_patch_primary_address":{"id":"","company_id":"","creator_company_user_id":"","owner_id":"","address_type":"","address_title":"","address_gst":"","address_line_1":"","address_line_2":"","city":"","state":"","postal_code":"","country_code":"","location":{"type":"","coordinates":null},"google_address":null,"primary":0,"delete":0,"created":"0001-01-01T00:00:00Z","updated":"0001-01-01T00:00:00Z","search":"","monkey_patch_country_config":{"country_code":"","country_iso":"","country_name":"","created":"0001-01-01T00:00:00Z","minimum_digits":0,"maximum_digits":0,"login_channels":null,"currency":"","flag":"","tax_slabs":null,"tax_display_name":"","tax_value_display_name":"","published":0,"decimal_digit":0,"timezone":""}},"dimension":"","orientation":"","code":"","key_personnel_cu_ids":null,"billed_amount":0,"monkey_patch_key_personnel":null,"custom_fields":null,"entry_time":"0001-01-01T00:00:00Z","sub_category_id":"","monkey_patch_sub_category":{"id":"","parent_id":"","creator":"","creator_company_user_id":"","company_id":"","type":"","text_en":"","text_hi":"","index":0,"hidden":0,"created":"0001-01-01T00:00:00Z","updated":"0001-01-01T00:00:00Z","monkey_patch_children":null,"monkey_patch_parent":null,"color_hex":"","is_project_phase":0},"phase_sub_category_ids":null,"phase_sub_category_id":"","monkey_patch_phase_sub_category":{"id":"","parent_id":"","creator":"","creator_company_user_id":"","company_id":"","type":"","text_en":"","text_hi":"","index":0,"hidden":0,"created":"0001-01-01T00:00:00Z","updated":"0001-01-01T00:00:00Z","monkey_patch_children":null,"monkey_patch_parent":null,"color_hex":"","is_project_phase":0},"scope_of_work":null,"grn_prefix_list":null,"default_grn_prefix":{"prefix":"","sequence":0},"material_request_prefix_list":null,"default_material_request_prefix":{"prefix":"","sequence":0},"company_address_id":"","monkey_patch_company_address":{"id":"","company_id":"","creator_company_user_id":"","owner_id":"","address_type":"","address_title":"","address_gst":"","address_line_1":"","address_line_2":"","city":"","state":"","postal_code":"","country_code":"","location":{"type":"","coordinates":null},"google_address":null,"primary":0,"delete":0,"created":"0001-01-01T00:00:00Z","updated":"0001-01-01T00:00:00Z","search":"","monkey_patch_country_config":{"country_code":"","country_iso":"","country_name":"","created":"0001-01-01T00:00:00Z","minimum_digits":0,"maximum_digits":0,"login_channels":null,"currency":"","flag":"","tax_slabs":null,"tax_display_name":"","tax_value_display_name":"","published":0,"decimal_digit":0,"timezone":""}},"total_estimated_budget":0},"monkey_patch_invoice":{"id":"","company_id":"","creator_company_user_id":"","party_company_user_id":"","project_id":"","category_id":"","sub_category_id":"","feature_type":"","feature_id":"","invoice_type":"","status":"","total_payable":0,"paid_amount":0,"sequence":0,"delete":0,"invoice_date":"0001-01-01T00:00:00Z","created":"0001-01-01T00:00:00Z","updated":"0001-01-01T00:00:00Z","updated_by_cu_id":"","approval_flag":"","monkey_patch_settlement":{"id":"","company_id":"","creator_company_user_id":"","party_company_user_id":"","project_id":"","invoice_id":"","cashbooktransaction_id":"","settled_amount":0,"delete":0,"created":"0001-01-01T00:00:00Z","updated":"0001-01-01T00:00:00Z","monkey_patch_settlement_date":"0001-01-01T00:00:00Z"},"monkey_patch_retention_entry":null,"monkey_patch_feature":null,"monkey_patch_project":{"id":"","type":"","name":"","contractor":"","contractor_company_user_id":"","creator":"","creator_company_user_id":"","bg_image":"","admins":null,"admins_company_user_ids":null,"workers_company_user_ids":null,"customer_name":"","customer_contact":0,"customer_email":"","customer_company_name":"","customer_company_address":"","customer_gst":"","customer_profile_image":"","address":"","city":"","state":"","status":"","contact_book":null,"is_engine":0,"duplicate_from":"","created":"0001-01-01T00:00:00Z","updated":"0001-01-01T00:00:00Z","updated_by_cu_id":"","contact_data":null,"photos":null,"location":{"type":"","coordinates":null},"google_address":null,"allowed_features":null,"estimated_cost":0,"progress":0,"start_date":"0001-01-01T00:00:00Z","end_date":"0001-01-01T00:00:00Z","monkey_patch_contractor_name":"","monkey_patch_contractor_company_user_name":"","monkey_patch_contractor_contact":0,"monkey_patch_contractor_profile_pic":"","monkey_patch_in_amount":0,"monkey_patch_out_amount":0,"monkey_patch_transaction_in_amount":0,"monkey_patch_transaction_out_amount":0,"company_id":"","monkey_patch_my_company_user":{"id":"","company_id":"","company_role_id":"","role":"","type":"","creator":"","name":"","mobile":0,"mobile_verified":0,"user_id":"","gstin":"","party_id":"","legal_business_name":"","billing_address":"","hidden":0,"profile_pic":"","monkey_patch_policy_ids":null,"monkey_patch_company_role":{"id":"","role":"","name":"","description":"","company_id":"","creator_company_user_id":"","policy_ids":null,"hidden":0,"delete":0,"created":"0001-01-01T00:00:00Z","updated":"0001-01-01T00:00:00Z","monkey_patch_policies":null},"monkey_patch_user":{"id":"","name":"","mobile":0,"country_code":"","profile_pic":"","mobile_verified":0,"invited":0,"invitation_count":0,"profession":""},"email":"","date_of_joining":"0001-01-01T00:00:00Z"},"monkey_patch_company_name":"","monkey_patch_team_member":null,"monkey_patch_todo_count":0,"attendance_radius":0,"distance":0,"monkey_patch_primary_address":{"id":"","company_id":"","creator_company_user_id":"","owner_id":"","address_type":"","address_title":"","address_gst":"","address_line_1":"","address_line_2":"","city":"","state":"","postal_code":"","country_code":"","location":{"type":"","coordinates":null},"google_address":null,"primary":0,"delete":0,"created":"0001-01-01T00:00:00Z","updated":"0001-01-01T00:00:00Z","search":"","monkey_patch_country_config":{"country_code":"","country_iso":"","country_name":"","created":"0001-01-01T00:00:00Z","minimum_digits":0,"maximum_digits":0,"login_channels":null,"currency":"","flag":"","tax_slabs":null,"tax_display_name":"","tax_value_display_name":"","published":0,"decimal_digit":0,"timezone":""}},"dimension":"","orientation":"","code":"","key_personnel_cu_ids":null,"billed_amount":0,"monkey_patch_key_personnel":null,"custom_fields":null,"entry_time":"0001-01-01T00:00:00Z","sub_category_id":"","monkey_patch_sub_category":{"id":"","parent_id":"","creator":"","creator_company_user_id":"","company_id":"","type":"","text_en":"","text_hi":"","index":0,"hidden":0,"created":"0001-01-01T00:00:00Z","updated":"0001-01-01T00:00:00Z","monkey_patch_children":null,"monkey_patch_parent":null,"color_hex":"","is_project_phase":0},"phase_sub_category_ids":null,"phase_sub_category_id":"","monkey_patch_phase_sub_category":{"id":"","parent_id":"","creator":"","creator_company_user_id":"","company_id":"","type":"","text_en":"","text_hi":"","index":0,"hidden":0,"created":"0001-01-01T00:00:00Z","updated":"0001-01-01T00:00:00Z","monkey_patch_children":null,"monkey_patch_parent":null,"color_hex":"","is_project_phase":0},"scope_of_work":null,"grn_prefix_list":null,"default_grn_prefix":{"prefix":"","sequence":0},"material_request_prefix_list":null,"default_material_request_prefix":{"prefix":"","sequence":0},"company_address_id":"","monkey_patch_company_address":{"id":"","company_id":"","creator_company_user_id":"","owner_id":"","address_type":"","address_title":"","address_gst":"","address_line_1":"","address_line_2":"","city":"","state":"","postal_code":"","country_code":"","location":{"type":"","coordinates":null},"google_address":null,"primary":0,"delete":0,"created":"0001-01-01T00:00:00Z","updated":"0001-01-01T00:00:00Z","search":"","monkey_patch_country_config":{"country_code":"","country_iso":"","country_name":"","created":"0001-01-01T00:00:00Z","minimum_digits":0,"maximum_digits":0,"login_channels":null,"currency":"","flag":"","tax_slabs":null,"tax_display_name":"","tax_value_display_name":"","published":0,"decimal_digit":0,"timezone":""}},"total_estimated_budget":0},"gst_amount":0},"meta_data":{"can_edit":0,"can_update_approval_flag":0},"approval_comment":"","approved_by":"","monkey_patch_approved_by":{"id":"","company_id":"","company_role_id":"","role":"","type":"","creator":"","name":"","mobile":0,"mobile_verified":0,"user_id":"","gstin":"","party_id":"","legal_business_name":"","billing_address":"","hidden":0,"profile_pic":"","monkey_patch_policy_ids":null,"monkey_patch_company_role":{"id":"","role":"","name":"","description":"","company_id":"","creator_company_user_id":"","policy_ids":null,"hidden":0,"delete":0,"created":"0001-01-01T00:00:00Z","updated":"0001-01-01T00:00:00Z","monkey_patch_policies":null},"monkey_patch_user":{"id":"","name":"","mobile":0,"country_code":"","profile_pic":"","mobile_verified":0,"invited":0,"invitation_count":0,"profession":""},"email":"","date_of_joining":"0001-01-01T00:00:00Z"},"due_days":7}
]]>
            </message>
            <full-stacktrace>
              <![CDATA[java.lang.AssertionError: 1 expectation failed.
Response body doesn't match expectation.
Expected: The content to match the given JSON schema.
error: object has missing required properties (["net_amount","purchase_date"])
    level: "error"
    schema: {"loadingURI":"file:/C:/Users/Administrator/git/Api_repository/RestAssuredApiTesting.BDD/target/test-classes/responseSchema_files/materialPurchaseResponseSchema.json#","pointer":""}
    instance: {"pointer":""}
    domain: "validation"
    keyword: "required"
    required: ["company_id","created","discount","gst_amount","id","material_amount","net_amount","other_amount","party_company_user_id","project_id","purchase_date","remark","total_payable","vendor_reference_number"]
    missing: ["net_amount","purchase_date"]

  Actual: {"id":"9dc3a1e2-570d-4a0e-a0ac-d92be67531af","company_id":"9e87d60c-9bb0-4ede-9fd3-10d9db21e0bc","remark":"test - 1","creator_company_user_id":"94a98f3d-4bb1-4b82-9376-e7f8b59aa364","party_company_user_id":"ff4ad76a-bdcb-4894-b0ab-d26390779e9d","project_id":"3e2fcfd2-70e0-406e-8398-c84cb7481fd9","sub_category_id":"eed3baf3-b8ff-4182-8d96-f1d1cad008b6","invoice_id":"6252a521-9424-418d-8428-f17b72eb5d2c","material_ids":["b4782448-9ecb-4c1f-a763-259fd5beb1b2"],"discount":10,"gst_amount":30,"other_amount":20,"material_amount":1000,"total_payable":1040,"prefix":"MRET-","sequence":26,"return_number":"MRET-26","photos":[],"return_date":"2026-08-09T10:34:15.768Z","vendor_reference_number":"A-01","delete":1,"created":"2026-09-08T10:26:45.938Z","updated":"2026-09-08T11:25:07.629112371Z","updated_by_cu_id":"94a98f3d-4bb1-4b82-9376-e7f8b59aa364","approval_flag":"auto_approved","monkey_patch_materials":null,"monkey_patch_creator_company_user":{"id":"","company_id":"","company_role_id":"","role":"","type":"","creator":"","name":"","mobile":0,"mobile_verified":0,"user_id":"","gstin":"","party_id":"","legal_business_name":"","billing_address":"","hidden":0,"profile_pic":"","monkey_patch_policy_ids":null,"monkey_patch_company_role":{"id":"","role":"","name":"","description":"","company_id":"","creator_company_user_id":"","policy_ids":null,"hidden":0,"delete":0,"created":"0001-01-01T00:00:00Z","updated":"0001-01-01T00:00:00Z","monkey_patch_policies":null},"monkey_patch_user":{"id":"","name":"","mobile":0,"country_code":"","profile_pic":"","mobile_verified":0,"invited":0,"invitation_count":0,"profession":""},"email":"","date_of_joining":"0001-01-01T00:00:00Z"},"monkey_patch_party_company_user":{"id":"","company_id":"","company_role_id":"","role":"","type":"","creator":"","name":"","mobile":0,"mobile_verified":0,"user_id":"","gstin":"","party_id":"","legal_business_name":"","billing_address":"","hidden":0,"profile_pic":"","monkey_patch_policy_ids":null,"monkey_patch_company_role":{"id":"","role":"","name":"","description":"","company_id":"","creator_company_user_id":"","policy_ids":null,"hidden":0,"delete":0,"created":"0001-01-01T00:00:00Z","updated":"0001-01-01T00:00:00Z","monkey_patch_policies":null},"monkey_patch_user":{"id":"","name":"","mobile":0,"country_code":"","profile_pic":"","mobile_verified":0,"invited":0,"invitation_count":0,"profession":""},"email":"","date_of_joining":"0001-01-01T00:00:00Z"},"monkey_patch_is_editable":0,"monkey_patch_paid_amount":0,"monkey_patch_status":"","monkey_patch_sub_category":{"id":"","parent_id":"","creator":"","creator_company_user_id":"","company_id":"","type":"","text_en":"","text_hi":"","index":0,"hidden":0,"created":"0001-01-01T00:00:00Z","updated":"0001-01-01T00:00:00Z","monkey_patch_children":null,"monkey_patch_parent":null,"color_hex":"","is_project_phase":0},"monkey_patch_project":{"id":"","type":"","name":"","contractor":"","contractor_company_user_id":"","creator":"","creator_company_user_id":"","bg_image":"","admins":null,"admins_company_user_ids":null,"workers_company_user_ids":null,"customer_name":"","customer_contact":0,"customer_email":"","customer_company_name":"","customer_company_address":"","customer_gst":"","customer_profile_image":"","address":"","city":"","state":"","status":"","contact_book":null,"is_engine":0,"duplicate_from":"","created":"0001-01-01T00:00:00Z","updated":"0001-01-01T00:00:00Z","updated_by_cu_id":"","contact_data":null,"photos":null,"location":{"type":"","coordinates":null},"google_address":null,"allowed_features":null,"estimated_cost":0,"progress":0,"start_date":"0001-01-01T00:00:00Z","end_date":"0001-01-01T00:00:00Z","monkey_patch_contractor_name":"","monkey_patch_contractor_company_user_name":"","monkey_patch_contractor_contact":0,"monkey_patch_contractor_profile_pic":"","monkey_patch_in_amount":0,"monkey_patch_out_amount":0,"monkey_patch_transaction_in_amount":0,"monkey_patch_transaction_out_amount":0,"company_id":"","monkey_patch_my_company_user":{"id":"","company_id":"","company_role_id":"","role":"","type":"","creator":"","name":"","mobile":0,"mobile_verified":0,"user_id":"","gstin":"","party_id":"","legal_business_name":"","billing_address":"","hidden":0,"profile_pic":"","monkey_patch_policy_ids":null,"monkey_patch_company_role":{"id":"","role":"","name":"","description":"","company_id":"","creator_company_user_id":"","policy_ids":null,"hidden":0,"delete":0,"created":"0001-01-01T00:00:00Z","updated":"0001-01-01T00:00:00Z","monkey_patch_policies":null},"monkey_patch_user":{"id":"","name":"","mobile":0,"country_code":"","profile_pic":"","mobile_verified":0,"invited":0,"invitation_count":0,"profession":""},"email":"","date_of_joining":"0001-01-01T00:00:00Z"},"monkey_patch_company_name":"","monkey_patch_team_member":null,"monkey_patch_todo_count":0,"attendance_radius":0,"distance":0,"monkey_patch_primary_address":{"id":"","company_id":"","creator_company_user_id":"","owner_id":"","address_type":"","address_title":"","address_gst":"","address_line_1":"","address_line_2":"","city":"","state":"","postal_code":"","country_code":"","location":{"type":"","coordinates":null},"google_address":null,"primary":0,"delete":0,"created":"0001-01-01T00:00:00Z","updated":"0001-01-01T00:00:00Z","search":"","monkey_patch_country_config":{"country_code":"","country_iso":"","country_name":"","created":"0001-01-01T00:00:00Z","minimum_digits":0,"maximum_digits":0,"login_channels":null,"currency":"","flag":"","tax_slabs":null,"tax_display_name":"","tax_value_display_name":"","published":0,"decimal_digit":0,"timezone":""}},"dimension":"","orientation":"","code":"","key_personnel_cu_ids":null,"billed_amount":0,"monkey_patch_key_personnel":null,"custom_fields":null,"entry_time":"0001-01-01T00:00:00Z","sub_category_id":"","monkey_patch_sub_category":{"id":"","parent_id":"","creator":"","creator_company_user_id":"","company_id":"","type":"","text_en":"","text_hi":"","index":0,"hidden":0,"created":"0001-01-01T00:00:00Z","updated":"0001-01-01T00:00:00Z","monkey_patch_children":null,"monkey_patch_parent":null,"color_hex":"","is_project_phase":0},"phase_sub_category_ids":null,"phase_sub_category_id":"","monkey_patch_phase_sub_category":{"id":"","parent_id":"","creator":"","creator_company_user_id":"","company_id":"","type":"","text_en":"","text_hi":"","index":0,"hidden":0,"created":"0001-01-01T00:00:00Z","updated":"0001-01-01T00:00:00Z","monkey_patch_children":null,"monkey_patch_parent":null,"color_hex":"","is_project_phase":0},"scope_of_work":null,"grn_prefix_list":null,"default_grn_prefix":{"prefix":"","sequence":0},"material_request_prefix_list":null,"default_material_request_prefix":{"prefix":"","sequence":0},"company_address_id":"","monkey_patch_company_address":{"id":"","company_id":"","creator_company_user_id":"","owner_id":"","address_type":"","address_title":"","address_gst":"","address_line_1":"","address_line_2":"","city":"","state":"","postal_code":"","country_code":"","location":{"type":"","coordinates":null},"google_address":null,"primary":0,"delete":0,"created":"0001-01-01T00:00:00Z","updated":"0001-01-01T00:00:00Z","search":"","monkey_patch_country_config":{"country_code":"","country_iso":"","country_name":"","created":"0001-01-01T00:00:00Z","minimum_digits":0,"maximum_digits":0,"login_channels":null,"currency":"","flag":"","tax_slabs":null,"tax_display_name":"","tax_value_display_name":"","published":0,"decimal_digit":0,"timezone":""}},"total_estimated_budget":0},"monkey_patch_invoice":{"id":"","company_id":"","creator_company_user_id":"","party_company_user_id":"","project_id":"","category_id":"","sub_category_id":"","feature_type":"","feature_id":"","invoice_type":"","status":"","total_payable":0,"paid_amount":0,"sequence":0,"delete":0,"invoice_date":"0001-01-01T00:00:00Z","created":"0001-01-01T00:00:00Z","updated":"0001-01-01T00:00:00Z","updated_by_cu_id":"","approval_flag":"","monkey_patch_settlement":{"id":"","company_id":"","creator_company_user_id":"","party_company_user_id":"","project_id":"","invoice_id":"","cashbooktransaction_id":"","settled_amount":0,"delete":0,"created":"0001-01-01T00:00:00Z","updated":"0001-01-01T00:00:00Z","monkey_patch_settlement_date":"0001-01-01T00:00:00Z"},"monkey_patch_retention_entry":null,"monkey_patch_feature":null,"monkey_patch_project":{"id":"","type":"","name":"","contractor":"","contractor_company_user_id":"","creator":"","creator_company_user_id":"","bg_image":"","admins":null,"admins_company_user_ids":null,"workers_company_user_ids":null,"customer_name":"","customer_contact":0,"customer_email":"","customer_company_name":"","customer_company_address":"","customer_gst":"","customer_profile_image":"","address":"","city":"","state":"","status":"","contact_book":null,"is_engine":0,"duplicate_from":"","created":"0001-01-01T00:00:00Z","updated":"0001-01-01T00:00:00Z","updated_by_cu_id":"","contact_data":null,"photos":null,"location":{"type":"","coordinates":null},"google_address":null,"allowed_features":null,"estimated_cost":0,"progress":0,"start_date":"0001-01-01T00:00:00Z","end_date":"0001-01-01T00:00:00Z","monkey_patch_contractor_name":"","monkey_patch_contractor_company_user_name":"","monkey_patch_contractor_contact":0,"monkey_patch_contractor_profile_pic":"","monkey_patch_in_amount":0,"monkey_patch_out_amount":0,"monkey_patch_transaction_in_amount":0,"monkey_patch_transaction_out_amount":0,"company_id":"","monkey_patch_my_company_user":{"id":"","company_id":"","company_role_id":"","role":"","type":"","creator":"","name":"","mobile":0,"mobile_verified":0,"user_id":"","gstin":"","party_id":"","legal_business_name":"","billing_address":"","hidden":0,"profile_pic":"","monkey_patch_policy_ids":null,"monkey_patch_company_role":{"id":"","role":"","name":"","description":"","company_id":"","creator_company_user_id":"","policy_ids":null,"hidden":0,"delete":0,"created":"0001-01-01T00:00:00Z","updated":"0001-01-01T00:00:00Z","monkey_patch_policies":null},"monkey_patch_user":{"id":"","name":"","mobile":0,"country_code":"","profile_pic":"","mobile_verified":0,"invited":0,"invitation_count":0,"profession":""},"email":"","date_of_joining":"0001-01-01T00:00:00Z"},"monkey_patch_company_name":"","monkey_patch_team_member":null,"monkey_patch_todo_count":0,"attendance_radius":0,"distance":0,"monkey_patch_primary_address":{"id":"","company_id":"","creator_company_user_id":"","owner_id":"","address_type":"","address_title":"","address_gst":"","address_line_1":"","address_line_2":"","city":"","state":"","postal_code":"","country_code":"","location":{"type":"","coordinates":null},"google_address":null,"primary":0,"delete":0,"created":"0001-01-01T00:00:00Z","updated":"0001-01-01T00:00:00Z","search":"","monkey_patch_country_config":{"country_code":"","country_iso":"","country_name":"","created":"0001-01-01T00:00:00Z","minimum_digits":0,"maximum_digits":0,"login_channels":null,"currency":"","flag":"","tax_slabs":null,"tax_display_name":"","tax_value_display_name":"","published":0,"decimal_digit":0,"timezone":""}},"dimension":"","orientation":"","code":"","key_personnel_cu_ids":null,"billed_amount":0,"monkey_patch_key_personnel":null,"custom_fields":null,"entry_time":"0001-01-01T00:00:00Z","sub_category_id":"","monkey_patch_sub_category":{"id":"","parent_id":"","creator":"","creator_company_user_id":"","company_id":"","type":"","text_en":"","text_hi":"","index":0,"hidden":0,"created":"0001-01-01T00:00:00Z","updated":"0001-01-01T00:00:00Z","monkey_patch_children":null,"monkey_patch_parent":null,"color_hex":"","is_project_phase":0},"phase_sub_category_ids":null,"phase_sub_category_id":"","monkey_patch_phase_sub_category":{"id":"","parent_id":"","creator":"","creator_company_user_id":"","company_id":"","type":"","text_en":"","text_hi":"","index":0,"hidden":0,"created":"0001-01-01T00:00:00Z","updated":"0001-01-01T00:00:00Z","monkey_patch_children":null,"monkey_patch_parent":null,"color_hex":"","is_project_phase":0},"scope_of_work":null,"grn_prefix_list":null,"default_grn_prefix":{"prefix":"","sequence":0},"material_request_prefix_list":null,"default_material_request_prefix":{"prefix":"","sequence":0},"company_address_id":"","monkey_patch_company_address":{"id":"","company_id":"","creator_company_user_id":"","owner_id":"","address_type":"","address_title":"","address_gst":"","address_line_1":"","address_line_2":"","city":"","state":"","postal_code":"","country_code":"","location":{"type":"","coordinates":null},"google_address":null,"primary":0,"delete":0,"created":"0001-01-01T00:00:00Z","updated":"0001-01-01T00:00:00Z","search":"","monkey_patch_country_config":{"country_code":"","country_iso":"","country_name":"","created":"0001-01-01T00:00:00Z","minimum_digits":0,"maximum_digits":0,"login_channels":null,"currency":"","flag":"","tax_slabs":null,"tax_display_name":"","tax_value_display_name":"","published":0,"decimal_digit":0,"timezone":""}},"total_estimated_budget":0},"gst_amount":0},"meta_data":{"can_edit":0,"can_update_approval_flag":0},"approval_comment":"","approved_by":"","monkey_patch_approved_by":{"id":"","company_id":"","company_role_id":"","role":"","type":"","creator":"","name":"","mobile":0,"mobile_verified":0,"user_id":"","gstin":"","party_id":"","legal_business_name":"","billing_address":"","hidden":0,"profile_pic":"","monkey_patch_policy_ids":null,"monkey_patch_company_role":{"id":"","role":"","name":"","description":"","company_id":"","creator_company_user_id":"","policy_ids":null,"hidden":0,"delete":0,"created":"0001-01-01T00:00:00Z","updated":"0001-01-01T00:00:00Z","monkey_patch_policies":null},"monkey_patch_user":{"id":"","name":"","mobile":0,"country_code":"","profile_pic":"","mobile_verified":0,"invited":0,"invitation_count":0,"profession":""},"email":"","date_of_joining":"0001-01-01T00:00:00Z"},"due_days":7}

at java.base/jdk.internal.reflect.DirectConstructorHandleAccessor.newInstance(DirectConstructorHandleAccessor.java:62)
at java.base/java.lang.reflect.Constructor.newInstanceWithCaller(Constructor.java:502)
at java.base/java.lang.reflect.Constructor.newInstance(Constructor.java:486)
at org.codehaus.groovy.reflection.CachedConstructor.invoke(CachedConstructor.java:73)
at org.codehaus.groovy.runtime.callsite.ConstructorSite$ConstructorSiteNoUnwrapNoCoerce.callConstructor(ConstructorSite.java:108)
at org.codehaus.groovy.runtime.callsite.CallSiteArray.defaultCallConstructor(CallSiteArray.java:57)
at org.codehaus.groovy.runtime.callsite.AbstractCallSite.callConstructor(AbstractCallSite.java:263)
at org.codehaus.groovy.runtime.callsite.AbstractCallSite.callConstructor(AbstractCallSite.java:277)
at io.restassured.internal.ResponseSpecificationImpl$HamcrestAssertionClosure.validate(ResponseSpecificationImpl.groovy:512)
at io.restassured.internal.ResponseSpecificationImpl$HamcrestAssertionClosure$validate$1.call(Unknown Source)
at org.codehaus.groovy.runtime.callsite.CallSiteArray.defaultCall(CallSiteArray.java:45)
at org.codehaus.groovy.runtime.callsite.AbstractCallSite.call(AbstractCallSite.java:125)
at org.codehaus.groovy.runtime.callsite.AbstractCallSite.call(AbstractCallSite.java:139)
at io.restassured.internal.ResponseSpecificationImpl.validateResponseIfRequired(ResponseSpecificationImpl.groovy:696)
at io.restassured.internal.ResponseSpecificationImpl.this$2$validateResponseIfRequired(ResponseSpecificationImpl.groovy)
at java.base/jdk.internal.reflect.DirectMethodHandleAccessor.invoke(DirectMethodHandleAccessor.java:103)
at java.base/java.lang.reflect.Method.invoke(Method.java:580)
at org.codehaus.groovy.runtime.callsite.PlainObjectMetaMethodSite.doInvoke(PlainObjectMetaMethodSite.java:43)
at org.codehaus.groovy.runtime.callsite.PogoMetaMethodSite$PogoCachedMethodSiteNoUnwrapNoCoerce.invoke(PogoMetaMethodSite.java:198)
at org.codehaus.groovy.runtime.callsite.PogoMetaMethodSite.callCurrent(PogoMetaMethodSite.java:62)
at org.codehaus.groovy.runtime.callsite.CallSiteArray.defaultCallCurrent(CallSiteArray.java:49)
at org.codehaus.groovy.runtime.callsite.AbstractCallSite.callCurrent(AbstractCallSite.java:171)
at org.codehaus.groovy.runtime.callsite.AbstractCallSite.callCurrent(AbstractCallSite.java:185)
at io.restassured.internal.ResponseSpecificationImpl.body(ResponseSpecificationImpl.groovy:107)
at io.restassured.internal.ValidatableResponseOptionsImpl.body(ValidatableResponseOptionsImpl.java:238)
at com.onsite.materialReturn_testpage.Delete_MaterialReturn_test.verifyDeleteWithValidId(Delete_MaterialReturn_test.java:84)
at java.base/jdk.internal.reflect.DirectMethodHandleAccessor.invoke(DirectMethodHandleAccessor.java:103)
at java.base/java.lang.reflect.Method.invoke(Method.java:580)
at org.testng.internal.MethodInvocationHelper.invokeMethod(MethodInvocationHelper.java:133)
at org.testng.internal.TestInvoker.invokeMethod(TestInvoker.java:598)
at org.testng.internal.TestInvoker.invokeTestMethod(TestInvoker.java:173)
at org.testng.internal.MethodRunner.runInSequence(MethodRunner.java:46)
at org.testng.internal.TestInvoker$MethodInvocationAgent.invoke(TestInvoker.java:824)
at org.testng.internal.TestInvoker.invokeTestMethods(TestInvoker.java:146)
at org.testng.internal.TestMethodWorker.invokeTestMethods(TestMethodWorker.java:146)
at org.testng.internal.TestMethodWorker.run(TestMethodWorker.java:128)
at java.base/java.util.ArrayList.forEach(ArrayList.java:1596)
at org.testng.TestRunner.privateRun(TestRunner.java:794)
at org.testng.TestRunner.run(TestRunner.java:596)
at org.testng.SuiteRunner.runTest(SuiteRunner.java:377)
at org.testng.SuiteRunner.runSequentially(SuiteRunner.java:371)
at org.testng.SuiteRunner.privateRun(SuiteRunner.java:332)
at org.testng.SuiteRunner.run(SuiteRunner.java:276)
at org.testng.SuiteRunnerWorker.runSuite(SuiteRunnerWorker.java:53)
at org.testng.SuiteRunnerWorker.run(SuiteRunnerWorker.java:96)
at org.testng.TestNG.runSuitesSequentially(TestNG.java:1212)
at org.testng.TestNG.runSuitesLocally(TestNG.java:1134)
at org.testng.TestNG.runSuites(TestNG.java:1063)
at org.testng.TestNG.run(TestNG.java:1031)
at org.testng.remote.AbstractRemoteTestNG.run(AbstractRemoteTestNG.java:115)
at org.testng.remote.RemoteTestNG.initAndRun(RemoteTestNG.java:293)
at org.testng.remote.RemoteTestNG.main(RemoteTestNG.java:91)
]]>
            </full-stacktrace>
          </exception> <!-- java.lang.AssertionError -->
          <reporter-output>
          </reporter-output>
        </test-method> <!-- verifyDeleteWithValidId -->
        <test-method signature="verifyDeleteWithInvalidId()[pri:2, instance:com.onsite.materialReturn_testpage.Delete_MaterialReturn_test@4fb61f4a]" started-at="2026-09-08T16:55:08 IST" name="verifyDeleteWithInvalidId" description="INVALID ID test case" finished-at="2026-09-08T16:55:08 IST" duration-ms="539" status="PASS">
          <reporter-output>
          </reporter-output>
        </test-method> <!-- verifyDeleteWithInvalidId -->
        <test-method signature="verifyDeleteWithoutToken(java.lang.String)[pri:3, instance:com.onsite.materialReturn_testpage.Delete_MaterialReturn_test@4fb61f4a]" started-at="2026-09-08T16:55:08 IST" name="verifyDeleteWithoutToken" description="WITHOUT TOKEN test case" finished-at="2026-09-08T16:55:08 IST" duration-ms="0" status="FAIL">
          <exception class="org.testng.TestNGException">
            <message>
              <![CDATA[
Method public void com.onsite.materialReturn_testpage.Delete_MaterialReturn_test.verifyDeleteWithoutToken(java.lang.String) requires a @DataProvider named : testData]]>
            </message>
            <full-stacktrace>
              <![CDATA[org.testng.TestNGException: 
Method public void com.onsite.materialReturn_testpage.Delete_MaterialReturn_test.verifyDeleteWithoutToken(java.lang.String) requires a @DataProvider named : testData
at org.testng.internal.Parameters.findDataProvider(Parameters.java:561)
at org.testng.internal.Parameters.handleParameters(Parameters.java:772)
at org.testng.internal.Parameters.handleParameters(Parameters.java:740)
at org.testng.internal.ParameterHandler.handleParameters(ParameterHandler.java:59)
at org.testng.internal.ParameterHandler.createParameters(ParameterHandler.java:38)
at org.testng.internal.TestInvoker$MethodInvocationAgent.invoke(TestInvoker.java:791)
at org.testng.internal.TestInvoker.invokeTestMethods(TestInvoker.java:146)
at org.testng.internal.TestMethodWorker.invokeTestMethods(TestMethodWorker.java:146)
at org.testng.internal.TestMethodWorker.run(TestMethodWorker.java:128)
at java.base/java.util.ArrayList.forEach(ArrayList.java:1596)
at org.testng.TestRunner.privateRun(TestRunner.java:794)
at org.testng.TestRunner.run(TestRunner.java:596)
at org.testng.SuiteRunner.runTest(SuiteRunner.java:377)
at org.testng.SuiteRunner.runSequentially(SuiteRunner.java:371)
at org.testng.SuiteRunner.privateRun(SuiteRunner.java:332)
at org.testng.SuiteRunner.run(SuiteRunner.java:276)
at org.testng.SuiteRunnerWorker.runSuite(SuiteRunnerWorker.java:53)
at org.testng.SuiteRunnerWorker.run(SuiteRunnerWorker.java:96)
at org.testng.TestNG.runSuitesSequentially(TestNG.java:1212)
at org.testng.TestNG.runSuitesLocally(TestNG.java:1134)
at org.testng.TestNG.runSuites(TestNG.java:1063)
at org.testng.TestNG.run(TestNG.java:1031)
at org.testng.remote.AbstractRemoteTestNG.run(AbstractRemoteTestNG.java:115)
at org.testng.remote.RemoteTestNG.initAndRun(RemoteTestNG.java:293)
at org.testng.remote.RemoteTestNG.main(RemoteTestNG.java:91)
]]>
            </full-stacktrace>
          </exception> <!-- org.testng.TestNGException -->
          <reporter-output>
          </reporter-output>
        </test-method> <!-- verifyDeleteWithoutToken -->
        <test-method signature="verifyDeleteWithEmptyId()[pri:4, instance:com.onsite.materialReturn_testpage.Delete_MaterialReturn_test@4fb61f4a]" started-at="2026-09-08T16:55:08 IST" name="verifyDeleteWithEmptyId" description="EMPTY ID test case" finished-at="2026-09-08T16:55:09 IST" duration-ms="401" status="PASS">
          <reporter-output>
          </reporter-output>
        </test-method> <!-- verifyDeleteWithEmptyId -->
        <test-method signature="verifyDeleteWithAlreadyDeletedId(java.lang.String)[pri:5, instance:com.onsite.materialReturn_testpage.Delete_MaterialReturn_test@4fb61f4a]" started-at="2026-09-08T16:55:09 IST" name="verifyDeleteWithAlreadyDeletedId" description="ALREADY DELETED ID test case" finished-at="2026-09-08T16:55:09 IST" duration-ms="0" status="FAIL">
          <exception class="org.testng.TestNGException">
            <message>
              <![CDATA[
Method public void com.onsite.materialReturn_testpage.Delete_MaterialReturn_test.verifyDeleteWithAlreadyDeletedId(java.lang.String) requires a @DataProvider named : testData]]>
            </message>
            <full-stacktrace>
              <![CDATA[org.testng.TestNGException: 
Method public void com.onsite.materialReturn_testpage.Delete_MaterialReturn_test.verifyDeleteWithAlreadyDeletedId(java.lang.String) requires a @DataProvider named : testData
at org.testng.internal.Parameters.findDataProvider(Parameters.java:561)
at org.testng.internal.Parameters.handleParameters(Parameters.java:772)
at org.testng.internal.Parameters.handleParameters(Parameters.java:740)
at org.testng.internal.ParameterHandler.handleParameters(ParameterHandler.java:59)
at org.testng.internal.ParameterHandler.createParameters(ParameterHandler.java:38)
at org.testng.internal.TestInvoker$MethodInvocationAgent.invoke(TestInvoker.java:791)
at org.testng.internal.TestInvoker.invokeTestMethods(TestInvoker.java:146)
at org.testng.internal.TestMethodWorker.invokeTestMethods(TestMethodWorker.java:146)
at org.testng.internal.TestMethodWorker.run(TestMethodWorker.java:128)
at java.base/java.util.ArrayList.forEach(ArrayList.java:1596)
at org.testng.TestRunner.privateRun(TestRunner.java:794)
at org.testng.TestRunner.run(TestRunner.java:596)
at org.testng.SuiteRunner.runTest(SuiteRunner.java:377)
at org.testng.SuiteRunner.runSequentially(SuiteRunner.java:371)
at org.testng.SuiteRunner.privateRun(SuiteRunner.java:332)
at org.testng.SuiteRunner.run(SuiteRunner.java:276)
at org.testng.SuiteRunnerWorker.runSuite(SuiteRunnerWorker.java:53)
at org.testng.SuiteRunnerWorker.run(SuiteRunnerWorker.java:96)
at org.testng.TestNG.runSuitesSequentially(TestNG.java:1212)
at org.testng.TestNG.runSuitesLocally(TestNG.java:1134)
at org.testng.TestNG.runSuites(TestNG.java:1063)
at org.testng.TestNG.run(TestNG.java:1031)
at org.testng.remote.AbstractRemoteTestNG.run(AbstractRemoteTestNG.java:115)
at org.testng.remote.RemoteTestNG.initAndRun(RemoteTestNG.java:293)
at org.testng.remote.RemoteTestNG.main(RemoteTestNG.java:91)
]]>
            </full-stacktrace>
          </exception> <!-- org.testng.TestNGException -->
          <reporter-output>
          </reporter-output>
        </test-method> <!-- verifyDeleteWithAlreadyDeletedId -->
      </class> <!-- com.onsite.materialReturn_testpage.Delete_MaterialReturn_test -->
    </test> <!-- Default test -->
  </suite> <!-- Default suite -->
</testng-results>
