<?xml version="1.0" encoding="UTF-8"?>
<testng-results ignored="0" total="1" passed="0" failed="1" skipped="0">
  <reporter-output>
  </reporter-output>
  <suite started-at="2026-02-19T18:07:16 IST" name="Default suite" finished-at="2026-02-19T18:07:27 IST" duration-ms="10969">
    <groups>
    </groups>
    <test started-at="2026-02-19T18:07:16 IST" name="Default test" finished-at="2026-02-19T18:07:27 IST" duration-ms="10969">
      <class name="com.onsite.transaction.materialPurchase_test.Create_materialPurchaseTest">
        <test-method signature="addMaterialPurchase(com.onsite.pojo_request.MaterialPurchaseRequest)[pri:0, instance:com.onsite.transaction.materialPurchase_test.Create_materialPurchaseTest@294425a7]" started-at="2026-02-19T18:07:17 IST" name="addMaterialPurchase" data-provider="purchaseData" finished-at="2026-02-19T18:07:27 IST" duration-ms="10081" status="FAIL">
          <params>
            <param index="0">
              <value>
                <![CDATA[com.onsite.pojo_request.MaterialPurchaseRequest@79dc5318]]>
              </value>
            </param>
          </params>
          <exception class="java.lang.AssertionError">
            <message>
              <![CDATA[JSON schema validation failed: com.github.fge.jsonschema.core.report.ListProcessingReport: failure
--- BEGIN MESSAGES ---
error: object instance has properties which are not allowed by the schema: ["approval_comment","approval_flag","approved_by","company_id","created","creator_company_user_id","deduction_amount","delete","due_date","id","invoice_id","material_ids","meta_data","monkey_patch_approved_by","monkey_patch_bill_from_address","monkey_patch_bill_to_address","monkey_patch_creator_company_user","monkey_patch_invoice","monkey_patch_is_editable","monkey_patch_materials","monkey_patch_paid_amount","monkey_patch_party_company_user","monkey_patch_project","monkey_patch_ship_from_address","monkey_patch_ship_to_address","monkey_patch_status","monkey_patch_sub_category","monkey_patch_sync_data","post_tax_deduction_amount","pre_tax_deduction_amount","sequence","third_party_transaction_meta_sync_id","updated"]
    level: "error"
    schema: {"loadingURI":"#","pointer":""}
    instance: {"pointer":""}
    domain: "validation"
    keyword: "additionalProperties"
    unwanted: ["approval_comment","approval_flag","approved_by","company_id","created","creator_company_user_id","deduction_amount","delete","due_date","id","invoice_id","material_ids","meta_data","monkey_patch_approved_by","monkey_patch_bill_from_address","monkey_patch_bill_to_address","monkey_patch_creator_company_user","monkey_patch_invoice","monkey_patch_is_editable","monkey_patch_materials","monkey_patch_paid_amount","monkey_patch_party_company_user","monkey_patch_project","monkey_patch_ship_from_address","monkey_patch_ship_to_address","monkey_patch_status","monkey_patch_sub_category","monkey_patch_sync_data","post_tax_deduction_amount","pre_tax_deduction_amount","sequence","third_party_transaction_meta_sync_id","updated"]
error: object has missing required properties (["materials"])
    level: "error"
    schema: {"loadingURI":"#","pointer":""}
    instance: {"pointer":""}
    domain: "validation"
    keyword: "required"
    required: ["discount","gst_amount","material_amount","materials","net_amount","other_amount","party_company_user_id","project_id","purchase_date","remark","total_payable","vendor_reference_number"]
    missing: ["materials"]
---  END MESSAGES  ---
 expected [true] but found [false]]]>
            </message>
            <full-stacktrace>
              <![CDATA[java.lang.AssertionError: JSON schema validation failed: com.github.fge.jsonschema.core.report.ListProcessingReport: failure
--- BEGIN MESSAGES ---
error: object instance has properties which are not allowed by the schema: ["approval_comment","approval_flag","approved_by","company_id","created","creator_company_user_id","deduction_amount","delete","due_date","id","invoice_id","material_ids","meta_data","monkey_patch_approved_by","monkey_patch_bill_from_address","monkey_patch_bill_to_address","monkey_patch_creator_company_user","monkey_patch_invoice","monkey_patch_is_editable","monkey_patch_materials","monkey_patch_paid_amount","monkey_patch_party_company_user","monkey_patch_project","monkey_patch_ship_from_address","monkey_patch_ship_to_address","monkey_patch_status","monkey_patch_sub_category","monkey_patch_sync_data","post_tax_deduction_amount","pre_tax_deduction_amount","sequence","third_party_transaction_meta_sync_id","updated"]
    level: "error"
    schema: {"loadingURI":"#","pointer":""}
    instance: {"pointer":""}
    domain: "validation"
    keyword: "additionalProperties"
    unwanted: ["approval_comment","approval_flag","approved_by","company_id","created","creator_company_user_id","deduction_amount","delete","due_date","id","invoice_id","material_ids","meta_data","monkey_patch_approved_by","monkey_patch_bill_from_address","monkey_patch_bill_to_address","monkey_patch_creator_company_user","monkey_patch_invoice","monkey_patch_is_editable","monkey_patch_materials","monkey_patch_paid_amount","monkey_patch_party_company_user","monkey_patch_project","monkey_patch_ship_from_address","monkey_patch_ship_to_address","monkey_patch_status","monkey_patch_sub_category","monkey_patch_sync_data","post_tax_deduction_amount","pre_tax_deduction_amount","sequence","third_party_transaction_meta_sync_id","updated"]
error: object has missing required properties (["materials"])
    level: "error"
    schema: {"loadingURI":"#","pointer":""}
    instance: {"pointer":""}
    domain: "validation"
    keyword: "required"
    required: ["discount","gst_amount","material_amount","materials","net_amount","other_amount","party_company_user_id","project_id","purchase_date","remark","total_payable","vendor_reference_number"]
    missing: ["materials"]
---  END MESSAGES  ---
 expected [true] but found [false]
at org.testng.Assert.fail(Assert.java:99)
at org.testng.Assert.failNotEquals(Assert.java:1037)
at org.testng.Assert.assertTrue(Assert.java:45)
at com.onsite.utilities_page.SchemaValidator.validateSchema(SchemaValidator.java:32)
at com.onsite.transaction.materialPurchase_test.Create_materialPurchaseTest.addMaterialPurchase(Create_materialPurchaseTest.java:91)
at java.base/jdk.internal.reflect.DirectMethodHandleAccessor.invoke(DirectMethodHandleAccessor.java:103)
at java.base/java.lang.reflect.Method.invoke(Method.java:580)
at org.testng.internal.MethodInvocationHelper.invokeMethod(MethodInvocationHelper.java:133)
at org.testng.internal.TestInvoker.invokeMethod(TestInvoker.java:598)
at org.testng.internal.TestInvoker.invokeTestMethod(TestInvoker.java:173)
at org.testng.internal.MethodRunner.runInSequence(MethodRunner.java:46)
at org.testng.internal.TestInvoker$MethodInvocationAgent.invoke(TestInvoker.java:824)
at org.testng.internal.TestInvoker.invokeTestMethods(TestInvoker.java:146)
at org.testng.internal.TestMethodWorker.invokeTestMethods(TestMethodWorker.java:146)
at org.testng.internal.TestMethodWorker.run(TestMethodWorker.java:128)
at java.base/java.util.ArrayList.forEach(ArrayList.java:1596)
at org.testng.TestRunner.privateRun(TestRunner.java:794)
at org.testng.TestRunner.run(TestRunner.java:596)
at org.testng.SuiteRunner.runTest(SuiteRunner.java:377)
at org.testng.SuiteRunner.runSequentially(SuiteRunner.java:371)
at org.testng.SuiteRunner.privateRun(SuiteRunner.java:332)
at org.testng.SuiteRunner.run(SuiteRunner.java:276)
at org.testng.SuiteRunnerWorker.runSuite(SuiteRunnerWorker.java:53)
at org.testng.SuiteRunnerWorker.run(SuiteRunnerWorker.java:96)
at org.testng.TestNG.runSuitesSequentially(TestNG.java:1212)
at org.testng.TestNG.runSuitesLocally(TestNG.java:1134)
at org.testng.TestNG.runSuites(TestNG.java:1063)
at org.testng.TestNG.run(TestNG.java:1031)
at org.testng.remote.AbstractRemoteTestNG.run(AbstractRemoteTestNG.java:115)
at org.testng.remote.RemoteTestNG.initAndRun(RemoteTestNG.java:293)
at org.testng.remote.RemoteTestNG.main(RemoteTestNG.java:91)
]]>
            </full-stacktrace>
          </exception> <!-- java.lang.AssertionError -->
          <reporter-output>
          </reporter-output>
        </test-method> <!-- addMaterialPurchase -->
      </class> <!-- com.onsite.transaction.materialPurchase_test.Create_materialPurchaseTest -->
    </test> <!-- Default test -->
  </suite> <!-- Default suite -->
</testng-results>
