<?xml version="1.0" encoding="UTF-8"?>
<testng-results ignored="0" total="1" passed="1" failed="0" skipped="0">
  <reporter-output>
  </reporter-output>
  <suite started-at="2026-03-21T14:08:14 IST" name="Default suite" finished-at="2026-03-21T14:08:24 IST" duration-ms="10307">
    <groups>
    </groups>
    <test started-at="2026-03-21T14:08:14 IST" name="Default test" finished-at="2026-03-21T14:08:24 IST" duration-ms="10307">
      <class name="com.onsite.transaction.materialPurchase_test.Create_materialPurchaseTest">
        <test-method signature="addMaterialPurchase(com.onsite.pojo_request.MaterialPurchaseRequest)[pri:0, instance:com.onsite.transaction.materialPurchase_test.Create_materialPurchaseTest@5876a9af]" started-at="2026-03-21T14:08:15 IST" name="addMaterialPurchase" data-provider="purchaseData" finished-at="2026-03-21T14:08:24 IST" duration-ms="9155" status="PASS">
          <params>
            <param index="0">
              <value>
                <![CDATA[com.onsite.pojo_request.MaterialPurchaseRequest@ce5a68e]]>
              </value>
            </param>
          </params>
          <reporter-output>
          </reporter-output>
        </test-method> <!-- addMaterialPurchase -->
      </class> <!-- com.onsite.transaction.materialPurchase_test.Create_materialPurchaseTest -->
    </test> <!-- Default test -->
  </suite> <!-- Default suite -->
</testng-results>
