<?xml version="1.0" encoding="UTF-8"?>
<testng-results ignored="0" total="2" passed="2" failed="0" skipped="0">
  <reporter-output>
  </reporter-output>
  <suite started-at="2025-09-08T17:29:29 IST" name="Default suite" finished-at="2025-09-08T17:29:41 IST" duration-ms="12106">
    <groups>
    </groups>
    <test started-at="2025-09-08T17:29:29 IST" name="Default test" finished-at="2025-09-08T17:29:41 IST" duration-ms="12106">
      <class name="com.onsite.mom_test_page.Delete_MOM_Test">
        <test-method signature="getValidMoMId()[pri:1, instance:com.onsite.mom_test_page.Delete_MOM_Test@6356695f]" started-at="2025-09-08T17:29:29 IST" name="getValidMoMId" finished-at="2025-09-08T17:29:37 IST" duration-ms="8270" status="PASS">
          <reporter-output>
          </reporter-output>
        </test-method> <!-- getValidMoMId -->
        <test-method signature="deleteValidMoMId()[pri:2, instance:com.onsite.mom_test_page.Delete_MOM_Test@6356695f]" started-at="2025-09-08T17:29:37 IST" name="deleteValidMoMId" finished-at="2025-09-08T17:29:41 IST" duration-ms="3757" status="PASS">
          <reporter-output>
          </reporter-output>
        </test-method> <!-- deleteValidMoMId -->
      </class> <!-- com.onsite.mom_test_page.Delete_MOM_Test -->
    </test> <!-- Default test -->
  </suite> <!-- Default suite -->
</testng-results>
