<?xml version="1.0" encoding="UTF-8"?>
<testng-results ignored="0" total="1" passed="1" failed="0" skipped="0">
  <reporter-output>
  </reporter-output>
  <suite started-at="2026-04-07T18:14:43 IST" name="Default suite" finished-at="2026-04-07T18:14:59 IST" duration-ms="16185">
    <groups>
    </groups>
    <test started-at="2026-04-07T18:14:43 IST" name="Default test" finished-at="2026-04-07T18:14:59 IST" duration-ms="16185">
      <class name="com.onsite.transaction.materialPurchase_test.Create_materialPurchaseTest">
        <test-method signature="addMaterialPurchase(com.onsite.pojo_request.MaterialPurchaseRequest)[pri:0, instance:com.onsite.transaction.materialPurchase_test.Create_materialPurchaseTest@dd8ba08]" started-at="2026-04-07T18:14:45 IST" name="addMaterialPurchase" data-provider="purchaseData" finished-at="2026-04-07T18:14:59 IST" duration-ms="14333" status="PASS">
          <params>
            <param index="0">
              <value>
                <![CDATA[com.onsite.pojo_request.MaterialPurchaseRequest@293bb8a5]]>
              </value>
            </param>
          </params>
          <reporter-output>
          </reporter-output>
        </test-method> <!-- addMaterialPurchase -->
      </class> <!-- com.onsite.transaction.materialPurchase_test.Create_materialPurchaseTest -->
    </test> <!-- Default test -->
  </suite> <!-- Default suite -->
</testng-results>
