<?xml version="1.0" encoding="UTF-8"?>
<testng-results ignored="0" total="4" passed="4" failed="0" skipped="0">
  <reporter-output>
  </reporter-output>
  <suite started-at="2025-08-27T10:46:59 IST" name="Default suite" finished-at="2025-08-27T10:47:36 IST" duration-ms="37465">
    <groups>
    </groups>
    <test started-at="2025-08-27T10:46:59 IST" name="Default test" finished-at="2025-08-27T10:47:36 IST" duration-ms="37465">
      <class name="com.onsite.mom_test_page.Create_MOM_Test">
        <test-method is-config="true" signature="generateTokenForSuite()[pri:0, instance:com.onsite.mom_test_page.Create_MOM_Test@130d63be]" started-at="2025-08-27T10:46:51 IST" name="generateTokenForSuite" finished-at="2025-08-27T10:46:59 IST" duration-ms="7359" status="PASS">
          <reporter-output>
          </reporter-output>
        </test-method> <!-- generateTokenForSuite -->
        <test-method is-config="true" signature="setUp()[pri:0, instance:com.onsite.mom_test_page.Create_MOM_Test@130d63be]" started-at="2025-08-27T10:46:59 IST" name="setUp" finished-at="2025-08-27T10:47:03 IST" duration-ms="4212" status="PASS">
          <reporter-output>
          </reporter-output>
        </test-method> <!-- setUp -->
        <test-method signature="getCompanyUserId(com.onsite.pojo_request.MOM_Request)[pri:1, instance:com.onsite.mom_test_page.Create_MOM_Test@130d63be]" started-at="2025-08-27T10:47:04 IST" name="getCompanyUserId" data-provider="createMomData" finished-at="2025-08-27T10:47:10 IST" duration-ms="6458" status="PASS">
          <params>
            <param index="0">
              <value>
                <![CDATA[com.onsite.pojo_request.MOM_Request@226de93c]]>
              </value>
            </param>
          </params>
          <reporter-output>
          </reporter-output>
        </test-method> <!-- getCompanyUserId -->
        <test-method signature="getProjectId(com.onsite.pojo_request.MOM_Request)[pri:2, instance:com.onsite.mom_test_page.Create_MOM_Test@130d63be]" started-at="2025-08-27T10:47:10 IST" name="getProjectId" data-provider="createMomData" finished-at="2025-08-27T10:47:16 IST" depends-on-methods="com.onsite.mom_test_page.Create_MOM_Test.getCompanyUserId" duration-ms="6191" status="PASS">
          <params>
            <param index="0">
              <value>
                <![CDATA[com.onsite.pojo_request.MOM_Request@43a4a9e5]]>
              </value>
            </param>
          </params>
          <reporter-output>
          </reporter-output>
        </test-method> <!-- getProjectId -->
        <test-method signature="createMOM(com.onsite.pojo_request.MOM_Request)[pri:3, instance:com.onsite.mom_test_page.Create_MOM_Test@130d63be]" started-at="2025-08-27T10:47:16 IST" name="createMOM" data-provider="createMomData" finished-at="2025-08-27T10:47:32 IST" depends-on-methods="com.onsite.mom_test_page.Create_MOM_Test.getProjectId" duration-ms="15786" status="PASS">
          <params>
            <param index="0">
              <value>
                <![CDATA[com.onsite.pojo_request.MOM_Request@1788cb61]]>
              </value>
            </param>
          </params>
          <reporter-output>
          </reporter-output>
        </test-method> <!-- createMOM -->
        <test-method signature="getMOM()[pri:4, instance:com.onsite.mom_test_page.Create_MOM_Test@130d63be]" started-at="2025-08-27T10:47:32 IST" name="getMOM" finished-at="2025-08-27T10:47:36 IST" depends-on-methods="com.onsite.mom_test_page.Create_MOM_Test.createMOM" duration-ms="4278" status="PASS">
          <reporter-output>
          </reporter-output>
        </test-method> <!-- getMOM -->
      </class> <!-- com.onsite.mom_test_page.Create_MOM_Test -->
    </test> <!-- Default test -->
  </suite> <!-- Default suite -->
</testng-results>
