<?xml version="1.0" encoding="UTF-8"?>
<testng-results ignored="0" total="1" passed="0" failed="1" skipped="0">
  <reporter-output>
  </reporter-output>
  <suite started-at="2026-01-16T16:15:14 IST" name="Default suite" finished-at="2026-01-16T16:15:26 IST" duration-ms="11773">
    <groups>
    </groups>
    <test started-at="2026-01-16T16:15:14 IST" name="Default test" finished-at="2026-01-16T16:15:26 IST" duration-ms="11773">
      <class name="com.onsite.LabourPayroll_testpage.List_Payroll_Test">
        <test-method is-config="true" signature="setUp()[pri:0, instance:com.onsite.LabourPayroll_testpage.List_Payroll_Test@77847718]" started-at="2026-01-16T16:15:14 IST" name="setUp" finished-at="2026-01-16T16:15:22 IST" duration-ms="7400" status="PASS">
          <reporter-output>
          </reporter-output>
        </test-method> <!-- setUp -->
        <test-method is-config="true" signature="generateTokenForSuite()[pri:0, instance:com.onsite.LabourPayroll_testpage.List_Payroll_Test@77847718]" started-at="2026-01-16T16:15:22 IST" name="generateTokenForSuite" finished-at="2026-01-16T16:15:24 IST" duration-ms="2631" status="PASS">
          <reporter-output>
          </reporter-output>
        </test-method> <!-- generateTokenForSuite -->
        <test-method signature="labourPayroll()[pri:0, instance:com.onsite.LabourPayroll_testpage.List_Payroll_Test@77847718]" started-at="2026-01-16T16:15:24 IST" name="labourPayroll" finished-at="2026-01-16T16:15:26 IST" duration-ms="1676" status="FAIL">
          <exception class="java.lang.AssertionError">
            <message>
              <![CDATA[Fail : payroll party type mismatch : labour]]>
            </message>
            <full-stacktrace>
              <![CDATA[java.lang.AssertionError: Fail : payroll party type mismatch : labour
at com.onsite.LabourPayroll_testpage.List_Payroll_Test.labourPayroll(List_Payroll_Test.java:155)
at java.base/jdk.internal.reflect.DirectMethodHandleAccessor.invoke(DirectMethodHandleAccessor.java:103)
at java.base/java.lang.reflect.Method.invoke(Method.java:580)
at org.testng.internal.MethodInvocationHelper.invokeMethod(MethodInvocationHelper.java:133)
at org.testng.internal.TestInvoker.invokeMethod(TestInvoker.java:598)
at org.testng.internal.TestInvoker.invokeTestMethod(TestInvoker.java:173)
at org.testng.internal.MethodRunner.runInSequence(MethodRunner.java:46)
at org.testng.internal.TestInvoker$MethodInvocationAgent.invoke(TestInvoker.java:824)
at org.testng.internal.TestInvoker.invokeTestMethods(TestInvoker.java:146)
at org.testng.internal.TestMethodWorker.invokeTestMethods(TestMethodWorker.java:146)
at org.testng.internal.TestMethodWorker.run(TestMethodWorker.java:128)
at java.base/java.util.ArrayList.forEach(ArrayList.java:1596)
at org.testng.TestRunner.privateRun(TestRunner.java:794)
at org.testng.TestRunner.run(TestRunner.java:596)
at org.testng.SuiteRunner.runTest(SuiteRunner.java:377)
at org.testng.SuiteRunner.runSequentially(SuiteRunner.java:371)
at org.testng.SuiteRunner.privateRun(SuiteRunner.java:332)
at org.testng.SuiteRunner.run(SuiteRunner.java:276)
at org.testng.SuiteRunnerWorker.runSuite(SuiteRunnerWorker.java:53)
at org.testng.SuiteRunnerWorker.run(SuiteRunnerWorker.java:96)
at org.testng.TestNG.runSuitesSequentially(TestNG.java:1212)
at org.testng.TestNG.runSuitesLocally(TestNG.java:1134)
at org.testng.TestNG.runSuites(TestNG.java:1063)
at org.testng.TestNG.run(TestNG.java:1031)
at org.testng.remote.AbstractRemoteTestNG.run(AbstractRemoteTestNG.java:115)
at org.testng.remote.RemoteTestNG.initAndRun(RemoteTestNG.java:293)
at org.testng.remote.RemoteTestNG.main(RemoteTestNG.java:91)
]]>
            </full-stacktrace>
          </exception> <!-- java.lang.AssertionError -->
          <reporter-output>
          </reporter-output>
        </test-method> <!-- labourPayroll -->
      </class> <!-- com.onsite.LabourPayroll_testpage.List_Payroll_Test -->
    </test> <!-- Default test -->
  </suite> <!-- Default suite -->
</testng-results>
