<?xml version="1.0" encoding="UTF-8"?>
<testng-results ignored="0" total="20" passed="18" failed="2" skipped="0">
  <reporter-output>
  </reporter-output>
  <suite started-at="2026-08-05T17:11:32 IST" name="Default suite" finished-at="2026-08-05T17:12:06 IST" duration-ms="33444">
    <groups>
    </groups>
    <test started-at="2026-08-05T17:11:32 IST" name="Default test" finished-at="2026-08-05T17:12:06 IST" duration-ms="33444">
      <class name="com.onsite.materialReturn_testpage.Details_MaterialRequest_Test">
        <test-method is-config="true" signature="setUp()[pri:0, instance:com.onsite.materialReturn_testpage.Details_MaterialRequest_Test@351d00c0]" started-at="2026-08-05T17:11:32 IST" name="setUp" finished-at="2026-08-05T17:11:41 IST" duration-ms="8311" status="PASS">
          <reporter-output>
          </reporter-output>
        </test-method> <!-- setUp -->
        <test-method is-config="true" signature="generateTokenForSuite()[pri:0, instance:com.onsite.materialReturn_testpage.Details_MaterialRequest_Test@351d00c0]" started-at="2026-08-05T17:11:41 IST" name="generateTokenForSuite" finished-at="2026-08-05T17:11:41 IST" duration-ms="765" status="PASS">
          <reporter-output>
          </reporter-output>
        </test-method> <!-- generateTokenForSuite -->
        <test-method signature="detailMaterialReturn(java.lang.String)[pri:1, instance:com.onsite.materialReturn_testpage.Details_MaterialRequest_Test@351d00c0]" started-at="2026-08-05T17:11:41 IST" name="detailMaterialReturn" data-provider="materialReturn" finished-at="2026-08-05T17:11:44 IST" duration-ms="3054" status="PASS">
          <params>
            <param index="0">
              <value>
                <![CDATA[62c4a9e3-06a6-4448-bc0f-2692fb9fb861]]>
              </value>
            </param>
          </params>
          <reporter-output>
          </reporter-output>
        </test-method> <!-- detailMaterialReturn -->
        <test-method is-config="true" signature="generateTokenForSuite()[pri:0, instance:com.onsite.materialReturn_testpage.Details_MaterialRequest_Test@351d00c0]" started-at="2026-08-05T17:11:44 IST" name="generateTokenForSuite" finished-at="2026-08-05T17:11:45 IST" duration-ms="884" status="PASS">
          <reporter-output>
          </reporter-output>
        </test-method> <!-- generateTokenForSuite -->
        <test-method signature="validStatusCode()[pri:2, instance:com.onsite.materialReturn_testpage.Details_MaterialRequest_Test@351d00c0]" started-at="2026-08-05T17:11:45 IST" name="validStatusCode" finished-at="2026-08-05T17:11:45 IST" depends-on-methods="com.onsite.materialReturn_testpage.Details_MaterialRequest_Test.detailMaterialReturn" duration-ms="9" status="PASS">
          <reporter-output>
          </reporter-output>
        </test-method> <!-- validStatusCode -->
        <test-method is-config="true" signature="generateTokenForSuite()[pri:0, instance:com.onsite.materialReturn_testpage.Details_MaterialRequest_Test@351d00c0]" started-at="2026-08-05T17:11:45 IST" name="generateTokenForSuite" finished-at="2026-08-05T17:11:46 IST" duration-ms="732" status="PASS">
          <reporter-output>
          </reporter-output>
        </test-method> <!-- generateTokenForSuite -->
        <test-method signature="validResponseMessage()[pri:3, instance:com.onsite.materialReturn_testpage.Details_MaterialRequest_Test@351d00c0]" started-at="2026-08-05T17:11:46 IST" name="validResponseMessage" finished-at="2026-08-05T17:11:47 IST" depends-on-methods="com.onsite.materialReturn_testpage.Details_MaterialRequest_Test.detailMaterialReturn" duration-ms="685" status="PASS">
          <reporter-output>
          </reporter-output>
        </test-method> <!-- validResponseMessage -->
        <test-method is-config="true" signature="generateTokenForSuite()[pri:0, instance:com.onsite.materialReturn_testpage.Details_MaterialRequest_Test@351d00c0]" started-at="2026-08-05T17:11:47 IST" name="generateTokenForSuite" finished-at="2026-08-05T17:11:48 IST" duration-ms="837" status="PASS">
          <reporter-output>
          </reporter-output>
        </test-method> <!-- generateTokenForSuite -->
        <test-method signature="validResponseTime()[pri:4, instance:com.onsite.materialReturn_testpage.Details_MaterialRequest_Test@351d00c0]" started-at="2026-08-05T17:11:48 IST" name="validResponseTime" finished-at="2026-08-05T17:11:48 IST" depends-on-methods="com.onsite.materialReturn_testpage.Details_MaterialRequest_Test.detailMaterialReturn" duration-ms="12" status="PASS">
          <reporter-output>
          </reporter-output>
        </test-method> <!-- validResponseTime -->
        <test-method is-config="true" signature="generateTokenForSuite()[pri:0, instance:com.onsite.materialReturn_testpage.Details_MaterialRequest_Test@351d00c0]" started-at="2026-08-05T17:11:48 IST" name="generateTokenForSuite" finished-at="2026-08-05T17:11:48 IST" duration-ms="730" status="PASS">
          <reporter-output>
          </reporter-output>
        </test-method> <!-- generateTokenForSuite -->
        <test-method signature="validResponseSchema()[pri:5, instance:com.onsite.materialReturn_testpage.Details_MaterialRequest_Test@351d00c0]" started-at="2026-08-05T17:11:48 IST" name="validResponseSchema" finished-at="2026-08-05T17:11:49 IST" depends-on-methods="com.onsite.materialReturn_testpage.Details_MaterialRequest_Test.detailMaterialReturn" duration-ms="849" status="PASS">
          <reporter-output>
          </reporter-output>
        </test-method> <!-- validResponseSchema -->
        <test-method is-config="true" signature="generateTokenForSuite()[pri:0, instance:com.onsite.materialReturn_testpage.Details_MaterialRequest_Test@351d00c0]" started-at="2026-08-05T17:11:49 IST" name="generateTokenForSuite" finished-at="2026-08-05T17:11:50 IST" duration-ms="761" status="PASS">
          <reporter-output>
          </reporter-output>
        </test-method> <!-- generateTokenForSuite -->
        <test-method signature="validMaterialReturnId()[pri:6, instance:com.onsite.materialReturn_testpage.Details_MaterialRequest_Test@351d00c0]" started-at="2026-08-05T17:11:50 IST" name="validMaterialReturnId" finished-at="2026-08-05T17:11:50 IST" depends-on-methods="com.onsite.materialReturn_testpage.Details_MaterialRequest_Test.detailMaterialReturn" duration-ms="398" status="PASS">
          <reporter-output>
          </reporter-output>
        </test-method> <!-- validMaterialReturnId -->
        <test-method is-config="true" signature="generateTokenForSuite()[pri:0, instance:com.onsite.materialReturn_testpage.Details_MaterialRequest_Test@351d00c0]" started-at="2026-08-05T17:11:50 IST" name="generateTokenForSuite" finished-at="2026-08-05T17:11:51 IST" duration-ms="740" status="PASS">
          <reporter-output>
          </reporter-output>
        </test-method> <!-- generateTokenForSuite -->
        <test-method signature="validRemark()[pri:7, instance:com.onsite.materialReturn_testpage.Details_MaterialRequest_Test@351d00c0]" started-at="2026-08-05T17:11:51 IST" name="validRemark" finished-at="2026-08-05T17:11:51 IST" depends-on-methods="com.onsite.materialReturn_testpage.Details_MaterialRequest_Test.detailMaterialReturn" duration-ms="285" status="PASS">
          <reporter-output>
          </reporter-output>
        </test-method> <!-- validRemark -->
        <test-method is-config="true" signature="generateTokenForSuite()[pri:0, instance:com.onsite.materialReturn_testpage.Details_MaterialRequest_Test@351d00c0]" started-at="2026-08-05T17:11:51 IST" name="generateTokenForSuite" finished-at="2026-08-05T17:11:52 IST" duration-ms="751" status="PASS">
          <reporter-output>
          </reporter-output>
        </test-method> <!-- generateTokenForSuite -->
        <test-method signature="validPartyCompanyUserId()[pri:8, instance:com.onsite.materialReturn_testpage.Details_MaterialRequest_Test@351d00c0]" started-at="2026-08-05T17:11:52 IST" name="validPartyCompanyUserId" finished-at="2026-08-05T17:11:52 IST" depends-on-methods="com.onsite.materialReturn_testpage.Details_MaterialRequest_Test.detailMaterialReturn" duration-ms="289" status="PASS">
          <reporter-output>
          </reporter-output>
        </test-method> <!-- validPartyCompanyUserId -->
        <test-method is-config="true" signature="generateTokenForSuite()[pri:0, instance:com.onsite.materialReturn_testpage.Details_MaterialRequest_Test@351d00c0]" started-at="2026-08-05T17:11:52 IST" name="generateTokenForSuite" finished-at="2026-08-05T17:11:53 IST" duration-ms="668" status="PASS">
          <reporter-output>
          </reporter-output>
        </test-method> <!-- generateTokenForSuite -->
        <test-method signature="validProjectId()[pri:9, instance:com.onsite.materialReturn_testpage.Details_MaterialRequest_Test@351d00c0]" started-at="2026-08-05T17:11:53 IST" name="validProjectId" finished-at="2026-08-05T17:11:53 IST" depends-on-methods="com.onsite.materialReturn_testpage.Details_MaterialRequest_Test.detailMaterialReturn" duration-ms="263" status="PASS">
          <reporter-output>
          </reporter-output>
        </test-method> <!-- validProjectId -->
        <test-method is-config="true" signature="generateTokenForSuite()[pri:0, instance:com.onsite.materialReturn_testpage.Details_MaterialRequest_Test@351d00c0]" started-at="2026-08-05T17:11:53 IST" name="generateTokenForSuite" finished-at="2026-08-05T17:11:54 IST" duration-ms="696" status="PASS">
          <reporter-output>
          </reporter-output>
        </test-method> <!-- generateTokenForSuite -->
        <test-method signature="validSubCategoryId()[pri:10, instance:com.onsite.materialReturn_testpage.Details_MaterialRequest_Test@351d00c0]" started-at="2026-08-05T17:11:54 IST" name="validSubCategoryId" finished-at="2026-08-05T17:11:54 IST" depends-on-methods="com.onsite.materialReturn_testpage.Details_MaterialRequest_Test.detailMaterialReturn" duration-ms="307" status="PASS">
          <reporter-output>
          </reporter-output>
        </test-method> <!-- validSubCategoryId -->
        <test-method is-config="true" signature="generateTokenForSuite()[pri:0, instance:com.onsite.materialReturn_testpage.Details_MaterialRequest_Test@351d00c0]" started-at="2026-08-05T17:11:54 IST" name="generateTokenForSuite" finished-at="2026-08-05T17:11:55 IST" duration-ms="646" status="PASS">
          <reporter-output>
          </reporter-output>
        </test-method> <!-- generateTokenForSuite -->
        <test-method signature="validMaterial()[pri:11, instance:com.onsite.materialReturn_testpage.Details_MaterialRequest_Test@351d00c0]" started-at="2026-08-05T17:11:55 IST" name="validMaterial" finished-at="2026-08-05T17:11:56 IST" depends-on-methods="com.onsite.materialReturn_testpage.Details_MaterialRequest_Test.detailMaterialReturn" duration-ms="736" status="FAIL">
          <exception class="java.lang.AssertionError">
            <message>
              <![CDATA[Quantity should be greater than 0 expected [true] but found [false]]]>
            </message>
            <full-stacktrace>
              <![CDATA[java.lang.AssertionError: Quantity should be greater than 0 expected [true] but found [false]
at org.testng.Assert.fail(Assert.java:99)
at org.testng.Assert.failNotEquals(Assert.java:1037)
at org.testng.Assert.assertTrue(Assert.java:45)
at com.onsite.materialReturn_testpage.Details_MaterialRequest_Test.validMaterial(Details_MaterialRequest_Test.java:186)
at java.base/jdk.internal.reflect.DirectMethodHandleAccessor.invoke(DirectMethodHandleAccessor.java:103)
at java.base/java.lang.reflect.Method.invoke(Method.java:580)
at org.testng.internal.MethodInvocationHelper.invokeMethod(MethodInvocationHelper.java:133)
at org.testng.internal.TestInvoker.invokeMethod(TestInvoker.java:598)
at org.testng.internal.TestInvoker.invokeTestMethod(TestInvoker.java:173)
at org.testng.internal.MethodRunner.runInSequence(MethodRunner.java:46)
at org.testng.internal.TestInvoker$MethodInvocationAgent.invoke(TestInvoker.java:824)
at org.testng.internal.TestInvoker.invokeTestMethods(TestInvoker.java:146)
at org.testng.internal.TestMethodWorker.invokeTestMethods(TestMethodWorker.java:146)
at org.testng.internal.TestMethodWorker.run(TestMethodWorker.java:128)
at java.base/java.util.ArrayList.forEach(ArrayList.java:1596)
at org.testng.TestRunner.privateRun(TestRunner.java:794)
at org.testng.TestRunner.run(TestRunner.java:596)
at org.testng.SuiteRunner.runTest(SuiteRunner.java:377)
at org.testng.SuiteRunner.runSequentially(SuiteRunner.java:371)
at org.testng.SuiteRunner.privateRun(SuiteRunner.java:332)
at org.testng.SuiteRunner.run(SuiteRunner.java:276)
at org.testng.SuiteRunnerWorker.runSuite(SuiteRunnerWorker.java:53)
at org.testng.SuiteRunnerWorker.run(SuiteRunnerWorker.java:96)
at org.testng.TestNG.runSuitesSequentially(TestNG.java:1212)
at org.testng.TestNG.runSuitesLocally(TestNG.java:1134)
at org.testng.TestNG.runSuites(TestNG.java:1063)
at org.testng.TestNG.run(TestNG.java:1031)
at org.testng.remote.AbstractRemoteTestNG.run(AbstractRemoteTestNG.java:115)
at org.testng.remote.RemoteTestNG.initAndRun(RemoteTestNG.java:293)
at org.testng.remote.RemoteTestNG.main(RemoteTestNG.java:91)
]]>
            </full-stacktrace>
          </exception> <!-- java.lang.AssertionError -->
          <reporter-output>
          </reporter-output>
        </test-method> <!-- validMaterial -->
        <test-method is-config="true" signature="generateTokenForSuite()[pri:0, instance:com.onsite.materialReturn_testpage.Details_MaterialRequest_Test@351d00c0]" started-at="2026-08-05T17:11:56 IST" name="generateTokenForSuite" finished-at="2026-08-05T17:11:57 IST" duration-ms="766" status="PASS">
          <reporter-output>
          </reporter-output>
        </test-method> <!-- generateTokenForSuite -->
        <test-method signature="validMaterialAmount()[pri:12, instance:com.onsite.materialReturn_testpage.Details_MaterialRequest_Test@351d00c0]" started-at="2026-08-05T17:11:57 IST" name="validMaterialAmount" finished-at="2026-08-05T17:11:57 IST" depends-on-methods="com.onsite.materialReturn_testpage.Details_MaterialRequest_Test.detailMaterialReturn" duration-ms="607" status="FAIL">
          <exception class="java.lang.AssertionError">
            <message>
              <![CDATA[Quantity should be greater than 0 expected [true] but found [false]]]>
            </message>
            <full-stacktrace>
              <![CDATA[java.lang.AssertionError: Quantity should be greater than 0 expected [true] but found [false]
at org.testng.Assert.fail(Assert.java:99)
at org.testng.Assert.failNotEquals(Assert.java:1037)
at org.testng.Assert.assertTrue(Assert.java:45)
at com.onsite.materialReturn_testpage.Details_MaterialRequest_Test.validMaterialAmount(Details_MaterialRequest_Test.java:220)
at java.base/jdk.internal.reflect.DirectMethodHandleAccessor.invoke(DirectMethodHandleAccessor.java:103)
at java.base/java.lang.reflect.Method.invoke(Method.java:580)
at org.testng.internal.MethodInvocationHelper.invokeMethod(MethodInvocationHelper.java:133)
at org.testng.internal.TestInvoker.invokeMethod(TestInvoker.java:598)
at org.testng.internal.TestInvoker.invokeTestMethod(TestInvoker.java:173)
at org.testng.internal.MethodRunner.runInSequence(MethodRunner.java:46)
at org.testng.internal.TestInvoker$MethodInvocationAgent.invoke(TestInvoker.java:824)
at org.testng.internal.TestInvoker.invokeTestMethods(TestInvoker.java:146)
at org.testng.internal.TestMethodWorker.invokeTestMethods(TestMethodWorker.java:146)
at org.testng.internal.TestMethodWorker.run(TestMethodWorker.java:128)
at java.base/java.util.ArrayList.forEach(ArrayList.java:1596)
at org.testng.TestRunner.privateRun(TestRunner.java:794)
at org.testng.TestRunner.run(TestRunner.java:596)
at org.testng.SuiteRunner.runTest(SuiteRunner.java:377)
at org.testng.SuiteRunner.runSequentially(SuiteRunner.java:371)
at org.testng.SuiteRunner.privateRun(SuiteRunner.java:332)
at org.testng.SuiteRunner.run(SuiteRunner.java:276)
at org.testng.SuiteRunnerWorker.runSuite(SuiteRunnerWorker.java:53)
at org.testng.SuiteRunnerWorker.run(SuiteRunnerWorker.java:96)
at org.testng.TestNG.runSuitesSequentially(TestNG.java:1212)
at org.testng.TestNG.runSuitesLocally(TestNG.java:1134)
at org.testng.TestNG.runSuites(TestNG.java:1063)
at org.testng.TestNG.run(TestNG.java:1031)
at org.testng.remote.AbstractRemoteTestNG.run(AbstractRemoteTestNG.java:115)
at org.testng.remote.RemoteTestNG.initAndRun(RemoteTestNG.java:293)
at org.testng.remote.RemoteTestNG.main(RemoteTestNG.java:91)
]]>
            </full-stacktrace>
          </exception> <!-- java.lang.AssertionError -->
          <reporter-output>
          </reporter-output>
        </test-method> <!-- validMaterialAmount -->
        <test-method is-config="true" signature="generateTokenForSuite()[pri:0, instance:com.onsite.materialReturn_testpage.Details_MaterialRequest_Test@351d00c0]" started-at="2026-08-05T17:11:57 IST" name="generateTokenForSuite" finished-at="2026-08-05T17:11:58 IST" duration-ms="921" status="PASS">
          <reporter-output>
          </reporter-output>
        </test-method> <!-- generateTokenForSuite -->
        <test-method signature="validGstAmount()[pri:13, instance:com.onsite.materialReturn_testpage.Details_MaterialRequest_Test@351d00c0]" started-at="2026-08-05T17:11:58 IST" name="validGstAmount" finished-at="2026-08-05T17:11:58 IST" depends-on-methods="com.onsite.materialReturn_testpage.Details_MaterialRequest_Test.detailMaterialReturn" duration-ms="271" status="PASS">
          <reporter-output>
          </reporter-output>
        </test-method> <!-- validGstAmount -->
        <test-method is-config="true" signature="generateTokenForSuite()[pri:0, instance:com.onsite.materialReturn_testpage.Details_MaterialRequest_Test@351d00c0]" started-at="2026-08-05T17:11:58 IST" name="generateTokenForSuite" finished-at="2026-08-05T17:11:59 IST" duration-ms="882" status="PASS">
          <reporter-output>
          </reporter-output>
        </test-method> <!-- generateTokenForSuite -->
        <test-method signature="validOtherAmount()[pri:14, instance:com.onsite.materialReturn_testpage.Details_MaterialRequest_Test@351d00c0]" started-at="2026-08-05T17:11:59 IST" name="validOtherAmount" finished-at="2026-08-05T17:11:59 IST" depends-on-methods="com.onsite.materialReturn_testpage.Details_MaterialRequest_Test.detailMaterialReturn" duration-ms="247" status="PASS">
          <reporter-output>
          </reporter-output>
        </test-method> <!-- validOtherAmount -->
        <test-method is-config="true" signature="generateTokenForSuite()[pri:0, instance:com.onsite.materialReturn_testpage.Details_MaterialRequest_Test@351d00c0]" started-at="2026-08-05T17:11:59 IST" name="generateTokenForSuite" finished-at="2026-08-05T17:12:00 IST" duration-ms="641" status="PASS">
          <reporter-output>
          </reporter-output>
        </test-method> <!-- generateTokenForSuite -->
        <test-method signature="validDiscount()[pri:15, instance:com.onsite.materialReturn_testpage.Details_MaterialRequest_Test@351d00c0]" started-at="2026-08-05T17:12:00 IST" name="validDiscount" finished-at="2026-08-05T17:12:00 IST" depends-on-methods="com.onsite.materialReturn_testpage.Details_MaterialRequest_Test.detailMaterialReturn" duration-ms="263" status="PASS">
          <reporter-output>
          </reporter-output>
        </test-method> <!-- validDiscount -->
        <test-method is-config="true" signature="generateTokenForSuite()[pri:0, instance:com.onsite.materialReturn_testpage.Details_MaterialRequest_Test@351d00c0]" started-at="2026-08-05T17:12:00 IST" name="generateTokenForSuite" finished-at="2026-08-05T17:12:01 IST" duration-ms="799" status="PASS">
          <reporter-output>
          </reporter-output>
        </test-method> <!-- generateTokenForSuite -->
        <test-method signature="validTotalPayable()[pri:16, instance:com.onsite.materialReturn_testpage.Details_MaterialRequest_Test@351d00c0]" started-at="2026-08-05T17:12:01 IST" name="validTotalPayable" finished-at="2026-08-05T17:12:02 IST" depends-on-methods="com.onsite.materialReturn_testpage.Details_MaterialRequest_Test.detailMaterialReturn" duration-ms="528" status="PASS">
          <reporter-output>
          </reporter-output>
        </test-method> <!-- validTotalPayable -->
        <test-method is-config="true" signature="generateTokenForSuite()[pri:0, instance:com.onsite.materialReturn_testpage.Details_MaterialRequest_Test@351d00c0]" started-at="2026-08-05T17:12:02 IST" name="generateTokenForSuite" finished-at="2026-08-05T17:12:02 IST" duration-ms="644" status="PASS">
          <reporter-output>
          </reporter-output>
        </test-method> <!-- generateTokenForSuite -->
        <test-method signature="validPhotos()[pri:17, instance:com.onsite.materialReturn_testpage.Details_MaterialRequest_Test@351d00c0]" started-at="2026-08-05T17:12:02 IST" name="validPhotos" finished-at="2026-08-05T17:12:03 IST" depends-on-methods="com.onsite.materialReturn_testpage.Details_MaterialRequest_Test.detailMaterialReturn" duration-ms="353" status="PASS">
          <reporter-output>
          </reporter-output>
        </test-method> <!-- validPhotos -->
        <test-method is-config="true" signature="generateTokenForSuite()[pri:0, instance:com.onsite.materialReturn_testpage.Details_MaterialRequest_Test@351d00c0]" started-at="2026-08-05T17:12:03 IST" name="generateTokenForSuite" finished-at="2026-08-05T17:12:03 IST" duration-ms="669" status="PASS">
          <reporter-output>
          </reporter-output>
        </test-method> <!-- generateTokenForSuite -->
        <test-method signature="validReturnDate()[pri:18, instance:com.onsite.materialReturn_testpage.Details_MaterialRequest_Test@351d00c0]" started-at="2026-08-05T17:12:03 IST" name="validReturnDate" finished-at="2026-08-05T17:12:04 IST" depends-on-methods="com.onsite.materialReturn_testpage.Details_MaterialRequest_Test.detailMaterialReturn" duration-ms="267" status="PASS">
          <reporter-output>
          </reporter-output>
        </test-method> <!-- validReturnDate -->
        <test-method is-config="true" signature="generateTokenForSuite()[pri:0, instance:com.onsite.materialReturn_testpage.Details_MaterialRequest_Test@351d00c0]" started-at="2026-08-05T17:12:04 IST" name="generateTokenForSuite" finished-at="2026-08-05T17:12:04 IST" duration-ms="570" status="PASS">
          <reporter-output>
          </reporter-output>
        </test-method> <!-- generateTokenForSuite -->
        <test-method signature="validRefrenceNumber()[pri:19, instance:com.onsite.materialReturn_testpage.Details_MaterialRequest_Test@351d00c0]" started-at="2026-08-05T17:12:04 IST" name="validRefrenceNumber" finished-at="2026-08-05T17:12:04 IST" depends-on-methods="com.onsite.materialReturn_testpage.Details_MaterialRequest_Test.detailMaterialReturn" duration-ms="253" status="PASS">
          <reporter-output>
          </reporter-output>
        </test-method> <!-- validRefrenceNumber -->
        <test-method is-config="true" signature="generateTokenForSuite()[pri:0, instance:com.onsite.materialReturn_testpage.Details_MaterialRequest_Test@351d00c0]" started-at="2026-08-05T17:12:04 IST" name="generateTokenForSuite" finished-at="2026-08-05T17:12:05 IST" duration-ms="903" status="PASS">
          <reporter-output>
          </reporter-output>
        </test-method> <!-- generateTokenForSuite -->
        <test-method signature="validDueDays()[pri:20, instance:com.onsite.materialReturn_testpage.Details_MaterialRequest_Test@351d00c0]" started-at="2026-08-05T17:12:05 IST" name="validDueDays" finished-at="2026-08-05T17:12:06 IST" depends-on-methods="com.onsite.materialReturn_testpage.Details_MaterialRequest_Test.detailMaterialReturn" duration-ms="238" status="PASS">
          <reporter-output>
          </reporter-output>
        </test-method> <!-- validDueDays -->
      </class> <!-- com.onsite.materialReturn_testpage.Details_MaterialRequest_Test -->
    </test> <!-- Default test -->
  </suite> <!-- Default suite -->
</testng-results>
