<?xml version="1.0" encoding="UTF-8"?>
<testng-results ignored="0" total="2" passed="2" failed="0" skipped="0">
  <reporter-output>
  </reporter-output>
  <suite started-at="2025-07-22T18:00:54 IST" name="Default suite" finished-at="2025-07-22T18:01:08 IST" duration-ms="14068">
    <groups>
    </groups>
    <test started-at="2025-07-22T18:00:54 IST" name="Default test" finished-at="2025-07-22T18:01:08 IST" duration-ms="14068">
      <class name="com.onsite.credit_note_test_page.CreditNoteCreateTest">
        <test-method is-config="true" signature="generateTokenForSuite()[pri:0, instance:com.onsite.credit_note_test_page.CreditNoteCreateTest@3bb9a3ff]" started-at="2025-07-22T18:00:46 IST" name="generateTokenForSuite" finished-at="2025-07-22T18:00:54 IST" duration-ms="7719" status="PASS">
          <reporter-output>
          </reporter-output>
        </test-method> <!-- generateTokenForSuite -->
        <test-method is-config="true" signature="setUp()[pri:0, instance:com.onsite.credit_note_test_page.CreditNoteCreateTest@3bb9a3ff]" started-at="2025-07-22T18:00:54 IST" name="setUp" finished-at="2025-07-22T18:00:58 IST" duration-ms="3672" status="PASS">
          <reporter-output>
          </reporter-output>
        </test-method> <!-- setUp -->
        <test-method signature="postCreditNote()[pri:1, instance:com.onsite.credit_note_test_page.CreditNoteCreateTest@3bb9a3ff]" started-at="2025-07-22T18:00:58 IST" name="postCreditNote" finished-at="2025-07-22T18:01:03 IST" duration-ms="5807" status="PASS">
          <reporter-output>
          </reporter-output>
        </test-method> <!-- postCreditNote -->
        <test-method signature="getCreditNote()[pri:2, instance:com.onsite.credit_note_test_page.CreditNoteCreateTest@3bb9a3ff]" started-at="2025-07-22T18:01:03 IST" name="getCreditNote" finished-at="2025-07-22T18:01:08 IST" depends-on-methods="com.onsite.credit_note_test_page.CreditNoteCreateTest.postCreditNote" duration-ms="4526" status="PASS">
          <reporter-output>
          </reporter-output>
        </test-method> <!-- getCreditNote -->
      </class> <!-- com.onsite.credit_note_test_page.CreditNoteCreateTest -->
    </test> <!-- Default test -->
  </suite> <!-- Default suite -->
</testng-results>
