<?xml version="1.0" encoding="UTF-8"?>
<testng-results ignored="0" total="1" passed="1" failed="0" skipped="0">
  <reporter-output>
  </reporter-output>
  <suite started-at="2025-07-26T18:57:53 IST" name="Default suite" finished-at="2025-07-26T18:57:58 IST" duration-ms="5108">
    <groups>
    </groups>
    <test started-at="2025-07-26T18:57:53 IST" name="Default test" finished-at="2025-07-26T18:57:58 IST" duration-ms="5108">
      <class name="com.onsite.mockserver.MockServerTest">
        <test-method is-config="true" signature="setup()[pri:0, instance:com.onsite.mockserver.MockServerTest@436813f3]" started-at="2025-07-26T18:57:53 IST" name="setup" finished-at="2025-07-26T18:57:56 IST" duration-ms="3098" status="PASS">
          <reporter-output>
          </reporter-output>
        </test-method> <!-- setup -->
        <test-method signature="testMockedUserAPI()[pri:0, instance:com.onsite.mockserver.MockServerTest@436813f3]" started-at="2025-07-26T18:57:56 IST" name="testMockedUserAPI" finished-at="2025-07-26T18:57:58 IST" duration-ms="1924" status="PASS">
          <reporter-output>
          </reporter-output>
        </test-method> <!-- testMockedUserAPI -->
        <test-method is-config="true" signature="teardown()[pri:0, instance:com.onsite.mockserver.MockServerTest@436813f3]" started-at="2025-07-26T18:57:58 IST" name="teardown" finished-at="2025-07-26T18:57:58 IST" duration-ms="29" status="PASS">
          <reporter-output>
          </reporter-output>
        </test-method> <!-- teardown -->
      </class> <!-- com.onsite.mockserver.MockServerTest -->
    </test> <!-- Default test -->
  </suite> <!-- Default suite -->
</testng-results>
