<?xml version="1.0" encoding="UTF-8"?>
<testng-results ignored="0" total="1" passed="1" failed="0" skipped="0">
  <reporter-output>
  </reporter-output>
  <suite started-at="2025-07-30T22:56:06 IST" name="Default suite" finished-at="2025-07-30T22:56:52 IST" duration-ms="46622">
    <groups>
    </groups>
    <test started-at="2025-07-30T22:56:06 IST" name="Default test" finished-at="2025-07-30T22:56:52 IST" duration-ms="46622">
      <class name="com.onsite.timesheet_test_page.TimeSheetListTest">
        <test-method is-config="true" signature="generateTokenForSuite()[pri:0, instance:com.onsite.timesheet_test_page.TimeSheetListTest@c8c12ac]" started-at="2025-07-30T22:55:59 IST" name="generateTokenForSuite" finished-at="2025-07-30T22:56:06 IST" duration-ms="7116" status="PASS">
          <reporter-output>
          </reporter-output>
        </test-method> <!-- generateTokenForSuite -->
        <test-method is-config="true" signature="setUp()[pri:0, instance:com.onsite.timesheet_test_page.TimeSheetListTest@c8c12ac]" started-at="2025-07-30T22:56:06 IST" name="setUp" finished-at="2025-07-30T22:56:09 IST" duration-ms="3214" status="PASS">
          <reporter-output>
          </reporter-output>
        </test-method> <!-- setUp -->
        <test-method signature="listtimesheet()[pri:0, instance:com.onsite.timesheet_test_page.TimeSheetListTest@c8c12ac]" started-at="2025-07-30T22:56:09 IST" name="listtimesheet" finished-at="2025-07-30T22:56:52 IST" duration-ms="43355" status="PASS">
          <reporter-output>
          </reporter-output>
        </test-method> <!-- listtimesheet -->
      </class> <!-- com.onsite.timesheet_test_page.TimeSheetListTest -->
    </test> <!-- Default test -->
  </suite> <!-- Default suite -->
</testng-results>
