<?xml version="1.0" encoding="UTF-8"?>
<testng-results ignored="0" total="35" passed="31" failed="4" skipped="0">
  <reporter-output>
  </reporter-output>
  <suite started-at="2026-05-22T17:05:35 IST" name="Default suite" finished-at="2026-05-22T17:05:52 IST" duration-ms="17445">
    <groups>
    </groups>
    <test started-at="2026-05-22T17:05:35 IST" name="Default test" finished-at="2026-05-22T17:05:52 IST" duration-ms="17445">
      <class name="com.onsite.transaction.otherexpenses.Create_otherExpensesTest">
        <test-method is-config="true" signature="setUp()[pri:0, instance:com.onsite.transaction.otherexpenses.Create_otherExpensesTest@31304f14]" started-at="2026-05-22T17:05:35 IST" name="setUp" finished-at="2026-05-22T17:05:36 IST" duration-ms="1022" status="PASS">
          <reporter-output>
          </reporter-output>
        </test-method> <!-- setUp -->
        <test-method signature="createOtherExpense(com.onsite.pojo_request.OtherExpensesRequest)[pri:1, instance:com.onsite.transaction.otherexpenses.Create_otherExpensesTest@31304f14]" started-at="2026-05-22T17:05:36 IST" name="createOtherExpense" description="other expense creation" data-provider="testData" finished-at="2026-05-22T17:05:49 IST" duration-ms="13191" status="PASS">
          <params>
            <param index="0">
              <value>
                <![CDATA[com.onsite.pojo_request.OtherExpensesRequest@2ef14fe]]>
              </value>
            </param>
          </params>
          <reporter-output>
          </reporter-output>
        </test-method> <!-- createOtherExpense -->
        <test-method signature="validateStatusCode()[pri:2, instance:com.onsite.transaction.otherexpenses.Create_otherExpensesTest@31304f14]" started-at="2026-05-22T17:05:49 IST" name="validateStatusCode" description="validateStatusCode" finished-at="2026-05-22T17:05:49 IST" depends-on-methods="com.onsite.transaction.otherexpenses.Create_otherExpensesTest.createOtherExpense" duration-ms="7" status="PASS">
          <reporter-output>
          </reporter-output>
        </test-method> <!-- validateStatusCode -->
        <test-method signature="valiadateResponseMessage()[pri:3, instance:com.onsite.transaction.otherexpenses.Create_otherExpensesTest@31304f14]" started-at="2026-05-22T17:05:50 IST" name="valiadateResponseMessage" description="valiadateResponseMessage" finished-at="2026-05-22T17:05:50 IST" depends-on-methods="com.onsite.transaction.otherexpenses.Create_otherExpensesTest.createOtherExpense" duration-ms="228" status="PASS">
          <reporter-output>
          </reporter-output>
        </test-method> <!-- valiadateResponseMessage -->
        <test-method signature="validateResponseTime()[pri:4, instance:com.onsite.transaction.otherexpenses.Create_otherExpensesTest@31304f14]" started-at="2026-05-22T17:05:50 IST" name="validateResponseTime" description="validateResponseTime" finished-at="2026-05-22T17:05:50 IST" depends-on-methods="com.onsite.transaction.otherexpenses.Create_otherExpensesTest.createOtherExpense" duration-ms="18" status="FAIL">
          <exception class="java.lang.AssertionError">
            <message>
              <![CDATA[response time is too long :2171]]>
            </message>
            <full-stacktrace>
              <![CDATA[java.lang.AssertionError: response time is too long :2171
at org.testng.Assert.fail(Assert.java:99)
at com.onsite.transaction.otherexpenses.Create_otherExpensesTest.validateResponseTime(Create_otherExpensesTest.java:123)
at java.base/jdk.internal.reflect.DirectMethodHandleAccessor.invoke(DirectMethodHandleAccessor.java:103)
at java.base/java.lang.reflect.Method.invoke(Method.java:580)
at org.testng.internal.MethodInvocationHelper.invokeMethod(MethodInvocationHelper.java:133)
at org.testng.internal.TestInvoker.invokeMethod(TestInvoker.java:598)
at org.testng.internal.TestInvoker.invokeTestMethod(TestInvoker.java:173)
at org.testng.internal.MethodRunner.runInSequence(MethodRunner.java:46)
at org.testng.internal.TestInvoker$MethodInvocationAgent.invoke(TestInvoker.java:824)
at org.testng.internal.TestInvoker.invokeTestMethods(TestInvoker.java:146)
at org.testng.internal.TestMethodWorker.invokeTestMethods(TestMethodWorker.java:146)
at org.testng.internal.TestMethodWorker.run(TestMethodWorker.java:128)
at java.base/java.util.ArrayList.forEach(ArrayList.java:1596)
at org.testng.TestRunner.privateRun(TestRunner.java:794)
at org.testng.TestRunner.run(TestRunner.java:596)
at org.testng.SuiteRunner.runTest(SuiteRunner.java:377)
at org.testng.SuiteRunner.runSequentially(SuiteRunner.java:371)
at org.testng.SuiteRunner.privateRun(SuiteRunner.java:332)
at org.testng.SuiteRunner.run(SuiteRunner.java:276)
at org.testng.SuiteRunnerWorker.runSuite(SuiteRunnerWorker.java:53)
at org.testng.SuiteRunnerWorker.run(SuiteRunnerWorker.java:96)
at org.testng.TestNG.runSuitesSequentially(TestNG.java:1212)
at org.testng.TestNG.runSuitesLocally(TestNG.java:1134)
at org.testng.TestNG.runSuites(TestNG.java:1063)
at org.testng.TestNG.run(TestNG.java:1031)
at org.testng.remote.AbstractRemoteTestNG.run(AbstractRemoteTestNG.java:115)
at org.testng.remote.RemoteTestNG.initAndRun(RemoteTestNG.java:293)
at org.testng.remote.RemoteTestNG.main(RemoteTestNG.java:91)
]]>
            </full-stacktrace>
          </exception> <!-- java.lang.AssertionError -->
          <reporter-output>
          </reporter-output>
        </test-method> <!-- validateResponseTime -->
        <test-method signature="valiadetResponseSchema()[pri:5, instance:com.onsite.transaction.otherexpenses.Create_otherExpensesTest@31304f14]" started-at="2026-05-22T17:05:50 IST" name="valiadetResponseSchema" description="valiadetResponseSchema" finished-at="2026-05-22T17:05:52 IST" depends-on-methods="com.onsite.transaction.otherexpenses.Create_otherExpensesTest.createOtherExpense" duration-ms="1883" status="PASS">
          <reporter-output>
          </reporter-output>
        </test-method> <!-- valiadetResponseSchema -->
        <test-method signature="valiadetId()[pri:6, instance:com.onsite.transaction.otherexpenses.Create_otherExpensesTest@31304f14]" started-at="2026-05-22T17:05:52 IST" name="valiadetId" description="id validation" finished-at="2026-05-22T17:05:52 IST" depends-on-methods="com.onsite.transaction.otherexpenses.Create_otherExpensesTest.createOtherExpense" duration-ms="9" status="PASS">
          <reporter-output>
          </reporter-output>
        </test-method> <!-- valiadetId -->
        <test-method signature="validateProjectId()[pri:7, instance:com.onsite.transaction.otherexpenses.Create_otherExpensesTest@31304f14]" started-at="2026-05-22T17:05:52 IST" name="validateProjectId" description="projectId validate" finished-at="2026-05-22T17:05:52 IST" depends-on-methods="com.onsite.transaction.otherexpenses.Create_otherExpensesTest.createOtherExpense" duration-ms="9" status="PASS">
          <reporter-output>
          </reporter-output>
        </test-method> <!-- validateProjectId -->
        <test-method signature="validatePartyCompanyUserId()[pri:8, instance:com.onsite.transaction.otherexpenses.Create_otherExpensesTest@31304f14]" started-at="2026-05-22T17:05:52 IST" name="validatePartyCompanyUserId" description="validatePartyCompanyUserId" finished-at="2026-05-22T17:05:52 IST" depends-on-methods="com.onsite.transaction.otherexpenses.Create_otherExpensesTest.createOtherExpense" duration-ms="6" status="FAIL">
          <exception class="java.lang.AssertionError">
            <message>
              <![CDATA[party_company_user_id is null or empty and :null: match with :92478da4-a1ea-44b7-b0ab-a3e9534b7240]]>
            </message>
            <full-stacktrace>
              <![CDATA[java.lang.AssertionError: party_company_user_id is null or empty and :null: match with :92478da4-a1ea-44b7-b0ab-a3e9534b7240
at org.testng.Assert.fail(Assert.java:99)
at com.onsite.transaction.otherexpenses.Create_otherExpensesTest.validatePartyCompanyUserId(Create_otherExpensesTest.java:168)
at java.base/jdk.internal.reflect.DirectMethodHandleAccessor.invoke(DirectMethodHandleAccessor.java:103)
at java.base/java.lang.reflect.Method.invoke(Method.java:580)
at org.testng.internal.MethodInvocationHelper.invokeMethod(MethodInvocationHelper.java:133)
at org.testng.internal.TestInvoker.invokeMethod(TestInvoker.java:598)
at org.testng.internal.TestInvoker.invokeTestMethod(TestInvoker.java:173)
at org.testng.internal.MethodRunner.runInSequence(MethodRunner.java:46)
at org.testng.internal.TestInvoker$MethodInvocationAgent.invoke(TestInvoker.java:824)
at org.testng.internal.TestInvoker.invokeTestMethods(TestInvoker.java:146)
at org.testng.internal.TestMethodWorker.invokeTestMethods(TestMethodWorker.java:146)
at org.testng.internal.TestMethodWorker.run(TestMethodWorker.java:128)
at java.base/java.util.ArrayList.forEach(ArrayList.java:1596)
at org.testng.TestRunner.privateRun(TestRunner.java:794)
at org.testng.TestRunner.run(TestRunner.java:596)
at org.testng.SuiteRunner.runTest(SuiteRunner.java:377)
at org.testng.SuiteRunner.runSequentially(SuiteRunner.java:371)
at org.testng.SuiteRunner.privateRun(SuiteRunner.java:332)
at org.testng.SuiteRunner.run(SuiteRunner.java:276)
at org.testng.SuiteRunnerWorker.runSuite(SuiteRunnerWorker.java:53)
at org.testng.SuiteRunnerWorker.run(SuiteRunnerWorker.java:96)
at org.testng.TestNG.runSuitesSequentially(TestNG.java:1212)
at org.testng.TestNG.runSuitesLocally(TestNG.java:1134)
at org.testng.TestNG.runSuites(TestNG.java:1063)
at org.testng.TestNG.run(TestNG.java:1031)
at org.testng.remote.AbstractRemoteTestNG.run(AbstractRemoteTestNG.java:115)
at org.testng.remote.RemoteTestNG.initAndRun(RemoteTestNG.java:293)
at org.testng.remote.RemoteTestNG.main(RemoteTestNG.java:91)
]]>
            </full-stacktrace>
          </exception> <!-- java.lang.AssertionError -->
          <reporter-output>
          </reporter-output>
        </test-method> <!-- validatePartyCompanyUserId -->
        <test-method signature="validateRemark()[pri:9, instance:com.onsite.transaction.otherexpenses.Create_otherExpensesTest@31304f14]" started-at="2026-05-22T17:05:52 IST" name="validateRemark" description="validateRemark" finished-at="2026-05-22T17:05:52 IST" depends-on-methods="com.onsite.transaction.otherexpenses.Create_otherExpensesTest.createOtherExpense" duration-ms="3" status="PASS">
          <reporter-output>
          </reporter-output>
        </test-method> <!-- validateRemark -->
        <test-method signature="validateUnitPrice()[pri:10, instance:com.onsite.transaction.otherexpenses.Create_otherExpensesTest@31304f14]" started-at="2026-05-22T17:05:52 IST" name="validateUnitPrice" description="createOtherExpense" finished-at="2026-05-22T17:05:52 IST" depends-on-methods="com.onsite.transaction.otherexpenses.Create_otherExpensesTest.createOtherExpense" duration-ms="2" status="PASS">
          <reporter-output>
          </reporter-output>
        </test-method> <!-- validateUnitPrice -->
        <test-method signature="validateQuantity()[pri:11, instance:com.onsite.transaction.otherexpenses.Create_otherExpensesTest@31304f14]" started-at="2026-05-22T17:05:52 IST" name="validateQuantity" description="validateQuantity" finished-at="2026-05-22T17:05:52 IST" depends-on-methods="com.onsite.transaction.otherexpenses.Create_otherExpensesTest.createOtherExpense" duration-ms="2" status="PASS">
          <reporter-output>
          </reporter-output>
        </test-method> <!-- validateQuantity -->
        <test-method signature="validateEarningAmount()[pri:12, instance:com.onsite.transaction.otherexpenses.Create_otherExpensesTest@31304f14]" started-at="2026-05-22T17:05:52 IST" name="validateEarningAmount" description="validateEarningAmount" finished-at="2026-05-22T17:05:52 IST" depends-on-methods="com.onsite.transaction.otherexpenses.Create_otherExpensesTest.createOtherExpense" duration-ms="2" status="PASS">
          <reporter-output>
          </reporter-output>
        </test-method> <!-- validateEarningAmount -->
        <test-method signature="validateOtherAmount()[pri:13, instance:com.onsite.transaction.otherexpenses.Create_otherExpensesTest@31304f14]" started-at="2026-05-22T17:05:52 IST" name="validateOtherAmount" description="validateOtherAmount" finished-at="2026-05-22T17:05:52 IST" depends-on-methods="com.onsite.transaction.otherexpenses.Create_otherExpensesTest.createOtherExpense" duration-ms="70" status="PASS">
          <reporter-output>
          </reporter-output>
        </test-method> <!-- validateOtherAmount -->
        <test-method signature="validateDiscount()[pri:14, instance:com.onsite.transaction.otherexpenses.Create_otherExpensesTest@31304f14]" started-at="2026-05-22T17:05:52 IST" name="validateDiscount" description="validateDiscount" finished-at="2026-05-22T17:05:52 IST" depends-on-methods="com.onsite.transaction.otherexpenses.Create_otherExpensesTest.createOtherExpense" duration-ms="6" status="PASS">
          <reporter-output>
          </reporter-output>
        </test-method> <!-- validateDiscount -->
        <test-method signature="validateGSTpercent()[pri:15, instance:com.onsite.transaction.otherexpenses.Create_otherExpensesTest@31304f14]" started-at="2026-05-22T17:05:52 IST" name="validateGSTpercent" description="validateGSTpercent" finished-at="2026-05-22T17:05:52 IST" depends-on-methods="com.onsite.transaction.otherexpenses.Create_otherExpensesTest.createOtherExpense" duration-ms="2" status="PASS">
          <reporter-output>
          </reporter-output>
        </test-method> <!-- validateGSTpercent -->
        <test-method signature="validateGSTAmount()[pri:16, instance:com.onsite.transaction.otherexpenses.Create_otherExpensesTest@31304f14]" started-at="2026-05-22T17:05:52 IST" name="validateGSTAmount" description="validateGSTAmount" finished-at="2026-05-22T17:05:52 IST" depends-on-methods="com.onsite.transaction.otherexpenses.Create_otherExpensesTest.createOtherExpense" duration-ms="13" status="PASS">
          <reporter-output>
          </reporter-output>
        </test-method> <!-- validateGSTAmount -->
        <test-method signature="validateAmount()[pri:17, instance:com.onsite.transaction.otherexpenses.Create_otherExpensesTest@31304f14]" started-at="2026-05-22T17:05:52 IST" name="validateAmount" description="validateAmount" finished-at="2026-05-22T17:05:52 IST" depends-on-methods="com.onsite.transaction.otherexpenses.Create_otherExpensesTest.createOtherExpense" duration-ms="3" status="PASS">
          <reporter-output>
          </reporter-output>
        </test-method> <!-- validateAmount -->
        <test-method signature="validatePostTaxDeductionAmount()[pri:18, instance:com.onsite.transaction.otherexpenses.Create_otherExpensesTest@31304f14]" started-at="2026-05-22T17:05:52 IST" name="validatePostTaxDeductionAmount" description="validatePostTaxDeductionAmount" finished-at="2026-05-22T17:05:52 IST" depends-on-methods="com.onsite.transaction.otherexpenses.Create_otherExpensesTest.createOtherExpense" duration-ms="2" status="FAIL">
          <exception class="java.lang.AssertionError">
            <message>
              <![CDATA[resPostTaxDeductionAmount :0.0: is not match with reqPostTaxDeductionAmount :30.0]]>
            </message>
            <full-stacktrace>
              <![CDATA[java.lang.AssertionError: resPostTaxDeductionAmount :0.0: is not match with reqPostTaxDeductionAmount :30.0
at org.testng.Assert.fail(Assert.java:99)
at com.onsite.transaction.otherexpenses.Create_otherExpensesTest.validatePostTaxDeductionAmount(Create_otherExpensesTest.java:347)
at java.base/jdk.internal.reflect.DirectMethodHandleAccessor.invoke(DirectMethodHandleAccessor.java:103)
at java.base/java.lang.reflect.Method.invoke(Method.java:580)
at org.testng.internal.MethodInvocationHelper.invokeMethod(MethodInvocationHelper.java:133)
at org.testng.internal.TestInvoker.invokeMethod(TestInvoker.java:598)
at org.testng.internal.TestInvoker.invokeTestMethod(TestInvoker.java:173)
at org.testng.internal.MethodRunner.runInSequence(MethodRunner.java:46)
at org.testng.internal.TestInvoker$MethodInvocationAgent.invoke(TestInvoker.java:824)
at org.testng.internal.TestInvoker.invokeTestMethods(TestInvoker.java:146)
at org.testng.internal.TestMethodWorker.invokeTestMethods(TestMethodWorker.java:146)
at org.testng.internal.TestMethodWorker.run(TestMethodWorker.java:128)
at java.base/java.util.ArrayList.forEach(ArrayList.java:1596)
at org.testng.TestRunner.privateRun(TestRunner.java:794)
at org.testng.TestRunner.run(TestRunner.java:596)
at org.testng.SuiteRunner.runTest(SuiteRunner.java:377)
at org.testng.SuiteRunner.runSequentially(SuiteRunner.java:371)
at org.testng.SuiteRunner.privateRun(SuiteRunner.java:332)
at org.testng.SuiteRunner.run(SuiteRunner.java:276)
at org.testng.SuiteRunnerWorker.runSuite(SuiteRunnerWorker.java:53)
at org.testng.SuiteRunnerWorker.run(SuiteRunnerWorker.java:96)
at org.testng.TestNG.runSuitesSequentially(TestNG.java:1212)
at org.testng.TestNG.runSuitesLocally(TestNG.java:1134)
at org.testng.TestNG.runSuites(TestNG.java:1063)
at org.testng.TestNG.run(TestNG.java:1031)
at org.testng.remote.AbstractRemoteTestNG.run(AbstractRemoteTestNG.java:115)
at org.testng.remote.RemoteTestNG.initAndRun(RemoteTestNG.java:293)
at org.testng.remote.RemoteTestNG.main(RemoteTestNG.java:91)
]]>
            </full-stacktrace>
          </exception> <!-- java.lang.AssertionError -->
          <reporter-output>
          </reporter-output>
        </test-method> <!-- validatePostTaxDeductionAmount -->
        <test-method signature="validateNetAmount()[pri:19, instance:com.onsite.transaction.otherexpenses.Create_otherExpensesTest@31304f14]" started-at="2026-05-22T17:05:52 IST" name="validateNetAmount" description="validateNetAmount" finished-at="2026-05-22T17:05:52 IST" depends-on-methods="com.onsite.transaction.otherexpenses.Create_otherExpensesTest.createOtherExpense" duration-ms="2" status="FAIL">
          <exception class="java.lang.AssertionError">
            <message>
              <![CDATA[resNetAmount & reqNetAmount is null or empty and : resNetAmount :1191.8: not match with reqNetAmount :1161.8]]>
            </message>
            <full-stacktrace>
              <![CDATA[java.lang.AssertionError: resNetAmount & reqNetAmount is null or empty and : resNetAmount :1191.8: not match with reqNetAmount :1161.8
at org.testng.Assert.fail(Assert.java:99)
at com.onsite.transaction.otherexpenses.Create_otherExpensesTest.validateNetAmount(Create_otherExpensesTest.java:377)
at java.base/jdk.internal.reflect.DirectMethodHandleAccessor.invoke(DirectMethodHandleAccessor.java:103)
at java.base/java.lang.reflect.Method.invoke(Method.java:580)
at org.testng.internal.MethodInvocationHelper.invokeMethod(MethodInvocationHelper.java:133)
at org.testng.internal.TestInvoker.invokeMethod(TestInvoker.java:598)
at org.testng.internal.TestInvoker.invokeTestMethod(TestInvoker.java:173)
at org.testng.internal.MethodRunner.runInSequence(MethodRunner.java:46)
at org.testng.internal.TestInvoker$MethodInvocationAgent.invoke(TestInvoker.java:824)
at org.testng.internal.TestInvoker.invokeTestMethods(TestInvoker.java:146)
at org.testng.internal.TestMethodWorker.invokeTestMethods(TestMethodWorker.java:146)
at org.testng.internal.TestMethodWorker.run(TestMethodWorker.java:128)
at java.base/java.util.ArrayList.forEach(ArrayList.java:1596)
at org.testng.TestRunner.privateRun(TestRunner.java:794)
at org.testng.TestRunner.run(TestRunner.java:596)
at org.testng.SuiteRunner.runTest(SuiteRunner.java:377)
at org.testng.SuiteRunner.runSequentially(SuiteRunner.java:371)
at org.testng.SuiteRunner.privateRun(SuiteRunner.java:332)
at org.testng.SuiteRunner.run(SuiteRunner.java:276)
at org.testng.SuiteRunnerWorker.runSuite(SuiteRunnerWorker.java:53)
at org.testng.SuiteRunnerWorker.run(SuiteRunnerWorker.java:96)
at org.testng.TestNG.runSuitesSequentially(TestNG.java:1212)
at org.testng.TestNG.runSuitesLocally(TestNG.java:1134)
at org.testng.TestNG.runSuites(TestNG.java:1063)
at org.testng.TestNG.run(TestNG.java:1031)
at org.testng.remote.AbstractRemoteTestNG.run(AbstractRemoteTestNG.java:115)
at org.testng.remote.RemoteTestNG.initAndRun(RemoteTestNG.java:293)
at org.testng.remote.RemoteTestNG.main(RemoteTestNG.java:91)
]]>
            </full-stacktrace>
          </exception> <!-- java.lang.AssertionError -->
          <reporter-output>
          </reporter-output>
        </test-method> <!-- validateNetAmount -->
        <test-method signature="validatePhoto()[pri:20, instance:com.onsite.transaction.otherexpenses.Create_otherExpensesTest@31304f14]" started-at="2026-05-22T17:05:52 IST" name="validatePhoto" description="validatePhoto" finished-at="2026-05-22T17:05:52 IST" depends-on-methods="com.onsite.transaction.otherexpenses.Create_otherExpensesTest.createOtherExpense" duration-ms="2" status="PASS">
          <reporter-output>
          </reporter-output>
        </test-method> <!-- validatePhoto -->
        <test-method signature="validateCategoryId()[pri:21, instance:com.onsite.transaction.otherexpenses.Create_otherExpensesTest@31304f14]" started-at="2026-05-22T17:05:52 IST" name="validateCategoryId" description="validateCategoryId" finished-at="2026-05-22T17:05:52 IST" depends-on-methods="com.onsite.transaction.otherexpenses.Create_otherExpensesTest.createOtherExpense" duration-ms="3" status="PASS">
          <reporter-output>
          </reporter-output>
        </test-method> <!-- validateCategoryId -->
        <test-method signature="validateSubCategoryId()[pri:21, instance:com.onsite.transaction.otherexpenses.Create_otherExpensesTest@31304f14]" started-at="2026-05-22T17:05:52 IST" name="validateSubCategoryId" description="validateSubCategoryId" finished-at="2026-05-22T17:05:52 IST" depends-on-methods="com.onsite.transaction.otherexpenses.Create_otherExpensesTest.createOtherExpense" duration-ms="3" status="PASS">
          <reporter-output>
          </reporter-output>
        </test-method> <!-- validateSubCategoryId -->
        <test-method signature="validatePaymentDate()[pri:22, instance:com.onsite.transaction.otherexpenses.Create_otherExpensesTest@31304f14]" started-at="2026-05-22T17:05:52 IST" name="validatePaymentDate" description="validatePaymentDate" finished-at="2026-05-22T17:05:52 IST" depends-on-methods="com.onsite.transaction.otherexpenses.Create_otherExpensesTest.createOtherExpense" duration-ms="5" status="PASS">
          <reporter-output>
          </reporter-output>
        </test-method> <!-- validatePaymentDate -->
        <test-method signature="validateUnitId()[pri:23, instance:com.onsite.transaction.otherexpenses.Create_otherExpensesTest@31304f14]" started-at="2026-05-22T17:05:52 IST" name="validateUnitId" description="validateUnitId" finished-at="2026-05-22T17:05:52 IST" depends-on-methods="com.onsite.transaction.otherexpenses.Create_otherExpensesTest.createOtherExpense" duration-ms="2" status="PASS">
          <reporter-output>
          </reporter-output>
        </test-method> <!-- validateUnitId -->
        <test-method signature="validateDueDays()[pri:24, instance:com.onsite.transaction.otherexpenses.Create_otherExpensesTest@31304f14]" started-at="2026-05-22T17:05:52 IST" name="validateDueDays" description="validateDueDays" finished-at="2026-05-22T17:05:52 IST" depends-on-methods="com.onsite.transaction.otherexpenses.Create_otherExpensesTest.createOtherExpense" duration-ms="9" status="PASS">
          <reporter-output>
          </reporter-output>
        </test-method> <!-- validateDueDays -->
        <test-method signature="validateEarningType()[pri:24, instance:com.onsite.transaction.otherexpenses.Create_otherExpensesTest@31304f14]" started-at="2026-05-22T17:05:52 IST" name="validateEarningType" description="validateEarningType" finished-at="2026-05-22T17:05:52 IST" depends-on-methods="com.onsite.transaction.otherexpenses.Create_otherExpensesTest.createOtherExpense" duration-ms="15" status="PASS">
          <reporter-output>
          </reporter-output>
        </test-method> <!-- validateEarningType -->
        <test-method signature="validateShipToAddressId()[pri:25, instance:com.onsite.transaction.otherexpenses.Create_otherExpensesTest@31304f14]" started-at="2026-05-22T17:05:52 IST" name="validateShipToAddressId" description="validateShipToAddressId" finished-at="2026-05-22T17:05:52 IST" depends-on-methods="com.onsite.transaction.otherexpenses.Create_otherExpensesTest.createOtherExpense" duration-ms="27" status="PASS">
          <reporter-output>
          </reporter-output>
        </test-method> <!-- validateShipToAddressId -->
        <test-method signature="validateBillToAddressId()[pri:26, instance:com.onsite.transaction.otherexpenses.Create_otherExpensesTest@31304f14]" started-at="2026-05-22T17:05:52 IST" name="validateBillToAddressId" description="validateBillToAddressId" finished-at="2026-05-22T17:05:52 IST" depends-on-methods="com.onsite.transaction.otherexpenses.Create_otherExpensesTest.createOtherExpense" duration-ms="147" status="PASS">
          <reporter-output>
          </reporter-output>
        </test-method> <!-- validateBillToAddressId -->
        <test-method signature="validateShipFromAddressId()[pri:27, instance:com.onsite.transaction.otherexpenses.Create_otherExpensesTest@31304f14]" started-at="2026-05-22T17:05:52 IST" name="validateShipFromAddressId" description="validateShipFromAddressId" finished-at="2026-05-22T17:05:52 IST" depends-on-methods="com.onsite.transaction.otherexpenses.Create_otherExpensesTest.createOtherExpense" duration-ms="8" status="PASS">
          <reporter-output>
          </reporter-output>
        </test-method> <!-- validateShipFromAddressId -->
        <test-method signature="validateBillFromAddressId()[pri:28, instance:com.onsite.transaction.otherexpenses.Create_otherExpensesTest@31304f14]" started-at="2026-05-22T17:05:52 IST" name="validateBillFromAddressId" description="validateBillFromAddressId" finished-at="2026-05-22T17:05:52 IST" depends-on-methods="com.onsite.transaction.otherexpenses.Create_otherExpensesTest.createOtherExpense" duration-ms="8" status="PASS">
          <reporter-output>
          </reporter-output>
        </test-method> <!-- validateBillFromAddressId -->
        <test-method signature="validateIsGstPercent()[pri:29, instance:com.onsite.transaction.otherexpenses.Create_otherExpensesTest@31304f14]" started-at="2026-05-22T17:05:52 IST" name="validateIsGstPercent" description="validateIsGstPercent" finished-at="2026-05-22T17:05:52 IST" depends-on-methods="com.onsite.transaction.otherexpenses.Create_otherExpensesTest.createOtherExpense" duration-ms="26" status="PASS">
          <reporter-output>
          </reporter-output>
        </test-method> <!-- validateIsGstPercent -->
        <test-method signature="validateIsRoundOff()[pri:30, instance:com.onsite.transaction.otherexpenses.Create_otherExpensesTest@31304f14]" started-at="2026-05-22T17:05:52 IST" name="validateIsRoundOff" description="validateIsRoundOff" finished-at="2026-05-22T17:05:52 IST" depends-on-methods="com.onsite.transaction.otherexpenses.Create_otherExpensesTest.createOtherExpense" duration-ms="4" status="PASS">
          <reporter-output>
          </reporter-output>
        </test-method> <!-- validateIsRoundOff -->
        <test-method signature="validateVendorBillNumber()[pri:31, instance:com.onsite.transaction.otherexpenses.Create_otherExpensesTest@31304f14]" started-at="2026-05-22T17:05:52 IST" name="validateVendorBillNumber" description="validateVendorBillNumber" finished-at="2026-05-22T17:05:52 IST" depends-on-methods="com.onsite.transaction.otherexpenses.Create_otherExpensesTest.createOtherExpense" duration-ms="14" status="PASS">
          <reporter-output>
          </reporter-output>
        </test-method> <!-- validateVendorBillNumber -->
        <test-method signature="validateEquipmentStockId()[pri:32, instance:com.onsite.transaction.otherexpenses.Create_otherExpensesTest@31304f14]" started-at="2026-05-22T17:05:52 IST" name="validateEquipmentStockId" description="validateEquipmentStockId" finished-at="2026-05-22T17:05:52 IST" depends-on-methods="com.onsite.transaction.otherexpenses.Create_otherExpensesTest.createOtherExpense" duration-ms="2" status="PASS">
          <reporter-output>
          </reporter-output>
        </test-method> <!-- validateEquipmentStockId -->
        <test-method signature="validateBillingActivityId()[pri:33, instance:com.onsite.transaction.otherexpenses.Create_otherExpensesTest@31304f14]" started-at="2026-05-22T17:05:52 IST" name="validateBillingActivityId" description="validateBillingActivityId" finished-at="2026-05-22T17:05:52 IST" depends-on-methods="com.onsite.transaction.otherexpenses.Create_otherExpensesTest.createOtherExpense" duration-ms="2" status="PASS">
          <reporter-output>
          </reporter-output>
        </test-method> <!-- validateBillingActivityId -->
      </class> <!-- com.onsite.transaction.otherexpenses.Create_otherExpensesTest -->
    </test> <!-- Default test -->
  </suite> <!-- Default suite -->
</testng-results>
