<?xml version="1.0" encoding="UTF-8"?>
<testng-results ignored="0" total="1" passed="1" failed="0" skipped="0">
  <reporter-output>
  </reporter-output>
  <suite started-at="2026-07-31T18:00:54 IST" name="Default suite" finished-at="2026-07-31T18:00:59 IST" duration-ms="5285">
    <groups>
    </groups>
    <test started-at="2026-07-31T18:00:54 IST" name="Default test" finished-at="2026-07-31T18:00:59 IST" duration-ms="5285">
      <class name="com.onsite.materialReturn_testpage.Details_MaterialRequest_Test">
        <test-method signature="detailMaterialReturn(java.lang.String)[pri:1, instance:com.onsite.materialReturn_testpage.Details_MaterialRequest_Test@6379eb]" started-at="2026-07-31T18:00:54 IST" name="detailMaterialReturn" data-provider="materialReturn" finished-at="2026-07-31T18:00:59 IST" duration-ms="5183" status="PASS">
          <params>
            <param index="0">
              <value>
                <![CDATA[41a40d22-00de-40a3-aa24-e5e9a7dd84c4]]>
              </value>
            </param>
          </params>
          <reporter-output>
          </reporter-output>
        </test-method> <!-- detailMaterialReturn -->
      </class> <!-- com.onsite.materialReturn_testpage.Details_MaterialRequest_Test -->
    </test> <!-- Default test -->
  </suite> <!-- Default suite -->
</testng-results>
