<?xml version="1.0" encoding="UTF-8"?>
<testng-results ignored="0" total="1" passed="1" failed="0" skipped="0">
  <reporter-output>
  </reporter-output>
  <suite started-at="2026-08-11T17:12:04 IST" name="Default suite" finished-at="2026-08-11T17:12:10 IST" duration-ms="6190">
    <groups>
    </groups>
    <test started-at="2026-08-11T17:12:04 IST" name="Default test" finished-at="2026-08-11T17:12:10 IST" duration-ms="6190">
      <class name="com.onsite.materialReturn_testpage.Edit_materialReturn_test">
        <test-method is-config="true" signature="setUp()[pri:0, instance:com.onsite.materialReturn_testpage.Edit_materialReturn_test@59662a0b]" started-at="2026-08-11T17:12:04 IST" name="setUp" finished-at="2026-08-11T17:12:08 IST" duration-ms="4452" status="PASS">
          <reporter-output>
          </reporter-output>
        </test-method> <!-- setUp -->
        <test-method is-config="true" signature="generateTokenForSuite()[pri:0, instance:com.onsite.materialReturn_testpage.Edit_materialReturn_test@59662a0b]" started-at="2026-08-11T17:12:09 IST" name="generateTokenForSuite" finished-at="2026-08-11T17:12:09 IST" duration-ms="557" status="PASS">
          <reporter-output>
          </reporter-output>
        </test-method> <!-- generateTokenForSuite -->
        <test-method signature="getMaterialReturnEdit(com.onsite.pojo_request.MaterialReturnRequest)[pri:0, instance:com.onsite.materialReturn_testpage.Edit_materialReturn_test@59662a0b]" started-at="2026-08-11T17:12:09 IST" name="getMaterialReturnEdit" data-provider="materialReturn" finished-at="2026-08-11T17:12:10 IST" duration-ms="632" status="PASS">
          <params>
            <param index="0">
              <value>
                <![CDATA[com.onsite.pojo_request.MaterialReturnRequest@5d352de0]]>
              </value>
            </param>
          </params>
          <reporter-output>
          </reporter-output>
        </test-method> <!-- getMaterialReturnEdit -->
      </class> <!-- com.onsite.materialReturn_testpage.Edit_materialReturn_test -->
    </test> <!-- Default test -->
  </suite> <!-- Default suite -->
</testng-results>
