<?xml version="1.0" encoding="UTF-8"?>
<testng-results ignored="0" total="1" passed="1" failed="0" skipped="0">
  <reporter-output>
  </reporter-output>
  <suite started-at="2025-08-04T14:20:15 IST" name="Default suite" finished-at="2025-08-04T14:20:24 IST" duration-ms="8953">
    <groups>
    </groups>
    <test started-at="2025-08-04T14:20:15 IST" name="Default test" finished-at="2025-08-04T14:20:24 IST" duration-ms="8953">
      <class name="com.onsite.timesheet_test_page.TimeSheetSearchTest">
        <test-method is-config="true" signature="generateTokenForSuite()[pri:0, instance:com.onsite.timesheet_test_page.TimeSheetSearchTest@c8c12ac]" started-at="2025-08-04T14:20:06 IST" name="generateTokenForSuite" finished-at="2025-08-04T14:20:15 IST" duration-ms="8403" status="PASS">
          <reporter-output>
          </reporter-output>
        </test-method> <!-- generateTokenForSuite -->
        <test-method is-config="true" signature="setUp()[pri:0, instance:com.onsite.timesheet_test_page.TimeSheetSearchTest@c8c12ac]" started-at="2025-08-04T14:20:15 IST" name="setUp" finished-at="2025-08-04T14:20:18 IST" duration-ms="3246" status="PASS">
          <reporter-output>
          </reporter-output>
        </test-method> <!-- setUp -->
        <test-method signature="searchTimeSheet()[pri:0, instance:com.onsite.timesheet_test_page.TimeSheetSearchTest@c8c12ac]" started-at="2025-08-04T14:20:18 IST" name="searchTimeSheet" finished-at="2025-08-04T14:20:24 IST" duration-ms="5642" status="PASS">
          <reporter-output>
          </reporter-output>
        </test-method> <!-- searchTimeSheet -->
      </class> <!-- com.onsite.timesheet_test_page.TimeSheetSearchTest -->
    </test> <!-- Default test -->
  </suite> <!-- Default suite -->
</testng-results>
