<?xml version="1.0" encoding="UTF-8"?>
<testng-results ignored="3" total="5" passed="2" failed="0" skipped="0">
  <reporter-output>
  </reporter-output>
  <suite started-at="2026-09-16T18:15:43 IST" name="Default suite" finished-at="2026-09-16T18:15:52 IST" duration-ms="8554">
    <groups>
    </groups>
    <test started-at="2026-09-16T18:15:43 IST" name="Default test" finished-at="2026-09-16T18:15:52 IST" duration-ms="8554">
      <class name="com.onsite.salarytemplate.Create_SalaryTemplate_Test">
        <test-method is-config="true" signature="setUp()[pri:0, instance:com.onsite.salarytemplate.Create_SalaryTemplate_Test@38d8f54a]" started-at="2026-09-16T18:15:43 IST" name="setUp" finished-at="2026-09-16T18:15:48 IST" duration-ms="4587" status="PASS">
          <reporter-output>
          </reporter-output>
        </test-method> <!-- setUp -->
        <test-method is-config="true" signature="generateTokenForSuite()[pri:0, instance:com.onsite.salarytemplate.Create_SalaryTemplate_Test@38d8f54a]" started-at="2026-09-16T18:15:49 IST" name="generateTokenForSuite" finished-at="2026-09-16T18:15:51 IST" duration-ms="1569" status="PASS">
          <reporter-output>
          </reporter-output>
        </test-method> <!-- generateTokenForSuite -->
        <test-method signature="create_salarytemplate(java.lang.String)[pri:1, instance:com.onsite.salarytemplate.Create_SalaryTemplate_Test@38d8f54a]" started-at="2026-09-16T18:15:51 IST" name="create_salarytemplate" data-provider="salaryTemplateData" finished-at="2026-09-16T18:15:51 IST" duration-ms="307" status="PASS">
          <params>
            <param index="0">
              <value>
                <![CDATA[{"company_id":"9e87d60c-9bb0-4ede-9fd3-10d9db21e0bc","name":"Salary Template - 3","ctc_amount":25000.0,"gross_amount":25000.0,"net_amount":21750.0,"dayoff":[0],"type":"monthly","basic":{"id":null,"name":"basic","relation_type":"fixed","relation_value":22000.0,"amount":22000.0},"allowance":[{"id":"68b72eb8-6481-4850-99ae-6146f60f20ea","name":"Allowance 1","relation_type":"ctc","relation_value":10.0,"amount":2500.0}],"fixed_allowance":{"id":null,"name":"fixed","relation_type":"fixed","relation_value":0.0,"amount":500.0},"deductions":[{"id":"5523b231-f41e-4473-b3ab-22daa4ddc632","name":"Deduction 1","relation_type":"ctc","relation_value":5.0,"amount":1250.0}],"notes":"testing - 1","is_active":1,"is_pf":1,"is_esic":1,"is_pt":1,"is_lwf":1,"work_state":"MH"}]]>
              </value>
            </param>
          </params>
          <reporter-output>
          </reporter-output>
        </test-method> <!-- create_salarytemplate -->
        <test-method is-config="true" signature="generateTokenForSuite()[pri:0, instance:com.onsite.salarytemplate.Create_SalaryTemplate_Test@38d8f54a]" started-at="2026-09-16T18:15:51 IST" name="generateTokenForSuite" finished-at="2026-09-16T18:15:51 IST" duration-ms="527" status="PASS">
          <reporter-output>
          </reporter-output>
        </test-method> <!-- generateTokenForSuite -->
        <test-method signature="validResponseSchema()[pri:5, instance:com.onsite.salarytemplate.Create_SalaryTemplate_Test@38d8f54a]" started-at="2026-09-16T18:15:51 IST" name="validResponseSchema" finished-at="2026-09-16T18:15:52 IST" depends-on-methods="com.onsite.salarytemplate.Create_SalaryTemplate_Test.create_salarytemplate" duration-ms="194" status="PASS">
          <reporter-output>
          </reporter-output>
        </test-method> <!-- validResponseSchema -->
      </class> <!-- com.onsite.salarytemplate.Create_SalaryTemplate_Test -->
    </test> <!-- Default test -->
  </suite> <!-- Default suite -->
</testng-results>
