<?xml version="1.0" encoding="UTF-8"?>
<testng-results ignored="0" total="1" passed="1" failed="0" skipped="0">
  <reporter-output>
  </reporter-output>
  <suite started-at="2025-07-31T16:11:02 IST" name="Default suite" finished-at="2025-07-31T16:11:14 IST" duration-ms="11716">
    <groups>
    </groups>
    <test started-at="2025-07-31T16:11:02 IST" name="Default test" finished-at="2025-07-31T16:11:14 IST" duration-ms="11716">
      <class name="com.onsite.timesheet_test_page.TimesheetListParty_TestPage">
        <test-method signature="timesheetListParty()[pri:0, instance:com.onsite.timesheet_test_page.TimesheetListParty_TestPage@2e005c4b]" started-at="2025-07-31T16:11:02 IST" name="timesheetListParty" finished-at="2025-07-31T16:11:14 IST" duration-ms="11645" status="PASS">
          <reporter-output>
          </reporter-output>
        </test-method> <!-- timesheetListParty -->
      </class> <!-- com.onsite.timesheet_test_page.TimesheetListParty_TestPage -->
    </test> <!-- Default test -->
  </suite> <!-- Default suite -->
</testng-results>
