<?xml version="1.0" encoding="UTF-8"?>
<testng-results ignored="1" total="14" passed="13" failed="0" skipped="0">
  <reporter-output>
  </reporter-output>
  <suite started-at="2025-12-17T10:52:28 IST" name="functionalTestSuite" finished-at="2025-12-17T10:52:38 IST" duration-ms="9593">
    <groups>
    </groups>
    <test started-at="2025-12-17T10:52:28 IST" name="Payroll" finished-at="2025-12-17T10:52:38 IST" duration-ms="9593">
      <class name="com.onsite.payroll_test_page.ListCompanyUserforPayroll">
        <test-method signature="labourPayrollList()[pri:1, instance:com.onsite.payroll_test_page.ListCompanyUserforPayroll@6302bbb1]" started-at="2025-12-17T10:52:33 IST" name="labourPayrollList" finished-at="2025-12-17T10:52:34 IST" duration-ms="1592" status="PASS">
          <reporter-output>
          </reporter-output>
        </test-method> <!-- labourPayrollList -->
        <test-method signature="saveUserId()[pri:2, instance:com.onsite.payroll_test_page.ListCompanyUserforPayroll@6302bbb1]" started-at="2025-12-17T10:52:34 IST" name="saveUserId" finished-at="2025-12-17T10:52:35 IST" duration-ms="404" status="PASS">
          <reporter-output>
          </reporter-output>
        </test-method> <!-- saveUserId -->
        <test-method signature="staffPayrollList()[pri:3, instance:com.onsite.payroll_test_page.ListCompanyUserforPayroll@6302bbb1]" started-at="2025-12-17T10:52:35 IST" name="staffPayrollList" finished-at="2025-12-17T10:52:35 IST" duration-ms="8" status="PASS">
          <reporter-output>
          </reporter-output>
        </test-method> <!-- staffPayrollList -->
      </class> <!-- com.onsite.payroll_test_page.ListCompanyUserforPayroll -->
      <class name="com.onsite.payroll_test_page.List_Payroll_Test">
        <test-method is-config="true" signature="generateTokenForSuite()[pri:0, instance:com.onsite.payroll_test_page.List_Payroll_Test@18078bef]" started-at="2025-12-17T10:52:27 IST" name="generateTokenForSuite" finished-at="2025-12-17T10:52:28 IST" duration-ms="1324" status="PASS">
          <reporter-output>
          </reporter-output>
        </test-method> <!-- generateTokenForSuite -->
        <test-method is-config="true" signature="setUp()[pri:0, instance:com.onsite.payroll_test_page.List_Payroll_Test@18078bef]" started-at="2025-12-17T10:52:29 IST" name="setUp" finished-at="2025-12-17T10:52:30 IST" duration-ms="1402" status="PASS">
          <reporter-output>
          </reporter-output>
        </test-method> <!-- setUp -->
        <test-method signature="labour_listpayroll()[pri:1, instance:com.onsite.payroll_test_page.List_Payroll_Test@18078bef]" started-at="2025-12-17T10:52:30 IST" name="labour_listpayroll" finished-at="2025-12-17T10:52:33 IST" duration-ms="2671" status="PASS">
          <reporter-output>
          </reporter-output>
        </test-method> <!-- labour_listpayroll -->
        <test-method signature="staff_listpayroll()[pri:2, instance:com.onsite.payroll_test_page.List_Payroll_Test@18078bef]" started-at="2025-12-17T10:52:33 IST" name="staff_listpayroll" finished-at="2025-12-17T10:52:33 IST" duration-ms="1" status="PASS">
          <reporter-output>
          </reporter-output>
        </test-method> <!-- staff_listpayroll -->
      </class> <!-- com.onsite.payroll_test_page.List_Payroll_Test -->
      <class name="com.onsite.payroll_test_page.Is_Payroll_Exist_Test">
        <test-method is-config="true" signature="setUp()[pri:0, instance:com.onsite.payroll_test_page.Is_Payroll_Exist_Test@58253c57]" started-at="2025-12-17T10:52:35 IST" name="setUp" finished-at="2025-12-17T10:52:37 IST" duration-ms="1216" status="PASS">
          <reporter-output>
          </reporter-output>
        </test-method> <!-- setUp -->
        <test-method signature="nonExistPayroll(java.lang.String)[pri:1, instance:com.onsite.payroll_test_page.Is_Payroll_Exist_Test@58253c57]" started-at="2025-12-17T10:52:37 IST" name="nonExistPayroll" data-provider="testData" finished-at="2025-12-17T10:52:37 IST" duration-ms="281" status="PASS">
          <params>
            <param index="0">
              <value>
                <![CDATA[76f6dacf-4486-4d75-b956-1f37240ecfb5]]>
              </value>
            </param>
          </params>
          <reporter-output>
          </reporter-output>
        </test-method> <!-- nonExistPayroll -->
        <test-method signature="nonExistPayroll(java.lang.String)[pri:1, instance:com.onsite.payroll_test_page.Is_Payroll_Exist_Test@58253c57]" started-at="2025-12-17T10:52:37 IST" name="nonExistPayroll" data-provider="testData" finished-at="2025-12-17T10:52:37 IST" duration-ms="238" status="PASS">
          <params>
            <param index="0">
              <value>
                <![CDATA[d00f62ae-8c10-4524-ae4b-85bd055803b8]]>
              </value>
            </param>
          </params>
          <reporter-output>
          </reporter-output>
        </test-method> <!-- nonExistPayroll -->
        <test-method signature="nonExistPayroll(java.lang.String)[pri:1, instance:com.onsite.payroll_test_page.Is_Payroll_Exist_Test@58253c57]" started-at="2025-12-17T10:52:37 IST" name="nonExistPayroll" data-provider="testData" finished-at="2025-12-17T10:52:38 IST" duration-ms="295" status="PASS">
          <params>
            <param index="0">
              <value>
                <![CDATA[d7702eed-7ee9-4029-b9cf-81b2e51ea7d5]]>
              </value>
            </param>
          </params>
          <reporter-output>
          </reporter-output>
        </test-method> <!-- nonExistPayroll -->
        <test-method signature="nonExistPayroll(java.lang.String)[pri:1, instance:com.onsite.payroll_test_page.Is_Payroll_Exist_Test@58253c57]" started-at="2025-12-17T10:52:38 IST" name="nonExistPayroll" data-provider="testData" finished-at="2025-12-17T10:52:38 IST" duration-ms="352" status="PASS">
          <params>
            <param index="0">
              <value>
                <![CDATA[c1358d8f-3156-48c2-bac1-201b6cd8accd]]>
              </value>
            </param>
          </params>
          <reporter-output>
          </reporter-output>
        </test-method> <!-- nonExistPayroll -->
      </class> <!-- com.onsite.payroll_test_page.Is_Payroll_Exist_Test -->
      <class name="com.onsite.payroll_test_page.Payroll_Count_Test">
        <test-method signature="labour_ActiveCount()[pri:1, instance:com.onsite.payroll_test_page.Payroll_Count_Test@5b88b8e]" started-at="2025-12-17T10:52:35 IST" name="labour_ActiveCount" finished-at="2025-12-17T10:52:35 IST" duration-ms="182" status="PASS">
          <reporter-output>
          </reporter-output>
        </test-method> <!-- labour_ActiveCount -->
        <test-method signature="labour_InactiveCount()[pri:2, instance:com.onsite.payroll_test_page.Payroll_Count_Test@5b88b8e]" started-at="2025-12-17T10:52:35 IST" name="labour_InactiveCount" finished-at="2025-12-17T10:52:35 IST" duration-ms="168" status="PASS">
          <reporter-output>
          </reporter-output>
        </test-method> <!-- labour_InactiveCount -->
        <test-method signature="staff_ActiveCount()[pri:3, instance:com.onsite.payroll_test_page.Payroll_Count_Test@5b88b8e]" started-at="2025-12-17T10:52:35 IST" name="staff_ActiveCount" finished-at="2025-12-17T10:52:35 IST" duration-ms="190" status="PASS">
          <reporter-output>
          </reporter-output>
        </test-method> <!-- staff_ActiveCount -->
        <test-method signature="staff_InactiveCount()[pri:4, instance:com.onsite.payroll_test_page.Payroll_Count_Test@5b88b8e]" started-at="2025-12-17T10:52:35 IST" name="staff_InactiveCount" finished-at="2025-12-17T10:52:35 IST" duration-ms="188" status="PASS">
          <reporter-output>
          </reporter-output>
        </test-method> <!-- staff_InactiveCount -->
      </class> <!-- com.onsite.payroll_test_page.Payroll_Count_Test -->
    </test> <!-- Payroll -->
  </suite> <!-- functionalTestSuite -->
</testng-results>
