<?xml version="1.0" encoding="UTF-8"?>
<testng-results ignored="0" total="1" passed="1" failed="0" skipped="0">
  <reporter-output>
  </reporter-output>
  <suite started-at="2025-11-19T22:25:54 IST" name="Default suite" finished-at="2025-11-19T22:26:07 IST" duration-ms="12596">
    <groups>
    </groups>
    <test started-at="2025-11-19T22:25:54 IST" name="Default test" finished-at="2025-11-19T22:26:07 IST" duration-ms="12596">
      <class name="com.onsite.payroll_test_page.EditPayrollAssociateProject">
        <test-method signature="payrollProject(com.onsite.pojo_request.Edit_Project_Associate_Request)[pri:1, instance:com.onsite.payroll_test_page.EditPayrollAssociateProject@6d763516]" started-at="2025-11-19T22:25:55 IST" name="payrollProject" data-provider="changeProject" finished-at="2025-11-19T22:26:07 IST" duration-ms="11935" status="PASS">
          <params>
            <param index="0">
              <value>
                <![CDATA[com.onsite.pojo_request.Edit_Project_Associate_Request@2049a9c1]]>
              </value>
            </param>
          </params>
          <reporter-output>
          </reporter-output>
        </test-method> <!-- payrollProject -->
      </class> <!-- com.onsite.payroll_test_page.EditPayrollAssociateProject -->
    </test> <!-- Default test -->
  </suite> <!-- Default suite -->
</testng-results>
