<?xml version="1.0" encoding="UTF-8"?>
<!-- Generated by org.testng.reporters.JUnitXMLReporter -->
<testsuite ignored="0" hostname="DESKTOP-JKM4S1A" failures="0" tests="3" name="AddMaterialPurchase" time="23.915" errors="0" timestamp="2026-05-05T16:38:40 IST">
  <testcase classname="com.onsite.transaction.materialPurchase_test.Create_materialPurchaseTest" name="addMaterialPurchase" time="10.536"/>
  <testcase classname="com.onsite.transaction.materialPurchase_test.Details_materialPurchase_Test" name="detailsMaterialPurchase" time="7.758"/>
  <testcase classname="com.onsite.deduction_test.Add_Deduction_test" name="addDeductionItem" time="3.897"/>
</testsuite> <!-- AddMaterialPurchase -->
