<?xml version="1.0" encoding="UTF-8"?>
<!-- Generated by org.testng.reporters.JUnitXMLReporter -->
<testsuite ignored="0" hostname="DESKTOP-JKM4S1A" failures="1" tests="2" name="AddMaterialPurchase" time="13.526" errors="0" timestamp="2026-04-02T18:02:41 IST">
  <testcase classname="com.onsite.deduction_test.Add_Deduction_test" name="addDeductionItem" time="0.0">
    <skipped/>
  </testcase> <!-- addDeductionItem -->
  <testcase classname="com.onsite.transaction.materialPurchase_test.Create_materialPurchaseTest" name="addMaterialPurchase" time="11.543">
    <failure type="io.restassured.module.jsv.JsonSchemaValidationException" message="com.github.fge.jsonschema.core.exceptions.ProcessingException: fatal: content at URI &amp;quot;file:/C:/Users/Administrator/git/Api_repository/RestAssuredApiTesting.BDD/target/test-classes/responseSchema_files/materialPurchaseResponseSchema.json#&amp;quot; is not valid JSON
    level: &amp;quot;fatal&amp;quot;
    uri: &amp;quot;file:/C:/Users/Administrator/git/Api_repository/RestAssuredApiTesting.BDD/target/test-classes/responseSchema_files/materialPurchaseResponseSchema.json#&amp;quot;
    parsingMessage: &amp;quot;input has trailing data after first JSON Text&amp;quot;
">
      <![CDATA[io.restassured.module.jsv.JsonSchemaValidationException: com.github.fge.jsonschema.core.exceptions.ProcessingException: fatal: content at URI "file:/C:/Users/Administrator/git/Api_repository/RestAssuredApiTesting.BDD/target/test-classes/responseSchema_files/materialPurchaseResponseSchema.json#" is not valid JSON
    level: "fatal"
    uri: "file:/C:/Users/Administrator/git/Api_repository/RestAssuredApiTesting.BDD/target/test-classes/responseSchema_files/materialPurchaseResponseSchema.json#"
    parsingMessage: "input has trailing data after first JSON Text"

at io.restassured.module.jsv.JsonSchemaValidator.matchesSafely(JsonSchemaValidator.java:233)
at io.restassured.module.jsv.JsonSchemaValidator.matchesSafely(JsonSchemaValidator.java:75)
at org.hamcrest.TypeSafeMatcher.matches(TypeSafeMatcher.java:67)
at io.restassured.internal.assertion.BodyMatcher.validate(BodyMatcher.java:82)
at io.restassured.internal.assertion.BodyMatcherGroup.lambda$validate$0(BodyMatcherGroup.java:30)
at java.base/java.util.stream.ReferencePipeline$3$1.accept(ReferencePipeline.java:197)
at java.base/java.util.ArrayList$ArrayListSpliterator.forEachRemaining(ArrayList.java:1708)
at java.base/java.util.stream.AbstractPipeline.copyInto(AbstractPipeline.java:509)
at java.base/java.util.stream.AbstractPipeline.wrapAndCopyInto(AbstractPipeline.java:499)
at java.base/java.util.stream.ReduceOps$ReduceOp.evaluateSequential(ReduceOps.java:921)
at java.base/java.util.stream.AbstractPipeline.evaluate(AbstractPipeline.java:234)
at java.base/java.util.stream.ReferencePipeline.collect(ReferencePipeline.java:682)
at io.restassured.internal.assertion.BodyMatcherGroup.validate(BodyMatcherGroup.java:30)
at io.restassured.internal.assertion.BodyMatcherGroup$validate$3.call(Unknown Source)
at org.codehaus.groovy.runtime.callsite.CallSiteArray.defaultCall(CallSiteArray.java:45)
at org.codehaus.groovy.runtime.callsite.AbstractCallSite.call(AbstractCallSite.java:125)
at org.codehaus.groovy.runtime.callsite.AbstractCallSite.call(AbstractCallSite.java:157)
at io.restassured.internal.ResponseSpecificationImpl$HamcrestAssertionClosure.validate(ResponseSpecificationImpl.groovy:499)
at io.restassured.internal.ResponseSpecificationImpl$HamcrestAssertionClosure$validate$1.call(Unknown Source)
at org.codehaus.groovy.runtime.callsite.CallSiteArray.defaultCall(CallSiteArray.java:45)
at org.codehaus.groovy.runtime.callsite.AbstractCallSite.call(AbstractCallSite.java:125)
at org.codehaus.groovy.runtime.callsite.AbstractCallSite.call(AbstractCallSite.java:139)
at io.restassured.internal.ResponseSpecificationImpl.validateResponseIfRequired(ResponseSpecificationImpl.groovy:696)
at io.restassured.internal.ResponseSpecificationImpl.this$2$validateResponseIfRequired(ResponseSpecificationImpl.groovy)
at org.codehaus.groovy.runtime.callsite.PlainObjectMetaMethodSite.doInvoke(PlainObjectMetaMethodSite.java:43)
at org.codehaus.groovy.runtime.callsite.PogoMetaMethodSite$PogoCachedMethodSiteNoUnwrapNoCoerce.invoke(PogoMetaMethodSite.java:198)
at org.codehaus.groovy.runtime.callsite.PogoMetaMethodSite.callCurrent(PogoMetaMethodSite.java:62)
at org.codehaus.groovy.runtime.callsite.CallSiteArray.defaultCallCurrent(CallSiteArray.java:49)
at org.codehaus.groovy.runtime.callsite.AbstractCallSite.callCurrent(AbstractCallSite.java:171)
at org.codehaus.groovy.runtime.callsite.AbstractCallSite.callCurrent(AbstractCallSite.java:185)
at io.restassured.internal.ResponseSpecificationImpl.body(ResponseSpecificationImpl.groovy:107)
at io.restassured.internal.ValidatableResponseOptionsImpl.body(ValidatableResponseOptionsImpl.java:238)
at com.onsite.transaction.materialPurchase_test.Create_materialPurchaseTest.addMaterialPurchase(Create_materialPurchaseTest.java:93)
at java.base/java.util.concurrent.ThreadPoolExecutor.runWorker(ThreadPoolExecutor.java:1144)
at java.base/java.util.concurrent.ThreadPoolExecutor$Worker.run(ThreadPoolExecutor.java:642)
at java.base/java.lang.Thread.run(Thread.java:1583)
Caused by: com.github.fge.jsonschema.core.exceptions.ProcessingException: fatal: content at URI "file:/C:/Users/Administrator/git/Api_repository/RestAssuredApiTesting.BDD/target/test-classes/responseSchema_files/materialPurchaseResponseSchema.json#" is not valid JSON
    level: "fatal"
    uri: "file:/C:/Users/Administrator/git/Api_repository/RestAssuredApiTesting.BDD/target/test-classes/responseSchema_files/materialPurchaseResponseSchema.json#"
    parsingMessage: "input has trailing data after first JSON Text"

at com.github.fge.jsonschema.core.load.URIManager.getContent(URIManager.java:113)
at com.github.fge.jsonschema.core.load.SchemaLoader$1.load(SchemaLoader.java:114)
at com.github.fge.jsonschema.core.load.SchemaLoader$1.load(SchemaLoader.java:108)
at com.google.common.cache.LocalCache$LoadingValueReference.loadFuture(LocalCache.java:3574)
at com.google.common.cache.LocalCache$Segment.loadSync(LocalCache.java:2316)
at com.google.common.cache.LocalCache$Segment.lockedGetOrLoad(LocalCache.java:2189)
at com.google.common.cache.LocalCache$Segment.get(LocalCache.java:2079)
at com.google.common.cache.LocalCache.get(LocalCache.java:4017)
at com.google.common.cache.LocalCache.getOrLoad(LocalCache.java:4040)
at com.google.common.cache.LocalCache$LocalLoadingCache.get(LocalCache.java:4989)
at com.github.fge.jsonschema.core.load.SchemaLoader.get(SchemaLoader.java:171)
at com.github.fge.jsonschema.main.JsonValidator.buildJsonSchema(JsonValidator.java:211)
at com.github.fge.jsonschema.main.JsonSchemaFactory.getJsonSchema(JsonSchemaFactory.java:224)
at io.restassured.module.jsv.JsonSchemaValidator.matchesSafely(JsonSchemaValidator.java:221)
... 47 more
... Removed 12 stack frames]]>
    </failure>
  </testcase> <!-- addMaterialPurchase -->
</testsuite> <!-- AddMaterialPurchase -->
