<?xml version="1.0" encoding="UTF-8"?>
<!-- Generated by org.testng.reporters.JUnitXMLReporter -->
<testsuite ignored="5" hostname="DESKTOP-JKM4S1A" failures="6" tests="11" name="CreditNote" time="48.264" errors="0" timestamp="2025-09-19T14:30:51 IST">
  <testcase classname="com.onsite.base_page.Base_Page" name="@BeforeClass setUp" time="0.335">
    <failure type="java.lang.RuntimeException" message="First API failed: HTTP/1.1 502 Bad Gateway">
      <![CDATA[java.lang.RuntimeException: First API failed: HTTP/1.1 502 Bad Gateway
at com.onsite.utilities_page.AuthUtils.getToken(AuthUtils.java:34)
at com.onsite.base_page.Base_Page.setUp(Base_Page.java:25)
at java.base/java.util.ArrayList.forEach(ArrayList.java:1596)
... Removed 23 stack frames]]>
    </failure>
  </testcase> <!-- @BeforeClass setUp -->
  <testcase classname="com.onsite.creditnote_test_page.CreditNoteCreateTest" name="postCreditNote" time="3.642">
    <failure type="java.lang.AssertionError" message="Invalid company_user_id: Can not find party company user">
      <![CDATA[java.lang.AssertionError: Invalid company_user_id: Can not find party company user
at com.onsite.creditnote_test_page.CreditNoteCreateTest.validateRequiredFieldsOnError(CreditNoteCreateTest.java:95)
at com.onsite.creditnote_test_page.CreditNoteCreateTest.postCreditNote(CreditNoteCreateTest.java:80)
at java.base/java.util.ArrayList.forEach(ArrayList.java:1596)
... Removed 26 stack frames]]>
    </failure>
  </testcase> <!-- postCreditNote -->
  <testcase classname="com.onsite.creditnote_test_page.CreditNoteCreateTest" name="getCreditNote" time="0.0">
    <skipped/>
  </testcase> <!-- getCreditNote -->
  <testcase classname="com.onsite.creditnote_test_page.CreditNoteAddItemTest" name="addCreditItem" time="20.637">
    <failure type="java.lang.RuntimeException" message="First API failed: HTTP/1.1 502 Bad Gateway">
      <![CDATA[java.lang.RuntimeException: First API failed: HTTP/1.1 502 Bad Gateway
at com.onsite.utilities_page.AuthUtils.getToken(AuthUtils.java:34)
at com.onsite.creditnote_test_page.CreditNoteAddItemTest.addCreditItem(CreditNoteAddItemTest.java:200)
at java.base/java.util.ArrayList.forEach(ArrayList.java:1596)
... Removed 25 stack frames]]>
    </failure>
  </testcase> <!-- addCreditItem -->
  <testcase classname="com.onsite.creditnote_test_page.CreditNoteEditTest" name="editCreditNote" time="4.632"/>
  <testcase classname="com.onsite.creditnote_test_page.CreditNoteEditTest" name="editCreditNote" time="0.542">
    <failure type="java.lang.RuntimeException" message="First API failed: HTTP/1.1 502 Bad Gateway">
      <![CDATA[java.lang.RuntimeException: First API failed: HTTP/1.1 502 Bad Gateway
at com.onsite.utilities_page.AuthUtils.getToken(AuthUtils.java:34)
at com.onsite.creditnote_test_page.CreditNoteEditTest.editCreditNote(CreditNoteEditTest.java:40)
at java.base/java.util.ArrayList.forEach(ArrayList.java:1596)
... Removed 25 stack frames]]>
    </failure>
  </testcase> <!-- editCreditNote -->
  <testcase classname="com.onsite.creditnote_test_page.CreditNoteEditTest" name="getCreditNote" time="0.001">
    <skipped/>
  </testcase> <!-- getCreditNote -->
  <testcase classname="com.onsite.creditnote_test_page.CreditNoteDeleteTest" name="deleteCreditNote" time="0.0">
    <skipped/>
  </testcase> <!-- deleteCreditNote -->
  <testcase classname="com.onsite.creditnote_test_page.CreditNoteUploadFileTest" name="uploadTest" time="0.005">
    <failure type="java.lang.AssertionError" message="file not found :sample.png expected [true] but found [false]">
      <![CDATA[java.lang.AssertionError: file not found :sample.png expected [true] but found [false]
at com.onsite.creditnote_test_page.CreditNoteUploadFileTest.uploadTest(CreditNoteUploadFileTest.java:35)
at java.base/java.util.ArrayList.forEach(ArrayList.java:1596)
... Removed 28 stack frames]]>
    </failure>
  </testcase> <!-- uploadTest -->
  <testcase classname="com.onsite.creditnote_test_page.CreditNoteUploadFileTest" name="uploadTest" time="0.002">
    <failure type="java.lang.AssertionError" message="file not found :sample.xlsx expected [true] but found [false]">
      <![CDATA[java.lang.AssertionError: file not found :sample.xlsx expected [true] but found [false]
at com.onsite.creditnote_test_page.CreditNoteUploadFileTest.uploadTest(CreditNoteUploadFileTest.java:35)
at java.base/java.util.ArrayList.forEach(ArrayList.java:1596)
... Removed 28 stack frames]]>
    </failure>
  </testcase> <!-- uploadTest -->
  <testcase classname="com.onsite.creditnote_test_page.CreditNoteUploadFileTest" name="uploadTest" time="0.001">
    <failure type="java.lang.AssertionError" message="file not found :sample.pdf expected [true] but found [false]">
      <![CDATA[java.lang.AssertionError: file not found :sample.pdf expected [true] but found [false]
at com.onsite.creditnote_test_page.CreditNoteUploadFileTest.uploadTest(CreditNoteUploadFileTest.java:35)
at java.base/java.util.ArrayList.forEach(ArrayList.java:1596)
... Removed 28 stack frames]]>
    </failure>
  </testcase> <!-- uploadTest -->
  <testcase classname="com.onsite.creditnote_test_page.CreditNoteApprovalTest" name="approvalCreditNote" time="4.116"/>
  <testcase classname="com.onsite.utilities_page.BaseToken" name="@BeforeSuite generateTokenForSuite" time="0.0">
    <ignored/>
  </testcase> <!-- @BeforeSuite generateTokenForSuite -->
  <testcase classname="com.onsite.utilities_page.BaseToken" name="@BeforeSuite generateTokenForSuite" time="0.0">
    <ignored/>
  </testcase> <!-- @BeforeSuite generateTokenForSuite -->
  <testcase classname="com.onsite.utilities_page.BaseToken" name="@BeforeSuite generateTokenForSuite" time="0.0">
    <ignored/>
  </testcase> <!-- @BeforeSuite generateTokenForSuite -->
  <testcase classname="com.onsite.utilities_page.BaseToken" name="@BeforeSuite generateTokenForSuite" time="0.0">
    <ignored/>
  </testcase> <!-- @BeforeSuite generateTokenForSuite -->
  <testcase classname="com.onsite.utilities_page.BaseToken" name="@BeforeSuite generateTokenForSuite" time="0.0">
    <ignored/>
  </testcase> <!-- @BeforeSuite generateTokenForSuite -->
</testsuite> <!-- CreditNote -->
