<?xml version="1.0" encoding="UTF-8"?>
<!-- Generated by org.testng.reporters.JUnitXMLReporter -->
<testsuite ignored="2" hostname="DESKTOP-JKM4S1A" failures="1" tests="11" name="LabourPayroll" time="11.865" errors="0" timestamp="2025-12-24T18:52:06 IST">
  <testcase classname="com.onsite.LabourPayroll_testpage.Payroll_Count_Test" name="labourActiveCountBeforeCreate" time="0.284"/>
  <testcase classname="com.onsite.LabourPayroll_testpage.Payroll_Count_Test" name="labourActiveCountAfterCreate" time="0.19">
    <failure type="java.lang.AssertionError" message="Active payroll count did NOT increase after payroll creation expected [1] but found [0]">
      <![CDATA[java.lang.AssertionError: Active payroll count did NOT increase after payroll creation expected [1] but found [0]
at com.onsite.LabourPayroll_testpage.Payroll_Count_Test.labourActiveCountAfterCreate(Payroll_Count_Test.java:112)
at java.base/java.util.ArrayList.forEach(ArrayList.java:1596)
... Removed 30 stack frames]]>
    </failure>
  </testcase> <!-- labourActiveCountAfterCreate -->
  <testcase classname="com.onsite.LabourPayroll_testpage.ListCompanyUserforPayroll" name="labourTypeList" time="1.68"/>
  <testcase classname="com.onsite.LabourPayroll_testpage.ListCompanyUserforPayroll" name="saveLabourUserId" time="0.314"/>
  <testcase classname="com.onsite.LabourPayroll_testpage.Is_Payroll_Exist_Test" name="nonExistPayroll" time="0.352"/>
  <testcase classname="com.onsite.LabourPayroll_testpage.Add_LabourPayroll_Test" name="createLabourPayroll" time="1.776"/>
  <testcase classname="com.onsite.LabourPayroll_testpage.Add_LabourPayroll_Test" name="detailPayroll" time="1.887"/>
  <testcase classname="com.onsite.LabourPayroll_testpage.List_Payroll_Test" name="labourPayrollList" time="1.623"/>
  <testcase classname="com.onsite.LabourPayroll_testpage.List_Payroll_Test" name="payrollIdValiadation" time="0.318"/>
  <testcase classname="com.onsite.LabourPayroll_testpage.Hide_Payroll" name="hiddenPayroll" time="0.262"/>
  <testcase classname="com.onsite.LabourPayroll_testpage.Show_Payroll_Test" name="showPayroll" time="0.281"/>
  <testcase classname="com.onsite.LabourPayroll_testpage.Payroll_Count_Test" name="labour_InactiveCount" time="0.0">
    <ignored/>
  </testcase> <!-- labour_InactiveCount -->
  <testcase classname="com.onsite.utilities_page.BaseToken" name="@BeforeSuite generateTokenForSuite" time="0.0">
    <ignored/>
  </testcase> <!-- @BeforeSuite generateTokenForSuite -->
</testsuite> <!-- LabourPayroll -->
