<?xml version="1.0" encoding="UTF-8"?>
<!-- Generated by org.testng.reporters.JUnitXMLReporter -->
<testsuite ignored="2" hostname="DESKTOP-JKM4S1A" failures="2" tests="13" name="LabourPayroll" time="13.164" errors="0" timestamp="2025-12-26T17:19:00 IST">
  <testcase classname="com.onsite.LabourPayroll_testpage.Show_Payroll_Test" name="showPayroll" time="0.623"/>
  <testcase classname="com.onsite.LabourPayroll_testpage.Hide_Payroll" name="hiddenPayroll" time="0.392"/>
  <testcase classname="com.onsite.LabourPayroll_testpage.ListCompanyUserforPayroll" name="labourTypeList" time="2.077"/>
  <testcase classname="com.onsite.LabourPayroll_testpage.ListCompanyUserforPayroll" name="saveLabourUserId" time="0.006"/>
  <testcase classname="com.onsite.LabourPayroll_testpage.Is_Payroll_Exist_Test" name="nonExistPayroll" time="0.264"/>
  <testcase classname="com.onsite.LabourPayroll_testpage.Is_Payroll_Exist_Test" name="saveUseIds" time="0.02"/>
  <testcase classname="com.onsite.LabourPayroll_testpage.Add_LabourPayroll_Test" name="createLabourPayroll" time="2.407"/>
  <testcase classname="com.onsite.LabourPayroll_testpage.Add_LabourPayroll_Test" name="detailPayroll" time="2.776"/>
  <testcase classname="com.onsite.LabourPayroll_testpage.Is_Payroll_Exist_Test" name="existPayroll" time="0.196">
    <failure type="java.lang.NullPointerException" message="Cannot invoke &amp;quot;java.lang.Integer.intValue()&amp;quot; because &amp;quot;payrollExistFlag&amp;quot; is null">
      <![CDATA[java.lang.NullPointerException: Cannot invoke "java.lang.Integer.intValue()" because "payrollExistFlag" is null
at com.onsite.LabourPayroll_testpage.Is_Payroll_Exist_Test.existPayroll(Is_Payroll_Exist_Test.java:159)
at java.base/java.util.ArrayList.forEach(ArrayList.java:1596)
... Removed 25 stack frames]]>
    </failure>
  </testcase> <!-- existPayroll -->
  <testcase classname="com.onsite.LabourPayroll_testpage.Payroll_Count_Test" name="labourActiveCountBeforeCreate" time="0.196"/>
  <testcase classname="com.onsite.LabourPayroll_testpage.List_Payroll_Test" name="labourPayrollList" time="0.0">
    <skipped/>
  </testcase> <!-- labourPayrollList -->
  <testcase classname="com.onsite.LabourPayroll_testpage.List_Payroll_Test" name="payrollIdValiadation" time="0.0">
    <skipped/>
  </testcase> <!-- payrollIdValiadation -->
  <testcase classname="com.onsite.LabourPayroll_testpage.Payroll_Count_Test" name="labourActiveCountAfterCreate" time="0.303">
    <failure type="java.lang.AssertionError" message="Active payroll count did NOT increase after payroll creation expected [1] but found [0]">
      <![CDATA[java.lang.AssertionError: Active payroll count did NOT increase after payroll creation expected [1] but found [0]
at com.onsite.LabourPayroll_testpage.Payroll_Count_Test.labourActiveCountAfterCreate(Payroll_Count_Test.java:112)
at java.base/java.util.ArrayList.forEach(ArrayList.java:1596)
... Removed 30 stack frames]]>
    </failure>
  </testcase> <!-- labourActiveCountAfterCreate -->
  <testcase classname="com.onsite.LabourPayroll_testpage.Payroll_Count_Test" name="labour_InactiveCount" time="0.0">
    <ignored/>
  </testcase> <!-- labour_InactiveCount -->
  <testcase classname="com.onsite.utilities_page.BaseToken" name="@BeforeSuite generateTokenForSuite" time="0.0">
    <ignored/>
  </testcase> <!-- @BeforeSuite generateTokenForSuite -->
</testsuite> <!-- LabourPayroll -->
