<?xml version="1.0" encoding="UTF-8"?>
<!-- Generated by org.testng.reporters.JUnitXMLReporter -->
<testsuite ignored="2" hostname="DESKTOP-JKM4S1A" failures="1" tests="9" name="LabourPayroll" time="11.292" errors="0" timestamp="2025-12-22T16:58:26 IST">
  <testcase classname="com.onsite.LabourPayroll_testpage.Payroll_Count_Test" name="labourActiveCountBeforeCreate" time="0.276"/>
  <testcase classname="com.onsite.LabourPayroll_testpage.Payroll_Count_Test" name="labourActiveCountAfterCreate" time="0.201">
    <failure type="java.lang.AssertionError" message="Active payroll count did NOT increase after payroll creation expected [1] but found [0]">
      <![CDATA[java.lang.AssertionError: Active payroll count did NOT increase after payroll creation expected [1] but found [0]
at com.onsite.LabourPayroll_testpage.Payroll_Count_Test.labourActiveCountAfterCreate(Payroll_Count_Test.java:112)
at java.base/java.util.ArrayList.forEach(ArrayList.java:1596)
... Removed 30 stack frames]]>
    </failure>
  </testcase> <!-- labourActiveCountAfterCreate -->
  <testcase classname="com.onsite.LabourPayroll_testpage.ListCompanyUserforPayroll" name="labourTypeList" time="1.547"/>
  <testcase classname="com.onsite.LabourPayroll_testpage.ListCompanyUserforPayroll" name="saveLabourUserId" time="0.304"/>
  <testcase classname="com.onsite.LabourPayroll_testpage.Is_Payroll_Exist_Test" name="nonExistPayroll" time="0.34"/>
  <testcase classname="com.onsite.LabourPayroll_testpage.Add_LabourPayroll_Test" name="createLabourPayroll" time="1.423"/>
  <testcase classname="com.onsite.LabourPayroll_testpage.Add_LabourPayroll_Test" name="detailPayroll" time="2.04"/>
  <testcase classname="com.onsite.LabourPayroll_testpage.List_Payroll_Test" name="labourPayrollList" time="1.59"/>
  <testcase classname="com.onsite.LabourPayroll_testpage.List_Payroll_Test" name="payrollIdValiadation" time="0.33"/>
  <testcase classname="com.onsite.LabourPayroll_testpage.Payroll_Count_Test" name="labour_InactiveCount" time="0.0">
    <ignored/>
  </testcase> <!-- labour_InactiveCount -->
  <testcase classname="com.onsite.utilities_page.BaseToken" name="@BeforeSuite generateTokenForSuite" time="0.0">
    <ignored/>
  </testcase> <!-- @BeforeSuite generateTokenForSuite -->
</testsuite> <!-- LabourPayroll -->
