<html>
<head>
<title>TestNG:  Mom</title>
<link href="../testng.css" rel="stylesheet" type="text/css" />
<link href="../my-testng.css" rel="stylesheet" type="text/css" />

<style type="text/css">
.log { display: none;} 
.stack-trace { display: none;} 
</style>
<script type="text/javascript">
<!--
function flip(e) {
  current = e.style.display;
  if (current == 'block') {
    e.style.display = 'none';
    return 0;
  }
  else {
    e.style.display = 'block';
    return 1;
  }
}

function toggleBox(szDivId, elem, msg1, msg2)
{
  var res = -1;  if (document.getElementById) {
    res = flip(document.getElementById(szDivId));
  }
  else if (document.all) {
    // this is the way old msie versions work
    res = flip(document.all[szDivId]);
  }
  if(elem) {
    if(res == 0) elem.innerHTML = msg1; else elem.innerHTML = msg2;
  }

}

function toggleAllBoxes() {
  if (document.getElementsByTagName) {
    d = document.getElementsByTagName('div');
    for (i = 0; i < d.length; i++) {
      if (d[i].className == 'log') {
        flip(d[i]);
      }
    }
  }
}

// -->
</script>

</head>
<body>
<h2 align='center'>Mom</h2><table border='1' align="center">
<tr>
<td>Tests passed/Failed/Skipped:</td><td>11/3/0</td>
</tr><tr>
<td>Started on:</td><td>Fri Sep 19 14:30:51 IST 2025</td>
</tr>
<tr><td>Total time:</td><td>77 seconds (77339 ms)</td>
</tr><tr>
<td>Included groups:</td><td></td>
</tr><tr>
<td>Excluded groups:</td><td></td>
</tr>
</table><p/>
<small><i>(Hover the method name to see the test class name)</i></small><p/>
<table width='100%' border='1' class='invocation-failed'>
<tr><td colspan='4' align='center'><b>FAILED TESTS</b></td></tr>
<tr><td><b>Test method</b></td>
<td width="30%"><b>Exception</b></td>
<td width="10%"><b>Time (seconds)</b></td>
<td><b>Instance</b></td>
</tr>
<tr>
<td title='com.onsite.mom_test_page.Edit_MOM_Test.getlistAttendeeMom()'><b>getlistAttendeeMom</b><br>Test class: com.onsite.mom_test_page.Edit_MOM_Test<br>Parameters: com.onsite.pojo_request.MOM_Request@408bb173</td>
<td><div><pre>java.lang.AssertionError: mandatory field is empty: creator
	at com.onsite.mom_test_page.Edit_MOM_Test.getlistAttendeeMom(Edit_MOM_Test.java:228)
	at java.base/java.util.ArrayList.forEach(ArrayList.java:1596)
... Removed 26 stack frames</pre></div><a href='#' onClick='toggleBox("stack-trace1469906116", this, "Click to show all stack frames", "Click to hide stack frames")'>Click to show all stack frames</a>
<div class='stack-trace' id='stack-trace1469906116'><pre>java.lang.AssertionError: mandatory field is empty: creator
	at org.testng.Assert.fail(Assert.java:99)
	at com.onsite.mom_test_page.Edit_MOM_Test.getlistAttendeeMom(Edit_MOM_Test.java:228)
	at java.base/jdk.internal.reflect.DirectMethodHandleAccessor.invoke(DirectMethodHandleAccessor.java:103)
	at java.base/java.lang.reflect.Method.invoke(Method.java:580)
	at org.testng.internal.MethodInvocationHelper.invokeMethod(MethodInvocationHelper.java:133)
	at org.testng.internal.TestInvoker.invokeMethod(TestInvoker.java:598)
	at org.testng.internal.TestInvoker.invokeTestMethod(TestInvoker.java:173)
	at org.testng.internal.MethodRunner.runInSequence(MethodRunner.java:46)
	at org.testng.internal.TestInvoker$MethodInvocationAgent.invoke(TestInvoker.java:824)
	at org.testng.internal.TestInvoker.invokeTestMethods(TestInvoker.java:146)
	at org.testng.internal.TestMethodWorker.invokeTestMethods(TestMethodWorker.java:146)
	at org.testng.internal.TestMethodWorker.run(TestMethodWorker.java:128)
	at java.base/java.util.ArrayList.forEach(ArrayList.java:1596)
	at org.testng.TestRunner.privateRun(TestRunner.java:794)
	at org.testng.TestRunner.run(TestRunner.java:596)
	at org.testng.SuiteRunner.runTest(SuiteRunner.java:377)
	at org.testng.SuiteRunner.runSequentially(SuiteRunner.java:371)
	at org.testng.SuiteRunner.privateRun(SuiteRunner.java:332)
	at org.testng.SuiteRunner.run(SuiteRunner.java:276)
	at org.testng.SuiteRunnerWorker.runSuite(SuiteRunnerWorker.java:53)
	at org.testng.SuiteRunnerWorker.run(SuiteRunnerWorker.java:96)
	at org.testng.TestNG.runSuitesSequentially(TestNG.java:1212)
	at org.testng.TestNG.runSuitesLocally(TestNG.java:1134)
	at org.testng.TestNG.runSuites(TestNG.java:1063)
	at org.testng.TestNG.run(TestNG.java:1031)
	at org.testng.remote.AbstractRemoteTestNG.run(AbstractRemoteTestNG.java:115)
	at org.testng.remote.RemoteTestNG.initAndRun(RemoteTestNG.java:251)
	at org.testng.remote.RemoteTestNG.main(RemoteTestNG.java:77)
</pre></div></td>
<td>3</td>
<td>com.onsite.mom_test_page.Edit_MOM_Test@4116aac9</td></tr>
<tr>
<td title='com.onsite.mom_test_page.Edit_MOM_Test.geteditdata()'><b>geteditdata</b><br>Test class: com.onsite.mom_test_page.Edit_MOM_Test<br>Parameters: com.onsite.pojo_request.MOM_Request@72b4ecb2</td>
<td><div><pre>java.lang.AssertionError: : mom creator id si mismatch expected [null] but found [c5b0bdca-6941-4411-aa64-369f6bb8cc32]
	at com.onsite.mom_test_page.Edit_MOM_Test.geteditdata(Edit_MOM_Test.java:418)
	at java.base/java.util.ArrayList.forEach(ArrayList.java:1596)
... Removed 30 stack frames</pre></div><a href='#' onClick='toggleBox("stack-trace2070690615", this, "Click to show all stack frames", "Click to hide stack frames")'>Click to show all stack frames</a>
<div class='stack-trace' id='stack-trace2070690615'><pre>java.lang.AssertionError: : mom creator id si mismatch expected [null] but found [c5b0bdca-6941-4411-aa64-369f6bb8cc32]
	at org.testng.Assert.fail(Assert.java:99)
	at org.testng.Assert.failNotEquals(Assert.java:1037)
	at org.testng.Assert.assertEqualsImpl(Assert.java:140)
	at org.testng.Assert.assertEquals(Assert.java:122)
	at org.testng.Assert.assertEquals(Assert.java:629)
	at com.onsite.mom_test_page.Edit_MOM_Test.geteditdata(Edit_MOM_Test.java:418)
	at java.base/jdk.internal.reflect.DirectMethodHandleAccessor.invoke(DirectMethodHandleAccessor.java:103)
	at java.base/java.lang.reflect.Method.invoke(Method.java:580)
	at org.testng.internal.MethodInvocationHelper.invokeMethod(MethodInvocationHelper.java:133)
	at org.testng.internal.TestInvoker.invokeMethod(TestInvoker.java:598)
	at org.testng.internal.TestInvoker.invokeTestMethod(TestInvoker.java:173)
	at org.testng.internal.MethodRunner.runInSequence(MethodRunner.java:46)
	at org.testng.internal.TestInvoker$MethodInvocationAgent.invoke(TestInvoker.java:824)
	at org.testng.internal.TestInvoker.invokeTestMethods(TestInvoker.java:146)
	at org.testng.internal.TestMethodWorker.invokeTestMethods(TestMethodWorker.java:146)
	at org.testng.internal.TestMethodWorker.run(TestMethodWorker.java:128)
	at java.base/java.util.ArrayList.forEach(ArrayList.java:1596)
	at org.testng.TestRunner.privateRun(TestRunner.java:794)
	at org.testng.TestRunner.run(TestRunner.java:596)
	at org.testng.SuiteRunner.runTest(SuiteRunner.java:377)
	at org.testng.SuiteRunner.runSequentially(SuiteRunner.java:371)
	at org.testng.SuiteRunner.privateRun(SuiteRunner.java:332)
	at org.testng.SuiteRunner.run(SuiteRunner.java:276)
	at org.testng.SuiteRunnerWorker.runSuite(SuiteRunnerWorker.java:53)
	at org.testng.SuiteRunnerWorker.run(SuiteRunnerWorker.java:96)
	at org.testng.TestNG.runSuitesSequentially(TestNG.java:1212)
	at org.testng.TestNG.runSuitesLocally(TestNG.java:1134)
	at org.testng.TestNG.runSuites(TestNG.java:1063)
	at org.testng.TestNG.run(TestNG.java:1031)
	at org.testng.remote.AbstractRemoteTestNG.run(AbstractRemoteTestNG.java:115)
	at org.testng.remote.RemoteTestNG.initAndRun(RemoteTestNG.java:251)
	at org.testng.remote.RemoteTestNG.main(RemoteTestNG.java:77)
</pre></div></td>
<td>3</td>
<td>com.onsite.mom_test_page.Edit_MOM_Test@4116aac9</td></tr>
<tr>
<td title='com.onsite.mom_test_page.Edit_MOM_Test.editMom()'><b>editMom</b><br>Test class: com.onsite.mom_test_page.Edit_MOM_Test<br>Parameters: com.onsite.pojo_request.MOM_Request@409df37d</td>
<td><div><pre>java.lang.AssertionError: mandatory field is empty: creator
	at com.onsite.mom_test_page.Edit_MOM_Test.getlistAttendeeMom(Edit_MOM_Test.java:228)
	at com.onsite.mom_test_page.Edit_MOM_Test.editMom(Edit_MOM_Test.java:331)
	at java.base/java.util.ArrayList.forEach(ArrayList.java:1596)
... Removed 26 stack frames</pre></div><a href='#' onClick='toggleBox("stack-trace418472732", this, "Click to show all stack frames", "Click to hide stack frames")'>Click to show all stack frames</a>
<div class='stack-trace' id='stack-trace418472732'><pre>java.lang.AssertionError: mandatory field is empty: creator
	at org.testng.Assert.fail(Assert.java:99)
	at com.onsite.mom_test_page.Edit_MOM_Test.getlistAttendeeMom(Edit_MOM_Test.java:228)
	at com.onsite.mom_test_page.Edit_MOM_Test.editMom(Edit_MOM_Test.java:331)
	at java.base/jdk.internal.reflect.DirectMethodHandleAccessor.invoke(DirectMethodHandleAccessor.java:103)
	at java.base/java.lang.reflect.Method.invoke(Method.java:580)
	at org.testng.internal.MethodInvocationHelper.invokeMethod(MethodInvocationHelper.java:133)
	at org.testng.internal.TestInvoker.invokeMethod(TestInvoker.java:598)
	at org.testng.internal.TestInvoker.invokeTestMethod(TestInvoker.java:173)
	at org.testng.internal.MethodRunner.runInSequence(MethodRunner.java:46)
	at org.testng.internal.TestInvoker$MethodInvocationAgent.invoke(TestInvoker.java:824)
	at org.testng.internal.TestInvoker.invokeTestMethods(TestInvoker.java:146)
	at org.testng.internal.TestMethodWorker.invokeTestMethods(TestMethodWorker.java:146)
	at org.testng.internal.TestMethodWorker.run(TestMethodWorker.java:128)
	at java.base/java.util.ArrayList.forEach(ArrayList.java:1596)
	at org.testng.TestRunner.privateRun(TestRunner.java:794)
	at org.testng.TestRunner.run(TestRunner.java:596)
	at org.testng.SuiteRunner.runTest(SuiteRunner.java:377)
	at org.testng.SuiteRunner.runSequentially(SuiteRunner.java:371)
	at org.testng.SuiteRunner.privateRun(SuiteRunner.java:332)
	at org.testng.SuiteRunner.run(SuiteRunner.java:276)
	at org.testng.SuiteRunnerWorker.runSuite(SuiteRunnerWorker.java:53)
	at org.testng.SuiteRunnerWorker.run(SuiteRunnerWorker.java:96)
	at org.testng.TestNG.runSuitesSequentially(TestNG.java:1212)
	at org.testng.TestNG.runSuitesLocally(TestNG.java:1134)
	at org.testng.TestNG.runSuites(TestNG.java:1063)
	at org.testng.TestNG.run(TestNG.java:1031)
	at org.testng.remote.AbstractRemoteTestNG.run(AbstractRemoteTestNG.java:115)
	at org.testng.remote.RemoteTestNG.initAndRun(RemoteTestNG.java:251)
	at org.testng.remote.RemoteTestNG.main(RemoteTestNG.java:77)
</pre></div></td>
<td>6</td>
<td>com.onsite.mom_test_page.Edit_MOM_Test@4116aac9</td></tr>
</table><p>
<table width='100%' border='1' class='invocation-passed'>
<tr><td colspan='4' align='center'><b>PASSED TESTS</b></td></tr>
<tr><td><b>Test method</b></td>
<td width="30%"><b>Exception</b></td>
<td width="10%"><b>Time (seconds)</b></td>
<td><b>Instance</b></td>
</tr>
<tr>
<td title='com.onsite.mom_test_page.Edit_MOM_Test.getlistProjectMom()'><b>getlistProjectMom</b><br>Test class: com.onsite.mom_test_page.Edit_MOM_Test<br>Parameters: com.onsite.pojo_request.MOM_Request@490f2fad</td>
<td></td>
<td>3</td>
<td>com.onsite.mom_test_page.Edit_MOM_Test@4116aac9</td></tr>
<tr>
<td title='com.onsite.mom_test_page.List_Mom_Attendee.listMomAttendee()'><b>listMomAttendee</b><br>Test class: com.onsite.mom_test_page.List_Mom_Attendee</td>
<td></td>
<td>3</td>
<td>com.onsite.mom_test_page.List_Mom_Attendee@74e52ef6</td></tr>
<tr>
<td title='com.onsite.mom_test_page.List_Mom_Project_Test.getListMomProject()'><b>getListMomProject</b><br>Test class: com.onsite.mom_test_page.List_Mom_Project_Test</td>
<td></td>
<td>3</td>
<td>com.onsite.mom_test_page.List_Mom_Project_Test@6ed3ccb2</td></tr>
<tr>
<td title='com.onsite.mom_test_page.List_MOM_Test.getlistMomWithPagination()'><b>getlistMomWithPagination</b><br>Test class: com.onsite.mom_test_page.List_MOM_Test</td>
<td></td>
<td>3</td>
<td>com.onsite.mom_test_page.List_MOM_Test@1a677343</td></tr>
<tr>
<td title='com.onsite.mom_test_page.Create_MOM_Test.getCompanyUserId()'><b>getCompanyUserId</b><br>Test class: com.onsite.mom_test_page.Create_MOM_Test<br>Parameters: com.onsite.pojo_request.MOM_Request@443b6765</td>
<td></td>
<td>8</td>
<td>com.onsite.mom_test_page.Create_MOM_Test@7eac9008</td></tr>
<tr>
<td title='com.onsite.mom_test_page.Create_MOM_Test.createMOM()'><b>createMOM</b><br>Test class: com.onsite.mom_test_page.Create_MOM_Test<br>Parameters: com.onsite.pojo_request.MOM_Request@ecb8b3e</td>
<td></td>
<td>17</td>
<td>com.onsite.mom_test_page.Create_MOM_Test@7eac9008</td></tr>
<tr>
<td title='com.onsite.mom_test_page.Edit_MOM_Test.getlistMom()'><b>getlistMom</b><br>Test class: com.onsite.mom_test_page.Edit_MOM_Test<br>Parameters: com.onsite.pojo_request.MOM_Request@69d9d322</td>
<td></td>
<td>3</td>
<td>com.onsite.mom_test_page.Edit_MOM_Test@4116aac9</td></tr>
<tr>
<td title='com.onsite.mom_test_page.Delete_MOM_Test.getValidMoMId()'><b>getValidMoMId</b><br>Test class: com.onsite.mom_test_page.Delete_MOM_Test</td>
<td></td>
<td>3</td>
<td>com.onsite.mom_test_page.Delete_MOM_Test@62ddbd7e</td></tr>
<tr>
<td title='com.onsite.mom_test_page.Delete_MOM_Test.deleteValidMoMId()'><b>deleteValidMoMId</b><br>Test class: com.onsite.mom_test_page.Delete_MOM_Test</td>
<td></td>
<td>3</td>
<td>com.onsite.mom_test_page.Delete_MOM_Test@62ddbd7e</td></tr>
<tr>
<td title='com.onsite.mom_test_page.Create_MOM_Test.getMOM()'><b>getMOM</b><br>Test class: com.onsite.mom_test_page.Create_MOM_Test</td>
<td></td>
<td>4</td>
<td>com.onsite.mom_test_page.Create_MOM_Test@7eac9008</td></tr>
<tr>
<td title='com.onsite.mom_test_page.Create_MOM_Test.getProjectId()'><b>getProjectId</b><br>Test class: com.onsite.mom_test_page.Create_MOM_Test<br>Parameters: com.onsite.pojo_request.MOM_Request@7f49df25</td>
<td></td>
<td>4</td>
<td>com.onsite.mom_test_page.Create_MOM_Test@7eac9008</td></tr>
</table><p>
</body>
</html>