<?xml version="1.0" encoding="UTF-8"?>
<!-- Generated by org.testng.reporters.JUnitXMLReporter -->
<testsuite ignored="0" hostname="DESKTOP-JKM4S1A" failures="3" tests="14" name="Mom" time="77.339" errors="0" timestamp="2025-09-19T14:32:09 IST">
  <testcase classname="com.onsite.mom_test_page.Create_MOM_Test" name="getCompanyUserId" time="8.972"/>
  <testcase classname="com.onsite.mom_test_page.Create_MOM_Test" name="getProjectId" time="4.901"/>
  <testcase classname="com.onsite.mom_test_page.Create_MOM_Test" name="createMOM" time="17.879"/>
  <testcase classname="com.onsite.mom_test_page.Create_MOM_Test" name="getMOM" time="4.068"/>
  <testcase classname="com.onsite.mom_test_page.Edit_MOM_Test" name="getlistMom" time="3.901"/>
  <testcase classname="com.onsite.mom_test_page.Edit_MOM_Test" name="getlistAttendeeMom" time="3.297">
    <failure type="java.lang.AssertionError" message="mandatory field is empty: creator">
      <![CDATA[java.lang.AssertionError: mandatory field is empty: creator
at com.onsite.mom_test_page.Edit_MOM_Test.getlistAttendeeMom(Edit_MOM_Test.java:228)
at java.base/java.util.ArrayList.forEach(ArrayList.java:1596)
... Removed 26 stack frames]]>
    </failure>
  </testcase> <!-- getlistAttendeeMom -->
  <testcase classname="com.onsite.mom_test_page.Edit_MOM_Test" name="getlistProjectMom" time="3.655"/>
  <testcase classname="com.onsite.mom_test_page.Edit_MOM_Test" name="editMom" time="6.97">
    <failure type="java.lang.AssertionError" message="mandatory field is empty: creator">
      <![CDATA[java.lang.AssertionError: mandatory field is empty: creator
at com.onsite.mom_test_page.Edit_MOM_Test.getlistAttendeeMom(Edit_MOM_Test.java:228)
at com.onsite.mom_test_page.Edit_MOM_Test.editMom(Edit_MOM_Test.java:331)
at java.base/java.util.ArrayList.forEach(ArrayList.java:1596)
... Removed 26 stack frames]]>
    </failure>
  </testcase> <!-- editMom -->
  <testcase classname="com.onsite.mom_test_page.Edit_MOM_Test" name="geteditdata" time="3.94">
    <failure type="java.lang.AssertionError" message=": mom creator id si mismatch expected [null] but found [c5b0bdca-6941-4411-aa64-369f6bb8cc32]">
      <![CDATA[java.lang.AssertionError: : mom creator id si mismatch expected [null] but found [c5b0bdca-6941-4411-aa64-369f6bb8cc32]
at com.onsite.mom_test_page.Edit_MOM_Test.geteditdata(Edit_MOM_Test.java:418)
at java.base/java.util.ArrayList.forEach(ArrayList.java:1596)
... Removed 30 stack frames]]>
    </failure>
  </testcase> <!-- geteditdata -->
  <testcase classname="com.onsite.mom_test_page.Delete_MOM_Test" name="getValidMoMId" time="3.378"/>
  <testcase classname="com.onsite.mom_test_page.Delete_MOM_Test" name="deleteValidMoMId" time="3.364"/>
  <testcase classname="com.onsite.mom_test_page.List_Mom_Attendee" name="listMomAttendee" time="3.551"/>
  <testcase classname="com.onsite.mom_test_page.List_Mom_Project_Test" name="getListMomProject" time="3.172"/>
  <testcase classname="com.onsite.mom_test_page.List_MOM_Test" name="getlistMomWithPagination" time="3.572"/>
</testsuite> <!-- Mom -->
