<?xml version="1.0" encoding="UTF-8"?>
<!-- Generated by org.testng.reporters.JUnitXMLReporter -->
<testsuite ignored="0" hostname="DESKTOP-JKM4S1A" failures="1" tests="150" name="OtherExpenses" time="23.846" errors="0" timestamp="2026-06-04T11:49:12 IST">
  <testcase classname="com.onsite.transaction.otherexpenses.Create_otherExpensesTest" name="createOtherExpense" time="7.455"/>
  <testcase classname="com.onsite.transaction.otherexpenses.Create_otherExpensesTest" name="validateStatusCode" time="0.012"/>
  <testcase classname="com.onsite.transaction.otherexpenses.Create_otherExpensesTest" name="valiadateResponseMessage" time="0.204"/>
  <testcase classname="com.onsite.transaction.otherexpenses.Create_otherExpensesTest" name="validateResponseTime" time="0.01"/>
  <testcase classname="com.onsite.transaction.otherexpenses.Create_otherExpensesTest" name="valiadetResponseSchema" time="0.449"/>
  <testcase classname="com.onsite.transaction.otherexpenses.Create_otherExpensesTest" name="valiadetId" time="0.006"/>
  <testcase classname="com.onsite.transaction.otherexpenses.Create_otherExpensesTest" name="validateProjectId" time="0.008"/>
  <testcase classname="com.onsite.transaction.otherexpenses.Create_otherExpensesTest" name="validatePartyCompanyUserId" time="0.003"/>
  <testcase classname="com.onsite.transaction.otherexpenses.Create_otherExpensesTest" name="validateRemark" time="0.003"/>
  <testcase classname="com.onsite.transaction.otherexpenses.Create_otherExpensesTest" name="validateUnitPrice" time="0.004"/>
  <testcase classname="com.onsite.transaction.otherexpenses.Create_otherExpensesTest" name="validateQuantity" time="0.005"/>
  <testcase classname="com.onsite.transaction.otherexpenses.Create_otherExpensesTest" name="validateEarningAmount" time="0.005"/>
  <testcase classname="com.onsite.transaction.otherexpenses.Create_otherExpensesTest" name="validateOtherAmount" time="0.005"/>
  <testcase classname="com.onsite.transaction.otherexpenses.Create_otherExpensesTest" name="validateDiscount" time="0.004"/>
  <testcase classname="com.onsite.transaction.otherexpenses.Create_otherExpensesTest" name="validateGSTpercent" time="0.007"/>
  <testcase classname="com.onsite.transaction.otherexpenses.Create_otherExpensesTest" name="validateGSTAmount" time="0.008"/>
  <testcase classname="com.onsite.transaction.otherexpenses.Create_otherExpensesTest" name="validateAmount" time="0.005"/>
  <testcase classname="com.onsite.transaction.otherexpenses.Create_otherExpensesTest" name="validatePostTaxDeductionAmount" time="0.003"/>
  <testcase classname="com.onsite.transaction.otherexpenses.Create_otherExpensesTest" name="validateNetAmount" time="0.018"/>
  <testcase classname="com.onsite.transaction.otherexpenses.Create_otherExpensesTest" name="validatePhoto" time="0.002"/>
  <testcase classname="com.onsite.transaction.otherexpenses.Create_otherExpensesTest" name="validateSubCategoryId" time="0.003"/>
  <testcase classname="com.onsite.transaction.otherexpenses.Create_otherExpensesTest" name="validateCategoryId" time="0.004"/>
  <testcase classname="com.onsite.transaction.otherexpenses.Create_otherExpensesTest" name="validatePaymentDate" time="0.008"/>
  <testcase classname="com.onsite.transaction.otherexpenses.Create_otherExpensesTest" name="validateUnitId" time="0.004"/>
  <testcase classname="com.onsite.transaction.otherexpenses.Create_otherExpensesTest" name="validateEarningType" time="0.002"/>
  <testcase classname="com.onsite.transaction.otherexpenses.Create_otherExpensesTest" name="validateDueDays" time="0.007"/>
  <testcase classname="com.onsite.transaction.otherexpenses.Create_otherExpensesTest" name="validateShipToAddressId" time="0.012"/>
  <testcase classname="com.onsite.transaction.otherexpenses.Create_otherExpensesTest" name="validateBillToAddressId" time="0.013"/>
  <testcase classname="com.onsite.transaction.otherexpenses.Create_otherExpensesTest" name="validateShipFromAddressId" time="0.009"/>
  <testcase classname="com.onsite.transaction.otherexpenses.Create_otherExpensesTest" name="validateBillFromAddressId" time="0.009"/>
  <testcase classname="com.onsite.transaction.otherexpenses.Create_otherExpensesTest" name="validateIsGstPercent" time="0.004"/>
  <testcase classname="com.onsite.transaction.otherexpenses.Create_otherExpensesTest" name="validateIsRoundOff" time="0.003"/>
  <testcase classname="com.onsite.transaction.otherexpenses.Create_otherExpensesTest" name="validateVendorBillNumber" time="0.026"/>
  <testcase classname="com.onsite.transaction.otherexpenses.Create_otherExpensesTest" name="validateEquipmentStockId" time="0.006"/>
  <testcase classname="com.onsite.transaction.otherexpenses.Create_otherExpensesTest" name="validateBillingActivityId" time="0.007"/>
  <testcase classname="com.onsite.transaction.otherexpenses.Create_otherExpensesTest" name="validateMonkeyPatchInvoiceId" time="0.167"/>
  <testcase classname="com.onsite.transaction.otherexpenses.Create_otherExpensesTest" name="validateMonkeyPatchInvoiceCompanyId" time="0.1"/>
  <testcase classname="com.onsite.transaction.otherexpenses.Create_otherExpensesTest" name="validateMonkeyPatchInvoiceCreatorCompanyUserId" time="0.094"/>
  <testcase classname="com.onsite.transaction.otherexpenses.Create_otherExpensesTest" name="validateMonkeyPatchInvoicePartyCompanyUserId" time="0.073"/>
  <testcase classname="com.onsite.transaction.otherexpenses.Create_otherExpensesTest" name="validateMonkeyPatchInvoiceProjectId" time="0.084"/>
  <testcase classname="com.onsite.transaction.otherexpenses.Create_otherExpensesTest" name="validateMonkeyPatchInvoiceSubCategoryId" time="0.099"/>
  <testcase classname="com.onsite.transaction.otherexpenses.Create_otherExpensesTest" name="validateMonkeyPatchInvoiceFaturesType" time="0.111"/>
  <testcase classname="com.onsite.transaction.otherexpenses.Create_otherExpensesTest" name="validateMonkeyPatchInvoiceFeatureId" time="0.058"/>
  <testcase classname="com.onsite.transaction.otherexpenses.Create_otherExpensesTest" name="validateMonkeyPatchInvoiceInvoiceType" time="0.072"/>
  <testcase classname="com.onsite.transaction.otherexpenses.Create_otherExpensesTest" name="validateMonkeyPatchInvoiceStatus" time="0.068"/>
  <testcase classname="com.onsite.transaction.otherexpenses.Create_otherExpensesTest" name="validateMonkeyPatchInvoiceTotalPayable" time="0.069"/>
  <testcase classname="com.onsite.transaction.otherexpenses.Create_otherExpensesTest" name="validateMonkeyPatchInvoiceSequence" time="0.13"/>
  <testcase classname="com.onsite.transaction.otherexpenses.Create_otherExpensesTest" name="validateMonkeyPatchInvoiceApproval" time="0.07"/>
  <testcase classname="com.onsite.transaction.otherexpenses.Details_otherExpensesTest" name="detailsOtherExpenses" time="1.264"/>
  <testcase classname="com.onsite.transaction.otherexpenses.Details_otherExpensesTest" name="validateStatusCode" time="0.008"/>
  <testcase classname="com.onsite.transaction.otherexpenses.Details_otherExpensesTest" name="storeEditData" time="0.162"/>
  <testcase classname="com.onsite.transaction.otherexpenses.Details_otherExpensesTest" name="validateMessage" time="0.079"/>
  <testcase classname="com.onsite.transaction.otherexpenses.Details_otherExpensesTest" name="validateResponseTime" time="0.023"/>
  <testcase classname="com.onsite.transaction.otherexpenses.Details_otherExpensesTest" name="valiadetResponseSchema" time="0.142"/>
  <testcase classname="com.onsite.transaction.otherexpenses.Details_otherExpensesTest" name="valiadetId" time="0.049"/>
  <testcase classname="com.onsite.transaction.otherexpenses.Details_otherExpensesTest" name="validateProjectId" time="0.057"/>
  <testcase classname="com.onsite.transaction.otherexpenses.Details_otherExpensesTest" name="validatePartyCompanyUserId" time="0.047"/>
  <testcase classname="com.onsite.transaction.otherexpenses.Details_otherExpensesTest" name="validateRemark" time="0.047"/>
  <testcase classname="com.onsite.transaction.otherexpenses.Details_otherExpensesTest" name="validateUnitPrice" time="0.072"/>
  <testcase classname="com.onsite.transaction.otherexpenses.Details_otherExpensesTest" name="validateQuantity" time="0.084"/>
  <testcase classname="com.onsite.transaction.otherexpenses.Details_otherExpensesTest" name="validateEarningAmount" time="0.18"/>
  <testcase classname="com.onsite.transaction.otherexpenses.Details_otherExpensesTest" name="validateOtherAmount" time="0.058"/>
  <testcase classname="com.onsite.transaction.otherexpenses.Details_otherExpensesTest" name="validateDiscount" time="0.098"/>
  <testcase classname="com.onsite.transaction.otherexpenses.Details_otherExpensesTest" name="validateGSTpercent" time="0.089"/>
  <testcase classname="com.onsite.transaction.otherexpenses.Details_otherExpensesTest" name="validateGSTAmount" time="0.307"/>
  <testcase classname="com.onsite.transaction.otherexpenses.Details_otherExpensesTest" name="validateAmount" time="0.295"/>
  <testcase classname="com.onsite.transaction.otherexpenses.Details_otherExpensesTest" name="validatePostTaxDeductionAmount" time="0.057"/>
  <testcase classname="com.onsite.transaction.otherexpenses.Details_otherExpensesTest" name="validateNetAmount" time="0.173"/>
  <testcase classname="com.onsite.transaction.otherexpenses.Details_otherExpensesTest" name="validatePhoto" time="0.055"/>
  <testcase classname="com.onsite.transaction.otherexpenses.Details_otherExpensesTest" name="validateSubCategoryId" time="0.054"/>
  <testcase classname="com.onsite.transaction.otherexpenses.Details_otherExpensesTest" name="validateCategoryId" time="0.053"/>
  <testcase classname="com.onsite.transaction.otherexpenses.Details_otherExpensesTest" name="validatePaymentDate" time="0.108"/>
  <testcase classname="com.onsite.transaction.otherexpenses.Details_otherExpensesTest" name="validateUnitId" time="0.084"/>
  <testcase classname="com.onsite.transaction.otherexpenses.Details_otherExpensesTest" name="validateEarningType" time="0.081"/>
  <testcase classname="com.onsite.transaction.otherexpenses.Details_otherExpensesTest" name="validateDueDays" time="0.077"/>
  <testcase classname="com.onsite.transaction.otherexpenses.Details_otherExpensesTest" name="validateShipToAddressId" time="0.059"/>
  <testcase classname="com.onsite.transaction.otherexpenses.Details_otherExpensesTest" name="validateBillToAddressId" time="0.07"/>
  <testcase classname="com.onsite.transaction.otherexpenses.Details_otherExpensesTest" name="validateShipFromAddressId" time="0.065"/>
  <testcase classname="com.onsite.transaction.otherexpenses.Details_otherExpensesTest" name="validateBillFromAddressId" time="0.059"/>
  <testcase classname="com.onsite.transaction.otherexpenses.Details_otherExpensesTest" name="validateIsGstPercent" time="0.053"/>
  <testcase classname="com.onsite.transaction.otherexpenses.Details_otherExpensesTest" name="validateIsRoundOff" time="0.069"/>
  <testcase classname="com.onsite.transaction.otherexpenses.Details_otherExpensesTest" name="validateVendorBillNumber" time="0.077"/>
  <testcase classname="com.onsite.transaction.otherexpenses.Details_otherExpensesTest" name="validateEquipmentStockId" time="0.074"/>
  <testcase classname="com.onsite.transaction.otherexpenses.Details_otherExpensesTest" name="validateBillingActivityId" time="0.042"/>
  <testcase classname="com.onsite.transaction.otherexpenses.Details_otherExpensesTest" name="validateMonkeyPatchInvoiceId" time="0.05"/>
  <testcase classname="com.onsite.transaction.otherexpenses.Details_otherExpensesTest" name="validateMonkeyPatchInvoiceCompanyId" time="0.134"/>
  <testcase classname="com.onsite.transaction.otherexpenses.Details_otherExpensesTest" name="validateMonkeyPatchInvoiceCreatorCompanyUserId" time="0.065"/>
  <testcase classname="com.onsite.transaction.otherexpenses.Details_otherExpensesTest" name="validateMonkeyPatchInvoicePartyCompanyUserId" time="0.068"/>
  <testcase classname="com.onsite.transaction.otherexpenses.Details_otherExpensesTest" name="validateMonkeyPatchInvoiceProjectId" time="0.1"/>
  <testcase classname="com.onsite.transaction.otherexpenses.Details_otherExpensesTest" name="validateMonkeyPatchInvoiceSubCategoryId" time="0.103"/>
  <testcase classname="com.onsite.transaction.otherexpenses.Details_otherExpensesTest" name="validateMonkeyPatchInvoiceFaturesType" time="0.069"/>
  <testcase classname="com.onsite.transaction.otherexpenses.Details_otherExpensesTest" name="validateMonkeyPatchInvoiceFeatureId" time="0.055"/>
  <testcase classname="com.onsite.transaction.otherexpenses.Details_otherExpensesTest" name="validateMonkeyPatchInvoiceInvoiceType" time="0.052"/>
  <testcase classname="com.onsite.transaction.otherexpenses.Details_otherExpensesTest" name="validateMonkeyPatchInvoiceStatus" time="0.052"/>
  <testcase classname="com.onsite.transaction.otherexpenses.Details_otherExpensesTest" name="validateMonkeyPatchInvoiceTotalPayable" time="0.051"/>
  <testcase classname="com.onsite.transaction.otherexpenses.Details_otherExpensesTest" name="validateMonkeyPatchInvoiceSequence" time="0.044"/>
  <testcase classname="com.onsite.transaction.otherexpenses.Details_otherExpensesTest" name="validateMonkeyPatchInvoiceApproval" time="0.054"/>
  <testcase classname="com.onsite.transaction.otherexpenses.Edit_otherExpenseTest" name="createOtherExpense" time="1.67"/>
  <testcase classname="com.onsite.transaction.otherexpenses.Edit_otherExpenseTest" name="validateStatusCode" time="0.001"/>
  <testcase classname="com.onsite.transaction.otherexpenses.Edit_otherExpenseTest" name="valiadateResponseMessage" time="0.046"/>
  <testcase classname="com.onsite.transaction.otherexpenses.Edit_otherExpenseTest" name="validateResponseTime" time="0.003"/>
  <testcase classname="com.onsite.transaction.otherexpenses.Edit_otherExpenseTest" name="valiadetResponseSchema" time="0.065"/>
  <testcase classname="com.onsite.transaction.otherexpenses.Edit_otherExpenseTest" name="valiadetId" time="0.011"/>
  <testcase classname="com.onsite.transaction.otherexpenses.Edit_otherExpenseTest" name="validateProjectId" time="0.013"/>
  <testcase classname="com.onsite.transaction.otherexpenses.Edit_otherExpenseTest" name="validatePartyCompanyUserId" time="0.016"/>
  <testcase classname="com.onsite.transaction.otherexpenses.Edit_otherExpenseTest" name="validateRemark" time="0.027"/>
  <testcase classname="com.onsite.transaction.otherexpenses.Edit_otherExpenseTest" name="validateUnitPrice" time="0.014"/>
  <testcase classname="com.onsite.transaction.otherexpenses.Edit_otherExpenseTest" name="validateQuantity" time="0.007"/>
  <testcase classname="com.onsite.transaction.otherexpenses.Edit_otherExpenseTest" name="validateEarningAmount" time="0.003"/>
  <testcase classname="com.onsite.transaction.otherexpenses.Edit_otherExpenseTest" name="validateOtherAmount" time="0.032"/>
  <testcase classname="com.onsite.transaction.otherexpenses.Edit_otherExpenseTest" name="validateDiscount" time="0.009"/>
  <testcase classname="com.onsite.transaction.otherexpenses.Edit_otherExpenseTest" name="validateGSTpercent" time="0.005"/>
  <testcase classname="com.onsite.transaction.otherexpenses.Edit_otherExpenseTest" name="validateGSTAmount" time="0.002"/>
  <testcase classname="com.onsite.transaction.otherexpenses.Edit_otherExpenseTest" name="validateAmount" time="0.004"/>
  <testcase classname="com.onsite.transaction.otherexpenses.Edit_otherExpenseTest" name="validatePostTaxDeductionAmount" time="0.003"/>
  <testcase classname="com.onsite.transaction.otherexpenses.Edit_otherExpenseTest" name="validateNetAmount" time="0.003"/>
  <testcase classname="com.onsite.transaction.otherexpenses.Edit_otherExpenseTest" name="validatePhoto" time="0.002"/>
  <testcase classname="com.onsite.transaction.otherexpenses.Edit_otherExpenseTest" name="validateSubCategoryId" time="0.002"/>
  <testcase classname="com.onsite.transaction.otherexpenses.Edit_otherExpenseTest" name="validateCategoryId" time="0.002"/>
  <testcase classname="com.onsite.transaction.otherexpenses.Edit_otherExpenseTest" name="validatePaymentDate" time="0.002"/>
  <testcase classname="com.onsite.transaction.otherexpenses.Edit_otherExpenseTest" name="validateUnitId" time="0.004"/>
  <testcase classname="com.onsite.transaction.otherexpenses.Edit_otherExpenseTest" name="validateEarningType" time="0.002"/>
  <testcase classname="com.onsite.transaction.otherexpenses.Edit_otherExpenseTest" name="validateDueDays" time="0.003"/>
  <testcase classname="com.onsite.transaction.otherexpenses.Edit_otherExpenseTest" name="validateShipToAddressId" time="0.006"/>
  <testcase classname="com.onsite.transaction.otherexpenses.Edit_otherExpenseTest" name="validateBillToAddressId" time="0.004"/>
  <testcase classname="com.onsite.transaction.otherexpenses.Edit_otherExpenseTest" name="validateShipFromAddressId" time="0.003"/>
  <testcase classname="com.onsite.transaction.otherexpenses.Edit_otherExpenseTest" name="validateBillFromAddressId" time="0.002"/>
  <testcase classname="com.onsite.transaction.otherexpenses.Edit_otherExpenseTest" name="validateIsGstPercent" time="0.004"/>
  <testcase classname="com.onsite.transaction.otherexpenses.Edit_otherExpenseTest" name="validateIsRoundOff" time="0.002"/>
  <testcase classname="com.onsite.transaction.otherexpenses.Edit_otherExpenseTest" name="validateVendorBillNumber" time="0.001"/>
  <testcase classname="com.onsite.transaction.otherexpenses.Edit_otherExpenseTest" name="validateEquipmentStockId" time="0.004"/>
  <testcase classname="com.onsite.transaction.otherexpenses.Edit_otherExpenseTest" name="validateBillingActivityId" time="0.002"/>
  <testcase classname="com.onsite.transaction.otherexpenses.Edit_otherExpenseTest" name="validateMonkeyPatchInvoiceId" time="0.068"/>
  <testcase classname="com.onsite.transaction.otherexpenses.Edit_otherExpenseTest" name="validateMonkeyPatchInvoiceCompanyId" time="0.046"/>
  <testcase classname="com.onsite.transaction.otherexpenses.Edit_otherExpenseTest" name="validateMonkeyPatchInvoiceCreatorCompanyUserId" time="0.091"/>
  <testcase classname="com.onsite.transaction.otherexpenses.Edit_otherExpenseTest" name="validateMonkeyPatchInvoicePartyCompanyUserId" time="0.088"/>
  <testcase classname="com.onsite.transaction.otherexpenses.Edit_otherExpenseTest" name="validateMonkeyPatchInvoiceProjectId" time="0.065"/>
  <testcase classname="com.onsite.transaction.otherexpenses.Edit_otherExpenseTest" name="validateMonkeyPatchInvoiceSubCategoryId" time="0.061"/>
  <testcase classname="com.onsite.transaction.otherexpenses.Edit_otherExpenseTest" name="validateMonkeyPatchInvoiceFaturesType" time="0.052"/>
  <testcase classname="com.onsite.transaction.otherexpenses.Edit_otherExpenseTest" name="validateMonkeyPatchInvoiceFeatureId" time="0.055"/>
  <testcase classname="com.onsite.transaction.otherexpenses.Edit_otherExpenseTest" name="validateMonkeyPatchInvoiceInvoiceType" time="0.055"/>
  <testcase classname="com.onsite.transaction.otherexpenses.Edit_otherExpenseTest" name="validateMonkeyPatchInvoiceStatus" time="0.04"/>
  <testcase classname="com.onsite.transaction.otherexpenses.Edit_otherExpenseTest" name="validateMonkeyPatchInvoiceTotalPayable" time="0.044"/>
  <testcase classname="com.onsite.transaction.otherexpenses.Edit_otherExpenseTest" name="validateMonkeyPatchInvoiceSequence" time="0.08"/>
  <testcase classname="com.onsite.transaction.otherexpenses.Edit_otherExpenseTest" name="validateMonkeyPatchInvoiceApproval" time="0.05"/>
  <testcase classname="com.onsite.transaction.otherexpenses.Delete_OtherExpenseTest" name="deleteOtherExp" time="0.111">
    <failure type="java.lang.AssertionError" message="Status code not matched expected [200] but found [401]">
      <![CDATA[java.lang.AssertionError: Status code not matched expected [200] but found [401]
at com.onsite.transaction.otherexpenses.Delete_OtherExpenseTest.deleteOtherExp(Delete_OtherExpenseTest.java:63)
at java.base/java.util.ArrayList.forEach(ArrayList.java:1596)
... Removed 30 stack frames]]>
    </failure>
  </testcase> <!-- deleteOtherExp -->
  <testcase classname="com.onsite.transaction.otherexpenses.Delete_OtherExpenseTest" name="verifyDeleteWithInvalidId" time="0.746"/>
  <testcase classname="com.onsite.transaction.otherexpenses.Delete_OtherExpenseTest" name="verifyDeleteWithoutToken" time="0.189"/>
  <testcase classname="com.onsite.transaction.otherexpenses.Delete_OtherExpenseTest" name="verifyDeleteWithEmptyId" time="0.838"/>
  <testcase classname="com.onsite.transaction.otherexpenses.Delete_OtherExpenseTest" name="verifyDeleteWithAlreadyDeletedId" time="2.025"/>
</testsuite> <!-- OtherExpenses -->
