<?xml version="1.0" encoding="UTF-8"?>
<!-- Generated by org.testng.reporters.JUnitXMLReporter -->
<testsuite ignored="1" hostname="DESKTOP-JKM4S1A" failures="0" tests="13" name="Payroll" time="9.593" errors="0" timestamp="2025-12-17T10:52:38 IST">
  <testcase classname="com.onsite.payroll_test_page.List_Payroll_Test" name="labour_listpayroll" time="2.671"/>
  <testcase classname="com.onsite.payroll_test_page.List_Payroll_Test" name="staff_listpayroll" time="0.001"/>
  <testcase classname="com.onsite.payroll_test_page.ListCompanyUserforPayroll" name="labourPayrollList" time="1.592"/>
  <testcase classname="com.onsite.payroll_test_page.ListCompanyUserforPayroll" name="saveUserId" time="0.404"/>
  <testcase classname="com.onsite.payroll_test_page.ListCompanyUserforPayroll" name="staffPayrollList" time="0.008"/>
  <testcase classname="com.onsite.payroll_test_page.Payroll_Count_Test" name="labour_ActiveCount" time="0.182"/>
  <testcase classname="com.onsite.payroll_test_page.Payroll_Count_Test" name="labour_InactiveCount" time="0.168"/>
  <testcase classname="com.onsite.payroll_test_page.Payroll_Count_Test" name="staff_ActiveCount" time="0.19"/>
  <testcase classname="com.onsite.payroll_test_page.Payroll_Count_Test" name="staff_InactiveCount" time="0.188"/>
  <testcase classname="com.onsite.payroll_test_page.Is_Payroll_Exist_Test" name="nonExistPayroll" time="0.281"/>
  <testcase classname="com.onsite.payroll_test_page.Is_Payroll_Exist_Test" name="nonExistPayroll" time="0.238"/>
  <testcase classname="com.onsite.payroll_test_page.Is_Payroll_Exist_Test" name="nonExistPayroll" time="0.295"/>
  <testcase classname="com.onsite.payroll_test_page.Is_Payroll_Exist_Test" name="nonExistPayroll" time="0.352"/>
  <testcase classname="com.onsite.utilities_page.BaseToken" name="@BeforeSuite generateTokenForSuite" time="0.0">
    <ignored/>
  </testcase> <!-- @BeforeSuite generateTokenForSuite -->
</testsuite> <!-- Payroll -->
