<html>
<head>
<title>TestNG:  Payroll</title>
<link href="../testng.css" rel="stylesheet" type="text/css" />
<link href="../my-testng.css" rel="stylesheet" type="text/css" />

<style type="text/css">
.log { display: none;} 
.stack-trace { display: none;} 
</style>
<script type="text/javascript">
<!--
function flip(e) {
  current = e.style.display;
  if (current == 'block') {
    e.style.display = 'none';
    return 0;
  }
  else {
    e.style.display = 'block';
    return 1;
  }
}

function toggleBox(szDivId, elem, msg1, msg2)
{
  var res = -1;  if (document.getElementById) {
    res = flip(document.getElementById(szDivId));
  }
  else if (document.all) {
    // this is the way old msie versions work
    res = flip(document.all[szDivId]);
  }
  if(elem) {
    if(res == 0) elem.innerHTML = msg1; else elem.innerHTML = msg2;
  }

}

function toggleAllBoxes() {
  if (document.getElementsByTagName) {
    d = document.getElementsByTagName('div');
    for (i = 0; i < d.length; i++) {
      if (d[i].className == 'log') {
        flip(d[i]);
      }
    }
  }
}

// -->
</script>

</head>
<body>
<h2 align='center'>Payroll</h2><table border='1' align="center">
<tr>
<td>Tests passed/Failed/Skipped:</td><td>12/0/2</td>
</tr><tr>
<td>Started on:</td><td>Wed Dec 17 11:30:56 IST 2025</td>
</tr>
<tr><td>Total time:</td><td>13 seconds (13366 ms)</td>
</tr><tr>
<td>Included groups:</td><td></td>
</tr><tr>
<td>Excluded groups:</td><td></td>
</tr>
</table><p/>
<small><i>(Hover the method name to see the test class name)</i></small><p/>
<table width='100%' border='1' class='invocation-passed'>
<tr><td colspan='4' align='center'><b>PASSED TESTS</b></td></tr>
<tr><td><b>Test method</b></td>
<td width="30%"><b>Exception</b></td>
<td width="10%"><b>Time (seconds)</b></td>
<td><b>Instance</b></td>
</tr>
<tr>
<td title='com.onsite.payroll_test_page.ListCompanyUserforPayroll.labourPayrollList()'><b>labourPayrollList</b><br>Test class: com.onsite.payroll_test_page.ListCompanyUserforPayroll</td>
<td></td>
<td>1</td>
<td>com.onsite.payroll_test_page.ListCompanyUserforPayroll@6f1de4c7</td></tr>
<tr>
<td title='com.onsite.payroll_test_page.Payroll_Count_Test.staff_ActiveCount()'><b>staff_ActiveCount</b><br>Test class: com.onsite.payroll_test_page.Payroll_Count_Test</td>
<td></td>
<td>0</td>
<td>com.onsite.payroll_test_page.Payroll_Count_Test@b73433</td></tr>
<tr>
<td title='com.onsite.payroll_test_page.Is_Payroll_Exist_Test.nonExistPayroll()'><b>nonExistPayroll</b><br>Test class: com.onsite.payroll_test_page.Is_Payroll_Exist_Test<br>Parameters: 76f6dacf-4486-4d75-b956-1f37240ecfb5</td>
<td></td>
<td>0</td>
<td>com.onsite.payroll_test_page.Is_Payroll_Exist_Test@1bf14704</td></tr>
<tr>
<td title='com.onsite.payroll_test_page.List_Payroll_Test.labour_listpayroll()'><b>labour_listpayroll</b><br>Test class: com.onsite.payroll_test_page.List_Payroll_Test</td>
<td></td>
<td>4</td>
<td>com.onsite.payroll_test_page.List_Payroll_Test@313ac989</td></tr>
<tr>
<td title='com.onsite.payroll_test_page.Payroll_Count_Test.labour_ActiveCount()'><b>labour_ActiveCount</b><br>Test class: com.onsite.payroll_test_page.Payroll_Count_Test</td>
<td></td>
<td>0</td>
<td>com.onsite.payroll_test_page.Payroll_Count_Test@b73433</td></tr>
<tr>
<td title='com.onsite.payroll_test_page.Is_Payroll_Exist_Test.nonExistPayroll()'><b>nonExistPayroll</b><br>Test class: com.onsite.payroll_test_page.Is_Payroll_Exist_Test<br>Parameters: d7702eed-7ee9-4029-b9cf-81b2e51ea7d5</td>
<td></td>
<td>0</td>
<td>com.onsite.payroll_test_page.Is_Payroll_Exist_Test@1bf14704</td></tr>
<tr>
<td title='com.onsite.payroll_test_page.Payroll_Count_Test.staff_InactiveCount()'><b>staff_InactiveCount</b><br>Test class: com.onsite.payroll_test_page.Payroll_Count_Test</td>
<td></td>
<td>0</td>
<td>com.onsite.payroll_test_page.Payroll_Count_Test@b73433</td></tr>
<tr>
<td title='com.onsite.payroll_test_page.Payroll_Count_Test.labour_InactiveCount()'><b>labour_InactiveCount</b><br>Test class: com.onsite.payroll_test_page.Payroll_Count_Test</td>
<td></td>
<td>0</td>
<td>com.onsite.payroll_test_page.Payroll_Count_Test@b73433</td></tr>
<tr>
<td title='com.onsite.payroll_test_page.Is_Payroll_Exist_Test.nonExistPayroll()'><b>nonExistPayroll</b><br>Test class: com.onsite.payroll_test_page.Is_Payroll_Exist_Test<br>Parameters: c1358d8f-3156-48c2-bac1-201b6cd8accd</td>
<td></td>
<td>0</td>
<td>com.onsite.payroll_test_page.Is_Payroll_Exist_Test@1bf14704</td></tr>
<tr>
<td title='com.onsite.payroll_test_page.List_Payroll_Test.staff_listpayroll()'><b>staff_listpayroll</b><br>Test class: com.onsite.payroll_test_page.List_Payroll_Test</td>
<td></td>
<td>0</td>
<td>com.onsite.payroll_test_page.List_Payroll_Test@313ac989</td></tr>
<tr>
<td title='com.onsite.payroll_test_page.ListCompanyUserforPayroll.saveUserId()'><b>saveUserId</b><br>Test class: com.onsite.payroll_test_page.ListCompanyUserforPayroll</td>
<td></td>
<td>0</td>
<td>com.onsite.payroll_test_page.ListCompanyUserforPayroll@6f1de4c7</td></tr>
<tr>
<td title='com.onsite.payroll_test_page.ListCompanyUserforPayroll.staffPayrollList()'><b>staffPayrollList</b><br>Test class: com.onsite.payroll_test_page.ListCompanyUserforPayroll</td>
<td></td>
<td>0</td>
<td>com.onsite.payroll_test_page.ListCompanyUserforPayroll@6f1de4c7</td></tr>
</table><p>
<table width='100%' border='1' class='invocation-skipped'>
<tr><td colspan='4' align='center'><b>SKIPPED TESTS</b></td></tr>
<tr><td><b>Test method</b></td>
<td width="30%"><b>Exception</b></td>
<td width="10%"><b>Time (seconds)</b></td>
<td><b>Instance</b></td>
</tr>
<tr>
<td title='com.onsite.payroll_test_page.Add_Payroll_Test.detailPayroll()'><b>detailPayroll</b><br>Test class: com.onsite.payroll_test_page.Add_Payroll_Test</td>
<td><div><pre>java.lang.Throwable: Method Add_Payroll_Test.detailPayroll()[pri:2, instance:com.onsite.payroll_test_page.Add_Payroll_Test@124dac75] depends on not successfully finished methods
	at java.base/java.util.ArrayList.forEach(ArrayList.java:1596)
... Removed 18 stack frames</pre></div><a href='#' onClick='toggleBox("stack-trace1907201435", this, "Click to show all stack frames", "Click to hide stack frames")'>Click to show all stack frames</a>
<div class='stack-trace' id='stack-trace1907201435'><pre>java.lang.Throwable: Method Add_Payroll_Test.detailPayroll()[pri:2, instance:com.onsite.payroll_test_page.Add_Payroll_Test@124dac75] depends on not successfully finished methods
	at org.testng.internal.TestInvoker.invokeTestMethods(TestInvoker.java:102)
	at org.testng.internal.TestMethodWorker.invokeTestMethods(TestMethodWorker.java:146)
	at org.testng.internal.TestMethodWorker.run(TestMethodWorker.java:128)
	at java.base/java.util.ArrayList.forEach(ArrayList.java:1596)
	at org.testng.TestRunner.privateRun(TestRunner.java:794)
	at org.testng.TestRunner.run(TestRunner.java:596)
	at org.testng.SuiteRunner.runTest(SuiteRunner.java:377)
	at org.testng.SuiteRunner.runSequentially(SuiteRunner.java:371)
	at org.testng.SuiteRunner.privateRun(SuiteRunner.java:332)
	at org.testng.SuiteRunner.run(SuiteRunner.java:276)
	at org.testng.SuiteRunnerWorker.runSuite(SuiteRunnerWorker.java:53)
	at org.testng.SuiteRunnerWorker.run(SuiteRunnerWorker.java:96)
	at org.testng.TestNG.runSuitesSequentially(TestNG.java:1212)
	at org.testng.TestNG.runSuitesLocally(TestNG.java:1134)
	at org.testng.TestNG.runSuites(TestNG.java:1063)
	at org.testng.TestNG.run(TestNG.java:1031)
	at org.testng.remote.AbstractRemoteTestNG.run(AbstractRemoteTestNG.java:115)
	at org.testng.remote.RemoteTestNG.initAndRun(RemoteTestNG.java:293)
	at org.testng.remote.RemoteTestNG.main(RemoteTestNG.java:91)
</pre></div></td>
<td>0</td>
<td>com.onsite.payroll_test_page.Add_Payroll_Test@124dac75</td></tr>
<tr>
<td title='com.onsite.payroll_test_page.Add_Payroll_Test.createPayroll()'><b>createPayroll</b><br>Test class: com.onsite.payroll_test_page.Add_Payroll_Test</td>
<td><div><pre>java.lang.RuntimeException: java.lang.RuntimeException: Failed to read test data from file: src/test/resources/testdata_payroll/Create_Payroll.json
	at java.base/java.util.ArrayList.forEach(ArrayList.java:1596)
Caused by: java.lang.RuntimeException: Failed to read test data from file: src/test/resources/testdata_payroll/Create_Payroll.json
	at com.onsite.utilities_page.JsonDataProvider.getDataFromJson(JsonDataProvider.java:42)
	at com.onsite.payroll_test_page.Add_Payroll_Test.getpayrollData(Add_Payroll_Test.java:38)
	... 25 more
Caused by: com.fasterxml.jackson.databind.exc.MismatchedInputException: Cannot deserialize value of type `java.lang.String` from Array value (token `JsonToken.START_ARRAY`)
 at [Source: REDACTED (`StreamReadFeature.INCLUDE_SOURCE_IN_LOCATION` disabled); line: 2, column: 29] (through reference chain: com.onsite.pojo_request.Add_Payroll_Request[&quot;party_company_user_id&quot;])
	at com.fasterxml.jackson.databind.exc.MismatchedInputException.from(MismatchedInputException.java:59)
	at com.fasterxml.jackson.databind.DeserializationContext.reportInputMismatch(DeserializationContext.java:1767)
	at com.fasterxml.jackson.databind.DeserializationContext.handleUnexpectedToken(DeserializationContext.java:1541)
	at com.fasterxml.jackson.databind.deser.std.StdDeserializer._deserializeFromArray(StdDeserializer.java:222)
	at com.fasterxml.jackson.databind.deser.std.StringDeserializer.deserialize(StringDeserializer.java:46)
	at com.fasterxml.jackson.databind.deser.std.StringDeserializer.deserialize(StringDeserializer.java:11)
	at com.fasterxml.jackson.databind.deser.impl.MethodProperty.deserializeAndSet(MethodProperty.java:129)
	at com.fasterxml.jackson.databind.deser.BeanDeserializer.vanillaDeserialize(BeanDeserializer.java:310)
	at com.fasterxml.jackson.databind.deser.BeanDeserializer.deserialize(BeanDeserializer.java:177)
	at com.fasterxml.jackson.databind.deser.DefaultDeserializationContext.readRootValue(DefaultDeserializationContext.java:342)
	at com.fasterxml.jackson.databind.ObjectMapper._readMapAndClose(ObjectMapper.java:4905)
	at com.fasterxml.jackson.databind.ObjectMapper.readValue(ObjectMapper.java:3848)
	at com.fasterxml.jackson.databind.ObjectMapper.readValue(ObjectMapper.java:3816)
	at com.onsite.utilities_page.JsonDataProvider.getDataFromJson(JsonDataProvider.java:34)
	... 31 more
... Removed 30 stack frames</pre></div><a href='#' onClick='toggleBox("stack-trace695980401", this, "Click to show all stack frames", "Click to hide stack frames")'>Click to show all stack frames</a>
<div class='stack-trace' id='stack-trace695980401'><pre>java.lang.RuntimeException: java.lang.RuntimeException: Failed to read test data from file: src/test/resources/testdata_payroll/Create_Payroll.json
	at org.testng.internal.MethodInvocationHelper.invokeMethodNoCheckedException(MethodInvocationHelper.java:50)
	at org.testng.internal.MethodInvocationHelper.invokeDataProvider(MethodInvocationHelper.java:146)
	at org.testng.internal.Parameters.handleParameters(Parameters.java:798)
	at org.testng.internal.Parameters.handleParameters(Parameters.java:740)
	at org.testng.internal.ParameterHandler.handleParameters(ParameterHandler.java:59)
	at org.testng.internal.ParameterHandler.createParameters(ParameterHandler.java:38)
	at org.testng.internal.TestInvoker$MethodInvocationAgent.invoke(TestInvoker.java:791)
	at org.testng.internal.TestInvoker.invokeTestMethods(TestInvoker.java:146)
	at org.testng.internal.TestMethodWorker.invokeTestMethods(TestMethodWorker.java:146)
	at org.testng.internal.TestMethodWorker.run(TestMethodWorker.java:128)
	at java.base/java.util.ArrayList.forEach(ArrayList.java:1596)
	at org.testng.TestRunner.privateRun(TestRunner.java:794)
	at org.testng.TestRunner.run(TestRunner.java:596)
	at org.testng.SuiteRunner.runTest(SuiteRunner.java:377)
	at org.testng.SuiteRunner.runSequentially(SuiteRunner.java:371)
	at org.testng.SuiteRunner.privateRun(SuiteRunner.java:332)
	at org.testng.SuiteRunner.run(SuiteRunner.java:276)
	at org.testng.SuiteRunnerWorker.runSuite(SuiteRunnerWorker.java:53)
	at org.testng.SuiteRunnerWorker.run(SuiteRunnerWorker.java:96)
	at org.testng.TestNG.runSuitesSequentially(TestNG.java:1212)
	at org.testng.TestNG.runSuitesLocally(TestNG.java:1134)
	at org.testng.TestNG.runSuites(TestNG.java:1063)
	at org.testng.TestNG.run(TestNG.java:1031)
	at org.testng.remote.AbstractRemoteTestNG.run(AbstractRemoteTestNG.java:115)
	at org.testng.remote.RemoteTestNG.initAndRun(RemoteTestNG.java:293)
	at org.testng.remote.RemoteTestNG.main(RemoteTestNG.java:91)
Caused by: java.lang.RuntimeException: Failed to read test data from file: src/test/resources/testdata_payroll/Create_Payroll.json
	at com.onsite.utilities_page.JsonDataProvider.getDataFromJson(JsonDataProvider.java:42)
	at com.onsite.payroll_test_page.Add_Payroll_Test.getpayrollData(Add_Payroll_Test.java:38)
	at java.base/jdk.internal.reflect.DirectMethodHandleAccessor.invoke(DirectMethodHandleAccessor.java:103)
	at java.base/java.lang.reflect.Method.invoke(Method.java:580)
	at org.testng.internal.MethodInvocationHelper.invokeMethod(MethodInvocationHelper.java:133)
	at org.testng.internal.MethodInvocationHelper.invokeMethod(MethodInvocationHelper.java:77)
	at org.testng.internal.MethodInvocationHelper.invokeMethodNoCheckedException(MethodInvocationHelper.java:46)
	... 25 more
Caused by: com.fasterxml.jackson.databind.exc.MismatchedInputException: Cannot deserialize value of type `java.lang.String` from Array value (token `JsonToken.START_ARRAY`)
 at [Source: REDACTED (`StreamReadFeature.INCLUDE_SOURCE_IN_LOCATION` disabled); line: 2, column: 29] (through reference chain: com.onsite.pojo_request.Add_Payroll_Request[&quot;party_company_user_id&quot;])
	at com.fasterxml.jackson.databind.exc.MismatchedInputException.from(MismatchedInputException.java:59)
	at com.fasterxml.jackson.databind.DeserializationContext.reportInputMismatch(DeserializationContext.java:1767)
	at com.fasterxml.jackson.databind.DeserializationContext.handleUnexpectedToken(DeserializationContext.java:1541)
	at com.fasterxml.jackson.databind.deser.std.StdDeserializer._deserializeFromArray(StdDeserializer.java:222)
	at com.fasterxml.jackson.databind.deser.std.StringDeserializer.deserialize(StringDeserializer.java:46)
	at com.fasterxml.jackson.databind.deser.std.StringDeserializer.deserialize(StringDeserializer.java:11)
	at com.fasterxml.jackson.databind.deser.impl.MethodProperty.deserializeAndSet(MethodProperty.java:129)
	at com.fasterxml.jackson.databind.deser.BeanDeserializer.vanillaDeserialize(BeanDeserializer.java:310)
	at com.fasterxml.jackson.databind.deser.BeanDeserializer.deserialize(BeanDeserializer.java:177)
	at com.fasterxml.jackson.databind.deser.DefaultDeserializationContext.readRootValue(DefaultDeserializationContext.java:342)
	at com.fasterxml.jackson.databind.ObjectMapper._readMapAndClose(ObjectMapper.java:4905)
	at com.fasterxml.jackson.databind.ObjectMapper.readValue(ObjectMapper.java:3848)
	at com.fasterxml.jackson.databind.ObjectMapper.readValue(ObjectMapper.java:3816)
	at com.onsite.utilities_page.JsonDataProvider.getDataFromJson(JsonDataProvider.java:34)
	... 31 more
</pre></div></td>
<td>0</td>
<td>com.onsite.payroll_test_page.Add_Payroll_Test@124dac75</td></tr>
</table><p>
</body>
</html>