<?xml version="1.0" encoding="UTF-8"?>
<!-- Generated by org.testng.reporters.JUnitXMLReporter -->
<testsuite ignored="1" hostname="DESKTOP-JKM4S1A" failures="0" tests="14" name="Payroll" time="13.366" errors="0" timestamp="2025-12-17T11:31:10 IST">
  <testcase classname="com.onsite.payroll_test_page.List_Payroll_Test" name="labour_listpayroll" time="4.371"/>
  <testcase classname="com.onsite.payroll_test_page.List_Payroll_Test" name="staff_listpayroll" time="0.002"/>
  <testcase classname="com.onsite.payroll_test_page.ListCompanyUserforPayroll" name="labourPayrollList" time="1.984"/>
  <testcase classname="com.onsite.payroll_test_page.ListCompanyUserforPayroll" name="saveUserId" time="0.411"/>
  <testcase classname="com.onsite.payroll_test_page.ListCompanyUserforPayroll" name="staffPayrollList" time="0.003"/>
  <testcase classname="com.onsite.payroll_test_page.Payroll_Count_Test" name="labour_ActiveCount" time="0.289"/>
  <testcase classname="com.onsite.payroll_test_page.Payroll_Count_Test" name="labour_InactiveCount" time="0.25"/>
  <testcase classname="com.onsite.payroll_test_page.Payroll_Count_Test" name="staff_ActiveCount" time="0.262"/>
  <testcase classname="com.onsite.payroll_test_page.Payroll_Count_Test" name="staff_InactiveCount" time="0.252"/>
  <testcase classname="com.onsite.payroll_test_page.Is_Payroll_Exist_Test" name="nonExistPayroll" time="0.506"/>
  <testcase classname="com.onsite.payroll_test_page.Is_Payroll_Exist_Test" name="nonExistPayroll" time="0.639"/>
  <testcase classname="com.onsite.payroll_test_page.Is_Payroll_Exist_Test" name="nonExistPayroll" time="0.493"/>
  <testcase classname="com.onsite.payroll_test_page.Add_Payroll_Test" name="createPayroll" time="0.0">
    <skipped/>
  </testcase> <!-- createPayroll -->
  <testcase classname="com.onsite.payroll_test_page.Add_Payroll_Test" name="detailPayroll" time="0.0">
    <skipped/>
  </testcase> <!-- detailPayroll -->
  <testcase classname="com.onsite.utilities_page.BaseToken" name="@BeforeSuite generateTokenForSuite" time="0.0">
    <ignored/>
  </testcase> <!-- @BeforeSuite generateTokenForSuite -->
</testsuite> <!-- Payroll -->
