<?xml version="1.0" encoding="UTF-8"?>
<!-- Generated by org.testng.reporters.JUnitXMLReporter -->
<testsuite ignored="3" hostname="DESKTOP-JKM4S1A" failures="0" tests="7" name="ProjectTest" time="20.308" errors="0" timestamp="2025-09-19T14:29:47 IST">
  <testcase classname="com.onsite.project_test_page.ProjectCreateTest" name="createProject" time="1.894"/>
  <testcase classname="com.onsite.project_test_page.ProjectCreateTest" name="getProject" time="1.513"/>
  <testcase classname="com.onsite.project_test_page.ProjectGetTest" name="getProjectDeatils" time="0.801"/>
  <testcase classname="com.onsite.project_test_page.ProjectUpdateTest" name="editProject" time="0.786"/>
  <testcase classname="com.onsite.project_test_page.ProjectUpdateTest" name="getUpdatedProject" time="0.702"/>
  <testcase classname="com.onsite.project_test_page.ProjectEditStatusTest" name="editStatusProject" time="0.602"/>
  <testcase classname="com.onsite.project_test_page.ProjectEditStatusTest" name="getProjectStatus" time="1.126"/>
  <testcase classname="com.onsite.utilities_page.BaseToken" name="@BeforeSuite generateTokenForSuite" time="0.0">
    <ignored/>
  </testcase> <!-- @BeforeSuite generateTokenForSuite -->
  <testcase classname="com.onsite.utilities_page.BaseToken" name="@BeforeSuite generateTokenForSuite" time="0.0">
    <ignored/>
  </testcase> <!-- @BeforeSuite generateTokenForSuite -->
  <testcase classname="com.onsite.utilities_page.BaseToken" name="@BeforeSuite generateTokenForSuite" time="0.0">
    <ignored/>
  </testcase> <!-- @BeforeSuite generateTokenForSuite -->
</testsuite> <!-- ProjectTest -->
