<?xml version="1.0" encoding="UTF-8"?>
<!-- Generated by org.testng.reporters.JUnitXMLReporter -->
<testsuite ignored="0" hostname="DESKTOP-JKM4S1A" failures="0" tests="2" name="salaryBreakup" time="7.996" errors="0" timestamp="2025-11-01T14:31:48 IST">
  <testcase classname="com.onsite.salarybreakup_test_page.Add_SalaryBreakup_Test" name="salaryBreakup" time="4.455"/>
  <testcase classname="com.onsite.salarybreakup_test_page.Add_SalaryBreakup_Test" name="detailsSalaryBreakup" time="3.515"/>
</testsuite> <!-- salaryBreakup -->
