<?xml version="1.0" encoding="UTF-8"?>
<!-- Generated by org.testng.reporters.JUnitXMLReporter -->
<testsuite ignored="3" hostname="DESKTOP-JKM4S1A" failures="0" tests="5" name="TimeSheetTest" time="14.956" errors="0" timestamp="2025-09-19T14:30:02 IST">
  <testcase classname="com.onsite.timesheet_test_page.TimeSheetCreateTest" name="postTimesheet" time="1.247"/>
  <testcase classname="com.onsite.timesheet_test_page.TimeSheetCreateTest" name="getTimeSheet" time="0.56"/>
  <testcase classname="com.onsite.timesheet_test_page.TimeSheetDetailsTest" name="getTimeSheet" time="0.61"/>
  <testcase classname="com.onsite.timesheet_test_page.TimeSheetEditTest" name="editTimeSheet" time="0.506"/>
  <testcase classname="com.onsite.timesheet_test_page.TimeSheetDeleteTest" name="deleteTimesheet" time="0.736"/>
  <testcase classname="com.onsite.utilities_page.BaseToken" name="@BeforeSuite generateTokenForSuite" time="0.0">
    <ignored/>
  </testcase> <!-- @BeforeSuite generateTokenForSuite -->
  <testcase classname="com.onsite.utilities_page.BaseToken" name="@BeforeSuite generateTokenForSuite" time="0.0">
    <ignored/>
  </testcase> <!-- @BeforeSuite generateTokenForSuite -->
  <testcase classname="com.onsite.utilities_page.BaseToken" name="@BeforeSuite generateTokenForSuite" time="0.0">
    <ignored/>
  </testcase> <!-- @BeforeSuite generateTokenForSuite -->
</testsuite> <!-- TimeSheetTest -->
