<?xml version="1.0" encoding="UTF-8"?>
<!-- Generated by org.testng.reporters.JUnitXMLReporter -->
<testsuite ignored="0" hostname="DESKTOP-JKM4S1A" failures="0" tests="22" name="Default test" time="18.854" errors="0" timestamp="2026-07-31T16:05:49 IST">
  <testcase classname="com.onsite.materialReturn_testpage.Create_materialReturn_test" name="materialReturn" time="0.989"/>
  <testcase classname="com.onsite.materialReturn_testpage.Create_materialReturn_test" name="validResponseMessage" time="0.069"/>
  <testcase classname="com.onsite.materialReturn_testpage.Create_materialReturn_test" name="validStatusCode" time="0.009"/>
  <testcase classname="com.onsite.materialReturn_testpage.Create_materialReturn_test" name="validResponseTime" time="0.014"/>
  <testcase classname="com.onsite.materialReturn_testpage.Create_materialReturn_test" name="validResponseSchema" time="0.589"/>
  <testcase classname="com.onsite.materialReturn_testpage.Create_materialReturn_test" name="validMaterialReturnId" time="0.034"/>
  <testcase classname="com.onsite.materialReturn_testpage.Create_materialReturn_test" name="validCompanyId" time="0.031"/>
  <testcase classname="com.onsite.materialReturn_testpage.Create_materialReturn_test" name="validRemark" time="0.052"/>
  <testcase classname="com.onsite.materialReturn_testpage.Create_materialReturn_test" name="validPartyCompanyUserId" time="0.04"/>
  <testcase classname="com.onsite.materialReturn_testpage.Create_materialReturn_test" name="validCreatorCompanyUserId" time="0.033"/>
  <testcase classname="com.onsite.materialReturn_testpage.Create_materialReturn_test" name="validProjectId" time="0.049"/>
  <testcase classname="com.onsite.materialReturn_testpage.Create_materialReturn_test" name="validInvoiceId" time="0.045"/>
  <testcase classname="com.onsite.materialReturn_testpage.Create_materialReturn_test" name="validMaterial" time="0.052"/>
  <testcase classname="com.onsite.materialReturn_testpage.Create_materialReturn_test" name="validMaterialAmount" time="0.034"/>
  <testcase classname="com.onsite.materialReturn_testpage.Create_materialReturn_test" name="validDiscount" time="0.03"/>
  <testcase classname="com.onsite.materialReturn_testpage.Create_materialReturn_test" name="validGstAmount" time="0.071"/>
  <testcase classname="com.onsite.materialReturn_testpage.Create_materialReturn_test" name="validOtherAmount" time="0.038"/>
  <testcase classname="com.onsite.materialReturn_testpage.Create_materialReturn_test" name="validTotalPayable" time="0.048"/>
  <testcase classname="com.onsite.materialReturn_testpage.Create_materialReturn_test" name="validPhoto" time="0.033"/>
  <testcase classname="com.onsite.materialReturn_testpage.Create_materialReturn_test" name="validReturnDate" time="0.034"/>
  <testcase classname="com.onsite.materialReturn_testpage.Create_materialReturn_test" name="validRefrenceNumber" time="0.06"/>
  <testcase classname="com.onsite.materialReturn_testpage.Create_materialReturn_test" name="validDueDays" time="0.035"/>
</testsuite> <!-- Default test -->
