<?xml version="1.0" encoding="UTF-8"?>
<!-- Generated by org.testng.reporters.JUnitXMLReporter -->
<testsuite ignored="0" hostname="DESKTOP-JKM4S1A" failures="2" tests="20" name="Default test" time="17.739" errors="0" timestamp="2026-08-04T18:50:01 IST">
  <testcase classname="com.onsite.materialReturn_testpage.Details_MaterialRequest_Test" name="detailMaterialReturn" time="1.003"/>
  <testcase classname="com.onsite.materialReturn_testpage.Details_MaterialRequest_Test" name="validStatusCode" time="0.063"/>
  <testcase classname="com.onsite.materialReturn_testpage.Details_MaterialRequest_Test" name="validResponseMessage" time="0.327"/>
  <testcase classname="com.onsite.materialReturn_testpage.Details_MaterialRequest_Test" name="validResponseTime" time="0.017"/>
  <testcase classname="com.onsite.materialReturn_testpage.Details_MaterialRequest_Test" name="validResponseSchema" time="0.891"/>
  <testcase classname="com.onsite.materialReturn_testpage.Details_MaterialRequest_Test" name="validMaterialReturnId" time="0.148"/>
  <testcase classname="com.onsite.materialReturn_testpage.Details_MaterialRequest_Test" name="validRemark" time="0.128"/>
  <testcase classname="com.onsite.materialReturn_testpage.Details_MaterialRequest_Test" name="validPartyCompanyUserId" time="0.195"/>
  <testcase classname="com.onsite.materialReturn_testpage.Details_MaterialRequest_Test" name="validProjectId" time="0.252"/>
  <testcase classname="com.onsite.materialReturn_testpage.Details_MaterialRequest_Test" name="validSubCategoryId" time="0.089"/>
  <testcase classname="com.onsite.materialReturn_testpage.Details_MaterialRequest_Test" name="validMaterial" time="0.099">
    <failure type="java.lang.ClassCastException" message="class java.util.LinkedHashMap cannot be cast to class java.lang.String (java.util.LinkedHashMap and java.lang.String are in module java.base of loader &amp;apos;bootstrap&amp;apos;)">
      <![CDATA[java.lang.ClassCastException: class java.util.LinkedHashMap cannot be cast to class java.lang.String (java.util.LinkedHashMap and java.lang.String are in module java.base of loader 'bootstrap')
at com.onsite.materialReturn_testpage.Details_MaterialRequest_Test.validMaterial(Details_MaterialRequest_Test.java:222)
at java.base/jdk.internal.reflect.DirectMethodHandleAccessor.invoke(DirectMethodHandleAccessor.java:103)
at java.base/java.lang.reflect.Method.invoke(Method.java:580)
at org.testng.internal.MethodInvocationHelper.invokeMethod(MethodInvocationHelper.java:133)
at org.testng.internal.TestInvoker.invokeMethod(TestInvoker.java:598)
at org.testng.internal.TestInvoker.invokeTestMethod(TestInvoker.java:173)
at org.testng.internal.MethodRunner.runInSequence(MethodRunner.java:46)
at org.testng.internal.TestInvoker$MethodInvocationAgent.invoke(TestInvoker.java:824)
at org.testng.internal.TestInvoker.invokeTestMethods(TestInvoker.java:146)
at org.testng.internal.TestMethodWorker.invokeTestMethods(TestMethodWorker.java:146)
at org.testng.internal.TestMethodWorker.run(TestMethodWorker.java:128)
at java.base/java.util.ArrayList.forEach(ArrayList.java:1596)
at org.testng.TestRunner.privateRun(TestRunner.java:794)
at org.testng.TestRunner.run(TestRunner.java:596)
at org.testng.SuiteRunner.runTest(SuiteRunner.java:377)
at org.testng.SuiteRunner.runSequentially(SuiteRunner.java:371)
at org.testng.SuiteRunner.privateRun(SuiteRunner.java:332)
at org.testng.SuiteRunner.run(SuiteRunner.java:276)
at org.testng.SuiteRunnerWorker.runSuite(SuiteRunnerWorker.java:53)
at org.testng.SuiteRunnerWorker.run(SuiteRunnerWorker.java:96)
at org.testng.TestNG.runSuitesSequentially(TestNG.java:1212)
at org.testng.TestNG.runSuitesLocally(TestNG.java:1134)
at org.testng.TestNG.runSuites(TestNG.java:1063)
at org.testng.TestNG.run(TestNG.java:1031)
at org.testng.remote.AbstractRemoteTestNG.run(AbstractRemoteTestNG.java:115)
at org.testng.remote.RemoteTestNG.initAndRun(RemoteTestNG.java:293)
at org.testng.remote.RemoteTestNG.main(RemoteTestNG.java:91)
]]>
    </failure>
  </testcase> <!-- validMaterial -->
  <testcase classname="com.onsite.materialReturn_testpage.Details_MaterialRequest_Test" name="validMaterialAmount" time="0.459">
    <failure type="java.lang.RuntimeException" message="com.fasterxml.jackson.databind.JsonMappingException: Numeric value (5789412360) out of range of int (-2147483648 - 2147483647)
 at [Source: REDACTED (`StreamReadFeature.INCLUDE_SOURCE_IN_LOCATION` disabled); line: 1, column: 227] (through reference chain: com.onsite.pojo_request.Materials[&amp;quot;party_mobile&amp;quot;])">
      <![CDATA[java.lang.RuntimeException: com.fasterxml.jackson.databind.JsonMappingException: Numeric value (5789412360) out of range of int (-2147483648 - 2147483647)
 at [Source: REDACTED (`StreamReadFeature.INCLUDE_SOURCE_IN_LOCATION` disabled); line: 1, column: 227] (through reference chain: com.onsite.pojo_request.Materials["party_mobile"])
at io.restassured.internal.path.json.mapping.JsonPathJackson2ObjectDeserializer.deserialize(JsonPathJackson2ObjectDeserializer.java:30)
at io.restassured.internal.path.json.mapping.JsonObjectDeserializer.deserializeWithJackson2(JsonObjectDeserializer.java:93)
at io.restassured.internal.path.json.mapping.JsonObjectDeserializer.deserialize(JsonObjectDeserializer.java:53)
at io.restassured.path.json.JsonPath.jsonStringToObject(JsonPath.java:1093)
at io.restassured.path.json.JsonPath.getList(JsonPath.java:400)
at com.onsite.materialReturn_testpage.Details_MaterialRequest_Test.validMaterialAmount(Details_MaterialRequest_Test.java:242)
at java.base/jdk.internal.reflect.DirectMethodHandleAccessor.invoke(DirectMethodHandleAccessor.java:103)
at java.base/java.lang.reflect.Method.invoke(Method.java:580)
at org.testng.internal.MethodInvocationHelper.invokeMethod(MethodInvocationHelper.java:133)
at org.testng.internal.TestInvoker.invokeMethod(TestInvoker.java:598)
at org.testng.internal.TestInvoker.invokeTestMethod(TestInvoker.java:173)
at org.testng.internal.MethodRunner.runInSequence(MethodRunner.java:46)
at org.testng.internal.TestInvoker$MethodInvocationAgent.invoke(TestInvoker.java:824)
at org.testng.internal.TestInvoker.invokeTestMethods(TestInvoker.java:146)
at org.testng.internal.TestMethodWorker.invokeTestMethods(TestMethodWorker.java:146)
at org.testng.internal.TestMethodWorker.run(TestMethodWorker.java:128)
at java.base/java.util.ArrayList.forEach(ArrayList.java:1596)
at org.testng.TestRunner.privateRun(TestRunner.java:794)
at org.testng.TestRunner.run(TestRunner.java:596)
at org.testng.SuiteRunner.runTest(SuiteRunner.java:377)
at org.testng.SuiteRunner.runSequentially(SuiteRunner.java:371)
at org.testng.SuiteRunner.privateRun(SuiteRunner.java:332)
at org.testng.SuiteRunner.run(SuiteRunner.java:276)
at org.testng.SuiteRunnerWorker.runSuite(SuiteRunnerWorker.java:53)
at org.testng.SuiteRunnerWorker.run(SuiteRunnerWorker.java:96)
at org.testng.TestNG.runSuitesSequentially(TestNG.java:1212)
at org.testng.TestNG.runSuitesLocally(TestNG.java:1134)
at org.testng.TestNG.runSuites(TestNG.java:1063)
at org.testng.TestNG.run(TestNG.java:1031)
at org.testng.remote.AbstractRemoteTestNG.run(AbstractRemoteTestNG.java:115)
at org.testng.remote.RemoteTestNG.initAndRun(RemoteTestNG.java:293)
at org.testng.remote.RemoteTestNG.main(RemoteTestNG.java:91)
Caused by: com.fasterxml.jackson.databind.JsonMappingException: Numeric value (5789412360) out of range of int (-2147483648 - 2147483647)
 at [Source: REDACTED (`StreamReadFeature.INCLUDE_SOURCE_IN_LOCATION` disabled); line: 1, column: 227] (through reference chain: com.onsite.pojo_request.Materials["party_mobile"])
at com.fasterxml.jackson.databind.JsonMappingException.wrapWithPath(JsonMappingException.java:402)
at com.fasterxml.jackson.databind.JsonMappingException.wrapWithPath(JsonMappingException.java:361)
at com.fasterxml.jackson.databind.deser.BeanDeserializerBase.wrapAndThrow(BeanDeserializerBase.java:1937)
at com.fasterxml.jackson.databind.deser.BeanDeserializer.vanillaDeserialize(BeanDeserializer.java:312)
at com.fasterxml.jackson.databind.deser.BeanDeserializer.deserialize(BeanDeserializer.java:177)
at com.fasterxml.jackson.databind.deser.DefaultDeserializationContext.readRootValue(DefaultDeserializationContext.java:342)
at com.fasterxml.jackson.databind.ObjectMapper._readMapAndClose(ObjectMapper.java:4905)
at com.fasterxml.jackson.databind.ObjectMapper.readValue(ObjectMapper.java:3848)
at io.restassured.internal.path.json.mapping.JsonPathJackson2ObjectDeserializer.deserialize(JsonPathJackson2ObjectDeserializer.java:28)
... 31 more
Caused by: com.fasterxml.jackson.core.exc.InputCoercionException: Numeric value (5789412360) out of range of int (-2147483648 - 2147483647)
 at [Source: REDACTED (`StreamReadFeature.INCLUDE_SOURCE_IN_LOCATION` disabled); line: 1, column: 227]
at com.fasterxml.jackson.core.base.ParserMinimalBase._reportInputCoercion(ParserMinimalBase.java:562)
at com.fasterxml.jackson.core.base.ParserMinimalBase.reportOverflowInt(ParserMinimalBase.java:624)
at com.fasterxml.jackson.core.base.ParserBase.convertNumberToInt(ParserBase.java:1059)
at com.fasterxml.jackson.core.base.ParserBase._parseIntValue(ParserBase.java:983)
at com.fasterxml.jackson.core.base.ParserBase.getIntValue(ParserBase.java:789)
at com.fasterxml.jackson.databind.deser.std.NumberDeserializers$IntegerDeserializer.deserialize(NumberDeserializers.java:526)
at com.fasterxml.jackson.databind.deser.std.NumberDeserializers$IntegerDeserializer.deserialize(NumberDeserializers.java:506)
at com.fasterxml.jackson.databind.deser.impl.MethodProperty.deserializeAndSet(MethodProperty.java:129)
at com.fasterxml.jackson.databind.deser.BeanDeserializer.vanillaDeserialize(BeanDeserializer.java:310)
... 36 more
]]>
    </failure>
  </testcase> <!-- validMaterialAmount -->
  <testcase classname="com.onsite.materialReturn_testpage.Details_MaterialRequest_Test" name="validGstAmount" time="0.15"/>
  <testcase classname="com.onsite.materialReturn_testpage.Details_MaterialRequest_Test" name="validOtherAmount" time="0.2"/>
  <testcase classname="com.onsite.materialReturn_testpage.Details_MaterialRequest_Test" name="validDiscount" time="0.143"/>
  <testcase classname="com.onsite.materialReturn_testpage.Details_MaterialRequest_Test" name="validTotalPayable" time="0.22"/>
  <testcase classname="com.onsite.materialReturn_testpage.Details_MaterialRequest_Test" name="validPhotos" time="0.137"/>
  <testcase classname="com.onsite.materialReturn_testpage.Details_MaterialRequest_Test" name="validReturnDate" time="0.2"/>
  <testcase classname="com.onsite.materialReturn_testpage.Details_MaterialRequest_Test" name="validRefrenceNumber" time="0.135"/>
  <testcase classname="com.onsite.materialReturn_testpage.Details_MaterialRequest_Test" name="validDueDays" time="0.201"/>
</testsuite> <!-- Default test -->
