<?xml version="1.0" encoding="UTF-8"?>
<!-- Generated by org.testng.reporters.JUnitXMLReporter -->
<testsuite ignored="0" hostname="DESKTOP-JKM4S1A" failures="0" tests="4" name="Default test" time="5.103" errors="0" timestamp="2025-12-11T17:39:44 IST">
  <testcase classname="com.onsite.payroll_test_page.Is_Payroll_Exist_Test" name="existPayroll" time="1.058"/>
  <testcase classname="com.onsite.payroll_test_page.Is_Payroll_Exist_Test" name="existPayroll" time="0.57"/>
  <testcase classname="com.onsite.payroll_test_page.Is_Payroll_Exist_Test" name="existPayroll" time="0.604"/>
  <testcase classname="com.onsite.payroll_test_page.Is_Payroll_Exist_Test" name="existPayroll" time="0.621"/>
</testsuite> <!-- Default test -->
