<?xml version="1.0" encoding="UTF-8"?>
<!-- Generated by org.testng.reporters.JUnitXMLReporter -->
<testsuite ignored="0" hostname="DESKTOP-JKM4S1A" failures="2" tests="20" name="Default test" time="33.444" errors="0" timestamp="2026-08-05T17:12:06 IST">
  <testcase classname="com.onsite.materialReturn_testpage.Details_MaterialRequest_Test" name="detailMaterialReturn" time="3.054"/>
  <testcase classname="com.onsite.materialReturn_testpage.Details_MaterialRequest_Test" name="validStatusCode" time="0.009"/>
  <testcase classname="com.onsite.materialReturn_testpage.Details_MaterialRequest_Test" name="validResponseMessage" time="0.685"/>
  <testcase classname="com.onsite.materialReturn_testpage.Details_MaterialRequest_Test" name="validResponseTime" time="0.012"/>
  <testcase classname="com.onsite.materialReturn_testpage.Details_MaterialRequest_Test" name="validResponseSchema" time="0.849"/>
  <testcase classname="com.onsite.materialReturn_testpage.Details_MaterialRequest_Test" name="validMaterialReturnId" time="0.398"/>
  <testcase classname="com.onsite.materialReturn_testpage.Details_MaterialRequest_Test" name="validRemark" time="0.285"/>
  <testcase classname="com.onsite.materialReturn_testpage.Details_MaterialRequest_Test" name="validPartyCompanyUserId" time="0.289"/>
  <testcase classname="com.onsite.materialReturn_testpage.Details_MaterialRequest_Test" name="validProjectId" time="0.263"/>
  <testcase classname="com.onsite.materialReturn_testpage.Details_MaterialRequest_Test" name="validSubCategoryId" time="0.307"/>
  <testcase classname="com.onsite.materialReturn_testpage.Details_MaterialRequest_Test" name="validMaterial" time="0.736">
    <failure type="java.lang.AssertionError" message="Quantity should be greater than 0 expected [true] but found [false]">
      <![CDATA[java.lang.AssertionError: Quantity should be greater than 0 expected [true] but found [false]
at org.testng.Assert.fail(Assert.java:99)
at org.testng.Assert.failNotEquals(Assert.java:1037)
at org.testng.Assert.assertTrue(Assert.java:45)
at com.onsite.materialReturn_testpage.Details_MaterialRequest_Test.validMaterial(Details_MaterialRequest_Test.java:186)
at java.base/jdk.internal.reflect.DirectMethodHandleAccessor.invoke(DirectMethodHandleAccessor.java:103)
at java.base/java.lang.reflect.Method.invoke(Method.java:580)
at org.testng.internal.MethodInvocationHelper.invokeMethod(MethodInvocationHelper.java:133)
at org.testng.internal.TestInvoker.invokeMethod(TestInvoker.java:598)
at org.testng.internal.TestInvoker.invokeTestMethod(TestInvoker.java:173)
at org.testng.internal.MethodRunner.runInSequence(MethodRunner.java:46)
at org.testng.internal.TestInvoker$MethodInvocationAgent.invoke(TestInvoker.java:824)
at org.testng.internal.TestInvoker.invokeTestMethods(TestInvoker.java:146)
at org.testng.internal.TestMethodWorker.invokeTestMethods(TestMethodWorker.java:146)
at org.testng.internal.TestMethodWorker.run(TestMethodWorker.java:128)
at java.base/java.util.ArrayList.forEach(ArrayList.java:1596)
at org.testng.TestRunner.privateRun(TestRunner.java:794)
at org.testng.TestRunner.run(TestRunner.java:596)
at org.testng.SuiteRunner.runTest(SuiteRunner.java:377)
at org.testng.SuiteRunner.runSequentially(SuiteRunner.java:371)
at org.testng.SuiteRunner.privateRun(SuiteRunner.java:332)
at org.testng.SuiteRunner.run(SuiteRunner.java:276)
at org.testng.SuiteRunnerWorker.runSuite(SuiteRunnerWorker.java:53)
at org.testng.SuiteRunnerWorker.run(SuiteRunnerWorker.java:96)
at org.testng.TestNG.runSuitesSequentially(TestNG.java:1212)
at org.testng.TestNG.runSuitesLocally(TestNG.java:1134)
at org.testng.TestNG.runSuites(TestNG.java:1063)
at org.testng.TestNG.run(TestNG.java:1031)
at org.testng.remote.AbstractRemoteTestNG.run(AbstractRemoteTestNG.java:115)
at org.testng.remote.RemoteTestNG.initAndRun(RemoteTestNG.java:293)
at org.testng.remote.RemoteTestNG.main(RemoteTestNG.java:91)
]]>
    </failure>
  </testcase> <!-- validMaterial -->
  <testcase classname="com.onsite.materialReturn_testpage.Details_MaterialRequest_Test" name="validMaterialAmount" time="0.607">
    <failure type="java.lang.AssertionError" message="Quantity should be greater than 0 expected [true] but found [false]">
      <![CDATA[java.lang.AssertionError: Quantity should be greater than 0 expected [true] but found [false]
at org.testng.Assert.fail(Assert.java:99)
at org.testng.Assert.failNotEquals(Assert.java:1037)
at org.testng.Assert.assertTrue(Assert.java:45)
at com.onsite.materialReturn_testpage.Details_MaterialRequest_Test.validMaterialAmount(Details_MaterialRequest_Test.java:220)
at java.base/jdk.internal.reflect.DirectMethodHandleAccessor.invoke(DirectMethodHandleAccessor.java:103)
at java.base/java.lang.reflect.Method.invoke(Method.java:580)
at org.testng.internal.MethodInvocationHelper.invokeMethod(MethodInvocationHelper.java:133)
at org.testng.internal.TestInvoker.invokeMethod(TestInvoker.java:598)
at org.testng.internal.TestInvoker.invokeTestMethod(TestInvoker.java:173)
at org.testng.internal.MethodRunner.runInSequence(MethodRunner.java:46)
at org.testng.internal.TestInvoker$MethodInvocationAgent.invoke(TestInvoker.java:824)
at org.testng.internal.TestInvoker.invokeTestMethods(TestInvoker.java:146)
at org.testng.internal.TestMethodWorker.invokeTestMethods(TestMethodWorker.java:146)
at org.testng.internal.TestMethodWorker.run(TestMethodWorker.java:128)
at java.base/java.util.ArrayList.forEach(ArrayList.java:1596)
at org.testng.TestRunner.privateRun(TestRunner.java:794)
at org.testng.TestRunner.run(TestRunner.java:596)
at org.testng.SuiteRunner.runTest(SuiteRunner.java:377)
at org.testng.SuiteRunner.runSequentially(SuiteRunner.java:371)
at org.testng.SuiteRunner.privateRun(SuiteRunner.java:332)
at org.testng.SuiteRunner.run(SuiteRunner.java:276)
at org.testng.SuiteRunnerWorker.runSuite(SuiteRunnerWorker.java:53)
at org.testng.SuiteRunnerWorker.run(SuiteRunnerWorker.java:96)
at org.testng.TestNG.runSuitesSequentially(TestNG.java:1212)
at org.testng.TestNG.runSuitesLocally(TestNG.java:1134)
at org.testng.TestNG.runSuites(TestNG.java:1063)
at org.testng.TestNG.run(TestNG.java:1031)
at org.testng.remote.AbstractRemoteTestNG.run(AbstractRemoteTestNG.java:115)
at org.testng.remote.RemoteTestNG.initAndRun(RemoteTestNG.java:293)
at org.testng.remote.RemoteTestNG.main(RemoteTestNG.java:91)
]]>
    </failure>
  </testcase> <!-- validMaterialAmount -->
  <testcase classname="com.onsite.materialReturn_testpage.Details_MaterialRequest_Test" name="validGstAmount" time="0.271"/>
  <testcase classname="com.onsite.materialReturn_testpage.Details_MaterialRequest_Test" name="validOtherAmount" time="0.247"/>
  <testcase classname="com.onsite.materialReturn_testpage.Details_MaterialRequest_Test" name="validDiscount" time="0.263"/>
  <testcase classname="com.onsite.materialReturn_testpage.Details_MaterialRequest_Test" name="validTotalPayable" time="0.528"/>
  <testcase classname="com.onsite.materialReturn_testpage.Details_MaterialRequest_Test" name="validPhotos" time="0.353"/>
  <testcase classname="com.onsite.materialReturn_testpage.Details_MaterialRequest_Test" name="validReturnDate" time="0.267"/>
  <testcase classname="com.onsite.materialReturn_testpage.Details_MaterialRequest_Test" name="validRefrenceNumber" time="0.253"/>
  <testcase classname="com.onsite.materialReturn_testpage.Details_MaterialRequest_Test" name="validDueDays" time="0.238"/>
</testsuite> <!-- Default test -->
