<?xml version="1.0" encoding="UTF-8"?>
<!-- Generated by org.testng.reporters.JUnitXMLReporter -->
<testsuite ignored="0" hostname="DESKTOP-JKM4S1A" failures="0" tests="3" name="Default test" time="30.577" errors="0" timestamp="2025-08-14T18:09:52 IST">
  <testcase classname="com.onsite.mom_test_page.Create_MOM_Test" name="getCompanyUserId" time="6.83"/>
  <testcase classname="com.onsite.mom_test_page.Create_MOM_Test" name="getProjectId" time="5.676"/>
  <testcase classname="com.onsite.mom_test_page.Create_MOM_Test" name="createMOM" time="14.18"/>
</testsuite> <!-- Default test -->
