<?xml version="1.0" encoding="UTF-8"?>
<!-- Generated by org.testng.reporters.JUnitXMLReporter -->
<testsuite ignored="0" hostname="DESKTOP-JKM4S1A" failures="0" tests="20" name="Default test" time="19.134" errors="0" timestamp="2026-08-07T18:35:30 IST">
  <testcase classname="com.onsite.materialReturn_testpage.Details_MaterialRequest_Test" name="detailMaterialReturn" time="1.702"/>
  <testcase classname="com.onsite.materialReturn_testpage.Details_MaterialRequest_Test" name="validStatusCode" time="0.009"/>
  <testcase classname="com.onsite.materialReturn_testpage.Details_MaterialRequest_Test" name="validResponseMessage" time="0.364"/>
  <testcase classname="com.onsite.materialReturn_testpage.Details_MaterialRequest_Test" name="validResponseTime" time="0.007"/>
  <testcase classname="com.onsite.materialReturn_testpage.Details_MaterialRequest_Test" name="validResponseSchema" time="0.66"/>
  <testcase classname="com.onsite.materialReturn_testpage.Details_MaterialRequest_Test" name="validMaterialReturnId" time="0.238"/>
  <testcase classname="com.onsite.materialReturn_testpage.Details_MaterialRequest_Test" name="validRemark" time="0.346"/>
  <testcase classname="com.onsite.materialReturn_testpage.Details_MaterialRequest_Test" name="validPartyCompanyUserId" time="0.243"/>
  <testcase classname="com.onsite.materialReturn_testpage.Details_MaterialRequest_Test" name="validProjectId" time="0.309"/>
  <testcase classname="com.onsite.materialReturn_testpage.Details_MaterialRequest_Test" name="validSubCategoryId" time="0.368"/>
  <testcase classname="com.onsite.materialReturn_testpage.Details_MaterialRequest_Test" name="validMaterial" time="0.366"/>
  <testcase classname="com.onsite.materialReturn_testpage.Details_MaterialRequest_Test" name="validMaterialAmount" time="0.459"/>
  <testcase classname="com.onsite.materialReturn_testpage.Details_MaterialRequest_Test" name="validGstAmount" time="0.18"/>
  <testcase classname="com.onsite.materialReturn_testpage.Details_MaterialRequest_Test" name="validOtherAmount" time="0.392"/>
  <testcase classname="com.onsite.materialReturn_testpage.Details_MaterialRequest_Test" name="validDiscount" time="0.214"/>
  <testcase classname="com.onsite.materialReturn_testpage.Details_MaterialRequest_Test" name="validTotalPayable" time="0.633"/>
  <testcase classname="com.onsite.materialReturn_testpage.Details_MaterialRequest_Test" name="validPhotos" time="0.156"/>
  <testcase classname="com.onsite.materialReturn_testpage.Details_MaterialRequest_Test" name="validReturnDate" time="0.328"/>
  <testcase classname="com.onsite.materialReturn_testpage.Details_MaterialRequest_Test" name="validRefrenceNumber" time="0.183"/>
  <testcase classname="com.onsite.materialReturn_testpage.Details_MaterialRequest_Test" name="validDueDays" time="0.205"/>
</testsuite> <!-- Default test -->
