<?xml version="1.0" encoding="UTF-8"?>
<!-- Generated by org.testng.reporters.JUnitXMLReporter -->
<testsuite ignored="0" hostname="DESKTOP-JKM4S1A" failures="3" tests="5" name="Default test" time="6.784" errors="0" timestamp="2026-09-08T16:55:09 IST">
  <testcase classname="com.onsite.materialReturn_testpage.Delete_MaterialReturn_test" name="verifyDeleteWithValidId" time="5.716">
    <failure type="java.lang.AssertionError" message="1 expectation failed.
Response body doesn&amp;apos;t match expectation.
Expected: The content to match the given JSON schema.
error: object has missing required properties ([&amp;quot;net_amount&amp;quot;,&amp;quot;purchase_date&amp;quot;])
    level: &amp;quot;error&amp;quot;
    schema: {&amp;quot;loadingURI&amp;quot;:&amp;quot;file:/C:/Users/Administrator/git/Api_repository/RestAssuredApiTesting.BDD/target/test-classes/responseSchema_files/materialPurchaseResponseSchema.json#&amp;quot;,&amp;quot;pointer&amp;quot;:&amp;quot;&amp;quot;}
    instance: {&amp;quot;pointer&amp;quot;:&amp;quot;&amp;quot;}
    domain: &amp;quot;validation&amp;quot;
    keyword: &amp;quot;required&amp;quot;
    required: [&amp;quot;company_id&amp;quot;,&amp;quot;created&amp;quot;,&amp;quot;discount&amp;quot;,&amp;quot;gst_amount&amp;quot;,&amp;quot;id&amp;quot;,&amp;quot;material_amount&amp;quot;,&amp;quot;net_amount&amp;quot;,&amp;quot;other_amount&amp;quot;,&amp;quot;party_company_user_id&amp;quot;,&amp;quot;project_id&amp;quot;,&amp;quot;purchase_date&amp;quot;,&amp;quot;remark&amp;quot;,&amp;quot;total_payable&amp;quot;,&amp;quot;vendor_reference_number&amp;quot;]
    missing: [&amp;quot;net_amount&amp;quot;,&amp;quot;purchase_date&amp;quot;]

  Actual: {&amp;quot;id&amp;quot;:&amp;quot;9dc3a1e2-570d-4a0e-a0ac-d92be67531af&amp;quot;,&amp;quot;company_id&amp;quot;:&amp;quot;9e87d60c-9bb0-4ede-9fd3-10d9db21e0bc&amp;quot;,&amp;quot;remark&amp;quot;:&amp;quot;test - 1&amp;quot;,&amp;quot;creator_company_user_id&amp;quot;:&amp;quot;94a98f3d-4bb1-4b82-9376-e7f8b59aa364&amp;quot;,&amp;quot;party_company_user_id&amp;quot;:&amp;quot;ff4ad76a-bdcb-4894-b0ab-d26390779e9d&amp;quot;,&amp;quot;project_id&amp;quot;:&amp;quot;3e2fcfd2-70e0-406e-8398-c84cb7481fd9&amp;quot;,&amp;quot;sub_category_id&amp;quot;:&amp;quot;eed3baf3-b8ff-4182-8d96-f1d1cad008b6&amp;quot;,&amp;quot;invoice_id&amp;quot;:&amp;quot;6252a521-9424-418d-8428-f17b72eb5d2c&amp;quot;,&amp;quot;material_ids&amp;quot;:[&amp;quot;b4782448-9ecb-4c1f-a763-259fd5beb1b2&amp;quot;],&amp;quot;discount&amp;quot;:10,&amp;quot;gst_amount&amp;quot;:30,&amp;quot;other_amount&amp;quot;:20,&amp;quot;material_amount&amp;quot;:1000,&amp;quot;total_payable&amp;quot;:1040,&amp;quot;prefix&amp;quot;:&amp;quot;MRET-&amp;quot;,&amp;quot;sequence&amp;quot;:26,&amp;quot;return_number&amp;quot;:&amp;quot;MRET-26&amp;quot;,&amp;quot;photos&amp;quot;:[],&amp;quot;return_date&amp;quot;:&amp;quot;2026-08-09T10:34:15.768Z&amp;quot;,&amp;quot;vendor_reference_number&amp;quot;:&amp;quot;A-01&amp;quot;,&amp;quot;delete&amp;quot;:1,&amp;quot;created&amp;quot;:&amp;quot;2026-09-08T10:26:45.938Z&amp;quot;,&amp;quot;updated&amp;quot;:&amp;quot;2026-09-08T11:25:07.629112371Z&amp;quot;,&amp;quot;updated_by_cu_id&amp;quot;:&amp;quot;94a98f3d-4bb1-4b82-9376-e7f8b59aa364&amp;quot;,&amp;quot;approval_flag&amp;quot;:&amp;quot;auto_approved&amp;quot;,&amp;quot;monkey_patch_materials&amp;quot;:null,&amp;quot;monkey_patch_creator_company_user&amp;quot;:{&amp;quot;id&amp;quot;:&amp;quot;&amp;quot;,&amp;quot;company_id&amp;quot;:&amp;quot;&amp;quot;,&amp;quot;company_role_id&amp;quot;:&amp;quot;&amp;quot;,&amp;quot;role&amp;quot;:&amp;quot;&amp;quot;,&amp;quot;type&amp;quot;:&amp;quot;&amp;quot;,&amp;quot;creator&amp;quot;:&amp;quot;&amp;quot;,&amp;quot;name&amp;quot;:&amp;quot;&amp;quot;,&amp;quot;mobile&amp;quot;:0,&amp;quot;mobile_verified&amp;quot;:0,&amp;quot;user_id&amp;quot;:&amp;quot;&amp;quot;,&amp;quot;gstin&amp;quot;:&amp;quot;&amp;quot;,&amp;quot;party_id&amp;quot;:&amp;quot;&amp;quot;,&amp;quot;legal_business_name&amp;quot;:&amp;quot;&amp;quot;,&amp;quot;billing_address&amp;quot;:&amp;quot;&amp;quot;,&amp;quot;hidden&amp;quot;:0,&amp;quot;profile_pic&amp;quot;:&amp;quot;&amp;quot;,&amp;quot;monkey_patch_policy_ids&amp;quot;:null,&amp;quot;monkey_patch_company_role&amp;quot;:{&amp;quot;id&amp;quot;:&amp;quot;&amp;quot;,&amp;quot;role&amp;quot;:&amp;quot;&amp;quot;,&amp;quot;name&amp;quot;:&amp;quot;&amp;quot;,&amp;quot;description&amp;quot;:&amp;quot;&amp;quot;,&amp;quot;company_id&amp;quot;:&amp;quot;&amp;quot;,&amp;quot;creator_company_user_id&amp;quot;:&amp;quot;&amp;quot;,&amp;quot;policy_ids&amp;quot;:null,&amp;quot;hidden&amp;quot;:0,&amp;quot;delete&amp;quot;:0,&amp;quot;created&amp;quot;:&amp;quot;0001-01-01T00:00:00Z&amp;quot;,&amp;quot;updated&amp;quot;:&amp;quot;0001-01-01T00:00:00Z&amp;quot;,&amp;quot;monkey_patch_policies&amp;quot;:null},&amp;quot;monkey_patch_user&amp;quot;:{&amp;quot;id&amp;quot;:&amp;quot;&amp;quot;,&amp;quot;name&amp;quot;:&amp;quot;&amp;quot;,&amp;quot;mobile&amp;quot;:0,&amp;quot;country_code&amp;quot;:&amp;quot;&amp;quot;,&amp;quot;profile_pic&amp;quot;:&amp;quot;&amp;quot;,&amp;quot;mobile_verified&amp;quot;:0,&amp;quot;invited&amp;quot;:0,&amp;quot;invitation_count&amp;quot;:0,&amp;quot;profession&amp;quot;:&amp;quot;&amp;quot;},&amp;quot;email&amp;quot;:&amp;quot;&amp;quot;,&amp;quot;date_of_joining&amp;quot;:&amp;quot;0001-01-01T00:00:00Z&amp;quot;},&amp;quot;monkey_patch_party_company_user&amp;quot;:{&amp;quot;id&amp;quot;:&amp;quot;&amp;quot;,&amp;quot;company_id&amp;quot;:&amp;quot;&amp;quot;,&amp;quot;company_role_id&amp;quot;:&amp;quot;&amp;quot;,&amp;quot;role&amp;quot;:&amp;quot;&amp;quot;,&amp;quot;type&amp;quot;:&amp;quot;&amp;quot;,&amp;quot;creator&amp;quot;:&amp;quot;&amp;quot;,&amp;quot;name&amp;quot;:&amp;quot;&amp;quot;,&amp;quot;mobile&amp;quot;:0,&amp;quot;mobile_verified&amp;quot;:0,&amp;quot;user_id&amp;quot;:&amp;quot;&amp;quot;,&amp;quot;gstin&amp;quot;:&amp;quot;&amp;quot;,&amp;quot;party_id&amp;quot;:&amp;quot;&amp;quot;,&amp;quot;legal_business_name&amp;quot;:&amp;quot;&amp;quot;,&amp;quot;billing_address&amp;quot;:&amp;quot;&amp;quot;,&amp;quot;hidden&amp;quot;:0,&amp;quot;profile_pic&amp;quot;:&amp;quot;&amp;quot;,&amp;quot;monkey_patch_policy_ids&amp;quot;:null,&amp;quot;monkey_patch_company_role&amp;quot;:{&amp;quot;id&amp;quot;:&amp;quot;&amp;quot;,&amp;quot;role&amp;quot;:&amp;quot;&amp;quot;,&amp;quot;name&amp;quot;:&amp;quot;&amp;quot;,&amp;quot;description&amp;quot;:&amp;quot;&amp;quot;,&amp;quot;company_id&amp;quot;:&amp;quot;&amp;quot;,&amp;quot;creator_company_user_id&amp;quot;:&amp;quot;&amp;quot;,&amp;quot;policy_ids&amp;quot;:null,&amp;quot;hidden&amp;quot;:0,&amp;quot;delete&amp;quot;:0,&amp;quot;created&amp;quot;:&amp;quot;0001-01-01T00:00:00Z&amp;quot;,&amp;quot;updated&amp;quot;:&amp;quot;0001-01-01T00:00:00Z&amp;quot;,&amp;quot;monkey_patch_policies&amp;quot;:null},&amp;quot;monkey_patch_user&amp;quot;:{&amp;quot;id&amp;quot;:&amp;quot;&amp;quot;,&amp;quot;name&amp;quot;:&amp;quot;&amp;quot;,&amp;quot;mobile&amp;quot;:0,&amp;quot;country_code&amp;quot;:&amp;quot;&amp;quot;,&amp;quot;profile_pic&amp;quot;:&amp;quot;&amp;quot;,&amp;quot;mobile_verified&amp;quot;:0,&amp;quot;invited&amp;quot;:0,&amp;quot;invitation_count&amp;quot;:0,&amp;quot;profession&amp;quot;:&amp;quot;&amp;quot;},&amp;quot;email&amp;quot;:&amp;quot;&amp;quot;,&amp;quot;date_of_joining&amp;quot;:&amp;quot;0001-01-01T00:00:00Z&amp;quot;},&amp;quot;monkey_patch_is_editable&amp;quot;:0,&amp;quot;monkey_patch_paid_amount&amp;quot;:0,&amp;quot;monkey_patch_status&amp;quot;:&amp;quot;&amp;quot;,&amp;quot;monkey_patch_sub_category&amp;quot;:{&amp;quot;id&amp;quot;:&amp;quot;&amp;quot;,&amp;quot;parent_id&amp;quot;:&amp;quot;&amp;quot;,&amp;quot;creator&amp;quot;:&amp;quot;&amp;quot;,&amp;quot;creator_company_user_id&amp;quot;:&amp;quot;&amp;quot;,&amp;quot;company_id&amp;quot;:&amp;quot;&amp;quot;,&amp;quot;type&amp;quot;:&amp;quot;&amp;quot;,&amp;quot;text_en&amp;quot;:&amp;quot;&amp;quot;,&amp;quot;text_hi&amp;quot;:&amp;quot;&amp;quot;,&amp;quot;index&amp;quot;:0,&amp;quot;hidden&amp;quot;:0,&amp;quot;created&amp;quot;:&amp;quot;0001-01-01T00:00:00Z&amp;quot;,&amp;quot;updated&amp;quot;:&amp;quot;0001-01-01T00:00:00Z&amp;quot;,&amp;quot;monkey_patch_children&amp;quot;:null,&amp;quot;monkey_patch_parent&amp;quot;:null,&amp;quot;color_hex&amp;quot;:&amp;quot;&amp;quot;,&amp;quot;is_project_phase&amp;quot;:0},&amp;quot;monkey_patch_project&amp;quot;:{&amp;quot;id&amp;quot;:&amp;quot;&amp;quot;,&amp;quot;type&amp;quot;:&amp;quot;&amp;quot;,&amp;quot;name&amp;quot;:&amp;quot;&amp;quot;,&amp;quot;contractor&amp;quot;:&amp;quot;&amp;quot;,&amp;quot;contractor_company_user_id&amp;quot;:&amp;quot;&amp;quot;,&amp;quot;creator&amp;quot;:&amp;quot;&amp;quot;,&amp;quot;creator_company_user_id&amp;quot;:&amp;quot;&amp;quot;,&amp;quot;bg_image&amp;quot;:&amp;quot;&amp;quot;,&amp;quot;admins&amp;quot;:null,&amp;quot;admins_company_user_ids&amp;quot;:null,&amp;quot;workers_company_user_ids&amp;quot;:null,&amp;quot;customer_name&amp;quot;:&amp;quot;&amp;quot;,&amp;quot;customer_contact&amp;quot;:0,&amp;quot;customer_email&amp;quot;:&amp;quot;&amp;quot;,&amp;quot;customer_company_name&amp;quot;:&amp;quot;&amp;quot;,&amp;quot;customer_company_address&amp;quot;:&amp;quot;&amp;quot;,&amp;quot;customer_gst&amp;quot;:&amp;quot;&amp;quot;,&amp;quot;customer_profile_image&amp;quot;:&amp;quot;&amp;quot;,&amp;quot;address&amp;quot;:&amp;quot;&amp;quot;,&amp;quot;city&amp;quot;:&amp;quot;&amp;quot;,&amp;quot;state&amp;quot;:&amp;quot;&amp;quot;,&amp;quot;status&amp;quot;:&amp;quot;&amp;quot;,&amp;quot;contact_book&amp;quot;:null,&amp;quot;is_engine&amp;quot;:0,&amp;quot;duplicate_from&amp;quot;:&amp;quot;&amp;quot;,&amp;quot;created&amp;quot;:&amp;quot;0001-01-01T00:00:00Z&amp;quot;,&amp;quot;updated&amp;quot;:&amp;quot;0001-01-01T00:00:00Z&amp;quot;,&amp;quot;updated_by_cu_id&amp;quot;:&amp;quot;&amp;quot;,&amp;quot;contact_data&amp;quot;:null,&amp;quot;photos&amp;quot;:null,&amp;quot;location&amp;quot;:{&amp;quot;type&amp;quot;:&amp;quot;&amp;quot;,&amp;quot;coordinates&amp;quot;:null},&amp;quot;google_address&amp;quot;:null,&amp;quot;allowed_features&amp;quot;:null,&amp;quot;estimated_cost&amp;quot;:0,&amp;quot;progress&amp;quot;:0,&amp;quot;start_date&amp;quot;:&amp;quot;0001-01-01T00:00:00Z&amp;quot;,&amp;quot;end_date&amp;quot;:&amp;quot;0001-01-01T00:00:00Z&amp;quot;,&amp;quot;monkey_patch_contractor_name&amp;quot;:&amp;quot;&amp;quot;,&amp;quot;monkey_patch_contractor_company_user_name&amp;quot;:&amp;quot;&amp;quot;,&amp;quot;monkey_patch_contractor_contact&amp;quot;:0,&amp;quot;monkey_patch_contractor_profile_pic&amp;quot;:&amp;quot;&amp;quot;,&amp;quot;monkey_patch_in_amount&amp;quot;:0,&amp;quot;monkey_patch_out_amount&amp;quot;:0,&amp;quot;monkey_patch_transaction_in_amount&amp;quot;:0,&amp;quot;monkey_patch_transaction_out_amount&amp;quot;:0,&amp;quot;company_id&amp;quot;:&amp;quot;&amp;quot;,&amp;quot;monkey_patch_my_company_user&amp;quot;:{&amp;quot;id&amp;quot;:&amp;quot;&amp;quot;,&amp;quot;company_id&amp;quot;:&amp;quot;&amp;quot;,&amp;quot;company_role_id&amp;quot;:&amp;quot;&amp;quot;,&amp;quot;role&amp;quot;:&amp;quot;&amp;quot;,&amp;quot;type&amp;quot;:&amp;quot;&amp;quot;,&amp;quot;creator&amp;quot;:&amp;quot;&amp;quot;,&amp;quot;name&amp;quot;:&amp;quot;&amp;quot;,&amp;quot;mobile&amp;quot;:0,&amp;quot;mobile_verified&amp;quot;:0,&amp;quot;user_id&amp;quot;:&amp;quot;&amp;quot;,&amp;quot;gstin&amp;quot;:&amp;quot;&amp;quot;,&amp;quot;party_id&amp;quot;:&amp;quot;&amp;quot;,&amp;quot;legal_business_name&amp;quot;:&amp;quot;&amp;quot;,&amp;quot;billing_address&amp;quot;:&amp;quot;&amp;quot;,&amp;quot;hidden&amp;quot;:0,&amp;quot;profile_pic&amp;quot;:&amp;quot;&amp;quot;,&amp;quot;monkey_patch_policy_ids&amp;quot;:null,&amp;quot;monkey_patch_company_role&amp;quot;:{&amp;quot;id&amp;quot;:&amp;quot;&amp;quot;,&amp;quot;role&amp;quot;:&amp;quot;&amp;quot;,&amp;quot;name&amp;quot;:&amp;quot;&amp;quot;,&amp;quot;description&amp;quot;:&amp;quot;&amp;quot;,&amp;quot;company_id&amp;quot;:&amp;quot;&amp;quot;,&amp;quot;creator_company_user_id&amp;quot;:&amp;quot;&amp;quot;,&amp;quot;policy_ids&amp;quot;:null,&amp;quot;hidden&amp;quot;:0,&amp;quot;delete&amp;quot;:0,&amp;quot;created&amp;quot;:&amp;quot;0001-01-01T00:00:00Z&amp;quot;,&amp;quot;updated&amp;quot;:&amp;quot;0001-01-01T00:00:00Z&amp;quot;,&amp;quot;monkey_patch_policies&amp;quot;:null},&amp;quot;monkey_patch_user&amp;quot;:{&amp;quot;id&amp;quot;:&amp;quot;&amp;quot;,&amp;quot;name&amp;quot;:&amp;quot;&amp;quot;,&amp;quot;mobile&amp;quot;:0,&amp;quot;country_code&amp;quot;:&amp;quot;&amp;quot;,&amp;quot;profile_pic&amp;quot;:&amp;quot;&amp;quot;,&amp;quot;mobile_verified&amp;quot;:0,&amp;quot;invited&amp;quot;:0,&amp;quot;invitation_count&amp;quot;:0,&amp;quot;profession&amp;quot;:&amp;quot;&amp;quot;},&amp;quot;email&amp;quot;:&amp;quot;&amp;quot;,&amp;quot;date_of_joining&amp;quot;:&amp;quot;0001-01-01T00:00:00Z&amp;quot;},&amp;quot;monkey_patch_company_name&amp;quot;:&amp;quot;&amp;quot;,&amp;quot;monkey_patch_team_member&amp;quot;:null,&amp;quot;monkey_patch_todo_count&amp;quot;:0,&amp;quot;attendance_radius&amp;quot;:0,&amp;quot;distance&amp;quot;:0,&amp;quot;monkey_patch_primary_address&amp;quot;:{&amp;quot;id&amp;quot;:&amp;quot;&amp;quot;,&amp;quot;company_id&amp;quot;:&amp;quot;&amp;quot;,&amp;quot;creator_company_user_id&amp;quot;:&amp;quot;&amp;quot;,&amp;quot;owner_id&amp;quot;:&amp;quot;&amp;quot;,&amp;quot;address_type&amp;quot;:&amp;quot;&amp;quot;,&amp;quot;address_title&amp;quot;:&amp;quot;&amp;quot;,&amp;quot;address_gst&amp;quot;:&amp;quot;&amp;quot;,&amp;quot;address_line_1&amp;quot;:&amp;quot;&amp;quot;,&amp;quot;address_line_2&amp;quot;:&amp;quot;&amp;quot;,&amp;quot;city&amp;quot;:&amp;quot;&amp;quot;,&amp;quot;state&amp;quot;:&amp;quot;&amp;quot;,&amp;quot;postal_code&amp;quot;:&amp;quot;&amp;quot;,&amp;quot;country_code&amp;quot;:&amp;quot;&amp;quot;,&amp;quot;location&amp;quot;:{&amp;quot;type&amp;quot;:&amp;quot;&amp;quot;,&amp;quot;coordinates&amp;quot;:null},&amp;quot;google_address&amp;quot;:null,&amp;quot;primary&amp;quot;:0,&amp;quot;delete&amp;quot;:0,&amp;quot;created&amp;quot;:&amp;quot;0001-01-01T00:00:00Z&amp;quot;,&amp;quot;updated&amp;quot;:&amp;quot;0001-01-01T00:00:00Z&amp;quot;,&amp;quot;search&amp;quot;:&amp;quot;&amp;quot;,&amp;quot;monkey_patch_country_config&amp;quot;:{&amp;quot;country_code&amp;quot;:&amp;quot;&amp;quot;,&amp;quot;country_iso&amp;quot;:&amp;quot;&amp;quot;,&amp;quot;country_name&amp;quot;:&amp;quot;&amp;quot;,&amp;quot;created&amp;quot;:&amp;quot;0001-01-01T00:00:00Z&amp;quot;,&amp;quot;minimum_digits&amp;quot;:0,&amp;quot;maximum_digits&amp;quot;:0,&amp;quot;login_channels&amp;quot;:null,&amp;quot;currency&amp;quot;:&amp;quot;&amp;quot;,&amp;quot;flag&amp;quot;:&amp;quot;&amp;quot;,&amp;quot;tax_slabs&amp;quot;:null,&amp;quot;tax_display_name&amp;quot;:&amp;quot;&amp;quot;,&amp;quot;tax_value_display_name&amp;quot;:&amp;quot;&amp;quot;,&amp;quot;published&amp;quot;:0,&amp;quot;decimal_digit&amp;quot;:0,&amp;quot;timezone&amp;quot;:&amp;quot;&amp;quot;}},&amp;quot;dimension&amp;quot;:&amp;quot;&amp;quot;,&amp;quot;orientation&amp;quot;:&amp;quot;&amp;quot;,&amp;quot;code&amp;quot;:&amp;quot;&amp;quot;,&amp;quot;key_personnel_cu_ids&amp;quot;:null,&amp;quot;billed_amount&amp;quot;:0,&amp;quot;monkey_patch_key_personnel&amp;quot;:null,&amp;quot;custom_fields&amp;quot;:null,&amp;quot;entry_time&amp;quot;:&amp;quot;0001-01-01T00:00:00Z&amp;quot;,&amp;quot;sub_category_id&amp;quot;:&amp;quot;&amp;quot;,&amp;quot;monkey_patch_sub_category&amp;quot;:{&amp;quot;id&amp;quot;:&amp;quot;&amp;quot;,&amp;quot;parent_id&amp;quot;:&amp;quot;&amp;quot;,&amp;quot;creator&amp;quot;:&amp;quot;&amp;quot;,&amp;quot;creator_company_user_id&amp;quot;:&amp;quot;&amp;quot;,&amp;quot;company_id&amp;quot;:&amp;quot;&amp;quot;,&amp;quot;type&amp;quot;:&amp;quot;&amp;quot;,&amp;quot;text_en&amp;quot;:&amp;quot;&amp;quot;,&amp;quot;text_hi&amp;quot;:&amp;quot;&amp;quot;,&amp;quot;index&amp;quot;:0,&amp;quot;hidden&amp;quot;:0,&amp;quot;created&amp;quot;:&amp;quot;0001-01-01T00:00:00Z&amp;quot;,&amp;quot;updated&amp;quot;:&amp;quot;0001-01-01T00:00:00Z&amp;quot;,&amp;quot;monkey_patch_children&amp;quot;:null,&amp;quot;monkey_patch_parent&amp;quot;:null,&amp;quot;color_hex&amp;quot;:&amp;quot;&amp;quot;,&amp;quot;is_project_phase&amp;quot;:0},&amp;quot;phase_sub_category_ids&amp;quot;:null,&amp;quot;phase_sub_category_id&amp;quot;:&amp;quot;&amp;quot;,&amp;quot;monkey_patch_phase_sub_category&amp;quot;:{&amp;quot;id&amp;quot;:&amp;quot;&amp;quot;,&amp;quot;parent_id&amp;quot;:&amp;quot;&amp;quot;,&amp;quot;creator&amp;quot;:&amp;quot;&amp;quot;,&amp;quot;creator_company_user_id&amp;quot;:&amp;quot;&amp;quot;,&amp;quot;company_id&amp;quot;:&amp;quot;&amp;quot;,&amp;quot;type&amp;quot;:&amp;quot;&amp;quot;,&amp;quot;text_en&amp;quot;:&amp;quot;&amp;quot;,&amp;quot;text_hi&amp;quot;:&amp;quot;&amp;quot;,&amp;quot;index&amp;quot;:0,&amp;quot;hidden&amp;quot;:0,&amp;quot;created&amp;quot;:&amp;quot;0001-01-01T00:00:00Z&amp;quot;,&amp;quot;updated&amp;quot;:&amp;quot;0001-01-01T00:00:00Z&amp;quot;,&amp;quot;monkey_patch_children&amp;quot;:null,&amp;quot;monkey_patch_parent&amp;quot;:null,&amp;quot;color_hex&amp;quot;:&amp;quot;&amp;quot;,&amp;quot;is_project_phase&amp;quot;:0},&amp;quot;scope_of_work&amp;quot;:null,&amp;quot;grn_prefix_list&amp;quot;:null,&amp;quot;default_grn_prefix&amp;quot;:{&amp;quot;prefix&amp;quot;:&amp;quot;&amp;quot;,&amp;quot;sequence&amp;quot;:0},&amp;quot;material_request_prefix_list&amp;quot;:null,&amp;quot;default_material_request_prefix&amp;quot;:{&amp;quot;prefix&amp;quot;:&amp;quot;&amp;quot;,&amp;quot;sequence&amp;quot;:0},&amp;quot;company_address_id&amp;quot;:&amp;quot;&amp;quot;,&amp;quot;monkey_patch_company_address&amp;quot;:{&amp;quot;id&amp;quot;:&amp;quot;&amp;quot;,&amp;quot;company_id&amp;quot;:&amp;quot;&amp;quot;,&amp;quot;creator_company_user_id&amp;quot;:&amp;quot;&amp;quot;,&amp;quot;owner_id&amp;quot;:&amp;quot;&amp;quot;,&amp;quot;address_type&amp;quot;:&amp;quot;&amp;quot;,&amp;quot;address_title&amp;quot;:&amp;quot;&amp;quot;,&amp;quot;address_gst&amp;quot;:&amp;quot;&amp;quot;,&amp;quot;address_line_1&amp;quot;:&amp;quot;&amp;quot;,&amp;quot;address_line_2&amp;quot;:&amp;quot;&amp;quot;,&amp;quot;city&amp;quot;:&amp;quot;&amp;quot;,&amp;quot;state&amp;quot;:&amp;quot;&amp;quot;,&amp;quot;postal_code&amp;quot;:&amp;quot;&amp;quot;,&amp;quot;country_code&amp;quot;:&amp;quot;&amp;quot;,&amp;quot;location&amp;quot;:{&amp;quot;type&amp;quot;:&amp;quot;&amp;quot;,&amp;quot;coordinates&amp;quot;:null},&amp;quot;google_address&amp;quot;:null,&amp;quot;primary&amp;quot;:0,&amp;quot;delete&amp;quot;:0,&amp;quot;created&amp;quot;:&amp;quot;0001-01-01T00:00:00Z&amp;quot;,&amp;quot;updated&amp;quot;:&amp;quot;0001-01-01T00:00:00Z&amp;quot;,&amp;quot;search&amp;quot;:&amp;quot;&amp;quot;,&amp;quot;monkey_patch_country_config&amp;quot;:{&amp;quot;country_code&amp;quot;:&amp;quot;&amp;quot;,&amp;quot;country_iso&amp;quot;:&amp;quot;&amp;quot;,&amp;quot;country_name&amp;quot;:&amp;quot;&amp;quot;,&amp;quot;created&amp;quot;:&amp;quot;0001-01-01T00:00:00Z&amp;quot;,&amp;quot;minimum_digits&amp;quot;:0,&amp;quot;maximum_digits&amp;quot;:0,&amp;quot;login_channels&amp;quot;:null,&amp;quot;currency&amp;quot;:&amp;quot;&amp;quot;,&amp;quot;flag&amp;quot;:&amp;quot;&amp;quot;,&amp;quot;tax_slabs&amp;quot;:null,&amp;quot;tax_display_name&amp;quot;:&amp;quot;&amp;quot;,&amp;quot;tax_value_display_name&amp;quot;:&amp;quot;&amp;quot;,&amp;quot;published&amp;quot;:0,&amp;quot;decimal_digit&amp;quot;:0,&amp;quot;timezone&amp;quot;:&amp;quot;&amp;quot;}},&amp;quot;total_estimated_budget&amp;quot;:0},&amp;quot;monkey_patch_invoice&amp;quot;:{&amp;quot;id&amp;quot;:&amp;quot;&amp;quot;,&amp;quot;company_id&amp;quot;:&amp;quot;&amp;quot;,&amp;quot;creator_company_user_id&amp;quot;:&amp;quot;&amp;quot;,&amp;quot;party_company_user_id&amp;quot;:&amp;quot;&amp;quot;,&amp;quot;project_id&amp;quot;:&amp;quot;&amp;quot;,&amp;quot;category_id&amp;quot;:&amp;quot;&amp;quot;,&amp;quot;sub_category_id&amp;quot;:&amp;quot;&amp;quot;,&amp;quot;feature_type&amp;quot;:&amp;quot;&amp;quot;,&amp;quot;feature_id&amp;quot;:&amp;quot;&amp;quot;,&amp;quot;invoice_type&amp;quot;:&amp;quot;&amp;quot;,&amp;quot;status&amp;quot;:&amp;quot;&amp;quot;,&amp;quot;total_payable&amp;quot;:0,&amp;quot;paid_amount&amp;quot;:0,&amp;quot;sequence&amp;quot;:0,&amp;quot;delete&amp;quot;:0,&amp;quot;invoice_date&amp;quot;:&amp;quot;0001-01-01T00:00:00Z&amp;quot;,&amp;quot;created&amp;quot;:&amp;quot;0001-01-01T00:00:00Z&amp;quot;,&amp;quot;updated&amp;quot;:&amp;quot;0001-01-01T00:00:00Z&amp;quot;,&amp;quot;updated_by_cu_id&amp;quot;:&amp;quot;&amp;quot;,&amp;quot;approval_flag&amp;quot;:&amp;quot;&amp;quot;,&amp;quot;monkey_patch_settlement&amp;quot;:{&amp;quot;id&amp;quot;:&amp;quot;&amp;quot;,&amp;quot;company_id&amp;quot;:&amp;quot;&amp;quot;,&amp;quot;creator_company_user_id&amp;quot;:&amp;quot;&amp;quot;,&amp;quot;party_company_user_id&amp;quot;:&amp;quot;&amp;quot;,&amp;quot;project_id&amp;quot;:&amp;quot;&amp;quot;,&amp;quot;invoice_id&amp;quot;:&amp;quot;&amp;quot;,&amp;quot;cashbooktransaction_id&amp;quot;:&amp;quot;&amp;quot;,&amp;quot;settled_amount&amp;quot;:0,&amp;quot;delete&amp;quot;:0,&amp;quot;created&amp;quot;:&amp;quot;0001-01-01T00:00:00Z&amp;quot;,&amp;quot;updated&amp;quot;:&amp;quot;0001-01-01T00:00:00Z&amp;quot;,&amp;quot;monkey_patch_settlement_date&amp;quot;:&amp;quot;0001-01-01T00:00:00Z&amp;quot;},&amp;quot;monkey_patch_retention_entry&amp;quot;:null,&amp;quot;monkey_patch_feature&amp;quot;:null,&amp;quot;monkey_patch_project&amp;quot;:{&amp;quot;id&amp;quot;:&amp;quot;&amp;quot;,&amp;quot;type&amp;quot;:&amp;quot;&amp;quot;,&amp;quot;name&amp;quot;:&amp;quot;&amp;quot;,&amp;quot;contractor&amp;quot;:&amp;quot;&amp;quot;,&amp;quot;contractor_company_user_id&amp;quot;:&amp;quot;&amp;quot;,&amp;quot;creator&amp;quot;:&amp;quot;&amp;quot;,&amp;quot;creator_company_user_id&amp;quot;:&amp;quot;&amp;quot;,&amp;quot;bg_image&amp;quot;:&amp;quot;&amp;quot;,&amp;quot;admins&amp;quot;:null,&amp;quot;admins_company_user_ids&amp;quot;:null,&amp;quot;workers_company_user_ids&amp;quot;:null,&amp;quot;customer_name&amp;quot;:&amp;quot;&amp;quot;,&amp;quot;customer_contact&amp;quot;:0,&amp;quot;customer_email&amp;quot;:&amp;quot;&amp;quot;,&amp;quot;customer_company_name&amp;quot;:&amp;quot;&amp;quot;,&amp;quot;customer_company_address&amp;quot;:&amp;quot;&amp;quot;,&amp;quot;customer_gst&amp;quot;:&amp;quot;&amp;quot;,&amp;quot;customer_profile_image&amp;quot;:&amp;quot;&amp;quot;,&amp;quot;address&amp;quot;:&amp;quot;&amp;quot;,&amp;quot;city&amp;quot;:&amp;quot;&amp;quot;,&amp;quot;state&amp;quot;:&amp;quot;&amp;quot;,&amp;quot;status&amp;quot;:&amp;quot;&amp;quot;,&amp;quot;contact_book&amp;quot;:null,&amp;quot;is_engine&amp;quot;:0,&amp;quot;duplicate_from&amp;quot;:&amp;quot;&amp;quot;,&amp;quot;created&amp;quot;:&amp;quot;0001-01-01T00:00:00Z&amp;quot;,&amp;quot;updated&amp;quot;:&amp;quot;0001-01-01T00:00:00Z&amp;quot;,&amp;quot;updated_by_cu_id&amp;quot;:&amp;quot;&amp;quot;,&amp;quot;contact_data&amp;quot;:null,&amp;quot;photos&amp;quot;:null,&amp;quot;location&amp;quot;:{&amp;quot;type&amp;quot;:&amp;quot;&amp;quot;,&amp;quot;coordinates&amp;quot;:null},&amp;quot;google_address&amp;quot;:null,&amp;quot;allowed_features&amp;quot;:null,&amp;quot;estimated_cost&amp;quot;:0,&amp;quot;progress&amp;quot;:0,&amp;quot;start_date&amp;quot;:&amp;quot;0001-01-01T00:00:00Z&amp;quot;,&amp;quot;end_date&amp;quot;:&amp;quot;0001-01-01T00:00:00Z&amp;quot;,&amp;quot;monkey_patch_contractor_name&amp;quot;:&amp;quot;&amp;quot;,&amp;quot;monkey_patch_contractor_company_user_name&amp;quot;:&amp;quot;&amp;quot;,&amp;quot;monkey_patch_contractor_contact&amp;quot;:0,&amp;quot;monkey_patch_contractor_profile_pic&amp;quot;:&amp;quot;&amp;quot;,&amp;quot;monkey_patch_in_amount&amp;quot;:0,&amp;quot;monkey_patch_out_amount&amp;quot;:0,&amp;quot;monkey_patch_transaction_in_amount&amp;quot;:0,&amp;quot;monkey_patch_transaction_out_amount&amp;quot;:0,&amp;quot;company_id&amp;quot;:&amp;quot;&amp;quot;,&amp;quot;monkey_patch_my_company_user&amp;quot;:{&amp;quot;id&amp;quot;:&amp;quot;&amp;quot;,&amp;quot;company_id&amp;quot;:&amp;quot;&amp;quot;,&amp;quot;company_role_id&amp;quot;:&amp;quot;&amp;quot;,&amp;quot;role&amp;quot;:&amp;quot;&amp;quot;,&amp;quot;type&amp;quot;:&amp;quot;&amp;quot;,&amp;quot;creator&amp;quot;:&amp;quot;&amp;quot;,&amp;quot;name&amp;quot;:&amp;quot;&amp;quot;,&amp;quot;mobile&amp;quot;:0,&amp;quot;mobile_verified&amp;quot;:0,&amp;quot;user_id&amp;quot;:&amp;quot;&amp;quot;,&amp;quot;gstin&amp;quot;:&amp;quot;&amp;quot;,&amp;quot;party_id&amp;quot;:&amp;quot;&amp;quot;,&amp;quot;legal_business_name&amp;quot;:&amp;quot;&amp;quot;,&amp;quot;billing_address&amp;quot;:&amp;quot;&amp;quot;,&amp;quot;hidden&amp;quot;:0,&amp;quot;profile_pic&amp;quot;:&amp;quot;&amp;quot;,&amp;quot;monkey_patch_policy_ids&amp;quot;:null,&amp;quot;monkey_patch_company_role&amp;quot;:{&amp;quot;id&amp;quot;:&amp;quot;&amp;quot;,&amp;quot;role&amp;quot;:&amp;quot;&amp;quot;,&amp;quot;name&amp;quot;:&amp;quot;&amp;quot;,&amp;quot;description&amp;quot;:&amp;quot;&amp;quot;,&amp;quot;company_id&amp;quot;:&amp;quot;&amp;quot;,&amp;quot;creator_company_user_id&amp;quot;:&amp;quot;&amp;quot;,&amp;quot;policy_ids&amp;quot;:null,&amp;quot;hidden&amp;quot;:0,&amp;quot;delete&amp;quot;:0,&amp;quot;created&amp;quot;:&amp;quot;0001-01-01T00:00:00Z&amp;quot;,&amp;quot;updated&amp;quot;:&amp;quot;0001-01-01T00:00:00Z&amp;quot;,&amp;quot;monkey_patch_policies&amp;quot;:null},&amp;quot;monkey_patch_user&amp;quot;:{&amp;quot;id&amp;quot;:&amp;quot;&amp;quot;,&amp;quot;name&amp;quot;:&amp;quot;&amp;quot;,&amp;quot;mobile&amp;quot;:0,&amp;quot;country_code&amp;quot;:&amp;quot;&amp;quot;,&amp;quot;profile_pic&amp;quot;:&amp;quot;&amp;quot;,&amp;quot;mobile_verified&amp;quot;:0,&amp;quot;invited&amp;quot;:0,&amp;quot;invitation_count&amp;quot;:0,&amp;quot;profession&amp;quot;:&amp;quot;&amp;quot;},&amp;quot;email&amp;quot;:&amp;quot;&amp;quot;,&amp;quot;date_of_joining&amp;quot;:&amp;quot;0001-01-01T00:00:00Z&amp;quot;},&amp;quot;monkey_patch_company_name&amp;quot;:&amp;quot;&amp;quot;,&amp;quot;monkey_patch_team_member&amp;quot;:null,&amp;quot;monkey_patch_todo_count&amp;quot;:0,&amp;quot;attendance_radius&amp;quot;:0,&amp;quot;distance&amp;quot;:0,&amp;quot;monkey_patch_primary_address&amp;quot;:{&amp;quot;id&amp;quot;:&amp;quot;&amp;quot;,&amp;quot;company_id&amp;quot;:&amp;quot;&amp;quot;,&amp;quot;creator_company_user_id&amp;quot;:&amp;quot;&amp;quot;,&amp;quot;owner_id&amp;quot;:&amp;quot;&amp;quot;,&amp;quot;address_type&amp;quot;:&amp;quot;&amp;quot;,&amp;quot;address_title&amp;quot;:&amp;quot;&amp;quot;,&amp;quot;address_gst&amp;quot;:&amp;quot;&amp;quot;,&amp;quot;address_line_1&amp;quot;:&amp;quot;&amp;quot;,&amp;quot;address_line_2&amp;quot;:&amp;quot;&amp;quot;,&amp;quot;city&amp;quot;:&amp;quot;&amp;quot;,&amp;quot;state&amp;quot;:&amp;quot;&amp;quot;,&amp;quot;postal_code&amp;quot;:&amp;quot;&amp;quot;,&amp;quot;country_code&amp;quot;:&amp;quot;&amp;quot;,&amp;quot;location&amp;quot;:{&amp;quot;type&amp;quot;:&amp;quot;&amp;quot;,&amp;quot;coordinates&amp;quot;:null},&amp;quot;google_address&amp;quot;:null,&amp;quot;primary&amp;quot;:0,&amp;quot;delete&amp;quot;:0,&amp;quot;created&amp;quot;:&amp;quot;0001-01-01T00:00:00Z&amp;quot;,&amp;quot;updated&amp;quot;:&amp;quot;0001-01-01T00:00:00Z&amp;quot;,&amp;quot;search&amp;quot;:&amp;quot;&amp;quot;,&amp;quot;monkey_patch_country_config&amp;quot;:{&amp;quot;country_code&amp;quot;:&amp;quot;&amp;quot;,&amp;quot;country_iso&amp;quot;:&amp;quot;&amp;quot;,&amp;quot;country_name&amp;quot;:&amp;quot;&amp;quot;,&amp;quot;created&amp;quot;:&amp;quot;0001-01-01T00:00:00Z&amp;quot;,&amp;quot;minimum_digits&amp;quot;:0,&amp;quot;maximum_digits&amp;quot;:0,&amp;quot;login_channels&amp;quot;:null,&amp;quot;currency&amp;quot;:&amp;quot;&amp;quot;,&amp;quot;flag&amp;quot;:&amp;quot;&amp;quot;,&amp;quot;tax_slabs&amp;quot;:null,&amp;quot;tax_display_name&amp;quot;:&amp;quot;&amp;quot;,&amp;quot;tax_value_display_name&amp;quot;:&amp;quot;&amp;quot;,&amp;quot;published&amp;quot;:0,&amp;quot;decimal_digit&amp;quot;:0,&amp;quot;timezone&amp;quot;:&amp;quot;&amp;quot;}},&amp;quot;dimension&amp;quot;:&amp;quot;&amp;quot;,&amp;quot;orientation&amp;quot;:&amp;quot;&amp;quot;,&amp;quot;code&amp;quot;:&amp;quot;&amp;quot;,&amp;quot;key_personnel_cu_ids&amp;quot;:null,&amp;quot;billed_amount&amp;quot;:0,&amp;quot;monkey_patch_key_personnel&amp;quot;:null,&amp;quot;custom_fields&amp;quot;:null,&amp;quot;entry_time&amp;quot;:&amp;quot;0001-01-01T00:00:00Z&amp;quot;,&amp;quot;sub_category_id&amp;quot;:&amp;quot;&amp;quot;,&amp;quot;monkey_patch_sub_category&amp;quot;:{&amp;quot;id&amp;quot;:&amp;quot;&amp;quot;,&amp;quot;parent_id&amp;quot;:&amp;quot;&amp;quot;,&amp;quot;creator&amp;quot;:&amp;quot;&amp;quot;,&amp;quot;creator_company_user_id&amp;quot;:&amp;quot;&amp;quot;,&amp;quot;company_id&amp;quot;:&amp;quot;&amp;quot;,&amp;quot;type&amp;quot;:&amp;quot;&amp;quot;,&amp;quot;text_en&amp;quot;:&amp;quot;&amp;quot;,&amp;quot;text_hi&amp;quot;:&amp;quot;&amp;quot;,&amp;quot;index&amp;quot;:0,&amp;quot;hidden&amp;quot;:0,&amp;quot;created&amp;quot;:&amp;quot;0001-01-01T00:00:00Z&amp;quot;,&amp;quot;updated&amp;quot;:&amp;quot;0001-01-01T00:00:00Z&amp;quot;,&amp;quot;monkey_patch_children&amp;quot;:null,&amp;quot;monkey_patch_parent&amp;quot;:null,&amp;quot;color_hex&amp;quot;:&amp;quot;&amp;quot;,&amp;quot;is_project_phase&amp;quot;:0},&amp;quot;phase_sub_category_ids&amp;quot;:null,&amp;quot;phase_sub_category_id&amp;quot;:&amp;quot;&amp;quot;,&amp;quot;monkey_patch_phase_sub_category&amp;quot;:{&amp;quot;id&amp;quot;:&amp;quot;&amp;quot;,&amp;quot;parent_id&amp;quot;:&amp;quot;&amp;quot;,&amp;quot;creator&amp;quot;:&amp;quot;&amp;quot;,&amp;quot;creator_company_user_id&amp;quot;:&amp;quot;&amp;quot;,&amp;quot;company_id&amp;quot;:&amp;quot;&amp;quot;,&amp;quot;type&amp;quot;:&amp;quot;&amp;quot;,&amp;quot;text_en&amp;quot;:&amp;quot;&amp;quot;,&amp;quot;text_hi&amp;quot;:&amp;quot;&amp;quot;,&amp;quot;index&amp;quot;:0,&amp;quot;hidden&amp;quot;:0,&amp;quot;created&amp;quot;:&amp;quot;0001-01-01T00:00:00Z&amp;quot;,&amp;quot;updated&amp;quot;:&amp;quot;0001-01-01T00:00:00Z&amp;quot;,&amp;quot;monkey_patch_children&amp;quot;:null,&amp;quot;monkey_patch_parent&amp;quot;:null,&amp;quot;color_hex&amp;quot;:&amp;quot;&amp;quot;,&amp;quot;is_project_phase&amp;quot;:0},&amp;quot;scope_of_work&amp;quot;:null,&amp;quot;grn_prefix_list&amp;quot;:null,&amp;quot;default_grn_prefix&amp;quot;:{&amp;quot;prefix&amp;quot;:&amp;quot;&amp;quot;,&amp;quot;sequence&amp;quot;:0},&amp;quot;material_request_prefix_list&amp;quot;:null,&amp;quot;default_material_request_prefix&amp;quot;:{&amp;quot;prefix&amp;quot;:&amp;quot;&amp;quot;,&amp;quot;sequence&amp;quot;:0},&amp;quot;company_address_id&amp;quot;:&amp;quot;&amp;quot;,&amp;quot;monkey_patch_company_address&amp;quot;:{&amp;quot;id&amp;quot;:&amp;quot;&amp;quot;,&amp;quot;company_id&amp;quot;:&amp;quot;&amp;quot;,&amp;quot;creator_company_user_id&amp;quot;:&amp;quot;&amp;quot;,&amp;quot;owner_id&amp;quot;:&amp;quot;&amp;quot;,&amp;quot;address_type&amp;quot;:&amp;quot;&amp;quot;,&amp;quot;address_title&amp;quot;:&amp;quot;&amp;quot;,&amp;quot;address_gst&amp;quot;:&amp;quot;&amp;quot;,&amp;quot;address_line_1&amp;quot;:&amp;quot;&amp;quot;,&amp;quot;address_line_2&amp;quot;:&amp;quot;&amp;quot;,&amp;quot;city&amp;quot;:&amp;quot;&amp;quot;,&amp;quot;state&amp;quot;:&amp;quot;&amp;quot;,&amp;quot;postal_code&amp;quot;:&amp;quot;&amp;quot;,&amp;quot;country_code&amp;quot;:&amp;quot;&amp;quot;,&amp;quot;location&amp;quot;:{&amp;quot;type&amp;quot;:&amp;quot;&amp;quot;,&amp;quot;coordinates&amp;quot;:null},&amp;quot;google_address&amp;quot;:null,&amp;quot;primary&amp;quot;:0,&amp;quot;delete&amp;quot;:0,&amp;quot;created&amp;quot;:&amp;quot;0001-01-01T00:00:00Z&amp;quot;,&amp;quot;updated&amp;quot;:&amp;quot;0001-01-01T00:00:00Z&amp;quot;,&amp;quot;search&amp;quot;:&amp;quot;&amp;quot;,&amp;quot;monkey_patch_country_config&amp;quot;:{&amp;quot;country_code&amp;quot;:&amp;quot;&amp;quot;,&amp;quot;country_iso&amp;quot;:&amp;quot;&amp;quot;,&amp;quot;country_name&amp;quot;:&amp;quot;&amp;quot;,&amp;quot;created&amp;quot;:&amp;quot;0001-01-01T00:00:00Z&amp;quot;,&amp;quot;minimum_digits&amp;quot;:0,&amp;quot;maximum_digits&amp;quot;:0,&amp;quot;login_channels&amp;quot;:null,&amp;quot;currency&amp;quot;:&amp;quot;&amp;quot;,&amp;quot;flag&amp;quot;:&amp;quot;&amp;quot;,&amp;quot;tax_slabs&amp;quot;:null,&amp;quot;tax_display_name&amp;quot;:&amp;quot;&amp;quot;,&amp;quot;tax_value_display_name&amp;quot;:&amp;quot;&amp;quot;,&amp;quot;published&amp;quot;:0,&amp;quot;decimal_digit&amp;quot;:0,&amp;quot;timezone&amp;quot;:&amp;quot;&amp;quot;}},&amp;quot;total_estimated_budget&amp;quot;:0},&amp;quot;gst_amount&amp;quot;:0},&amp;quot;meta_data&amp;quot;:{&amp;quot;can_edit&amp;quot;:0,&amp;quot;can_update_approval_flag&amp;quot;:0},&amp;quot;approval_comment&amp;quot;:&amp;quot;&amp;quot;,&amp;quot;approved_by&amp;quot;:&amp;quot;&amp;quot;,&amp;quot;monkey_patch_approved_by&amp;quot;:{&amp;quot;id&amp;quot;:&amp;quot;&amp;quot;,&amp;quot;company_id&amp;quot;:&amp;quot;&amp;quot;,&amp;quot;company_role_id&amp;quot;:&amp;quot;&amp;quot;,&amp;quot;role&amp;quot;:&amp;quot;&amp;quot;,&amp;quot;type&amp;quot;:&amp;quot;&amp;quot;,&amp;quot;creator&amp;quot;:&amp;quot;&amp;quot;,&amp;quot;name&amp;quot;:&amp;quot;&amp;quot;,&amp;quot;mobile&amp;quot;:0,&amp;quot;mobile_verified&amp;quot;:0,&amp;quot;user_id&amp;quot;:&amp;quot;&amp;quot;,&amp;quot;gstin&amp;quot;:&amp;quot;&amp;quot;,&amp;quot;party_id&amp;quot;:&amp;quot;&amp;quot;,&amp;quot;legal_business_name&amp;quot;:&amp;quot;&amp;quot;,&amp;quot;billing_address&amp;quot;:&amp;quot;&amp;quot;,&amp;quot;hidden&amp;quot;:0,&amp;quot;profile_pic&amp;quot;:&amp;quot;&amp;quot;,&amp;quot;monkey_patch_policy_ids&amp;quot;:null,&amp;quot;monkey_patch_company_role&amp;quot;:{&amp;quot;id&amp;quot;:&amp;quot;&amp;quot;,&amp;quot;role&amp;quot;:&amp;quot;&amp;quot;,&amp;quot;name&amp;quot;:&amp;quot;&amp;quot;,&amp;quot;description&amp;quot;:&amp;quot;&amp;quot;,&amp;quot;company_id&amp;quot;:&amp;quot;&amp;quot;,&amp;quot;creator_company_user_id&amp;quot;:&amp;quot;&amp;quot;,&amp;quot;policy_ids&amp;quot;:null,&amp;quot;hidden&amp;quot;:0,&amp;quot;delete&amp;quot;:0,&amp;quot;created&amp;quot;:&amp;quot;0001-01-01T00:00:00Z&amp;quot;,&amp;quot;updated&amp;quot;:&amp;quot;0001-01-01T00:00:00Z&amp;quot;,&amp;quot;monkey_patch_policies&amp;quot;:null},&amp;quot;monkey_patch_user&amp;quot;:{&amp;quot;id&amp;quot;:&amp;quot;&amp;quot;,&amp;quot;name&amp;quot;:&amp;quot;&amp;quot;,&amp;quot;mobile&amp;quot;:0,&amp;quot;country_code&amp;quot;:&amp;quot;&amp;quot;,&amp;quot;profile_pic&amp;quot;:&amp;quot;&amp;quot;,&amp;quot;mobile_verified&amp;quot;:0,&amp;quot;invited&amp;quot;:0,&amp;quot;invitation_count&amp;quot;:0,&amp;quot;profession&amp;quot;:&amp;quot;&amp;quot;},&amp;quot;email&amp;quot;:&amp;quot;&amp;quot;,&amp;quot;date_of_joining&amp;quot;:&amp;quot;0001-01-01T00:00:00Z&amp;quot;},&amp;quot;due_days&amp;quot;:7}
">
      <![CDATA[java.lang.AssertionError: 1 expectation failed.
Response body doesn't match expectation.
Expected: The content to match the given JSON schema.
error: object has missing required properties (["net_amount","purchase_date"])
    level: "error"
    schema: {"loadingURI":"file:/C:/Users/Administrator/git/Api_repository/RestAssuredApiTesting.BDD/target/test-classes/responseSchema_files/materialPurchaseResponseSchema.json#","pointer":""}
    instance: {"pointer":""}
    domain: "validation"
    keyword: "required"
    required: ["company_id","created","discount","gst_amount","id","material_amount","net_amount","other_amount","party_company_user_id","project_id","purchase_date","remark","total_payable","vendor_reference_number"]
    missing: ["net_amount","purchase_date"]

  Actual: {"id":"9dc3a1e2-570d-4a0e-a0ac-d92be67531af","company_id":"9e87d60c-9bb0-4ede-9fd3-10d9db21e0bc","remark":"test - 1","creator_company_user_id":"94a98f3d-4bb1-4b82-9376-e7f8b59aa364","party_company_user_id":"ff4ad76a-bdcb-4894-b0ab-d26390779e9d","project_id":"3e2fcfd2-70e0-406e-8398-c84cb7481fd9","sub_category_id":"eed3baf3-b8ff-4182-8d96-f1d1cad008b6","invoice_id":"6252a521-9424-418d-8428-f17b72eb5d2c","material_ids":["b4782448-9ecb-4c1f-a763-259fd5beb1b2"],"discount":10,"gst_amount":30,"other_amount":20,"material_amount":1000,"total_payable":1040,"prefix":"MRET-","sequence":26,"return_number":"MRET-26","photos":[],"return_date":"2026-08-09T10:34:15.768Z","vendor_reference_number":"A-01","delete":1,"created":"2026-09-08T10:26:45.938Z","updated":"2026-09-08T11:25:07.629112371Z","updated_by_cu_id":"94a98f3d-4bb1-4b82-9376-e7f8b59aa364","approval_flag":"auto_approved","monkey_patch_materials":null,"monkey_patch_creator_company_user":{"id":"","company_id":"","company_role_id":"","role":"","type":"","creator":"","name":"","mobile":0,"mobile_verified":0,"user_id":"","gstin":"","party_id":"","legal_business_name":"","billing_address":"","hidden":0,"profile_pic":"","monkey_patch_policy_ids":null,"monkey_patch_company_role":{"id":"","role":"","name":"","description":"","company_id":"","creator_company_user_id":"","policy_ids":null,"hidden":0,"delete":0,"created":"0001-01-01T00:00:00Z","updated":"0001-01-01T00:00:00Z","monkey_patch_policies":null},"monkey_patch_user":{"id":"","name":"","mobile":0,"country_code":"","profile_pic":"","mobile_verified":0,"invited":0,"invitation_count":0,"profession":""},"email":"","date_of_joining":"0001-01-01T00:00:00Z"},"monkey_patch_party_company_user":{"id":"","company_id":"","company_role_id":"","role":"","type":"","creator":"","name":"","mobile":0,"mobile_verified":0,"user_id":"","gstin":"","party_id":"","legal_business_name":"","billing_address":"","hidden":0,"profile_pic":"","monkey_patch_policy_ids":null,"monkey_patch_company_role":{"id":"","role":"","name":"","description":"","company_id":"","creator_company_user_id":"","policy_ids":null,"hidden":0,"delete":0,"created":"0001-01-01T00:00:00Z","updated":"0001-01-01T00:00:00Z","monkey_patch_policies":null},"monkey_patch_user":{"id":"","name":"","mobile":0,"country_code":"","profile_pic":"","mobile_verified":0,"invited":0,"invitation_count":0,"profession":""},"email":"","date_of_joining":"0001-01-01T00:00:00Z"},"monkey_patch_is_editable":0,"monkey_patch_paid_amount":0,"monkey_patch_status":"","monkey_patch_sub_category":{"id":"","parent_id":"","creator":"","creator_company_user_id":"","company_id":"","type":"","text_en":"","text_hi":"","index":0,"hidden":0,"created":"0001-01-01T00:00:00Z","updated":"0001-01-01T00:00:00Z","monkey_patch_children":null,"monkey_patch_parent":null,"color_hex":"","is_project_phase":0},"monkey_patch_project":{"id":"","type":"","name":"","contractor":"","contractor_company_user_id":"","creator":"","creator_company_user_id":"","bg_image":"","admins":null,"admins_company_user_ids":null,"workers_company_user_ids":null,"customer_name":"","customer_contact":0,"customer_email":"","customer_company_name":"","customer_company_address":"","customer_gst":"","customer_profile_image":"","address":"","city":"","state":"","status":"","contact_book":null,"is_engine":0,"duplicate_from":"","created":"0001-01-01T00:00:00Z","updated":"0001-01-01T00:00:00Z","updated_by_cu_id":"","contact_data":null,"photos":null,"location":{"type":"","coordinates":null},"google_address":null,"allowed_features":null,"estimated_cost":0,"progress":0,"start_date":"0001-01-01T00:00:00Z","end_date":"0001-01-01T00:00:00Z","monkey_patch_contractor_name":"","monkey_patch_contractor_company_user_name":"","monkey_patch_contractor_contact":0,"monkey_patch_contractor_profile_pic":"","monkey_patch_in_amount":0,"monkey_patch_out_amount":0,"monkey_patch_transaction_in_amount":0,"monkey_patch_transaction_out_amount":0,"company_id":"","monkey_patch_my_company_user":{"id":"","company_id":"","company_role_id":"","role":"","type":"","creator":"","name":"","mobile":0,"mobile_verified":0,"user_id":"","gstin":"","party_id":"","legal_business_name":"","billing_address":"","hidden":0,"profile_pic":"","monkey_patch_policy_ids":null,"monkey_patch_company_role":{"id":"","role":"","name":"","description":"","company_id":"","creator_company_user_id":"","policy_ids":null,"hidden":0,"delete":0,"created":"0001-01-01T00:00:00Z","updated":"0001-01-01T00:00:00Z","monkey_patch_policies":null},"monkey_patch_user":{"id":"","name":"","mobile":0,"country_code":"","profile_pic":"","mobile_verified":0,"invited":0,"invitation_count":0,"profession":""},"email":"","date_of_joining":"0001-01-01T00:00:00Z"},"monkey_patch_company_name":"","monkey_patch_team_member":null,"monkey_patch_todo_count":0,"attendance_radius":0,"distance":0,"monkey_patch_primary_address":{"id":"","company_id":"","creator_company_user_id":"","owner_id":"","address_type":"","address_title":"","address_gst":"","address_line_1":"","address_line_2":"","city":"","state":"","postal_code":"","country_code":"","location":{"type":"","coordinates":null},"google_address":null,"primary":0,"delete":0,"created":"0001-01-01T00:00:00Z","updated":"0001-01-01T00:00:00Z","search":"","monkey_patch_country_config":{"country_code":"","country_iso":"","country_name":"","created":"0001-01-01T00:00:00Z","minimum_digits":0,"maximum_digits":0,"login_channels":null,"currency":"","flag":"","tax_slabs":null,"tax_display_name":"","tax_value_display_name":"","published":0,"decimal_digit":0,"timezone":""}},"dimension":"","orientation":"","code":"","key_personnel_cu_ids":null,"billed_amount":0,"monkey_patch_key_personnel":null,"custom_fields":null,"entry_time":"0001-01-01T00:00:00Z","sub_category_id":"","monkey_patch_sub_category":{"id":"","parent_id":"","creator":"","creator_company_user_id":"","company_id":"","type":"","text_en":"","text_hi":"","index":0,"hidden":0,"created":"0001-01-01T00:00:00Z","updated":"0001-01-01T00:00:00Z","monkey_patch_children":null,"monkey_patch_parent":null,"color_hex":"","is_project_phase":0},"phase_sub_category_ids":null,"phase_sub_category_id":"","monkey_patch_phase_sub_category":{"id":"","parent_id":"","creator":"","creator_company_user_id":"","company_id":"","type":"","text_en":"","text_hi":"","index":0,"hidden":0,"created":"0001-01-01T00:00:00Z","updated":"0001-01-01T00:00:00Z","monkey_patch_children":null,"monkey_patch_parent":null,"color_hex":"","is_project_phase":0},"scope_of_work":null,"grn_prefix_list":null,"default_grn_prefix":{"prefix":"","sequence":0},"material_request_prefix_list":null,"default_material_request_prefix":{"prefix":"","sequence":0},"company_address_id":"","monkey_patch_company_address":{"id":"","company_id":"","creator_company_user_id":"","owner_id":"","address_type":"","address_title":"","address_gst":"","address_line_1":"","address_line_2":"","city":"","state":"","postal_code":"","country_code":"","location":{"type":"","coordinates":null},"google_address":null,"primary":0,"delete":0,"created":"0001-01-01T00:00:00Z","updated":"0001-01-01T00:00:00Z","search":"","monkey_patch_country_config":{"country_code":"","country_iso":"","country_name":"","created":"0001-01-01T00:00:00Z","minimum_digits":0,"maximum_digits":0,"login_channels":null,"currency":"","flag":"","tax_slabs":null,"tax_display_name":"","tax_value_display_name":"","published":0,"decimal_digit":0,"timezone":""}},"total_estimated_budget":0},"monkey_patch_invoice":{"id":"","company_id":"","creator_company_user_id":"","party_company_user_id":"","project_id":"","category_id":"","sub_category_id":"","feature_type":"","feature_id":"","invoice_type":"","status":"","total_payable":0,"paid_amount":0,"sequence":0,"delete":0,"invoice_date":"0001-01-01T00:00:00Z","created":"0001-01-01T00:00:00Z","updated":"0001-01-01T00:00:00Z","updated_by_cu_id":"","approval_flag":"","monkey_patch_settlement":{"id":"","company_id":"","creator_company_user_id":"","party_company_user_id":"","project_id":"","invoice_id":"","cashbooktransaction_id":"","settled_amount":0,"delete":0,"created":"0001-01-01T00:00:00Z","updated":"0001-01-01T00:00:00Z","monkey_patch_settlement_date":"0001-01-01T00:00:00Z"},"monkey_patch_retention_entry":null,"monkey_patch_feature":null,"monkey_patch_project":{"id":"","type":"","name":"","contractor":"","contractor_company_user_id":"","creator":"","creator_company_user_id":"","bg_image":"","admins":null,"admins_company_user_ids":null,"workers_company_user_ids":null,"customer_name":"","customer_contact":0,"customer_email":"","customer_company_name":"","customer_company_address":"","customer_gst":"","customer_profile_image":"","address":"","city":"","state":"","status":"","contact_book":null,"is_engine":0,"duplicate_from":"","created":"0001-01-01T00:00:00Z","updated":"0001-01-01T00:00:00Z","updated_by_cu_id":"","contact_data":null,"photos":null,"location":{"type":"","coordinates":null},"google_address":null,"allowed_features":null,"estimated_cost":0,"progress":0,"start_date":"0001-01-01T00:00:00Z","end_date":"0001-01-01T00:00:00Z","monkey_patch_contractor_name":"","monkey_patch_contractor_company_user_name":"","monkey_patch_contractor_contact":0,"monkey_patch_contractor_profile_pic":"","monkey_patch_in_amount":0,"monkey_patch_out_amount":0,"monkey_patch_transaction_in_amount":0,"monkey_patch_transaction_out_amount":0,"company_id":"","monkey_patch_my_company_user":{"id":"","company_id":"","company_role_id":"","role":"","type":"","creator":"","name":"","mobile":0,"mobile_verified":0,"user_id":"","gstin":"","party_id":"","legal_business_name":"","billing_address":"","hidden":0,"profile_pic":"","monkey_patch_policy_ids":null,"monkey_patch_company_role":{"id":"","role":"","name":"","description":"","company_id":"","creator_company_user_id":"","policy_ids":null,"hidden":0,"delete":0,"created":"0001-01-01T00:00:00Z","updated":"0001-01-01T00:00:00Z","monkey_patch_policies":null},"monkey_patch_user":{"id":"","name":"","mobile":0,"country_code":"","profile_pic":"","mobile_verified":0,"invited":0,"invitation_count":0,"profession":""},"email":"","date_of_joining":"0001-01-01T00:00:00Z"},"monkey_patch_company_name":"","monkey_patch_team_member":null,"monkey_patch_todo_count":0,"attendance_radius":0,"distance":0,"monkey_patch_primary_address":{"id":"","company_id":"","creator_company_user_id":"","owner_id":"","address_type":"","address_title":"","address_gst":"","address_line_1":"","address_line_2":"","city":"","state":"","postal_code":"","country_code":"","location":{"type":"","coordinates":null},"google_address":null,"primary":0,"delete":0,"created":"0001-01-01T00:00:00Z","updated":"0001-01-01T00:00:00Z","search":"","monkey_patch_country_config":{"country_code":"","country_iso":"","country_name":"","created":"0001-01-01T00:00:00Z","minimum_digits":0,"maximum_digits":0,"login_channels":null,"currency":"","flag":"","tax_slabs":null,"tax_display_name":"","tax_value_display_name":"","published":0,"decimal_digit":0,"timezone":""}},"dimension":"","orientation":"","code":"","key_personnel_cu_ids":null,"billed_amount":0,"monkey_patch_key_personnel":null,"custom_fields":null,"entry_time":"0001-01-01T00:00:00Z","sub_category_id":"","monkey_patch_sub_category":{"id":"","parent_id":"","creator":"","creator_company_user_id":"","company_id":"","type":"","text_en":"","text_hi":"","index":0,"hidden":0,"created":"0001-01-01T00:00:00Z","updated":"0001-01-01T00:00:00Z","monkey_patch_children":null,"monkey_patch_parent":null,"color_hex":"","is_project_phase":0},"phase_sub_category_ids":null,"phase_sub_category_id":"","monkey_patch_phase_sub_category":{"id":"","parent_id":"","creator":"","creator_company_user_id":"","company_id":"","type":"","text_en":"","text_hi":"","index":0,"hidden":0,"created":"0001-01-01T00:00:00Z","updated":"0001-01-01T00:00:00Z","monkey_patch_children":null,"monkey_patch_parent":null,"color_hex":"","is_project_phase":0},"scope_of_work":null,"grn_prefix_list":null,"default_grn_prefix":{"prefix":"","sequence":0},"material_request_prefix_list":null,"default_material_request_prefix":{"prefix":"","sequence":0},"company_address_id":"","monkey_patch_company_address":{"id":"","company_id":"","creator_company_user_id":"","owner_id":"","address_type":"","address_title":"","address_gst":"","address_line_1":"","address_line_2":"","city":"","state":"","postal_code":"","country_code":"","location":{"type":"","coordinates":null},"google_address":null,"primary":0,"delete":0,"created":"0001-01-01T00:00:00Z","updated":"0001-01-01T00:00:00Z","search":"","monkey_patch_country_config":{"country_code":"","country_iso":"","country_name":"","created":"0001-01-01T00:00:00Z","minimum_digits":0,"maximum_digits":0,"login_channels":null,"currency":"","flag":"","tax_slabs":null,"tax_display_name":"","tax_value_display_name":"","published":0,"decimal_digit":0,"timezone":""}},"total_estimated_budget":0},"gst_amount":0},"meta_data":{"can_edit":0,"can_update_approval_flag":0},"approval_comment":"","approved_by":"","monkey_patch_approved_by":{"id":"","company_id":"","company_role_id":"","role":"","type":"","creator":"","name":"","mobile":0,"mobile_verified":0,"user_id":"","gstin":"","party_id":"","legal_business_name":"","billing_address":"","hidden":0,"profile_pic":"","monkey_patch_policy_ids":null,"monkey_patch_company_role":{"id":"","role":"","name":"","description":"","company_id":"","creator_company_user_id":"","policy_ids":null,"hidden":0,"delete":0,"created":"0001-01-01T00:00:00Z","updated":"0001-01-01T00:00:00Z","monkey_patch_policies":null},"monkey_patch_user":{"id":"","name":"","mobile":0,"country_code":"","profile_pic":"","mobile_verified":0,"invited":0,"invitation_count":0,"profession":""},"email":"","date_of_joining":"0001-01-01T00:00:00Z"},"due_days":7}

at java.base/jdk.internal.reflect.DirectConstructorHandleAccessor.newInstance(DirectConstructorHandleAccessor.java:62)
at java.base/java.lang.reflect.Constructor.newInstanceWithCaller(Constructor.java:502)
at java.base/java.lang.reflect.Constructor.newInstance(Constructor.java:486)
at org.codehaus.groovy.reflection.CachedConstructor.invoke(CachedConstructor.java:73)
at org.codehaus.groovy.runtime.callsite.ConstructorSite$ConstructorSiteNoUnwrapNoCoerce.callConstructor(ConstructorSite.java:108)
at org.codehaus.groovy.runtime.callsite.CallSiteArray.defaultCallConstructor(CallSiteArray.java:57)
at org.codehaus.groovy.runtime.callsite.AbstractCallSite.callConstructor(AbstractCallSite.java:263)
at org.codehaus.groovy.runtime.callsite.AbstractCallSite.callConstructor(AbstractCallSite.java:277)
at io.restassured.internal.ResponseSpecificationImpl$HamcrestAssertionClosure.validate(ResponseSpecificationImpl.groovy:512)
at io.restassured.internal.ResponseSpecificationImpl$HamcrestAssertionClosure$validate$1.call(Unknown Source)
at org.codehaus.groovy.runtime.callsite.CallSiteArray.defaultCall(CallSiteArray.java:45)
at org.codehaus.groovy.runtime.callsite.AbstractCallSite.call(AbstractCallSite.java:125)
at org.codehaus.groovy.runtime.callsite.AbstractCallSite.call(AbstractCallSite.java:139)
at io.restassured.internal.ResponseSpecificationImpl.validateResponseIfRequired(ResponseSpecificationImpl.groovy:696)
at io.restassured.internal.ResponseSpecificationImpl.this$2$validateResponseIfRequired(ResponseSpecificationImpl.groovy)
at java.base/jdk.internal.reflect.DirectMethodHandleAccessor.invoke(DirectMethodHandleAccessor.java:103)
at java.base/java.lang.reflect.Method.invoke(Method.java:580)
at org.codehaus.groovy.runtime.callsite.PlainObjectMetaMethodSite.doInvoke(PlainObjectMetaMethodSite.java:43)
at org.codehaus.groovy.runtime.callsite.PogoMetaMethodSite$PogoCachedMethodSiteNoUnwrapNoCoerce.invoke(PogoMetaMethodSite.java:198)
at org.codehaus.groovy.runtime.callsite.PogoMetaMethodSite.callCurrent(PogoMetaMethodSite.java:62)
at org.codehaus.groovy.runtime.callsite.CallSiteArray.defaultCallCurrent(CallSiteArray.java:49)
at org.codehaus.groovy.runtime.callsite.AbstractCallSite.callCurrent(AbstractCallSite.java:171)
at org.codehaus.groovy.runtime.callsite.AbstractCallSite.callCurrent(AbstractCallSite.java:185)
at io.restassured.internal.ResponseSpecificationImpl.body(ResponseSpecificationImpl.groovy:107)
at io.restassured.internal.ValidatableResponseOptionsImpl.body(ValidatableResponseOptionsImpl.java:238)
at com.onsite.materialReturn_testpage.Delete_MaterialReturn_test.verifyDeleteWithValidId(Delete_MaterialReturn_test.java:84)
at java.base/jdk.internal.reflect.DirectMethodHandleAccessor.invoke(DirectMethodHandleAccessor.java:103)
at java.base/java.lang.reflect.Method.invoke(Method.java:580)
at org.testng.internal.MethodInvocationHelper.invokeMethod(MethodInvocationHelper.java:133)
at org.testng.internal.TestInvoker.invokeMethod(TestInvoker.java:598)
at org.testng.internal.TestInvoker.invokeTestMethod(TestInvoker.java:173)
at org.testng.internal.MethodRunner.runInSequence(MethodRunner.java:46)
at org.testng.internal.TestInvoker$MethodInvocationAgent.invoke(TestInvoker.java:824)
at org.testng.internal.TestInvoker.invokeTestMethods(TestInvoker.java:146)
at org.testng.internal.TestMethodWorker.invokeTestMethods(TestMethodWorker.java:146)
at org.testng.internal.TestMethodWorker.run(TestMethodWorker.java:128)
at java.base/java.util.ArrayList.forEach(ArrayList.java:1596)
at org.testng.TestRunner.privateRun(TestRunner.java:794)
at org.testng.TestRunner.run(TestRunner.java:596)
at org.testng.SuiteRunner.runTest(SuiteRunner.java:377)
at org.testng.SuiteRunner.runSequentially(SuiteRunner.java:371)
at org.testng.SuiteRunner.privateRun(SuiteRunner.java:332)
at org.testng.SuiteRunner.run(SuiteRunner.java:276)
at org.testng.SuiteRunnerWorker.runSuite(SuiteRunnerWorker.java:53)
at org.testng.SuiteRunnerWorker.run(SuiteRunnerWorker.java:96)
at org.testng.TestNG.runSuitesSequentially(TestNG.java:1212)
at org.testng.TestNG.runSuitesLocally(TestNG.java:1134)
at org.testng.TestNG.runSuites(TestNG.java:1063)
at org.testng.TestNG.run(TestNG.java:1031)
at org.testng.remote.AbstractRemoteTestNG.run(AbstractRemoteTestNG.java:115)
at org.testng.remote.RemoteTestNG.initAndRun(RemoteTestNG.java:293)
at org.testng.remote.RemoteTestNG.main(RemoteTestNG.java:91)
]]>
    </failure>
  </testcase> <!-- verifyDeleteWithValidId -->
  <testcase classname="com.onsite.materialReturn_testpage.Delete_MaterialReturn_test" name="verifyDeleteWithInvalidId" time="0.539"/>
  <testcase classname="com.onsite.materialReturn_testpage.Delete_MaterialReturn_test" name="verifyDeleteWithoutToken" time="0.0">
    <failure type="org.testng.TestNGException" message="
Method public void com.onsite.materialReturn_testpage.Delete_MaterialReturn_test.verifyDeleteWithoutToken(java.lang.String) requires a @DataProvider named : testData">
      <![CDATA[org.testng.TestNGException: 
Method public void com.onsite.materialReturn_testpage.Delete_MaterialReturn_test.verifyDeleteWithoutToken(java.lang.String) requires a @DataProvider named : testData
at org.testng.internal.Parameters.findDataProvider(Parameters.java:561)
at org.testng.internal.Parameters.handleParameters(Parameters.java:772)
at org.testng.internal.Parameters.handleParameters(Parameters.java:740)
at org.testng.internal.ParameterHandler.handleParameters(ParameterHandler.java:59)
at org.testng.internal.ParameterHandler.createParameters(ParameterHandler.java:38)
at org.testng.internal.TestInvoker$MethodInvocationAgent.invoke(TestInvoker.java:791)
at org.testng.internal.TestInvoker.invokeTestMethods(TestInvoker.java:146)
at org.testng.internal.TestMethodWorker.invokeTestMethods(TestMethodWorker.java:146)
at org.testng.internal.TestMethodWorker.run(TestMethodWorker.java:128)
at java.base/java.util.ArrayList.forEach(ArrayList.java:1596)
at org.testng.TestRunner.privateRun(TestRunner.java:794)
at org.testng.TestRunner.run(TestRunner.java:596)
at org.testng.SuiteRunner.runTest(SuiteRunner.java:377)
at org.testng.SuiteRunner.runSequentially(SuiteRunner.java:371)
at org.testng.SuiteRunner.privateRun(SuiteRunner.java:332)
at org.testng.SuiteRunner.run(SuiteRunner.java:276)
at org.testng.SuiteRunnerWorker.runSuite(SuiteRunnerWorker.java:53)
at org.testng.SuiteRunnerWorker.run(SuiteRunnerWorker.java:96)
at org.testng.TestNG.runSuitesSequentially(TestNG.java:1212)
at org.testng.TestNG.runSuitesLocally(TestNG.java:1134)
at org.testng.TestNG.runSuites(TestNG.java:1063)
at org.testng.TestNG.run(TestNG.java:1031)
at org.testng.remote.AbstractRemoteTestNG.run(AbstractRemoteTestNG.java:115)
at org.testng.remote.RemoteTestNG.initAndRun(RemoteTestNG.java:293)
at org.testng.remote.RemoteTestNG.main(RemoteTestNG.java:91)
]]>
    </failure>
  </testcase> <!-- verifyDeleteWithoutToken -->
  <testcase classname="com.onsite.materialReturn_testpage.Delete_MaterialReturn_test" name="verifyDeleteWithEmptyId" time="0.401"/>
  <testcase classname="com.onsite.materialReturn_testpage.Delete_MaterialReturn_test" name="verifyDeleteWithAlreadyDeletedId" time="0.0">
    <failure type="org.testng.TestNGException" message="
Method public void com.onsite.materialReturn_testpage.Delete_MaterialReturn_test.verifyDeleteWithAlreadyDeletedId(java.lang.String) requires a @DataProvider named : testData">
      <![CDATA[org.testng.TestNGException: 
Method public void com.onsite.materialReturn_testpage.Delete_MaterialReturn_test.verifyDeleteWithAlreadyDeletedId(java.lang.String) requires a @DataProvider named : testData
at org.testng.internal.Parameters.findDataProvider(Parameters.java:561)
at org.testng.internal.Parameters.handleParameters(Parameters.java:772)
at org.testng.internal.Parameters.handleParameters(Parameters.java:740)
at org.testng.internal.ParameterHandler.handleParameters(ParameterHandler.java:59)
at org.testng.internal.ParameterHandler.createParameters(ParameterHandler.java:38)
at org.testng.internal.TestInvoker$MethodInvocationAgent.invoke(TestInvoker.java:791)
at org.testng.internal.TestInvoker.invokeTestMethods(TestInvoker.java:146)
at org.testng.internal.TestMethodWorker.invokeTestMethods(TestMethodWorker.java:146)
at org.testng.internal.TestMethodWorker.run(TestMethodWorker.java:128)
at java.base/java.util.ArrayList.forEach(ArrayList.java:1596)
at org.testng.TestRunner.privateRun(TestRunner.java:794)
at org.testng.TestRunner.run(TestRunner.java:596)
at org.testng.SuiteRunner.runTest(SuiteRunner.java:377)
at org.testng.SuiteRunner.runSequentially(SuiteRunner.java:371)
at org.testng.SuiteRunner.privateRun(SuiteRunner.java:332)
at org.testng.SuiteRunner.run(SuiteRunner.java:276)
at org.testng.SuiteRunnerWorker.runSuite(SuiteRunnerWorker.java:53)
at org.testng.SuiteRunnerWorker.run(SuiteRunnerWorker.java:96)
at org.testng.TestNG.runSuitesSequentially(TestNG.java:1212)
at org.testng.TestNG.runSuitesLocally(TestNG.java:1134)
at org.testng.TestNG.runSuites(TestNG.java:1063)
at org.testng.TestNG.run(TestNG.java:1031)
at org.testng.remote.AbstractRemoteTestNG.run(AbstractRemoteTestNG.java:115)
at org.testng.remote.RemoteTestNG.initAndRun(RemoteTestNG.java:293)
at org.testng.remote.RemoteTestNG.main(RemoteTestNG.java:91)
]]>
    </failure>
  </testcase> <!-- verifyDeleteWithAlreadyDeletedId -->
</testsuite> <!-- Default test -->
