<?xml version="1.0" encoding="UTF-8"?>
<!-- Generated by org.testng.reporters.JUnitXMLReporter -->
<testsuite ignored="0" hostname="DESKTOP-JKM4S1A" failures="0" tests="5" name="Default test" time="43.046" errors="0" timestamp="2025-09-05T16:28:57 IST">
  <testcase classname="com.onsite.mom_test_page.Edit_MOM_Test" name="getlistMom" time="9.142"/>
  <testcase classname="com.onsite.mom_test_page.Edit_MOM_Test" name="getlistAttendeeMom" time="3.959"/>
  <testcase classname="com.onsite.mom_test_page.Edit_MOM_Test" name="getlistProjectMom" time="3.706"/>
  <testcase classname="com.onsite.mom_test_page.Edit_MOM_Test" name="editMom" time="18.32"/>
  <testcase classname="com.onsite.mom_test_page.Edit_MOM_Test" name="geteditdata" time="7.319"/>
</testsuite> <!-- Default test -->
