<?xml version="1.0" encoding="UTF-8"?>
<!-- Generated by org.testng.reporters.JUnitXMLReporter -->
<testsuite ignored="0" hostname="DESKTOP-JKM4S1A" failures="4" tests="22" name="Default test" time="8.156" errors="0" timestamp="2026-07-29T19:20:48 IST">
  <testcase classname="com.onsite.materialReturn_testpage.Create_materialReturn_test" name="materialReturn" time="5.594"/>
  <testcase classname="com.onsite.materialReturn_testpage.Create_materialReturn_test" name="validResponseMessage" time="0.081">
    <failure type="java.lang.AssertionError" message="response message should not be null expected object to not be null">
      <![CDATA[java.lang.AssertionError: response message should not be null expected object to not be null
at org.testng.Assert.fail(Assert.java:99)
at org.testng.Assert.assertNotNull(Assert.java:942)
at com.onsite.materialReturn_testpage.Create_materialReturn_test.validResponseMessage(Create_materialReturn_test.java:111)
at java.base/jdk.internal.reflect.DirectMethodHandleAccessor.invoke(DirectMethodHandleAccessor.java:103)
at java.base/java.lang.reflect.Method.invoke(Method.java:580)
at org.testng.internal.MethodInvocationHelper.invokeMethod(MethodInvocationHelper.java:133)
at org.testng.internal.TestInvoker.invokeMethod(TestInvoker.java:598)
at org.testng.internal.TestInvoker.invokeTestMethod(TestInvoker.java:173)
at org.testng.internal.MethodRunner.runInSequence(MethodRunner.java:46)
at org.testng.internal.TestInvoker$MethodInvocationAgent.invoke(TestInvoker.java:824)
at org.testng.internal.TestInvoker.invokeTestMethods(TestInvoker.java:146)
at org.testng.internal.TestMethodWorker.invokeTestMethods(TestMethodWorker.java:146)
at org.testng.internal.TestMethodWorker.run(TestMethodWorker.java:128)
at java.base/java.util.ArrayList.forEach(ArrayList.java:1596)
at org.testng.TestRunner.privateRun(TestRunner.java:794)
at org.testng.TestRunner.run(TestRunner.java:596)
at org.testng.SuiteRunner.runTest(SuiteRunner.java:377)
at org.testng.SuiteRunner.runSequentially(SuiteRunner.java:371)
at org.testng.SuiteRunner.privateRun(SuiteRunner.java:332)
at org.testng.SuiteRunner.run(SuiteRunner.java:276)
at org.testng.SuiteRunnerWorker.runSuite(SuiteRunnerWorker.java:53)
at org.testng.SuiteRunnerWorker.run(SuiteRunnerWorker.java:96)
at org.testng.TestNG.runSuitesSequentially(TestNG.java:1212)
at org.testng.TestNG.runSuitesLocally(TestNG.java:1134)
at org.testng.TestNG.runSuites(TestNG.java:1063)
at org.testng.TestNG.run(TestNG.java:1031)
at org.testng.remote.AbstractRemoteTestNG.run(AbstractRemoteTestNG.java:115)
at org.testng.remote.RemoteTestNG.initAndRun(RemoteTestNG.java:293)
at org.testng.remote.RemoteTestNG.main(RemoteTestNG.java:91)
]]>
    </failure>
  </testcase> <!-- validResponseMessage -->
  <testcase classname="com.onsite.materialReturn_testpage.Create_materialReturn_test" name="validStatusCode" time="0.007"/>
  <testcase classname="com.onsite.materialReturn_testpage.Create_materialReturn_test" name="validResponseTime" time="0.011"/>
  <testcase classname="com.onsite.materialReturn_testpage.Create_materialReturn_test" name="validResponseSchema" time="0.46">
    <failure type="io.restassured.module.jsv.JsonSchemaValidationException" message="com.github.fge.jsonschema.core.exceptions.ProcessingException: fatal: content at URI &amp;quot;file:/C:/Users/Administrator/git/Api_repository/RestAssuredApiTesting.BDD/target/test-classes/responseSchema_files/MaterialReturnResponse_schema.json#&amp;quot; is not valid JSON
    level: &amp;quot;fatal&amp;quot;
    uri: &amp;quot;file:/C:/Users/Administrator/git/Api_repository/RestAssuredApiTesting.BDD/target/test-classes/responseSchema_files/MaterialReturnResponse_schema.json#&amp;quot;
    parsingMessage: &amp;quot;Unexpected character (&amp;apos;]&amp;apos; (code 93)): expected a value&amp;quot;
">
      <![CDATA[io.restassured.module.jsv.JsonSchemaValidationException: com.github.fge.jsonschema.core.exceptions.ProcessingException: fatal: content at URI "file:/C:/Users/Administrator/git/Api_repository/RestAssuredApiTesting.BDD/target/test-classes/responseSchema_files/MaterialReturnResponse_schema.json#" is not valid JSON
    level: "fatal"
    uri: "file:/C:/Users/Administrator/git/Api_repository/RestAssuredApiTesting.BDD/target/test-classes/responseSchema_files/MaterialReturnResponse_schema.json#"
    parsingMessage: "Unexpected character (']' (code 93)): expected a value"

at io.restassured.module.jsv.JsonSchemaValidator.matchesSafely(JsonSchemaValidator.java:233)
at io.restassured.module.jsv.JsonSchemaValidator.matchesSafely(JsonSchemaValidator.java:75)
at org.hamcrest.TypeSafeMatcher.matches(TypeSafeMatcher.java:67)
at io.restassured.internal.assertion.BodyMatcher.validate(BodyMatcher.java:82)
at io.restassured.internal.assertion.BodyMatcherGroup.lambda$validate$0(BodyMatcherGroup.java:30)
at java.base/java.util.stream.ReferencePipeline$3$1.accept(ReferencePipeline.java:197)
at java.base/java.util.ArrayList$ArrayListSpliterator.forEachRemaining(ArrayList.java:1708)
at java.base/java.util.stream.AbstractPipeline.copyInto(AbstractPipeline.java:509)
at java.base/java.util.stream.AbstractPipeline.wrapAndCopyInto(AbstractPipeline.java:499)
at java.base/java.util.stream.ReduceOps$ReduceOp.evaluateSequential(ReduceOps.java:921)
at java.base/java.util.stream.AbstractPipeline.evaluate(AbstractPipeline.java:234)
at java.base/java.util.stream.ReferencePipeline.collect(ReferencePipeline.java:682)
at io.restassured.internal.assertion.BodyMatcherGroup.validate(BodyMatcherGroup.java:30)
at io.restassured.internal.assertion.BodyMatcherGroup$validate$3.call(Unknown Source)
at org.codehaus.groovy.runtime.callsite.CallSiteArray.defaultCall(CallSiteArray.java:45)
at org.codehaus.groovy.runtime.callsite.AbstractCallSite.call(AbstractCallSite.java:125)
at org.codehaus.groovy.runtime.callsite.AbstractCallSite.call(AbstractCallSite.java:157)
at io.restassured.internal.ResponseSpecificationImpl$HamcrestAssertionClosure.validate(ResponseSpecificationImpl.groovy:499)
at io.restassured.internal.ResponseSpecificationImpl$HamcrestAssertionClosure$validate$1.call(Unknown Source)
at org.codehaus.groovy.runtime.callsite.CallSiteArray.defaultCall(CallSiteArray.java:45)
at org.codehaus.groovy.runtime.callsite.AbstractCallSite.call(AbstractCallSite.java:125)
at org.codehaus.groovy.runtime.callsite.AbstractCallSite.call(AbstractCallSite.java:139)
at io.restassured.internal.ResponseSpecificationImpl.validateResponseIfRequired(ResponseSpecificationImpl.groovy:696)
at io.restassured.internal.ResponseSpecificationImpl.this$2$validateResponseIfRequired(ResponseSpecificationImpl.groovy)
at java.base/jdk.internal.reflect.DirectMethodHandleAccessor.invoke(DirectMethodHandleAccessor.java:103)
at java.base/java.lang.reflect.Method.invoke(Method.java:580)
at org.codehaus.groovy.runtime.callsite.PlainObjectMetaMethodSite.doInvoke(PlainObjectMetaMethodSite.java:43)
at org.codehaus.groovy.runtime.callsite.PogoMetaMethodSite$PogoCachedMethodSiteNoUnwrapNoCoerce.invoke(PogoMetaMethodSite.java:198)
at org.codehaus.groovy.runtime.callsite.PogoMetaMethodSite.callCurrent(PogoMetaMethodSite.java:62)
at org.codehaus.groovy.runtime.callsite.CallSiteArray.defaultCallCurrent(CallSiteArray.java:49)
at org.codehaus.groovy.runtime.callsite.AbstractCallSite.callCurrent(AbstractCallSite.java:171)
at org.codehaus.groovy.runtime.callsite.AbstractCallSite.callCurrent(AbstractCallSite.java:185)
at io.restassured.internal.ResponseSpecificationImpl.body(ResponseSpecificationImpl.groovy:107)
at io.restassured.internal.ValidatableResponseOptionsImpl.body(ValidatableResponseOptionsImpl.java:238)
at com.onsite.materialReturn_testpage.Create_materialReturn_test.validResponseSchema(Create_materialReturn_test.java:128)
at java.base/jdk.internal.reflect.DirectMethodHandleAccessor.invoke(DirectMethodHandleAccessor.java:103)
at java.base/java.lang.reflect.Method.invoke(Method.java:580)
at org.testng.internal.MethodInvocationHelper.invokeMethod(MethodInvocationHelper.java:133)
at org.testng.internal.TestInvoker.invokeMethod(TestInvoker.java:598)
at org.testng.internal.TestInvoker.invokeTestMethod(TestInvoker.java:173)
at org.testng.internal.MethodRunner.runInSequence(MethodRunner.java:46)
at org.testng.internal.TestInvoker$MethodInvocationAgent.invoke(TestInvoker.java:824)
at org.testng.internal.TestInvoker.invokeTestMethods(TestInvoker.java:146)
at org.testng.internal.TestMethodWorker.invokeTestMethods(TestMethodWorker.java:146)
at org.testng.internal.TestMethodWorker.run(TestMethodWorker.java:128)
at java.base/java.util.ArrayList.forEach(ArrayList.java:1596)
at org.testng.TestRunner.privateRun(TestRunner.java:794)
at org.testng.TestRunner.run(TestRunner.java:596)
at org.testng.SuiteRunner.runTest(SuiteRunner.java:377)
at org.testng.SuiteRunner.runSequentially(SuiteRunner.java:371)
at org.testng.SuiteRunner.privateRun(SuiteRunner.java:332)
at org.testng.SuiteRunner.run(SuiteRunner.java:276)
at org.testng.SuiteRunnerWorker.runSuite(SuiteRunnerWorker.java:53)
at org.testng.SuiteRunnerWorker.run(SuiteRunnerWorker.java:96)
at org.testng.TestNG.runSuitesSequentially(TestNG.java:1212)
at org.testng.TestNG.runSuitesLocally(TestNG.java:1134)
at org.testng.TestNG.runSuites(TestNG.java:1063)
at org.testng.TestNG.run(TestNG.java:1031)
at org.testng.remote.AbstractRemoteTestNG.run(AbstractRemoteTestNG.java:115)
at org.testng.remote.RemoteTestNG.initAndRun(RemoteTestNG.java:293)
at org.testng.remote.RemoteTestNG.main(RemoteTestNG.java:91)
Caused by: com.github.fge.jsonschema.core.exceptions.ProcessingException: fatal: content at URI "file:/C:/Users/Administrator/git/Api_repository/RestAssuredApiTesting.BDD/target/test-classes/responseSchema_files/MaterialReturnResponse_schema.json#" is not valid JSON
    level: "fatal"
    uri: "file:/C:/Users/Administrator/git/Api_repository/RestAssuredApiTesting.BDD/target/test-classes/responseSchema_files/MaterialReturnResponse_schema.json#"
    parsingMessage: "Unexpected character (']' (code 93)): expected a value"

at com.github.fge.jsonschema.core.load.URIManager.getContent(URIManager.java:113)
at com.github.fge.jsonschema.core.load.SchemaLoader$1.load(SchemaLoader.java:114)
at com.github.fge.jsonschema.core.load.SchemaLoader$1.load(SchemaLoader.java:108)
at com.google.common.cache.LocalCache$LoadingValueReference.loadFuture(LocalCache.java:3574)
at com.google.common.cache.LocalCache$Segment.loadSync(LocalCache.java:2316)
at com.google.common.cache.LocalCache$Segment.lockedGetOrLoad(LocalCache.java:2189)
at com.google.common.cache.LocalCache$Segment.get(LocalCache.java:2079)
at com.google.common.cache.LocalCache.get(LocalCache.java:4017)
at com.google.common.cache.LocalCache.getOrLoad(LocalCache.java:4040)
at com.google.common.cache.LocalCache$LocalLoadingCache.get(LocalCache.java:4989)
at com.github.fge.jsonschema.core.load.SchemaLoader.get(SchemaLoader.java:171)
at com.github.fge.jsonschema.main.JsonValidator.buildJsonSchema(JsonValidator.java:211)
at com.github.fge.jsonschema.main.JsonSchemaFactory.getJsonSchema(JsonSchemaFactory.java:224)
at io.restassured.module.jsv.JsonSchemaValidator.matchesSafely(JsonSchemaValidator.java:221)
... 60 more
]]>
    </failure>
  </testcase> <!-- validResponseSchema -->
  <testcase classname="com.onsite.materialReturn_testpage.Create_materialReturn_test" name="validMaterialReturnId" time="0.066"/>
  <testcase classname="com.onsite.materialReturn_testpage.Create_materialReturn_test" name="validCompanyId" time="0.072">
    <failure type="java.lang.AssertionError" message="Company ID mismatch expected [null] but found [eb603e4c-3d94-4b37-9a23-1f5e89ca8f17]">
      <![CDATA[java.lang.AssertionError: Company ID mismatch expected [null] but found [eb603e4c-3d94-4b37-9a23-1f5e89ca8f17]
at org.testng.Assert.fail(Assert.java:99)
at org.testng.Assert.failNotEquals(Assert.java:1037)
at org.testng.Assert.assertEqualsImpl(Assert.java:140)
at org.testng.Assert.assertEquals(Assert.java:122)
at org.testng.Assert.assertEquals(Assert.java:629)
at com.onsite.materialReturn_testpage.Create_materialReturn_test.validCompanyId(Create_materialReturn_test.java:151)
at java.base/jdk.internal.reflect.DirectMethodHandleAccessor.invoke(DirectMethodHandleAccessor.java:103)
at java.base/java.lang.reflect.Method.invoke(Method.java:580)
at org.testng.internal.MethodInvocationHelper.invokeMethod(MethodInvocationHelper.java:133)
at org.testng.internal.TestInvoker.invokeMethod(TestInvoker.java:598)
at org.testng.internal.TestInvoker.invokeTestMethod(TestInvoker.java:173)
at org.testng.internal.MethodRunner.runInSequence(MethodRunner.java:46)
at org.testng.internal.TestInvoker$MethodInvocationAgent.invoke(TestInvoker.java:824)
at org.testng.internal.TestInvoker.invokeTestMethods(TestInvoker.java:146)
at org.testng.internal.TestMethodWorker.invokeTestMethods(TestMethodWorker.java:146)
at org.testng.internal.TestMethodWorker.run(TestMethodWorker.java:128)
at java.base/java.util.ArrayList.forEach(ArrayList.java:1596)
at org.testng.TestRunner.privateRun(TestRunner.java:794)
at org.testng.TestRunner.run(TestRunner.java:596)
at org.testng.SuiteRunner.runTest(SuiteRunner.java:377)
at org.testng.SuiteRunner.runSequentially(SuiteRunner.java:371)
at org.testng.SuiteRunner.privateRun(SuiteRunner.java:332)
at org.testng.SuiteRunner.run(SuiteRunner.java:276)
at org.testng.SuiteRunnerWorker.runSuite(SuiteRunnerWorker.java:53)
at org.testng.SuiteRunnerWorker.run(SuiteRunnerWorker.java:96)
at org.testng.TestNG.runSuitesSequentially(TestNG.java:1212)
at org.testng.TestNG.runSuitesLocally(TestNG.java:1134)
at org.testng.TestNG.runSuites(TestNG.java:1063)
at org.testng.TestNG.run(TestNG.java:1031)
at org.testng.remote.AbstractRemoteTestNG.run(AbstractRemoteTestNG.java:115)
at org.testng.remote.RemoteTestNG.initAndRun(RemoteTestNG.java:293)
at org.testng.remote.RemoteTestNG.main(RemoteTestNG.java:91)
]]>
    </failure>
  </testcase> <!-- validCompanyId -->
  <testcase classname="com.onsite.materialReturn_testpage.Create_materialReturn_test" name="validRemark" time="0.049"/>
  <testcase classname="com.onsite.materialReturn_testpage.Create_materialReturn_test" name="validPartyCompanyUserId" time="0.04"/>
  <testcase classname="com.onsite.materialReturn_testpage.Create_materialReturn_test" name="validCreatorCompanyUserId" time="0.09"/>
  <testcase classname="com.onsite.materialReturn_testpage.Create_materialReturn_test" name="validProjectId" time="0.092"/>
  <testcase classname="com.onsite.materialReturn_testpage.Create_materialReturn_test" name="validInvoiceId" time="0.04"/>
  <testcase classname="com.onsite.materialReturn_testpage.Create_materialReturn_test" name="validMaterial" time="0.038">
    <failure type="java.lang.AssertionError" message="Response material list should not be empty expected [false] but found [true]">
      <![CDATA[java.lang.AssertionError: Response material list should not be empty expected [false] but found [true]
at org.testng.Assert.fail(Assert.java:99)
at org.testng.Assert.failNotEquals(Assert.java:1037)
at org.testng.Assert.assertFalse(Assert.java:67)
at com.onsite.materialReturn_testpage.Create_materialReturn_test.validMaterial(Create_materialReturn_test.java:255)
at java.base/jdk.internal.reflect.DirectMethodHandleAccessor.invoke(DirectMethodHandleAccessor.java:103)
at java.base/java.lang.reflect.Method.invoke(Method.java:580)
at org.testng.internal.MethodInvocationHelper.invokeMethod(MethodInvocationHelper.java:133)
at org.testng.internal.TestInvoker.invokeMethod(TestInvoker.java:598)
at org.testng.internal.TestInvoker.invokeTestMethod(TestInvoker.java:173)
at org.testng.internal.MethodRunner.runInSequence(MethodRunner.java:46)
at org.testng.internal.TestInvoker$MethodInvocationAgent.invoke(TestInvoker.java:824)
at org.testng.internal.TestInvoker.invokeTestMethods(TestInvoker.java:146)
at org.testng.internal.TestMethodWorker.invokeTestMethods(TestMethodWorker.java:146)
at org.testng.internal.TestMethodWorker.run(TestMethodWorker.java:128)
at java.base/java.util.ArrayList.forEach(ArrayList.java:1596)
at org.testng.TestRunner.privateRun(TestRunner.java:794)
at org.testng.TestRunner.run(TestRunner.java:596)
at org.testng.SuiteRunner.runTest(SuiteRunner.java:377)
at org.testng.SuiteRunner.runSequentially(SuiteRunner.java:371)
at org.testng.SuiteRunner.privateRun(SuiteRunner.java:332)
at org.testng.SuiteRunner.run(SuiteRunner.java:276)
at org.testng.SuiteRunnerWorker.runSuite(SuiteRunnerWorker.java:53)
at org.testng.SuiteRunnerWorker.run(SuiteRunnerWorker.java:96)
at org.testng.TestNG.runSuitesSequentially(TestNG.java:1212)
at org.testng.TestNG.runSuitesLocally(TestNG.java:1134)
at org.testng.TestNG.runSuites(TestNG.java:1063)
at org.testng.TestNG.run(TestNG.java:1031)
at org.testng.remote.AbstractRemoteTestNG.run(AbstractRemoteTestNG.java:115)
at org.testng.remote.RemoteTestNG.initAndRun(RemoteTestNG.java:293)
at org.testng.remote.RemoteTestNG.main(RemoteTestNG.java:91)
]]>
    </failure>
  </testcase> <!-- validMaterial -->
  <testcase classname="com.onsite.materialReturn_testpage.Create_materialReturn_test" name="validMaterialAmount" time="0.04"/>
  <testcase classname="com.onsite.materialReturn_testpage.Create_materialReturn_test" name="validDiscount" time="0.034"/>
  <testcase classname="com.onsite.materialReturn_testpage.Create_materialReturn_test" name="validGstAmount" time="0.045"/>
  <testcase classname="com.onsite.materialReturn_testpage.Create_materialReturn_test" name="validOtherAmount" time="0.037"/>
  <testcase classname="com.onsite.materialReturn_testpage.Create_materialReturn_test" name="validTotalPayable" time="0.036"/>
  <testcase classname="com.onsite.materialReturn_testpage.Create_materialReturn_test" name="validPhoto" time="0.048"/>
  <testcase classname="com.onsite.materialReturn_testpage.Create_materialReturn_test" name="validReturnDate" time="0.036"/>
  <testcase classname="com.onsite.materialReturn_testpage.Create_materialReturn_test" name="validRefrenceNumber" time="0.038"/>
  <testcase classname="com.onsite.materialReturn_testpage.Create_materialReturn_test" name="validDueDays" time="0.122"/>
</testsuite> <!-- Default test -->
