<?xml version="1.0" encoding="UTF-8"?>
<!-- Generated by org.testng.reporters.JUnitXMLReporter -->
<testsuite ignored="0" hostname="DESKTOP-JKM4S1A" failures="1" tests="48" name="Default test" time="4.814" errors="0" timestamp="2026-06-04T13:12:12 IST">
  <testcase classname="com.onsite.transaction.otherexpenses.Create_otherExpensesTest" name="createOtherExpense" time="3.901">
    <failure type="java.lang.AssertionError" message="1 expectation failed.
Expected status code &amp;lt;200&amp;gt; but was &amp;lt;400&amp;gt;.
">
      <![CDATA[java.lang.AssertionError: 1 expectation failed.
Expected status code <200> but was <400>.

at java.base/jdk.internal.reflect.DirectConstructorHandleAccessor.newInstance(DirectConstructorHandleAccessor.java:62)
at java.base/java.lang.reflect.Constructor.newInstanceWithCaller(Constructor.java:502)
at java.base/java.lang.reflect.Constructor.newInstance(Constructor.java:486)
at org.codehaus.groovy.reflection.CachedConstructor.invoke(CachedConstructor.java:73)
at org.codehaus.groovy.runtime.callsite.ConstructorSite$ConstructorSiteNoUnwrapNoCoerce.callConstructor(ConstructorSite.java:108)
at org.codehaus.groovy.runtime.callsite.CallSiteArray.defaultCallConstructor(CallSiteArray.java:57)
at org.codehaus.groovy.runtime.callsite.AbstractCallSite.callConstructor(AbstractCallSite.java:263)
at org.codehaus.groovy.runtime.callsite.AbstractCallSite.callConstructor(AbstractCallSite.java:277)
at io.restassured.internal.ResponseSpecificationImpl$HamcrestAssertionClosure.validate(ResponseSpecificationImpl.groovy:512)
at io.restassured.internal.ResponseSpecificationImpl$HamcrestAssertionClosure$validate$1.call(Unknown Source)
at org.codehaus.groovy.runtime.callsite.CallSiteArray.defaultCall(CallSiteArray.java:45)
at org.codehaus.groovy.runtime.callsite.AbstractCallSite.call(AbstractCallSite.java:125)
at org.codehaus.groovy.runtime.callsite.AbstractCallSite.call(AbstractCallSite.java:139)
at io.restassured.internal.ResponseSpecificationImpl.validateResponseIfRequired(ResponseSpecificationImpl.groovy:696)
at io.restassured.internal.ResponseSpecificationImpl.this$2$validateResponseIfRequired(ResponseSpecificationImpl.groovy)
at java.base/jdk.internal.reflect.DirectMethodHandleAccessor.invoke(DirectMethodHandleAccessor.java:103)
at java.base/java.lang.reflect.Method.invoke(Method.java:580)
at org.codehaus.groovy.runtime.callsite.PlainObjectMetaMethodSite.doInvoke(PlainObjectMetaMethodSite.java:43)
at org.codehaus.groovy.runtime.callsite.PogoMetaMethodSite$PogoCachedMethodSiteNoUnwrapNoCoerce.invoke(PogoMetaMethodSite.java:198)
at org.codehaus.groovy.runtime.callsite.PogoMetaMethodSite.callCurrent(PogoMetaMethodSite.java:62)
at org.codehaus.groovy.runtime.callsite.CallSiteArray.defaultCallCurrent(CallSiteArray.java:49)
at org.codehaus.groovy.runtime.callsite.AbstractCallSite.callCurrent(AbstractCallSite.java:171)
at org.codehaus.groovy.runtime.callsite.AbstractCallSite.callCurrent(AbstractCallSite.java:185)
at io.restassured.internal.ResponseSpecificationImpl.statusCode(ResponseSpecificationImpl.groovy:135)
at io.restassured.specification.ResponseSpecification$statusCode$0.callCurrent(Unknown Source)
at org.codehaus.groovy.runtime.callsite.CallSiteArray.defaultCallCurrent(CallSiteArray.java:49)
at org.codehaus.groovy.runtime.callsite.AbstractCallSite.callCurrent(AbstractCallSite.java:171)
at org.codehaus.groovy.runtime.callsite.AbstractCallSite.callCurrent(AbstractCallSite.java:185)
at io.restassured.internal.ResponseSpecificationImpl.statusCode(ResponseSpecificationImpl.groovy:143)
at io.restassured.internal.ValidatableResponseOptionsImpl.statusCode(ValidatableResponseOptionsImpl.java:89)
at com.onsite.transaction.otherexpenses.Create_otherExpensesTest.createOtherExpense(Create_otherExpensesTest.java:80)
at java.base/jdk.internal.reflect.DirectMethodHandleAccessor.invoke(DirectMethodHandleAccessor.java:103)
at java.base/java.lang.reflect.Method.invoke(Method.java:580)
at org.testng.internal.MethodInvocationHelper.invokeMethod(MethodInvocationHelper.java:133)
at org.testng.internal.TestInvoker.invokeMethod(TestInvoker.java:598)
at org.testng.internal.TestInvoker.invokeTestMethod(TestInvoker.java:173)
at org.testng.internal.MethodRunner.runInSequence(MethodRunner.java:46)
at org.testng.internal.TestInvoker$MethodInvocationAgent.invoke(TestInvoker.java:824)
at org.testng.internal.TestInvoker.invokeTestMethods(TestInvoker.java:146)
at org.testng.internal.TestMethodWorker.invokeTestMethods(TestMethodWorker.java:146)
at org.testng.internal.TestMethodWorker.run(TestMethodWorker.java:128)
at java.base/java.util.ArrayList.forEach(ArrayList.java:1596)
at org.testng.TestRunner.privateRun(TestRunner.java:794)
at org.testng.TestRunner.run(TestRunner.java:596)
at org.testng.SuiteRunner.runTest(SuiteRunner.java:377)
at org.testng.SuiteRunner.runSequentially(SuiteRunner.java:371)
at org.testng.SuiteRunner.privateRun(SuiteRunner.java:332)
at org.testng.SuiteRunner.run(SuiteRunner.java:276)
at org.testng.SuiteRunnerWorker.runSuite(SuiteRunnerWorker.java:53)
at org.testng.SuiteRunnerWorker.run(SuiteRunnerWorker.java:96)
at org.testng.TestNG.runSuitesSequentially(TestNG.java:1212)
at org.testng.TestNG.runSuitesLocally(TestNG.java:1134)
at org.testng.TestNG.runSuites(TestNG.java:1063)
at org.testng.TestNG.run(TestNG.java:1031)
at org.testng.remote.AbstractRemoteTestNG.run(AbstractRemoteTestNG.java:115)
at org.testng.remote.RemoteTestNG.initAndRun(RemoteTestNG.java:293)
at org.testng.remote.RemoteTestNG.main(RemoteTestNG.java:91)
]]>
    </failure>
  </testcase> <!-- createOtherExpense -->
  <testcase classname="com.onsite.transaction.otherexpenses.Create_otherExpensesTest" name="validateStatusCode" time="0.0">
    <skipped/>
  </testcase> <!-- validateStatusCode -->
  <testcase classname="com.onsite.transaction.otherexpenses.Create_otherExpensesTest" name="valiadateResponseMessage" time="0.0">
    <skipped/>
  </testcase> <!-- valiadateResponseMessage -->
  <testcase classname="com.onsite.transaction.otherexpenses.Create_otherExpensesTest" name="validateResponseTime" time="0.0">
    <skipped/>
  </testcase> <!-- validateResponseTime -->
  <testcase classname="com.onsite.transaction.otherexpenses.Create_otherExpensesTest" name="valiadetResponseSchema" time="0.0">
    <skipped/>
  </testcase> <!-- valiadetResponseSchema -->
  <testcase classname="com.onsite.transaction.otherexpenses.Create_otherExpensesTest" name="valiadetId" time="0.0">
    <skipped/>
  </testcase> <!-- valiadetId -->
  <testcase classname="com.onsite.transaction.otherexpenses.Create_otherExpensesTest" name="validateProjectId" time="0.0">
    <skipped/>
  </testcase> <!-- validateProjectId -->
  <testcase classname="com.onsite.transaction.otherexpenses.Create_otherExpensesTest" name="validatePartyCompanyUserId" time="0.0">
    <skipped/>
  </testcase> <!-- validatePartyCompanyUserId -->
  <testcase classname="com.onsite.transaction.otherexpenses.Create_otherExpensesTest" name="validateRemark" time="0.0">
    <skipped/>
  </testcase> <!-- validateRemark -->
  <testcase classname="com.onsite.transaction.otherexpenses.Create_otherExpensesTest" name="validateUnitPrice" time="0.0">
    <skipped/>
  </testcase> <!-- validateUnitPrice -->
  <testcase classname="com.onsite.transaction.otherexpenses.Create_otherExpensesTest" name="validateQuantity" time="0.0">
    <skipped/>
  </testcase> <!-- validateQuantity -->
  <testcase classname="com.onsite.transaction.otherexpenses.Create_otherExpensesTest" name="validateEarningAmount" time="0.0">
    <skipped/>
  </testcase> <!-- validateEarningAmount -->
  <testcase classname="com.onsite.transaction.otherexpenses.Create_otherExpensesTest" name="validateOtherAmount" time="0.0">
    <skipped/>
  </testcase> <!-- validateOtherAmount -->
  <testcase classname="com.onsite.transaction.otherexpenses.Create_otherExpensesTest" name="validateDiscount" time="0.0">
    <skipped/>
  </testcase> <!-- validateDiscount -->
  <testcase classname="com.onsite.transaction.otherexpenses.Create_otherExpensesTest" name="validateGSTpercent" time="0.0">
    <skipped/>
  </testcase> <!-- validateGSTpercent -->
  <testcase classname="com.onsite.transaction.otherexpenses.Create_otherExpensesTest" name="validateGSTAmount" time="0.0">
    <skipped/>
  </testcase> <!-- validateGSTAmount -->
  <testcase classname="com.onsite.transaction.otherexpenses.Create_otherExpensesTest" name="validateAmount" time="0.0">
    <skipped/>
  </testcase> <!-- validateAmount -->
  <testcase classname="com.onsite.transaction.otherexpenses.Create_otherExpensesTest" name="validatePostTaxDeductionAmount" time="0.0">
    <skipped/>
  </testcase> <!-- validatePostTaxDeductionAmount -->
  <testcase classname="com.onsite.transaction.otherexpenses.Create_otherExpensesTest" name="validateNetAmount" time="0.0">
    <skipped/>
  </testcase> <!-- validateNetAmount -->
  <testcase classname="com.onsite.transaction.otherexpenses.Create_otherExpensesTest" name="validatePhoto" time="0.0">
    <skipped/>
  </testcase> <!-- validatePhoto -->
  <testcase classname="com.onsite.transaction.otherexpenses.Create_otherExpensesTest" name="validateSubCategoryId" time="0.0">
    <skipped/>
  </testcase> <!-- validateSubCategoryId -->
  <testcase classname="com.onsite.transaction.otherexpenses.Create_otherExpensesTest" name="validateCategoryId" time="0.0">
    <skipped/>
  </testcase> <!-- validateCategoryId -->
  <testcase classname="com.onsite.transaction.otherexpenses.Create_otherExpensesTest" name="validatePaymentDate" time="0.0">
    <skipped/>
  </testcase> <!-- validatePaymentDate -->
  <testcase classname="com.onsite.transaction.otherexpenses.Create_otherExpensesTest" name="validateUnitId" time="0.0">
    <skipped/>
  </testcase> <!-- validateUnitId -->
  <testcase classname="com.onsite.transaction.otherexpenses.Create_otherExpensesTest" name="validateEarningType" time="0.0">
    <skipped/>
  </testcase> <!-- validateEarningType -->
  <testcase classname="com.onsite.transaction.otherexpenses.Create_otherExpensesTest" name="validateDueDays" time="0.0">
    <skipped/>
  </testcase> <!-- validateDueDays -->
  <testcase classname="com.onsite.transaction.otherexpenses.Create_otherExpensesTest" name="validateShipToAddressId" time="0.0">
    <skipped/>
  </testcase> <!-- validateShipToAddressId -->
  <testcase classname="com.onsite.transaction.otherexpenses.Create_otherExpensesTest" name="validateBillToAddressId" time="0.0">
    <skipped/>
  </testcase> <!-- validateBillToAddressId -->
  <testcase classname="com.onsite.transaction.otherexpenses.Create_otherExpensesTest" name="validateShipFromAddressId" time="0.0">
    <skipped/>
  </testcase> <!-- validateShipFromAddressId -->
  <testcase classname="com.onsite.transaction.otherexpenses.Create_otherExpensesTest" name="validateBillFromAddressId" time="0.0">
    <skipped/>
  </testcase> <!-- validateBillFromAddressId -->
  <testcase classname="com.onsite.transaction.otherexpenses.Create_otherExpensesTest" name="validateIsGstPercent" time="0.0">
    <skipped/>
  </testcase> <!-- validateIsGstPercent -->
  <testcase classname="com.onsite.transaction.otherexpenses.Create_otherExpensesTest" name="validateIsRoundOff" time="0.0">
    <skipped/>
  </testcase> <!-- validateIsRoundOff -->
  <testcase classname="com.onsite.transaction.otherexpenses.Create_otherExpensesTest" name="validateVendorBillNumber" time="0.0">
    <skipped/>
  </testcase> <!-- validateVendorBillNumber -->
  <testcase classname="com.onsite.transaction.otherexpenses.Create_otherExpensesTest" name="validateEquipmentStockId" time="0.0">
    <skipped/>
  </testcase> <!-- validateEquipmentStockId -->
  <testcase classname="com.onsite.transaction.otherexpenses.Create_otherExpensesTest" name="validateBillingActivityId" time="0.0">
    <skipped/>
  </testcase> <!-- validateBillingActivityId -->
  <testcase classname="com.onsite.transaction.otherexpenses.Create_otherExpensesTest" name="validateMonkeyPatchInvoiceId" time="0.0">
    <skipped/>
  </testcase> <!-- validateMonkeyPatchInvoiceId -->
  <testcase classname="com.onsite.transaction.otherexpenses.Create_otherExpensesTest" name="validateMonkeyPatchInvoiceCompanyId" time="0.0">
    <skipped/>
  </testcase> <!-- validateMonkeyPatchInvoiceCompanyId -->
  <testcase classname="com.onsite.transaction.otherexpenses.Create_otherExpensesTest" name="validateMonkeyPatchInvoiceCreatorCompanyUserId" time="0.0">
    <skipped/>
  </testcase> <!-- validateMonkeyPatchInvoiceCreatorCompanyUserId -->
  <testcase classname="com.onsite.transaction.otherexpenses.Create_otherExpensesTest" name="validateMonkeyPatchInvoicePartyCompanyUserId" time="0.0">
    <skipped/>
  </testcase> <!-- validateMonkeyPatchInvoicePartyCompanyUserId -->
  <testcase classname="com.onsite.transaction.otherexpenses.Create_otherExpensesTest" name="validateMonkeyPatchInvoiceProjectId" time="0.0">
    <skipped/>
  </testcase> <!-- validateMonkeyPatchInvoiceProjectId -->
  <testcase classname="com.onsite.transaction.otherexpenses.Create_otherExpensesTest" name="validateMonkeyPatchInvoiceSubCategoryId" time="0.0">
    <skipped/>
  </testcase> <!-- validateMonkeyPatchInvoiceSubCategoryId -->
  <testcase classname="com.onsite.transaction.otherexpenses.Create_otherExpensesTest" name="validateMonkeyPatchInvoiceFaturesType" time="0.0">
    <skipped/>
  </testcase> <!-- validateMonkeyPatchInvoiceFaturesType -->
  <testcase classname="com.onsite.transaction.otherexpenses.Create_otherExpensesTest" name="validateMonkeyPatchInvoiceFeatureId" time="0.0">
    <skipped/>
  </testcase> <!-- validateMonkeyPatchInvoiceFeatureId -->
  <testcase classname="com.onsite.transaction.otherexpenses.Create_otherExpensesTest" name="validateMonkeyPatchInvoiceInvoiceType" time="0.0">
    <skipped/>
  </testcase> <!-- validateMonkeyPatchInvoiceInvoiceType -->
  <testcase classname="com.onsite.transaction.otherexpenses.Create_otherExpensesTest" name="validateMonkeyPatchInvoiceStatus" time="0.0">
    <skipped/>
  </testcase> <!-- validateMonkeyPatchInvoiceStatus -->
  <testcase classname="com.onsite.transaction.otherexpenses.Create_otherExpensesTest" name="validateMonkeyPatchInvoiceTotalPayable" time="0.0">
    <skipped/>
  </testcase> <!-- validateMonkeyPatchInvoiceTotalPayable -->
  <testcase classname="com.onsite.transaction.otherexpenses.Create_otherExpensesTest" name="validateMonkeyPatchInvoiceSequence" time="0.0">
    <skipped/>
  </testcase> <!-- validateMonkeyPatchInvoiceSequence -->
  <testcase classname="com.onsite.transaction.otherexpenses.Create_otherExpensesTest" name="validateMonkeyPatchInvoiceApproval" time="0.0">
    <skipped/>
  </testcase> <!-- validateMonkeyPatchInvoiceApproval -->
</testsuite> <!-- Default test -->
