<?xml version="1.0" encoding="UTF-8"?>
<!-- Generated by org.testng.reporters.JUnitXMLReporter -->
<testsuite ignored="0" hostname="DESKTOP-JKM4S1A" failures="0" tests="5" name="Default test" time="37.001" errors="0" timestamp="2025-09-05T17:08:13 IST">
  <testcase classname="com.onsite.mom_test_page.Edit_MOM_Test" name="getlistMom" time="9.055"/>
  <testcase classname="com.onsite.mom_test_page.Edit_MOM_Test" name="getlistAttendeeMom" time="3.957"/>
  <testcase classname="com.onsite.mom_test_page.Edit_MOM_Test" name="getlistProjectMom" time="3.834"/>
  <testcase classname="com.onsite.mom_test_page.Edit_MOM_Test" name="editMom" time="15.214"/>
  <testcase classname="com.onsite.mom_test_page.Edit_MOM_Test" name="geteditdata" time="4.343"/>
</testsuite> <!-- Default test -->
