<?xml version="1.0" encoding="UTF-8"?>
<!-- Generated by org.testng.reporters.JUnitXMLReporter -->
<testsuite ignored="3" hostname="DESKTOP-JKM4S1A" failures="0" tests="2" name="Default test" time="8.554" errors="0" timestamp="2026-09-16T18:15:52 IST">
  <testcase classname="com.onsite.salarytemplate.Create_SalaryTemplate_Test" name="create_salarytemplate" time="0.307"/>
  <testcase classname="com.onsite.salarytemplate.Create_SalaryTemplate_Test" name="validResponseSchema" time="0.194"/>
  <testcase classname="com.onsite.salarytemplate.Create_SalaryTemplate_Test" name="validStatusCode" time="0.0">
    <ignored/>
  </testcase> <!-- validStatusCode -->
  <testcase classname="com.onsite.salarytemplate.Create_SalaryTemplate_Test" name="validResponseTime" time="0.0">
    <ignored/>
  </testcase> <!-- validResponseTime -->
  <testcase classname="com.onsite.salarytemplate.Create_SalaryTemplate_Test" name="validMessage" time="0.0">
    <ignored/>
  </testcase> <!-- validMessage -->
</testsuite> <!-- Default test -->
