<?xml version="1.0" encoding="UTF-8"?>
<!-- Generated by org.testng.reporters.JUnitXMLReporter -->
<testsuite ignored="0" hostname="DESKTOP-JKM4S1A" failures="0" tests="5" name="Default test" time="21.8" errors="0" timestamp="2026-05-05T16:39:18 IST">
  <testcase classname="com.onsite.transaction.materialPurchase_test.Delete_materialPurchase" name="verifyDeleteWithValidId" time="10.535"/>
  <testcase classname="com.onsite.transaction.materialPurchase_test.Delete_materialPurchase" name="verifyDeleteWithInvalidId" time="3.402"/>
  <testcase classname="com.onsite.transaction.materialPurchase_test.Delete_materialPurchase" name="verifyDeleteWithoutToken" time="0.13"/>
  <testcase classname="com.onsite.transaction.materialPurchase_test.Delete_materialPurchase" name="verifyDeleteWithEmptyId" time="2.549"/>
  <testcase classname="com.onsite.transaction.materialPurchase_test.Delete_materialPurchase" name="verifyDeleteWithAlreadyDeletedId" time="5.004"/>
</testsuite> <!-- Default test -->
