<?xml version="1.0" encoding="UTF-8"?>
<!-- Generated by org.testng.reporters.JUnitXMLReporter -->
<testsuite ignored="0" hostname="DESKTOP-JKM4S1A" failures="0" tests="4" name="Default test" time="37.465" errors="0" timestamp="2025-08-27T10:47:36 IST">
  <testcase classname="com.onsite.mom_test_page.Create_MOM_Test" name="getCompanyUserId" time="6.458"/>
  <testcase classname="com.onsite.mom_test_page.Create_MOM_Test" name="getProjectId" time="6.191"/>
  <testcase classname="com.onsite.mom_test_page.Create_MOM_Test" name="createMOM" time="15.786"/>
  <testcase classname="com.onsite.mom_test_page.Create_MOM_Test" name="getMOM" time="4.278"/>
</testsuite> <!-- Default test -->
