<?xml version="1.0" encoding="UTF-8"?>
<!-- Generated by org.testng.reporters.JUnitXMLReporter -->
<testsuite ignored="0" hostname="DESKTOP-JKM4S1A" failures="0" tests="4" name="Default test" time="33.422" errors="0" timestamp="2025-08-27T12:03:30 IST">
  <testcase classname="com.onsite.mom_test_page.Create_MOM_Test" name="getCompanyUserId" time="6.642"/>
  <testcase classname="com.onsite.mom_test_page.Create_MOM_Test" name="getProjectId" time="5.779"/>
  <testcase classname="com.onsite.mom_test_page.Create_MOM_Test" name="createMOM" time="13.389"/>
  <testcase classname="com.onsite.mom_test_page.Create_MOM_Test" name="getMOM" time="3.83"/>
</testsuite> <!-- Default test -->
