<?xml version="1.0" encoding="UTF-8"?>
<!-- Generated by org.testng.reporters.JUnitXMLReporter -->
<testsuite ignored="0" hostname="DESKTOP-JKM4S1A" failures="1" tests="1" name="Default test" time="3.809" errors="0" timestamp="2026-01-08T18:41:10 IST">
  <testcase classname="com.onsite.StaffPayroll_testpage.List_Payroll_Test" name="staffPayroll" time="1.469">
    <failure type="java.lang.AssertionError" message="JSON schema validation failed: com.github.fge.jsonschema.core.report.ListProcessingReport: failure
--- BEGIN MESSAGES ---
warning: the following keywords are unknown and will be ignored: [monkey_patch_salary_breakup, monkey_patch_workforce]
    level: &amp;quot;warning&amp;quot;
    schema: {&amp;quot;loadingURI&amp;quot;:&amp;quot;#&amp;quot;,&amp;quot;pointer&amp;quot;:&amp;quot;&amp;quot;}
    domain: &amp;quot;syntax&amp;quot;
    ignored: [&amp;quot;monkey_patch_salary_breakup&amp;quot;,&amp;quot;monkey_patch_workforce&amp;quot;]
error: object has missing required properties ([&amp;quot;company_id&amp;quot;,&amp;quot;delete&amp;quot;,&amp;quot;hidden&amp;quot;,&amp;quot;id&amp;quot;,&amp;quot;type&amp;quot;])
    level: &amp;quot;error&amp;quot;
    schema: {&amp;quot;loadingURI&amp;quot;:&amp;quot;#&amp;quot;,&amp;quot;pointer&amp;quot;:&amp;quot;&amp;quot;}
    instance: {&amp;quot;pointer&amp;quot;:&amp;quot;&amp;quot;}
    domain: &amp;quot;validation&amp;quot;
    keyword: &amp;quot;required&amp;quot;
    required: [&amp;quot;company_id&amp;quot;,&amp;quot;delete&amp;quot;,&amp;quot;hidden&amp;quot;,&amp;quot;id&amp;quot;,&amp;quot;type&amp;quot;]
    missing: [&amp;quot;company_id&amp;quot;,&amp;quot;delete&amp;quot;,&amp;quot;hidden&amp;quot;,&amp;quot;id&amp;quot;,&amp;quot;type&amp;quot;]
---  END MESSAGES  ---
 expected [true] but found [false]">
      <![CDATA[java.lang.AssertionError: JSON schema validation failed: com.github.fge.jsonschema.core.report.ListProcessingReport: failure
--- BEGIN MESSAGES ---
warning: the following keywords are unknown and will be ignored: [monkey_patch_salary_breakup, monkey_patch_workforce]
    level: "warning"
    schema: {"loadingURI":"#","pointer":""}
    domain: "syntax"
    ignored: ["monkey_patch_salary_breakup","monkey_patch_workforce"]
error: object has missing required properties (["company_id","delete","hidden","id","type"])
    level: "error"
    schema: {"loadingURI":"#","pointer":""}
    instance: {"pointer":""}
    domain: "validation"
    keyword: "required"
    required: ["company_id","delete","hidden","id","type"]
    missing: ["company_id","delete","hidden","id","type"]
---  END MESSAGES  ---
 expected [true] but found [false]
at org.testng.Assert.fail(Assert.java:99)
at org.testng.Assert.failNotEquals(Assert.java:1037)
at org.testng.Assert.assertTrue(Assert.java:45)
at com.onsite.utilities_page.SchemaValidator.validateSchema(SchemaValidator.java:32)
at com.onsite.StaffPayroll_testpage.List_Payroll_Test.staffPayroll(List_Payroll_Test.java:56)
at java.base/jdk.internal.reflect.DirectMethodHandleAccessor.invoke(DirectMethodHandleAccessor.java:103)
at java.base/java.lang.reflect.Method.invoke(Method.java:580)
at org.testng.internal.MethodInvocationHelper.invokeMethod(MethodInvocationHelper.java:133)
at org.testng.internal.TestInvoker.invokeMethod(TestInvoker.java:598)
at org.testng.internal.TestInvoker.invokeTestMethod(TestInvoker.java:173)
at org.testng.internal.MethodRunner.runInSequence(MethodRunner.java:46)
at org.testng.internal.TestInvoker$MethodInvocationAgent.invoke(TestInvoker.java:824)
at org.testng.internal.TestInvoker.invokeTestMethods(TestInvoker.java:146)
at org.testng.internal.TestMethodWorker.invokeTestMethods(TestMethodWorker.java:146)
at org.testng.internal.TestMethodWorker.run(TestMethodWorker.java:128)
at java.base/java.util.ArrayList.forEach(ArrayList.java:1596)
at org.testng.TestRunner.privateRun(TestRunner.java:794)
at org.testng.TestRunner.run(TestRunner.java:596)
at org.testng.SuiteRunner.runTest(SuiteRunner.java:377)
at org.testng.SuiteRunner.runSequentially(SuiteRunner.java:371)
at org.testng.SuiteRunner.privateRun(SuiteRunner.java:332)
at org.testng.SuiteRunner.run(SuiteRunner.java:276)
at org.testng.SuiteRunnerWorker.runSuite(SuiteRunnerWorker.java:53)
at org.testng.SuiteRunnerWorker.run(SuiteRunnerWorker.java:96)
at org.testng.TestNG.runSuitesSequentially(TestNG.java:1212)
at org.testng.TestNG.runSuitesLocally(TestNG.java:1134)
at org.testng.TestNG.runSuites(TestNG.java:1063)
at org.testng.TestNG.run(TestNG.java:1031)
at org.testng.remote.AbstractRemoteTestNG.run(AbstractRemoteTestNG.java:115)
at org.testng.remote.RemoteTestNG.initAndRun(RemoteTestNG.java:293)
at org.testng.remote.RemoteTestNG.main(RemoteTestNG.java:91)
]]>
    </failure>
  </testcase> <!-- staffPayroll -->
</testsuite> <!-- Default test -->
