<?xml version="1.0" encoding="UTF-8"?>
<!-- Generated by org.testng.reporters.JUnitXMLReporter -->
<testsuite ignored="0" hostname="DESKTOP-JKM4S1A" failures="1" tests="14" name="Default test" time="13.705" errors="0" timestamp="2026-09-17T18:40:22 IST">
  <testcase classname="com.onsite.salarytemplate.Create_SalaryTemplate_Test" name="create_salarytemplate" time="0.293"/>
  <testcase classname="com.onsite.salarytemplate.Create_SalaryTemplate_Test" name="validStatusCode" time="0.007"/>
  <testcase classname="com.onsite.salarytemplate.Create_SalaryTemplate_Test" name="validMessage" time="0.038"/>
  <testcase classname="com.onsite.salarytemplate.Create_SalaryTemplate_Test" name="validResponseTime" time="0.011"/>
  <testcase classname="com.onsite.salarytemplate.Create_SalaryTemplate_Test" name="validResponseSchema" time="0.139"/>
  <testcase classname="com.onsite.salarytemplate.Create_SalaryTemplate_Test" name="validCompanyId" time="0.026"/>
  <testcase classname="com.onsite.salarytemplate.Create_SalaryTemplate_Test" name="validSalaryTemplateName" time="0.028"/>
  <testcase classname="com.onsite.salarytemplate.Create_SalaryTemplate_Test" name="validCtcAmount" time="0.021"/>
  <testcase classname="com.onsite.salarytemplate.Create_SalaryTemplate_Test" name="validSalaryTemplateType" time="0.022"/>
  <testcase classname="com.onsite.salarytemplate.Create_SalaryTemplate_Test" name="validDayoff" time="0.044">
    <failure type="java.lang.ClassCastException" message="class java.util.ArrayList cannot be cast to class [Ljava.lang.Integer; (java.util.ArrayList and [Ljava.lang.Integer; are in module java.base of loader &amp;apos;bootstrap&amp;apos;)">
      <![CDATA[java.lang.ClassCastException: class java.util.ArrayList cannot be cast to class [Ljava.lang.Integer; (java.util.ArrayList and [Ljava.lang.Integer; are in module java.base of loader 'bootstrap')
at com.onsite.salarytemplate.Create_SalaryTemplate_Test.validDayoff(Create_SalaryTemplate_Test.java:202)
at java.base/jdk.internal.reflect.DirectMethodHandleAccessor.invoke(DirectMethodHandleAccessor.java:103)
at java.base/java.lang.reflect.Method.invoke(Method.java:580)
at org.testng.internal.MethodInvocationHelper.invokeMethod(MethodInvocationHelper.java:133)
at org.testng.internal.TestInvoker.invokeMethod(TestInvoker.java:598)
at org.testng.internal.TestInvoker.invokeTestMethod(TestInvoker.java:173)
at org.testng.internal.MethodRunner.runInSequence(MethodRunner.java:46)
at org.testng.internal.TestInvoker$MethodInvocationAgent.invoke(TestInvoker.java:824)
at org.testng.internal.TestInvoker.invokeTestMethods(TestInvoker.java:146)
at org.testng.internal.TestMethodWorker.invokeTestMethods(TestMethodWorker.java:146)
at org.testng.internal.TestMethodWorker.run(TestMethodWorker.java:128)
at java.base/java.util.ArrayList.forEach(ArrayList.java:1596)
at org.testng.TestRunner.privateRun(TestRunner.java:794)
at org.testng.TestRunner.run(TestRunner.java:596)
at org.testng.SuiteRunner.runTest(SuiteRunner.java:377)
at org.testng.SuiteRunner.runSequentially(SuiteRunner.java:371)
at org.testng.SuiteRunner.privateRun(SuiteRunner.java:332)
at org.testng.SuiteRunner.run(SuiteRunner.java:276)
at org.testng.SuiteRunnerWorker.runSuite(SuiteRunnerWorker.java:53)
at org.testng.SuiteRunnerWorker.run(SuiteRunnerWorker.java:96)
at org.testng.TestNG.runSuitesSequentially(TestNG.java:1212)
at org.testng.TestNG.runSuitesLocally(TestNG.java:1134)
at org.testng.TestNG.runSuites(TestNG.java:1063)
at org.testng.TestNG.run(TestNG.java:1031)
at org.testng.remote.AbstractRemoteTestNG.run(AbstractRemoteTestNG.java:115)
at org.testng.remote.RemoteTestNG.initAndRun(RemoteTestNG.java:293)
at org.testng.remote.RemoteTestNG.main(RemoteTestNG.java:91)
]]>
    </failure>
  </testcase> <!-- validDayoff -->
  <testcase classname="com.onsite.salarytemplate.Create_SalaryTemplate_Test" name="validBasicName" time="0.05"/>
  <testcase classname="com.onsite.salarytemplate.Create_SalaryTemplate_Test" name="validBasicRelationType" time="0.02"/>
  <testcase classname="com.onsite.salarytemplate.Create_SalaryTemplate_Test" name="validBasicRelationValue" time="0.099"/>
  <testcase classname="com.onsite.salarytemplate.Create_SalaryTemplate_Test" name="validBasicAmount" time="0.029"/>
</testsuite> <!-- Default test -->
