<?xml version="1.0" encoding="UTF-8"?>
<!-- Generated by org.testng.reporters.JUnitXMLReporter -->
<testsuite ignored="0" hostname="DESKTOP-JKM4S1A" failures="1" tests="8" name="Default test" time="9.458" errors="0" timestamp="2026-05-18T17:49:29 IST">
  <testcase classname="com.onsite.transaction.otherexpenses.Create_otherExpensesTest" name="createOtherExpense" time="7.974"/>
  <testcase classname="com.onsite.transaction.otherexpenses.Create_otherExpensesTest" name="validateStatusCode" time="0.011"/>
  <testcase classname="com.onsite.transaction.otherexpenses.Create_otherExpensesTest" name="valiadateResponseMessage" time="0.182"/>
  <testcase classname="com.onsite.transaction.otherexpenses.Create_otherExpensesTest" name="validateResponseTime" time="0.012"/>
  <testcase classname="com.onsite.transaction.otherexpenses.Create_otherExpensesTest" name="valiadetResponseSchema" time="0.447"/>
  <testcase classname="com.onsite.transaction.otherexpenses.Create_otherExpensesTest" name="valiadetId" time="0.003"/>
  <testcase classname="com.onsite.transaction.otherexpenses.Create_otherExpensesTest" name="validateProjectId" time="0.025"/>
  <testcase classname="com.onsite.transaction.otherexpenses.Create_otherExpensesTest" name="validatePartyCompanyUserId" time="0.013">
    <failure type="java.lang.NullPointerException" message="Cannot invoke &amp;quot;String.isEmpty()&amp;quot; because &amp;quot;resPartyCompanyUserId&amp;quot; is null">
      <![CDATA[java.lang.NullPointerException: Cannot invoke "String.isEmpty()" because "resPartyCompanyUserId" is null
at com.onsite.transaction.otherexpenses.Create_otherExpensesTest.validatePartyCompanyUserId(Create_otherExpensesTest.java:164)
at java.base/jdk.internal.reflect.DirectMethodHandleAccessor.invoke(DirectMethodHandleAccessor.java:103)
at java.base/java.lang.reflect.Method.invoke(Method.java:580)
at org.testng.internal.MethodInvocationHelper.invokeMethod(MethodInvocationHelper.java:133)
at org.testng.internal.TestInvoker.invokeMethod(TestInvoker.java:598)
at org.testng.internal.TestInvoker.invokeTestMethod(TestInvoker.java:173)
at org.testng.internal.MethodRunner.runInSequence(MethodRunner.java:46)
at org.testng.internal.TestInvoker$MethodInvocationAgent.invoke(TestInvoker.java:824)
at org.testng.internal.TestInvoker.invokeTestMethods(TestInvoker.java:146)
at org.testng.internal.TestMethodWorker.invokeTestMethods(TestMethodWorker.java:146)
at org.testng.internal.TestMethodWorker.run(TestMethodWorker.java:128)
at java.base/java.util.ArrayList.forEach(ArrayList.java:1596)
at org.testng.TestRunner.privateRun(TestRunner.java:794)
at org.testng.TestRunner.run(TestRunner.java:596)
at org.testng.SuiteRunner.runTest(SuiteRunner.java:377)
at org.testng.SuiteRunner.runSequentially(SuiteRunner.java:371)
at org.testng.SuiteRunner.privateRun(SuiteRunner.java:332)
at org.testng.SuiteRunner.run(SuiteRunner.java:276)
at org.testng.SuiteRunnerWorker.runSuite(SuiteRunnerWorker.java:53)
at org.testng.SuiteRunnerWorker.run(SuiteRunnerWorker.java:96)
at org.testng.TestNG.runSuitesSequentially(TestNG.java:1212)
at org.testng.TestNG.runSuitesLocally(TestNG.java:1134)
at org.testng.TestNG.runSuites(TestNG.java:1063)
at org.testng.TestNG.run(TestNG.java:1031)
at org.testng.remote.AbstractRemoteTestNG.run(AbstractRemoteTestNG.java:115)
at org.testng.remote.RemoteTestNG.initAndRun(RemoteTestNG.java:293)
at org.testng.remote.RemoteTestNG.main(RemoteTestNG.java:91)
]]>
    </failure>
  </testcase> <!-- validatePartyCompanyUserId -->
</testsuite> <!-- Default test -->
