<?xml version="1.0" encoding="UTF-8"?>
<!-- Generated by org.testng.reporters.JUnitXMLReporter -->
<testsuite ignored="0" hostname="DESKTOP-JKM4S1A" failures="0" tests="2" name="Default test" time="14.23" errors="0" timestamp="2025-11-24T15:34:46 IST">
  <testcase classname="com.onsite.payroll_test_page.ListCompanyUserforPayroll" name="labourPayrollList" time="10.621"/>
  <testcase classname="com.onsite.payroll_test_page.ListCompanyUserforPayroll" name="staffPayrollList" time="3.518"/>
</testsuite> <!-- Default test -->
