<?xml version="1.0" encoding="UTF-8"?>
<!-- Generated by org.testng.reporters.JUnitXMLReporter -->
<testsuite ignored="0" hostname="DESKTOP-JKM4S1A" failures="0" tests="48" name="Default test" time="15.035" errors="0" timestamp="2026-05-25T14:09:34 IST">
  <testcase classname="com.onsite.transaction.otherexpenses.Create_otherExpensesTest" name="createOtherExpense" time="10.888"/>
  <testcase classname="com.onsite.transaction.otherexpenses.Create_otherExpensesTest" name="validateStatusCode" time="0.007"/>
  <testcase classname="com.onsite.transaction.otherexpenses.Create_otherExpensesTest" name="valiadateResponseMessage" time="0.227"/>
  <testcase classname="com.onsite.transaction.otherexpenses.Create_otherExpensesTest" name="validateResponseTime" time="0.034"/>
  <testcase classname="com.onsite.transaction.otherexpenses.Create_otherExpensesTest" name="valiadetResponseSchema" time="0.505"/>
  <testcase classname="com.onsite.transaction.otherexpenses.Create_otherExpensesTest" name="valiadetId" time="0.006"/>
  <testcase classname="com.onsite.transaction.otherexpenses.Create_otherExpensesTest" name="validateProjectId" time="0.011"/>
  <testcase classname="com.onsite.transaction.otherexpenses.Create_otherExpensesTest" name="validatePartyCompanyUserId" time="0.014"/>
  <testcase classname="com.onsite.transaction.otherexpenses.Create_otherExpensesTest" name="validateRemark" time="0.003"/>
  <testcase classname="com.onsite.transaction.otherexpenses.Create_otherExpensesTest" name="validateUnitPrice" time="0.001"/>
  <testcase classname="com.onsite.transaction.otherexpenses.Create_otherExpensesTest" name="validateQuantity" time="0.002"/>
  <testcase classname="com.onsite.transaction.otherexpenses.Create_otherExpensesTest" name="validateEarningAmount" time="0.006"/>
  <testcase classname="com.onsite.transaction.otherexpenses.Create_otherExpensesTest" name="validateOtherAmount" time="0.001"/>
  <testcase classname="com.onsite.transaction.otherexpenses.Create_otherExpensesTest" name="validateDiscount" time="0.011"/>
  <testcase classname="com.onsite.transaction.otherexpenses.Create_otherExpensesTest" name="validateGSTpercent" time="0.002"/>
  <testcase classname="com.onsite.transaction.otherexpenses.Create_otherExpensesTest" name="validateGSTAmount" time="0.007"/>
  <testcase classname="com.onsite.transaction.otherexpenses.Create_otherExpensesTest" name="validateAmount" time="0.005"/>
  <testcase classname="com.onsite.transaction.otherexpenses.Create_otherExpensesTest" name="validatePostTaxDeductionAmount" time="0.006"/>
  <testcase classname="com.onsite.transaction.otherexpenses.Create_otherExpensesTest" name="validateNetAmount" time="0.003"/>
  <testcase classname="com.onsite.transaction.otherexpenses.Create_otherExpensesTest" name="validatePhoto" time="0.002"/>
  <testcase classname="com.onsite.transaction.otherexpenses.Create_otherExpensesTest" name="validateSubCategoryId" time="0.008"/>
  <testcase classname="com.onsite.transaction.otherexpenses.Create_otherExpensesTest" name="validateCategoryId" time="0.008"/>
  <testcase classname="com.onsite.transaction.otherexpenses.Create_otherExpensesTest" name="validatePaymentDate" time="0.002"/>
  <testcase classname="com.onsite.transaction.otherexpenses.Create_otherExpensesTest" name="validateUnitId" time="0.002"/>
  <testcase classname="com.onsite.transaction.otherexpenses.Create_otherExpensesTest" name="validateEarningType" time="0.007"/>
  <testcase classname="com.onsite.transaction.otherexpenses.Create_otherExpensesTest" name="validateDueDays" time="0.003"/>
  <testcase classname="com.onsite.transaction.otherexpenses.Create_otherExpensesTest" name="validateShipToAddressId" time="0.003"/>
  <testcase classname="com.onsite.transaction.otherexpenses.Create_otherExpensesTest" name="validateBillToAddressId" time="0.006"/>
  <testcase classname="com.onsite.transaction.otherexpenses.Create_otherExpensesTest" name="validateShipFromAddressId" time="0.002"/>
  <testcase classname="com.onsite.transaction.otherexpenses.Create_otherExpensesTest" name="validateBillFromAddressId" time="0.008"/>
  <testcase classname="com.onsite.transaction.otherexpenses.Create_otherExpensesTest" name="validateIsGstPercent" time="0.004"/>
  <testcase classname="com.onsite.transaction.otherexpenses.Create_otherExpensesTest" name="validateIsRoundOff" time="0.006"/>
  <testcase classname="com.onsite.transaction.otherexpenses.Create_otherExpensesTest" name="validateVendorBillNumber" time="0.001"/>
  <testcase classname="com.onsite.transaction.otherexpenses.Create_otherExpensesTest" name="validateEquipmentStockId" time="0.002"/>
  <testcase classname="com.onsite.transaction.otherexpenses.Create_otherExpensesTest" name="validateBillingActivityId" time="0.001"/>
  <testcase classname="com.onsite.transaction.otherexpenses.Create_otherExpensesTest" name="validateMonkeyPatchInvoiceId" time="0.247"/>
  <testcase classname="com.onsite.transaction.otherexpenses.Create_otherExpensesTest" name="validateMonkeyPatchInvoiceCompanyId" time="0.154"/>
  <testcase classname="com.onsite.transaction.otherexpenses.Create_otherExpensesTest" name="validateMonkeyPatchInvoiceCreatorCompanyUserId" time="0.317"/>
  <testcase classname="com.onsite.transaction.otherexpenses.Create_otherExpensesTest" name="validateMonkeyPatchInvoicePartyCompanyUserId" time="0.132"/>
  <testcase classname="com.onsite.transaction.otherexpenses.Create_otherExpensesTest" name="validateMonkeyPatchInvoiceProjectId" time="0.111"/>
  <testcase classname="com.onsite.transaction.otherexpenses.Create_otherExpensesTest" name="validateMonkeyPatchInvoiceSubCategoryId" time="0.148"/>
  <testcase classname="com.onsite.transaction.otherexpenses.Create_otherExpensesTest" name="validateMonkeyPatchInvoiceFaturesType" time="0.116"/>
  <testcase classname="com.onsite.transaction.otherexpenses.Create_otherExpensesTest" name="validateMonkeyPatchInvoiceFeatureId" time="0.128"/>
  <testcase classname="com.onsite.transaction.otherexpenses.Create_otherExpensesTest" name="validateMonkeyPatchInvoiceInvoiceType" time="0.107"/>
  <testcase classname="com.onsite.transaction.otherexpenses.Create_otherExpensesTest" name="validateMonkeyPatchInvoiceStatus" time="0.079"/>
  <testcase classname="com.onsite.transaction.otherexpenses.Create_otherExpensesTest" name="validateMonkeyPatchInvoiceTotalPayable" time="0.109"/>
  <testcase classname="com.onsite.transaction.otherexpenses.Create_otherExpensesTest" name="validateMonkeyPatchInvoiceSequence" time="0.092"/>
  <testcase classname="com.onsite.transaction.otherexpenses.Create_otherExpensesTest" name="validateMonkeyPatchInvoiceApproval" time="0.101"/>
</testsuite> <!-- Default test -->
