<?xml version="1.0" encoding="UTF-8"?>
<!-- Generated by org.testng.reporters.JUnitReportReporter -->
<testsuite hostname="DESKTOP-JKM4S1A" failures="0" tests="5" name="com.onsite.transaction.materialPurchase_test.Delete_materialPurchase" time="21.620" errors="0" timestamp="2026-05-05T16:39:18 IST" skipped="0">
  <testcase classname="com.onsite.transaction.materialPurchase_test.Delete_materialPurchase" name="verifyDeleteWithValidId" time="10.535"/>
  <system-out/>
  <testcase classname="com.onsite.transaction.materialPurchase_test.Delete_materialPurchase" name="verifyDeleteWithInvalidId" time="3.402"/>
  <system-out/>
  <testcase classname="com.onsite.transaction.materialPurchase_test.Delete_materialPurchase" name="verifyDeleteWithoutToken" time="0.130"/>
  <system-out/>
  <testcase classname="com.onsite.transaction.materialPurchase_test.Delete_materialPurchase" name="verifyDeleteWithEmptyId" time="2.549"/>
  <system-out/>
  <testcase classname="com.onsite.transaction.materialPurchase_test.Delete_materialPurchase" name="verifyDeleteWithAlreadyDeletedId" time="5.004"/>
  <system-out/>
</testsuite> <!-- com.onsite.transaction.materialPurchase_test.Delete_materialPurchase -->
