<?xml version="1.0" encoding="UTF-8"?>
<!-- Generated by org.testng.reporters.JUnitReportReporter -->
<testsuite hostname="DESKTOP-JKM4S1A" failures="0" tests="2" name="com.onsite.project_test_page.ProjectEditStatusTest" time="1.728" errors="0" timestamp="2025-09-19T14:32:09 IST" skipped="0">
  <testcase classname="com.onsite.project_test_page.ProjectEditStatusTest" name="editStatusProject" time="0.602"/>
  <system-out/>
  <testcase classname="com.onsite.project_test_page.ProjectEditStatusTest" name="getProjectStatus" time="1.126"/>
  <system-out/>
</testsuite> <!-- com.onsite.project_test_page.ProjectEditStatusTest -->
