<?xml version="1.0" encoding="UTF-8"?>
<!-- Generated by org.testng.reporters.JUnitReportReporter -->
<testsuite hostname="DESKTOP-JKM4S1A" failures="0" tests="48" name="com.onsite.transaction.otherexpenses.Edit_otherExpenseTest" time="11.190" errors="0" timestamp="2026-05-29T15:48:07 IST" skipped="0">
  <testcase classname="com.onsite.transaction.otherexpenses.Edit_otherExpenseTest" name="createOtherExpense" time="9.301"/>
  <system-out/>
  <testcase classname="com.onsite.transaction.otherexpenses.Edit_otherExpenseTest" name="validateStatusCode" time="0.003"/>
  <system-out/>
  <testcase classname="com.onsite.transaction.otherexpenses.Edit_otherExpenseTest" name="valiadateResponseMessage" time="0.187"/>
  <system-out/>
  <testcase classname="com.onsite.transaction.otherexpenses.Edit_otherExpenseTest" name="validateResponseTime" time="0.010"/>
  <system-out/>
  <testcase classname="com.onsite.transaction.otherexpenses.Edit_otherExpenseTest" name="valiadetResponseSchema" time="0.460"/>
  <system-out/>
  <testcase classname="com.onsite.transaction.otherexpenses.Edit_otherExpenseTest" name="valiadetId" time="0.003"/>
  <system-out/>
  <testcase classname="com.onsite.transaction.otherexpenses.Edit_otherExpenseTest" name="validateProjectId" time="0.008"/>
  <system-out/>
  <testcase classname="com.onsite.transaction.otherexpenses.Edit_otherExpenseTest" name="validatePartyCompanyUserId" time="0.003"/>
  <system-out/>
  <testcase classname="com.onsite.transaction.otherexpenses.Edit_otherExpenseTest" name="validateRemark" time="0.006"/>
  <system-out/>
  <testcase classname="com.onsite.transaction.otherexpenses.Edit_otherExpenseTest" name="validateUnitPrice" time="0.009"/>
  <system-out/>
  <testcase classname="com.onsite.transaction.otherexpenses.Edit_otherExpenseTest" name="validateQuantity" time="0.004"/>
  <system-out/>
  <testcase classname="com.onsite.transaction.otherexpenses.Edit_otherExpenseTest" name="validateEarningAmount" time="0.003"/>
  <system-out/>
  <testcase classname="com.onsite.transaction.otherexpenses.Edit_otherExpenseTest" name="validateOtherAmount" time="0.002"/>
  <system-out/>
  <testcase classname="com.onsite.transaction.otherexpenses.Edit_otherExpenseTest" name="validateDiscount" time="0.004"/>
  <system-out/>
  <testcase classname="com.onsite.transaction.otherexpenses.Edit_otherExpenseTest" name="validateGSTpercent" time="0.003"/>
  <system-out/>
  <testcase classname="com.onsite.transaction.otherexpenses.Edit_otherExpenseTest" name="validateGSTAmount" time="0.002"/>
  <system-out/>
  <testcase classname="com.onsite.transaction.otherexpenses.Edit_otherExpenseTest" name="validateAmount" time="0.003"/>
  <system-out/>
  <testcase classname="com.onsite.transaction.otherexpenses.Edit_otherExpenseTest" name="validatePostTaxDeductionAmount" time="0.001"/>
  <system-out/>
  <testcase classname="com.onsite.transaction.otherexpenses.Edit_otherExpenseTest" name="validateNetAmount" time="0.007"/>
  <system-out/>
  <testcase classname="com.onsite.transaction.otherexpenses.Edit_otherExpenseTest" name="validatePhoto" time="0.001"/>
  <system-out/>
  <testcase classname="com.onsite.transaction.otherexpenses.Edit_otherExpenseTest" name="validateSubCategoryId" time="0.002"/>
  <system-out/>
  <testcase classname="com.onsite.transaction.otherexpenses.Edit_otherExpenseTest" name="validateCategoryId" time="0.004"/>
  <system-out/>
  <testcase classname="com.onsite.transaction.otherexpenses.Edit_otherExpenseTest" name="validatePaymentDate" time="0.001"/>
  <system-out/>
  <testcase classname="com.onsite.transaction.otherexpenses.Edit_otherExpenseTest" name="validateUnitId" time="0.002"/>
  <system-out/>
  <testcase classname="com.onsite.transaction.otherexpenses.Edit_otherExpenseTest" name="validateEarningType" time="0.002"/>
  <system-out/>
  <testcase classname="com.onsite.transaction.otherexpenses.Edit_otherExpenseTest" name="validateDueDays" time="0.002"/>
  <system-out/>
  <testcase classname="com.onsite.transaction.otherexpenses.Edit_otherExpenseTest" name="validateShipToAddressId" time="0.002"/>
  <system-out/>
  <testcase classname="com.onsite.transaction.otherexpenses.Edit_otherExpenseTest" name="validateBillToAddressId" time="0.002"/>
  <system-out/>
  <testcase classname="com.onsite.transaction.otherexpenses.Edit_otherExpenseTest" name="validateShipFromAddressId" time="0.001"/>
  <system-out/>
  <testcase classname="com.onsite.transaction.otherexpenses.Edit_otherExpenseTest" name="validateBillFromAddressId" time="0.001"/>
  <system-out/>
  <testcase classname="com.onsite.transaction.otherexpenses.Edit_otherExpenseTest" name="validateIsGstPercent" time="0.002"/>
  <system-out/>
  <testcase classname="com.onsite.transaction.otherexpenses.Edit_otherExpenseTest" name="validateIsRoundOff" time="0.004"/>
  <system-out/>
  <testcase classname="com.onsite.transaction.otherexpenses.Edit_otherExpenseTest" name="validateVendorBillNumber" time="0.002"/>
  <system-out/>
  <testcase classname="com.onsite.transaction.otherexpenses.Edit_otherExpenseTest" name="validateEquipmentStockId" time="0.002"/>
  <system-out/>
  <testcase classname="com.onsite.transaction.otherexpenses.Edit_otherExpenseTest" name="validateBillingActivityId" time="0.001"/>
  <system-out/>
  <testcase classname="com.onsite.transaction.otherexpenses.Edit_otherExpenseTest" name="validateMonkeyPatchInvoiceId" time="0.150"/>
  <system-out/>
  <testcase classname="com.onsite.transaction.otherexpenses.Edit_otherExpenseTest" name="validateMonkeyPatchInvoiceCompanyId" time="0.095"/>
  <system-out/>
  <testcase classname="com.onsite.transaction.otherexpenses.Edit_otherExpenseTest" name="validateMonkeyPatchInvoiceCreatorCompanyUserId" time="0.090"/>
  <system-out/>
  <testcase classname="com.onsite.transaction.otherexpenses.Edit_otherExpenseTest" name="validateMonkeyPatchInvoicePartyCompanyUserId" time="0.065"/>
  <system-out/>
  <testcase classname="com.onsite.transaction.otherexpenses.Edit_otherExpenseTest" name="validateMonkeyPatchInvoiceProjectId" time="0.082"/>
  <system-out/>
  <testcase classname="com.onsite.transaction.otherexpenses.Edit_otherExpenseTest" name="validateMonkeyPatchInvoiceSubCategoryId" time="0.090"/>
  <system-out/>
  <testcase classname="com.onsite.transaction.otherexpenses.Edit_otherExpenseTest" name="validateMonkeyPatchInvoiceFaturesType" time="0.081"/>
  <system-out/>
  <testcase classname="com.onsite.transaction.otherexpenses.Edit_otherExpenseTest" name="validateMonkeyPatchInvoiceFeatureId" time="0.076"/>
  <system-out/>
  <testcase classname="com.onsite.transaction.otherexpenses.Edit_otherExpenseTest" name="validateMonkeyPatchInvoiceInvoiceType" time="0.086"/>
  <system-out/>
  <testcase classname="com.onsite.transaction.otherexpenses.Edit_otherExpenseTest" name="validateMonkeyPatchInvoiceStatus" time="0.078"/>
  <system-out/>
  <testcase classname="com.onsite.transaction.otherexpenses.Edit_otherExpenseTest" name="validateMonkeyPatchInvoiceTotalPayable" time="0.086"/>
  <system-out/>
  <testcase classname="com.onsite.transaction.otherexpenses.Edit_otherExpenseTest" name="validateMonkeyPatchInvoiceSequence" time="0.080"/>
  <system-out/>
  <testcase classname="com.onsite.transaction.otherexpenses.Edit_otherExpenseTest" name="validateMonkeyPatchInvoiceApproval" time="0.081"/>
  <system-out/>
</testsuite> <!-- com.onsite.transaction.otherexpenses.Edit_otherExpenseTest -->
