<?xml version="1.0" encoding="UTF-8"?>
<!-- Generated by org.testng.reporters.JUnitReportReporter -->
<testsuite hostname="DESKTOP-JKM4S1A" failures="0" tests="1" name="com.onsite.payroll_test_page.ListPayrollExcludeProject" time="45.833" errors="0" timestamp="2025-12-04T16:21:20 IST" skipped="0">
  <testcase classname="com.onsite.payroll_test_page.ListPayrollExcludeProject" name="listPayrollExcludeProject" time="45.833"/>
  <system-out/>
</testsuite> <!-- com.onsite.payroll_test_page.ListPayrollExcludeProject -->
