<?xml version="1.0" encoding="UTF-8"?>
<!-- Generated by org.testng.reporters.JUnitReportReporter -->
<testsuite hostname="DESKTOP-JKM4S1A" failures="4" tests="35" name="com.onsite.transaction.otherexpenses.Create_otherExpensesTest" time="15.735" errors="0" timestamp="2026-05-22T17:05:53 IST" skipped="0">
  <testcase classname="com.onsite.transaction.otherexpenses.Create_otherExpensesTest" name="createOtherExpense" time="13.191"/>
  <system-out/>
  <testcase classname="com.onsite.transaction.otherexpenses.Create_otherExpensesTest" name="validateStatusCode" time="0.007"/>
  <system-out/>
  <testcase classname="com.onsite.transaction.otherexpenses.Create_otherExpensesTest" name="valiadateResponseMessage" time="0.228"/>
  <system-out/>
  <testcase classname="com.onsite.transaction.otherexpenses.Create_otherExpensesTest" name="validateResponseTime" time="0.018">
    <failure message="response time is too long :2171" type="java.lang.AssertionError">
      <![CDATA[java.lang.AssertionError: response time is too long :2171
at org.testng.Assert.fail(Assert.java:99)
at com.onsite.transaction.otherexpenses.Create_otherExpensesTest.validateResponseTime(Create_otherExpensesTest.java:123)
at java.base/jdk.internal.reflect.DirectMethodHandleAccessor.invoke(DirectMethodHandleAccessor.java:103)
at java.base/java.lang.reflect.Method.invoke(Method.java:580)
at org.testng.internal.MethodInvocationHelper.invokeMethod(MethodInvocationHelper.java:133)
at org.testng.internal.TestInvoker.invokeMethod(TestInvoker.java:598)
at org.testng.internal.TestInvoker.invokeTestMethod(TestInvoker.java:173)
at org.testng.internal.MethodRunner.runInSequence(MethodRunner.java:46)
at org.testng.internal.TestInvoker$MethodInvocationAgent.invoke(TestInvoker.java:824)
at org.testng.internal.TestInvoker.invokeTestMethods(TestInvoker.java:146)
at org.testng.internal.TestMethodWorker.invokeTestMethods(TestMethodWorker.java:146)
at org.testng.internal.TestMethodWorker.run(TestMethodWorker.java:128)
at java.base/java.util.ArrayList.forEach(ArrayList.java:1596)
at org.testng.TestRunner.privateRun(TestRunner.java:794)
at org.testng.TestRunner.run(TestRunner.java:596)
at org.testng.SuiteRunner.runTest(SuiteRunner.java:377)
at org.testng.SuiteRunner.runSequentially(SuiteRunner.java:371)
at org.testng.SuiteRunner.privateRun(SuiteRunner.java:332)
at org.testng.SuiteRunner.run(SuiteRunner.java:276)
at org.testng.SuiteRunnerWorker.runSuite(SuiteRunnerWorker.java:53)
at org.testng.SuiteRunnerWorker.run(SuiteRunnerWorker.java:96)
at org.testng.TestNG.runSuitesSequentially(TestNG.java:1212)
at org.testng.TestNG.runSuitesLocally(TestNG.java:1134)
at org.testng.TestNG.runSuites(TestNG.java:1063)
at org.testng.TestNG.run(TestNG.java:1031)
at org.testng.remote.AbstractRemoteTestNG.run(AbstractRemoteTestNG.java:115)
at org.testng.remote.RemoteTestNG.initAndRun(RemoteTestNG.java:293)
at org.testng.remote.RemoteTestNG.main(RemoteTestNG.java:91)
]]>
    </failure>
  </testcase> <!-- validateResponseTime -->
  <system-out/>
  <testcase classname="com.onsite.transaction.otherexpenses.Create_otherExpensesTest" name="valiadetResponseSchema" time="1.883"/>
  <system-out/>
  <testcase classname="com.onsite.transaction.otherexpenses.Create_otherExpensesTest" name="valiadetId" time="0.009"/>
  <system-out/>
  <testcase classname="com.onsite.transaction.otherexpenses.Create_otherExpensesTest" name="validateProjectId" time="0.009"/>
  <system-out/>
  <testcase classname="com.onsite.transaction.otherexpenses.Create_otherExpensesTest" name="validatePartyCompanyUserId" time="0.006">
    <failure message="party_company_user_id is null or empty and :null: match with :92478da4-a1ea-44b7-b0ab-a3e9534b7240" type="java.lang.AssertionError">
      <![CDATA[java.lang.AssertionError: party_company_user_id is null or empty and :null: match with :92478da4-a1ea-44b7-b0ab-a3e9534b7240
at org.testng.Assert.fail(Assert.java:99)
at com.onsite.transaction.otherexpenses.Create_otherExpensesTest.validatePartyCompanyUserId(Create_otherExpensesTest.java:168)
at java.base/jdk.internal.reflect.DirectMethodHandleAccessor.invoke(DirectMethodHandleAccessor.java:103)
at java.base/java.lang.reflect.Method.invoke(Method.java:580)
at org.testng.internal.MethodInvocationHelper.invokeMethod(MethodInvocationHelper.java:133)
at org.testng.internal.TestInvoker.invokeMethod(TestInvoker.java:598)
at org.testng.internal.TestInvoker.invokeTestMethod(TestInvoker.java:173)
at org.testng.internal.MethodRunner.runInSequence(MethodRunner.java:46)
at org.testng.internal.TestInvoker$MethodInvocationAgent.invoke(TestInvoker.java:824)
at org.testng.internal.TestInvoker.invokeTestMethods(TestInvoker.java:146)
at org.testng.internal.TestMethodWorker.invokeTestMethods(TestMethodWorker.java:146)
at org.testng.internal.TestMethodWorker.run(TestMethodWorker.java:128)
at java.base/java.util.ArrayList.forEach(ArrayList.java:1596)
at org.testng.TestRunner.privateRun(TestRunner.java:794)
at org.testng.TestRunner.run(TestRunner.java:596)
at org.testng.SuiteRunner.runTest(SuiteRunner.java:377)
at org.testng.SuiteRunner.runSequentially(SuiteRunner.java:371)
at org.testng.SuiteRunner.privateRun(SuiteRunner.java:332)
at org.testng.SuiteRunner.run(SuiteRunner.java:276)
at org.testng.SuiteRunnerWorker.runSuite(SuiteRunnerWorker.java:53)
at org.testng.SuiteRunnerWorker.run(SuiteRunnerWorker.java:96)
at org.testng.TestNG.runSuitesSequentially(TestNG.java:1212)
at org.testng.TestNG.runSuitesLocally(TestNG.java:1134)
at org.testng.TestNG.runSuites(TestNG.java:1063)
at org.testng.TestNG.run(TestNG.java:1031)
at org.testng.remote.AbstractRemoteTestNG.run(AbstractRemoteTestNG.java:115)
at org.testng.remote.RemoteTestNG.initAndRun(RemoteTestNG.java:293)
at org.testng.remote.RemoteTestNG.main(RemoteTestNG.java:91)
]]>
    </failure>
  </testcase> <!-- validatePartyCompanyUserId -->
  <system-out/>
  <testcase classname="com.onsite.transaction.otherexpenses.Create_otherExpensesTest" name="validateRemark" time="0.003"/>
  <system-out/>
  <testcase classname="com.onsite.transaction.otherexpenses.Create_otherExpensesTest" name="validateUnitPrice" time="0.002"/>
  <system-out/>
  <testcase classname="com.onsite.transaction.otherexpenses.Create_otherExpensesTest" name="validateQuantity" time="0.002"/>
  <system-out/>
  <testcase classname="com.onsite.transaction.otherexpenses.Create_otherExpensesTest" name="validateEarningAmount" time="0.002"/>
  <system-out/>
  <testcase classname="com.onsite.transaction.otherexpenses.Create_otherExpensesTest" name="validateOtherAmount" time="0.070"/>
  <system-out/>
  <testcase classname="com.onsite.transaction.otherexpenses.Create_otherExpensesTest" name="validateDiscount" time="0.006"/>
  <system-out/>
  <testcase classname="com.onsite.transaction.otherexpenses.Create_otherExpensesTest" name="validateGSTpercent" time="0.002"/>
  <system-out/>
  <testcase classname="com.onsite.transaction.otherexpenses.Create_otherExpensesTest" name="validateGSTAmount" time="0.013"/>
  <system-out/>
  <testcase classname="com.onsite.transaction.otherexpenses.Create_otherExpensesTest" name="validateAmount" time="0.003"/>
  <system-out/>
  <testcase classname="com.onsite.transaction.otherexpenses.Create_otherExpensesTest" name="validatePostTaxDeductionAmount" time="0.002">
    <failure message="resPostTaxDeductionAmount :0.0: is not match with reqPostTaxDeductionAmount :30.0" type="java.lang.AssertionError">
      <![CDATA[java.lang.AssertionError: resPostTaxDeductionAmount :0.0: is not match with reqPostTaxDeductionAmount :30.0
at org.testng.Assert.fail(Assert.java:99)
at com.onsite.transaction.otherexpenses.Create_otherExpensesTest.validatePostTaxDeductionAmount(Create_otherExpensesTest.java:347)
at java.base/jdk.internal.reflect.DirectMethodHandleAccessor.invoke(DirectMethodHandleAccessor.java:103)
at java.base/java.lang.reflect.Method.invoke(Method.java:580)
at org.testng.internal.MethodInvocationHelper.invokeMethod(MethodInvocationHelper.java:133)
at org.testng.internal.TestInvoker.invokeMethod(TestInvoker.java:598)
at org.testng.internal.TestInvoker.invokeTestMethod(TestInvoker.java:173)
at org.testng.internal.MethodRunner.runInSequence(MethodRunner.java:46)
at org.testng.internal.TestInvoker$MethodInvocationAgent.invoke(TestInvoker.java:824)
at org.testng.internal.TestInvoker.invokeTestMethods(TestInvoker.java:146)
at org.testng.internal.TestMethodWorker.invokeTestMethods(TestMethodWorker.java:146)
at org.testng.internal.TestMethodWorker.run(TestMethodWorker.java:128)
at java.base/java.util.ArrayList.forEach(ArrayList.java:1596)
at org.testng.TestRunner.privateRun(TestRunner.java:794)
at org.testng.TestRunner.run(TestRunner.java:596)
at org.testng.SuiteRunner.runTest(SuiteRunner.java:377)
at org.testng.SuiteRunner.runSequentially(SuiteRunner.java:371)
at org.testng.SuiteRunner.privateRun(SuiteRunner.java:332)
at org.testng.SuiteRunner.run(SuiteRunner.java:276)
at org.testng.SuiteRunnerWorker.runSuite(SuiteRunnerWorker.java:53)
at org.testng.SuiteRunnerWorker.run(SuiteRunnerWorker.java:96)
at org.testng.TestNG.runSuitesSequentially(TestNG.java:1212)
at org.testng.TestNG.runSuitesLocally(TestNG.java:1134)
at org.testng.TestNG.runSuites(TestNG.java:1063)
at org.testng.TestNG.run(TestNG.java:1031)
at org.testng.remote.AbstractRemoteTestNG.run(AbstractRemoteTestNG.java:115)
at org.testng.remote.RemoteTestNG.initAndRun(RemoteTestNG.java:293)
at org.testng.remote.RemoteTestNG.main(RemoteTestNG.java:91)
]]>
    </failure>
  </testcase> <!-- validatePostTaxDeductionAmount -->
  <system-out/>
  <testcase classname="com.onsite.transaction.otherexpenses.Create_otherExpensesTest" name="validateNetAmount" time="0.002">
    <failure message="resNetAmount &amp; reqNetAmount is null or empty and : resNetAmount :1191.8: not match with reqNetAmount :1161.8" type="java.lang.AssertionError">
      <![CDATA[java.lang.AssertionError: resNetAmount & reqNetAmount is null or empty and : resNetAmount :1191.8: not match with reqNetAmount :1161.8
at org.testng.Assert.fail(Assert.java:99)
at com.onsite.transaction.otherexpenses.Create_otherExpensesTest.validateNetAmount(Create_otherExpensesTest.java:377)
at java.base/jdk.internal.reflect.DirectMethodHandleAccessor.invoke(DirectMethodHandleAccessor.java:103)
at java.base/java.lang.reflect.Method.invoke(Method.java:580)
at org.testng.internal.MethodInvocationHelper.invokeMethod(MethodInvocationHelper.java:133)
at org.testng.internal.TestInvoker.invokeMethod(TestInvoker.java:598)
at org.testng.internal.TestInvoker.invokeTestMethod(TestInvoker.java:173)
at org.testng.internal.MethodRunner.runInSequence(MethodRunner.java:46)
at org.testng.internal.TestInvoker$MethodInvocationAgent.invoke(TestInvoker.java:824)
at org.testng.internal.TestInvoker.invokeTestMethods(TestInvoker.java:146)
at org.testng.internal.TestMethodWorker.invokeTestMethods(TestMethodWorker.java:146)
at org.testng.internal.TestMethodWorker.run(TestMethodWorker.java:128)
at java.base/java.util.ArrayList.forEach(ArrayList.java:1596)
at org.testng.TestRunner.privateRun(TestRunner.java:794)
at org.testng.TestRunner.run(TestRunner.java:596)
at org.testng.SuiteRunner.runTest(SuiteRunner.java:377)
at org.testng.SuiteRunner.runSequentially(SuiteRunner.java:371)
at org.testng.SuiteRunner.privateRun(SuiteRunner.java:332)
at org.testng.SuiteRunner.run(SuiteRunner.java:276)
at org.testng.SuiteRunnerWorker.runSuite(SuiteRunnerWorker.java:53)
at org.testng.SuiteRunnerWorker.run(SuiteRunnerWorker.java:96)
at org.testng.TestNG.runSuitesSequentially(TestNG.java:1212)
at org.testng.TestNG.runSuitesLocally(TestNG.java:1134)
at org.testng.TestNG.runSuites(TestNG.java:1063)
at org.testng.TestNG.run(TestNG.java:1031)
at org.testng.remote.AbstractRemoteTestNG.run(AbstractRemoteTestNG.java:115)
at org.testng.remote.RemoteTestNG.initAndRun(RemoteTestNG.java:293)
at org.testng.remote.RemoteTestNG.main(RemoteTestNG.java:91)
]]>
    </failure>
  </testcase> <!-- validateNetAmount -->
  <system-out/>
  <testcase classname="com.onsite.transaction.otherexpenses.Create_otherExpensesTest" name="validatePhoto" time="0.002"/>
  <system-out/>
  <testcase classname="com.onsite.transaction.otherexpenses.Create_otherExpensesTest" name="validateSubCategoryId" time="0.003"/>
  <system-out/>
  <testcase classname="com.onsite.transaction.otherexpenses.Create_otherExpensesTest" name="validateCategoryId" time="0.003"/>
  <system-out/>
  <testcase classname="com.onsite.transaction.otherexpenses.Create_otherExpensesTest" name="validatePaymentDate" time="0.005"/>
  <system-out/>
  <testcase classname="com.onsite.transaction.otherexpenses.Create_otherExpensesTest" name="validateUnitId" time="0.002"/>
  <system-out/>
  <testcase classname="com.onsite.transaction.otherexpenses.Create_otherExpensesTest" name="validateDueDays" time="0.009"/>
  <system-out/>
  <testcase classname="com.onsite.transaction.otherexpenses.Create_otherExpensesTest" name="validateEarningType" time="0.015"/>
  <system-out/>
  <testcase classname="com.onsite.transaction.otherexpenses.Create_otherExpensesTest" name="validateShipToAddressId" time="0.027"/>
  <system-out/>
  <testcase classname="com.onsite.transaction.otherexpenses.Create_otherExpensesTest" name="validateBillToAddressId" time="0.147"/>
  <system-out/>
  <testcase classname="com.onsite.transaction.otherexpenses.Create_otherExpensesTest" name="validateShipFromAddressId" time="0.008"/>
  <system-out/>
  <testcase classname="com.onsite.transaction.otherexpenses.Create_otherExpensesTest" name="validateBillFromAddressId" time="0.008"/>
  <system-out/>
  <testcase classname="com.onsite.transaction.otherexpenses.Create_otherExpensesTest" name="validateIsGstPercent" time="0.026"/>
  <system-out/>
  <testcase classname="com.onsite.transaction.otherexpenses.Create_otherExpensesTest" name="validateIsRoundOff" time="0.004"/>
  <system-out/>
  <testcase classname="com.onsite.transaction.otherexpenses.Create_otherExpensesTest" name="validateVendorBillNumber" time="0.014"/>
  <system-out/>
  <testcase classname="com.onsite.transaction.otherexpenses.Create_otherExpensesTest" name="validateEquipmentStockId" time="0.002"/>
  <system-out/>
  <testcase classname="com.onsite.transaction.otherexpenses.Create_otherExpensesTest" name="validateBillingActivityId" time="0.002"/>
  <system-out/>
</testsuite> <!-- com.onsite.transaction.otherexpenses.Create_otherExpensesTest -->
