<?xml version="1.0" encoding="UTF-8"?>
<!-- Generated by org.testng.reporters.JUnitReportReporter -->
<testsuite hostname="DESKTOP-JKM4S1A" failures="0" tests="1" name="com.onsite.payroll_test_page.ListCompanyUserforPayroll" time="10.251" errors="0" timestamp="2025-11-21T18:26:44 IST" skipped="0">
  <testcase classname="com.onsite.payroll_test_page.ListCompanyUserforPayroll" name="payrollList" time="10.251"/>
  <system-out/>
</testsuite> <!-- com.onsite.payroll_test_page.ListCompanyUserforPayroll -->
