<?xml version="1.0" encoding="UTF-8"?>
<!-- Generated by org.testng.reporters.JUnitReportReporter -->
<testsuite hostname="DESKTOP-JKM4S1A" failures="0" tests="2" name="com.onsite.payroll_test_page.Add_Payroll_Test" time="0.000" errors="0" timestamp="2025-12-17T11:31:11 IST" skipped="2">
  <testcase classname="com.onsite.payroll_test_page.Add_Payroll_Test" name="createPayroll" time="0.000">
    <skipped/>
  </testcase> <!-- createPayroll -->
  <system-out/>
  <testcase classname="com.onsite.payroll_test_page.Add_Payroll_Test" name="detailPayroll" time="0.000">
    <skipped/>
  </testcase> <!-- detailPayroll -->
  <system-out/>
</testsuite> <!-- com.onsite.payroll_test_page.Add_Payroll_Test -->
