<?xml version="1.0" encoding="UTF-8"?>
<!-- Generated by org.testng.reporters.JUnitReportReporter -->
<testsuite hostname="DESKTOP-JKM4S1A" failures="0" tests="49" name="com.onsite.transaction.otherexpenses.Details_otherExpensesTest" time="5.268" errors="0" timestamp="2026-06-04T11:49:13 IST" skipped="0">
  <testcase classname="com.onsite.transaction.otherexpenses.Details_otherExpensesTest" name="detailsOtherExpenses" time="1.264"/>
  <system-out/>
  <testcase classname="com.onsite.transaction.otherexpenses.Details_otherExpensesTest" name="validateStatusCode" time="0.008"/>
  <system-out/>
  <testcase classname="com.onsite.transaction.otherexpenses.Details_otherExpensesTest" name="storeEditData" time="0.162"/>
  <system-out/>
  <testcase classname="com.onsite.transaction.otherexpenses.Details_otherExpensesTest" name="validateMessage" time="0.079"/>
  <system-out/>
  <testcase classname="com.onsite.transaction.otherexpenses.Details_otherExpensesTest" name="validateResponseTime" time="0.023"/>
  <system-out/>
  <testcase classname="com.onsite.transaction.otherexpenses.Details_otherExpensesTest" name="valiadetResponseSchema" time="0.142"/>
  <system-out/>
  <testcase classname="com.onsite.transaction.otherexpenses.Details_otherExpensesTest" name="valiadetId" time="0.049"/>
  <system-out/>
  <testcase classname="com.onsite.transaction.otherexpenses.Details_otherExpensesTest" name="validateProjectId" time="0.057"/>
  <system-out/>
  <testcase classname="com.onsite.transaction.otherexpenses.Details_otherExpensesTest" name="validatePartyCompanyUserId" time="0.047"/>
  <system-out/>
  <testcase classname="com.onsite.transaction.otherexpenses.Details_otherExpensesTest" name="validateRemark" time="0.047"/>
  <system-out/>
  <testcase classname="com.onsite.transaction.otherexpenses.Details_otherExpensesTest" name="validateUnitPrice" time="0.072"/>
  <system-out/>
  <testcase classname="com.onsite.transaction.otherexpenses.Details_otherExpensesTest" name="validateQuantity" time="0.084"/>
  <system-out/>
  <testcase classname="com.onsite.transaction.otherexpenses.Details_otherExpensesTest" name="validateEarningAmount" time="0.180"/>
  <system-out/>
  <testcase classname="com.onsite.transaction.otherexpenses.Details_otherExpensesTest" name="validateOtherAmount" time="0.058"/>
  <system-out/>
  <testcase classname="com.onsite.transaction.otherexpenses.Details_otherExpensesTest" name="validateDiscount" time="0.098"/>
  <system-out/>
  <testcase classname="com.onsite.transaction.otherexpenses.Details_otherExpensesTest" name="validateGSTpercent" time="0.089"/>
  <system-out/>
  <testcase classname="com.onsite.transaction.otherexpenses.Details_otherExpensesTest" name="validateGSTAmount" time="0.307"/>
  <system-out/>
  <testcase classname="com.onsite.transaction.otherexpenses.Details_otherExpensesTest" name="validateAmount" time="0.295"/>
  <system-out/>
  <testcase classname="com.onsite.transaction.otherexpenses.Details_otherExpensesTest" name="validatePostTaxDeductionAmount" time="0.057"/>
  <system-out/>
  <testcase classname="com.onsite.transaction.otherexpenses.Details_otherExpensesTest" name="validateNetAmount" time="0.173"/>
  <system-out/>
  <testcase classname="com.onsite.transaction.otherexpenses.Details_otherExpensesTest" name="validatePhoto" time="0.055"/>
  <system-out/>
  <testcase classname="com.onsite.transaction.otherexpenses.Details_otherExpensesTest" name="validateSubCategoryId" time="0.054"/>
  <system-out/>
  <testcase classname="com.onsite.transaction.otherexpenses.Details_otherExpensesTest" name="validateCategoryId" time="0.053"/>
  <system-out/>
  <testcase classname="com.onsite.transaction.otherexpenses.Details_otherExpensesTest" name="validatePaymentDate" time="0.108"/>
  <system-out/>
  <testcase classname="com.onsite.transaction.otherexpenses.Details_otherExpensesTest" name="validateUnitId" time="0.084"/>
  <system-out/>
  <testcase classname="com.onsite.transaction.otherexpenses.Details_otherExpensesTest" name="validateEarningType" time="0.081"/>
  <system-out/>
  <testcase classname="com.onsite.transaction.otherexpenses.Details_otherExpensesTest" name="validateDueDays" time="0.077"/>
  <system-out/>
  <testcase classname="com.onsite.transaction.otherexpenses.Details_otherExpensesTest" name="validateShipToAddressId" time="0.059"/>
  <system-out/>
  <testcase classname="com.onsite.transaction.otherexpenses.Details_otherExpensesTest" name="validateBillToAddressId" time="0.070"/>
  <system-out/>
  <testcase classname="com.onsite.transaction.otherexpenses.Details_otherExpensesTest" name="validateShipFromAddressId" time="0.065"/>
  <system-out/>
  <testcase classname="com.onsite.transaction.otherexpenses.Details_otherExpensesTest" name="validateBillFromAddressId" time="0.059"/>
  <system-out/>
  <testcase classname="com.onsite.transaction.otherexpenses.Details_otherExpensesTest" name="validateIsGstPercent" time="0.053"/>
  <system-out/>
  <testcase classname="com.onsite.transaction.otherexpenses.Details_otherExpensesTest" name="validateIsRoundOff" time="0.069"/>
  <system-out/>
  <testcase classname="com.onsite.transaction.otherexpenses.Details_otherExpensesTest" name="validateVendorBillNumber" time="0.077"/>
  <system-out/>
  <testcase classname="com.onsite.transaction.otherexpenses.Details_otherExpensesTest" name="validateEquipmentStockId" time="0.074"/>
  <system-out/>
  <testcase classname="com.onsite.transaction.otherexpenses.Details_otherExpensesTest" name="validateBillingActivityId" time="0.042"/>
  <system-out/>
  <testcase classname="com.onsite.transaction.otherexpenses.Details_otherExpensesTest" name="validateMonkeyPatchInvoiceId" time="0.050"/>
  <system-out/>
  <testcase classname="com.onsite.transaction.otherexpenses.Details_otherExpensesTest" name="validateMonkeyPatchInvoiceCompanyId" time="0.134"/>
  <system-out/>
  <testcase classname="com.onsite.transaction.otherexpenses.Details_otherExpensesTest" name="validateMonkeyPatchInvoiceCreatorCompanyUserId" time="0.065"/>
  <system-out/>
  <testcase classname="com.onsite.transaction.otherexpenses.Details_otherExpensesTest" name="validateMonkeyPatchInvoicePartyCompanyUserId" time="0.068"/>
  <system-out/>
  <testcase classname="com.onsite.transaction.otherexpenses.Details_otherExpensesTest" name="validateMonkeyPatchInvoiceProjectId" time="0.100"/>
  <system-out/>
  <testcase classname="com.onsite.transaction.otherexpenses.Details_otherExpensesTest" name="validateMonkeyPatchInvoiceSubCategoryId" time="0.103"/>
  <system-out/>
  <testcase classname="com.onsite.transaction.otherexpenses.Details_otherExpensesTest" name="validateMonkeyPatchInvoiceFaturesType" time="0.069"/>
  <system-out/>
  <testcase classname="com.onsite.transaction.otherexpenses.Details_otherExpensesTest" name="validateMonkeyPatchInvoiceFeatureId" time="0.055"/>
  <system-out/>
  <testcase classname="com.onsite.transaction.otherexpenses.Details_otherExpensesTest" name="validateMonkeyPatchInvoiceInvoiceType" time="0.052"/>
  <system-out/>
  <testcase classname="com.onsite.transaction.otherexpenses.Details_otherExpensesTest" name="validateMonkeyPatchInvoiceStatus" time="0.052"/>
  <system-out/>
  <testcase classname="com.onsite.transaction.otherexpenses.Details_otherExpensesTest" name="validateMonkeyPatchInvoiceTotalPayable" time="0.051"/>
  <system-out/>
  <testcase classname="com.onsite.transaction.otherexpenses.Details_otherExpensesTest" name="validateMonkeyPatchInvoiceSequence" time="0.044"/>
  <system-out/>
  <testcase classname="com.onsite.transaction.otherexpenses.Details_otherExpensesTest" name="validateMonkeyPatchInvoiceApproval" time="0.054"/>
  <system-out/>
</testsuite> <!-- com.onsite.transaction.otherexpenses.Details_otherExpensesTest -->
