<?xml version="1.0" encoding="UTF-8"?>
<!-- Generated by org.testng.reporters.JUnitReportReporter -->
<testsuite hostname="DESKTOP-JKM4S1A" failures="0" tests="1" name="com.onsite.deduction_test.Add_Deduction_test" time="0.000" errors="0" timestamp="2026-04-02T18:02:42 IST" skipped="1">
  <testcase classname="com.onsite.deduction_test.Add_Deduction_test" name="addDeductionItem" time="0.000">
    <skipped/>
  </testcase> <!-- addDeductionItem -->
  <system-out/>
</testsuite> <!-- com.onsite.deduction_test.Add_Deduction_test -->
