<?xml version="1.0" encoding="UTF-8"?>
<!-- Generated by org.testng.reporters.JUnitReportReporter -->
<testsuite hostname="DESKTOP-JKM4S1A" failures="0" tests="4" name="com.onsite.payroll_test_page.Payroll_Count_Test" time="1.404" errors="0" timestamp="2025-12-08T17:08:42 IST" skipped="0">
  <testcase classname="com.onsite.payroll_test_page.Payroll_Count_Test" name="labour_ActiveCount" time="0.452"/>
  <system-out/>
  <testcase classname="com.onsite.payroll_test_page.Payroll_Count_Test" name="labour_InactiveCount" time="0.312"/>
  <system-out/>
  <testcase classname="com.onsite.payroll_test_page.Payroll_Count_Test" name="staff_ActiveCount" time="0.313"/>
  <system-out/>
  <testcase classname="com.onsite.payroll_test_page.Payroll_Count_Test" name="staff_InactiveCount" time="0.327"/>
  <system-out/>
</testsuite> <!-- com.onsite.payroll_test_page.Payroll_Count_Test -->
