<?xml version="1.0" encoding="UTF-8"?>
<!-- Generated by org.testng.reporters.JUnitReportReporter -->
<testsuite hostname="DESKTOP-JKM4S1A" failures="0" tests="22" name="com.onsite.materialReturn_testpage.Create_materialReturn_test" time="11.442" errors="0" timestamp="2026-09-08T15:56:56 IST" skipped="0">
  <testcase classname="com.onsite.materialReturn_testpage.Create_materialReturn_test" name="materialReturn" time="0.891"/>
  <system-out/>
  <testcase classname="com.onsite.materialReturn_testpage.Create_materialReturn_test" name="validStatusCode" time="0.522"/>
  <system-out/>
  <testcase classname="com.onsite.materialReturn_testpage.Create_materialReturn_test" name="validResponseMessage" time="0.450"/>
  <system-out/>
  <testcase classname="com.onsite.materialReturn_testpage.Create_materialReturn_test" name="validResponseTime" time="0.328"/>
  <system-out/>
  <testcase classname="com.onsite.materialReturn_testpage.Create_materialReturn_test" name="validResponseSchema" time="1.130"/>
  <system-out/>
  <testcase classname="com.onsite.materialReturn_testpage.Create_materialReturn_test" name="validMaterialReturnId" time="0.599"/>
  <system-out/>
  <testcase classname="com.onsite.materialReturn_testpage.Create_materialReturn_test" name="validCompanyId" time="0.358"/>
  <system-out/>
  <testcase classname="com.onsite.materialReturn_testpage.Create_materialReturn_test" name="validRemark" time="0.525"/>
  <system-out/>
  <testcase classname="com.onsite.materialReturn_testpage.Create_materialReturn_test" name="validPartyCompanyUserId" time="0.577"/>
  <system-out/>
  <testcase classname="com.onsite.materialReturn_testpage.Create_materialReturn_test" name="validCreatorCompanyUserId" time="0.578"/>
  <system-out/>
  <testcase classname="com.onsite.materialReturn_testpage.Create_materialReturn_test" name="validProjectId" time="0.350"/>
  <system-out/>
  <testcase classname="com.onsite.materialReturn_testpage.Create_materialReturn_test" name="validInvoiceId" time="0.520"/>
  <system-out/>
  <testcase classname="com.onsite.materialReturn_testpage.Create_materialReturn_test" name="validMaterial" time="0.439"/>
  <system-out/>
  <testcase classname="com.onsite.materialReturn_testpage.Create_materialReturn_test" name="validMaterialAmount" time="0.532"/>
  <system-out/>
  <testcase classname="com.onsite.materialReturn_testpage.Create_materialReturn_test" name="validDiscount" time="0.418"/>
  <system-out/>
  <testcase classname="com.onsite.materialReturn_testpage.Create_materialReturn_test" name="validGstAmount" time="0.539"/>
  <system-out/>
  <testcase classname="com.onsite.materialReturn_testpage.Create_materialReturn_test" name="validOtherAmount" time="0.533"/>
  <system-out/>
  <testcase classname="com.onsite.materialReturn_testpage.Create_materialReturn_test" name="validTotalPayable" time="0.420"/>
  <system-out/>
  <testcase classname="com.onsite.materialReturn_testpage.Create_materialReturn_test" name="validPhoto" time="0.493"/>
  <system-out/>
  <testcase classname="com.onsite.materialReturn_testpage.Create_materialReturn_test" name="validReturnDate" time="0.400"/>
  <system-out/>
  <testcase classname="com.onsite.materialReturn_testpage.Create_materialReturn_test" name="validRefrenceNumber" time="0.345"/>
  <system-out/>
  <testcase classname="com.onsite.materialReturn_testpage.Create_materialReturn_test" name="validDueDays" time="0.495"/>
  <system-out/>
</testsuite> <!-- com.onsite.materialReturn_testpage.Create_materialReturn_test -->
