<?xml version="1.0" encoding="UTF-8"?>
<!-- Generated by org.testng.reporters.JUnitReportReporter -->
<testsuite hostname="DESKTOP-JKM4S1A" failures="0" tests="4" name="com.onsite.payroll_test_page.Is_Payroll_Exist_Test" time="1.166" errors="0" timestamp="2025-12-17T10:52:38 IST" skipped="0">
  <testcase classname="com.onsite.payroll_test_page.Is_Payroll_Exist_Test" name="nonExistPayroll" time="0.238"/>
  <system-out/>
  <testcase classname="com.onsite.payroll_test_page.Is_Payroll_Exist_Test" name="nonExistPayroll" time="0.281"/>
  <system-out/>
  <testcase classname="com.onsite.payroll_test_page.Is_Payroll_Exist_Test" name="nonExistPayroll" time="0.295"/>
  <system-out/>
  <testcase classname="com.onsite.payroll_test_page.Is_Payroll_Exist_Test" name="nonExistPayroll" time="0.352"/>
  <system-out/>
</testsuite> <!-- com.onsite.payroll_test_page.Is_Payroll_Exist_Test -->
