<?xml version="1.0" encoding="UTF-8"?>
<!-- Generated by org.testng.reporters.JUnitReportReporter -->
<testsuite hostname="DESKTOP-JKM4S1A" failures="0" tests="2" name="com.onsite.LabourPayroll_testpage.Add_LabourPayroll_Test" time="5.183" errors="0" timestamp="2025-12-26T17:19:00 IST" skipped="0">
  <testcase classname="com.onsite.LabourPayroll_testpage.Add_LabourPayroll_Test" name="detailPayroll" time="2.776"/>
  <system-out/>
  <testcase classname="com.onsite.LabourPayroll_testpage.Add_LabourPayroll_Test" name="createLabourPayroll" time="2.407"/>
  <system-out/>
</testsuite> <!-- com.onsite.LabourPayroll_testpage.Add_LabourPayroll_Test -->
