<?xml version="1.0" encoding="UTF-8"?>
<!-- Generated by org.testng.reporters.JUnitReportReporter -->
<testsuite hostname="DESKTOP-JKM4S1A" failures="2" tests="22" name="com.onsite.materialReturn_testpage.Edit_materialReturn_test" time="11.842" errors="0" timestamp="2026-09-08T16:03:35 IST" skipped="0">
  <testcase classname="com.onsite.materialReturn_testpage.Edit_materialReturn_test" name="getMaterialReturnEdit" time="1.441"/>
  <system-out/>
  <testcase classname="com.onsite.materialReturn_testpage.Edit_materialReturn_test" name="validResponseMessage" time="0.349"/>
  <system-out/>
  <testcase classname="com.onsite.materialReturn_testpage.Edit_materialReturn_test" name="validStatusCode" time="0.668"/>
  <system-out/>
  <testcase classname="com.onsite.materialReturn_testpage.Edit_materialReturn_test" name="validResponseTime" time="0.494"/>
  <system-out/>
  <testcase classname="com.onsite.materialReturn_testpage.Edit_materialReturn_test" name="validResponseSchema" time="0.794"/>
  <system-out/>
  <testcase classname="com.onsite.materialReturn_testpage.Edit_materialReturn_test" name="validMaterialReturnId" time="0.599"/>
  <system-out/>
  <testcase classname="com.onsite.materialReturn_testpage.Edit_materialReturn_test" name="validCompanyId" time="0.544"/>
  <system-out/>
  <testcase classname="com.onsite.materialReturn_testpage.Edit_materialReturn_test" name="validRemark" time="0.595"/>
  <system-out/>
  <testcase classname="com.onsite.materialReturn_testpage.Edit_materialReturn_test" name="validPartyCompanyUserId" time="0.554"/>
  <system-out/>
  <testcase classname="com.onsite.materialReturn_testpage.Edit_materialReturn_test" name="validCreatorCompanyUserId" time="0.335"/>
  <system-out/>
  <testcase classname="com.onsite.materialReturn_testpage.Edit_materialReturn_test" name="validProjectId" time="0.448"/>
  <system-out/>
  <testcase classname="com.onsite.materialReturn_testpage.Edit_materialReturn_test" name="validInvoiceId" time="0.315"/>
  <system-out/>
  <testcase classname="com.onsite.materialReturn_testpage.Edit_materialReturn_test" name="validMaterial" time="0.526">
    <failure message="Request material list should not be null expected object to not be null" type="java.lang.AssertionError">
      <![CDATA[java.lang.AssertionError: Request material list should not be null expected object to not be null
at org.testng.Assert.fail(Assert.java:99)
at org.testng.Assert.assertNotNull(Assert.java:942)
at com.onsite.materialReturn_testpage.Edit_materialReturn_test.validMaterial(Edit_materialReturn_test.java:273)
at java.base/jdk.internal.reflect.DirectMethodHandleAccessor.invoke(DirectMethodHandleAccessor.java:103)
at java.base/java.lang.reflect.Method.invoke(Method.java:580)
at org.testng.internal.MethodInvocationHelper.invokeMethod(MethodInvocationHelper.java:133)
at org.testng.internal.TestInvoker.invokeMethod(TestInvoker.java:598)
at org.testng.internal.TestInvoker.invokeTestMethod(TestInvoker.java:173)
at org.testng.internal.MethodRunner.runInSequence(MethodRunner.java:46)
at org.testng.internal.TestInvoker$MethodInvocationAgent.invoke(TestInvoker.java:824)
at org.testng.internal.TestInvoker.invokeTestMethods(TestInvoker.java:146)
at org.testng.internal.TestMethodWorker.invokeTestMethods(TestMethodWorker.java:146)
at org.testng.internal.TestMethodWorker.run(TestMethodWorker.java:128)
at java.base/java.util.ArrayList.forEach(ArrayList.java:1596)
at org.testng.TestRunner.privateRun(TestRunner.java:794)
at org.testng.TestRunner.run(TestRunner.java:596)
at org.testng.SuiteRunner.runTest(SuiteRunner.java:377)
at org.testng.SuiteRunner.runSequentially(SuiteRunner.java:371)
at org.testng.SuiteRunner.privateRun(SuiteRunner.java:332)
at org.testng.SuiteRunner.run(SuiteRunner.java:276)
at org.testng.SuiteRunnerWorker.runSuite(SuiteRunnerWorker.java:53)
at org.testng.SuiteRunnerWorker.run(SuiteRunnerWorker.java:96)
at org.testng.TestNG.runSuitesSequentially(TestNG.java:1212)
at org.testng.TestNG.runSuitesLocally(TestNG.java:1134)
at org.testng.TestNG.runSuites(TestNG.java:1063)
at org.testng.TestNG.run(TestNG.java:1031)
at org.testng.remote.AbstractRemoteTestNG.run(AbstractRemoteTestNG.java:115)
at org.testng.remote.RemoteTestNG.initAndRun(RemoteTestNG.java:293)
at org.testng.remote.RemoteTestNG.main(RemoteTestNG.java:91)
]]>
    </failure>
  </testcase> <!-- validMaterial -->
  <system-out/>
  <testcase classname="com.onsite.materialReturn_testpage.Edit_materialReturn_test" name="validMaterialAmount" time="0.359">
    <failure message="Material list should not be null expected object to not be null" type="java.lang.AssertionError">
      <![CDATA[java.lang.AssertionError: Material list should not be null expected object to not be null
at org.testng.Assert.fail(Assert.java:99)
at org.testng.Assert.assertNotNull(Assert.java:942)
at com.onsite.materialReturn_testpage.Edit_materialReturn_test.validMaterialAmount(Edit_materialReturn_test.java:318)
at java.base/jdk.internal.reflect.DirectMethodHandleAccessor.invoke(DirectMethodHandleAccessor.java:103)
at java.base/java.lang.reflect.Method.invoke(Method.java:580)
at org.testng.internal.MethodInvocationHelper.invokeMethod(MethodInvocationHelper.java:133)
at org.testng.internal.TestInvoker.invokeMethod(TestInvoker.java:598)
at org.testng.internal.TestInvoker.invokeTestMethod(TestInvoker.java:173)
at org.testng.internal.MethodRunner.runInSequence(MethodRunner.java:46)
at org.testng.internal.TestInvoker$MethodInvocationAgent.invoke(TestInvoker.java:824)
at org.testng.internal.TestInvoker.invokeTestMethods(TestInvoker.java:146)
at org.testng.internal.TestMethodWorker.invokeTestMethods(TestMethodWorker.java:146)
at org.testng.internal.TestMethodWorker.run(TestMethodWorker.java:128)
at java.base/java.util.ArrayList.forEach(ArrayList.java:1596)
at org.testng.TestRunner.privateRun(TestRunner.java:794)
at org.testng.TestRunner.run(TestRunner.java:596)
at org.testng.SuiteRunner.runTest(SuiteRunner.java:377)
at org.testng.SuiteRunner.runSequentially(SuiteRunner.java:371)
at org.testng.SuiteRunner.privateRun(SuiteRunner.java:332)
at org.testng.SuiteRunner.run(SuiteRunner.java:276)
at org.testng.SuiteRunnerWorker.runSuite(SuiteRunnerWorker.java:53)
at org.testng.SuiteRunnerWorker.run(SuiteRunnerWorker.java:96)
at org.testng.TestNG.runSuitesSequentially(TestNG.java:1212)
at org.testng.TestNG.runSuitesLocally(TestNG.java:1134)
at org.testng.TestNG.runSuites(TestNG.java:1063)
at org.testng.TestNG.run(TestNG.java:1031)
at org.testng.remote.AbstractRemoteTestNG.run(AbstractRemoteTestNG.java:115)
at org.testng.remote.RemoteTestNG.initAndRun(RemoteTestNG.java:293)
at org.testng.remote.RemoteTestNG.main(RemoteTestNG.java:91)
]]>
    </failure>
  </testcase> <!-- validMaterialAmount -->
  <system-out/>
  <testcase classname="com.onsite.materialReturn_testpage.Edit_materialReturn_test" name="validDiscount" time="0.539"/>
  <system-out/>
  <testcase classname="com.onsite.materialReturn_testpage.Edit_materialReturn_test" name="validGstAmount" time="0.437"/>
  <system-out/>
  <testcase classname="com.onsite.materialReturn_testpage.Edit_materialReturn_test" name="validOtherAmount" time="0.365"/>
  <system-out/>
  <testcase classname="com.onsite.materialReturn_testpage.Edit_materialReturn_test" name="validTotalPayable" time="0.619"/>
  <system-out/>
  <testcase classname="com.onsite.materialReturn_testpage.Edit_materialReturn_test" name="validPhoto" time="0.526"/>
  <system-out/>
  <testcase classname="com.onsite.materialReturn_testpage.Edit_materialReturn_test" name="validReturnDate" time="0.452"/>
  <system-out/>
  <testcase classname="com.onsite.materialReturn_testpage.Edit_materialReturn_test" name="validRefrenceNumber" time="0.363"/>
  <system-out/>
  <testcase classname="com.onsite.materialReturn_testpage.Edit_materialReturn_test" name="validDueDays" time="0.520"/>
  <system-out/>
</testsuite> <!-- com.onsite.materialReturn_testpage.Edit_materialReturn_test -->
