<?xml version="1.0" encoding="UTF-8"?>
<!-- Generated by org.testng.reporters.JUnitReportReporter -->
<testsuite hostname="DESKTOP-JKM4S1A" failures="1" tests="48" name="com.onsite.transaction.otherexpenses.Details_otherExpensesTest" time="11.491" errors="0" timestamp="2026-05-27T16:28:38 IST" skipped="0">
  <testcase classname="com.onsite.transaction.otherexpenses.Details_otherExpensesTest" name="detailsOtherExpenses" time="7.039"/>
  <system-out/>
  <testcase classname="com.onsite.transaction.otherexpenses.Details_otherExpensesTest" name="validateStatusCode" time="0.004"/>
  <system-out/>
  <testcase classname="com.onsite.transaction.otherexpenses.Details_otherExpensesTest" name="validateMessage" time="0.211"/>
  <system-out/>
  <testcase classname="com.onsite.transaction.otherexpenses.Details_otherExpensesTest" name="validateResponseTime" time="0.006"/>
  <system-out/>
  <testcase classname="com.onsite.transaction.otherexpenses.Details_otherExpensesTest" name="valiadetResponseSchema" time="0.896"/>
  <system-out/>
  <testcase classname="com.onsite.transaction.otherexpenses.Details_otherExpensesTest" name="valiadetId" time="0.115"/>
  <system-out/>
  <testcase classname="com.onsite.transaction.otherexpenses.Details_otherExpensesTest" name="validateProjectId" time="0.098"/>
  <system-out/>
  <testcase classname="com.onsite.transaction.otherexpenses.Details_otherExpensesTest" name="validatePartyCompanyUserId" time="0.079"/>
  <system-out/>
  <testcase classname="com.onsite.transaction.otherexpenses.Details_otherExpensesTest" name="validateRemark" time="0.071"/>
  <system-out/>
  <testcase classname="com.onsite.transaction.otherexpenses.Details_otherExpensesTest" name="validateUnitPrice" time="0.081"/>
  <system-out/>
  <testcase classname="com.onsite.transaction.otherexpenses.Details_otherExpensesTest" name="validateQuantity" time="0.091"/>
  <system-out/>
  <testcase classname="com.onsite.transaction.otherexpenses.Details_otherExpensesTest" name="validateEarningAmount" time="0.197"/>
  <system-out/>
  <testcase classname="com.onsite.transaction.otherexpenses.Details_otherExpensesTest" name="validateOtherAmount" time="0.063"/>
  <system-out/>
  <testcase classname="com.onsite.transaction.otherexpenses.Details_otherExpensesTest" name="validateDiscount" time="0.075"/>
  <system-out/>
  <testcase classname="com.onsite.transaction.otherexpenses.Details_otherExpensesTest" name="validateGSTpercent" time="0.058"/>
  <system-out/>
  <testcase classname="com.onsite.transaction.otherexpenses.Details_otherExpensesTest" name="validateGSTAmount" time="0.294"/>
  <system-out/>
  <testcase classname="com.onsite.transaction.otherexpenses.Details_otherExpensesTest" name="validateAmount" time="0.257"/>
  <system-out/>
  <testcase classname="com.onsite.transaction.otherexpenses.Details_otherExpensesTest" name="validatePostTaxDeductionAmount" time="0.061"/>
  <system-out/>
  <testcase classname="com.onsite.transaction.otherexpenses.Details_otherExpensesTest" name="validateNetAmount" time="0.184"/>
  <system-out/>
  <testcase classname="com.onsite.transaction.otherexpenses.Details_otherExpensesTest" name="validatePhoto" time="0.067"/>
  <system-out/>
  <testcase classname="com.onsite.transaction.otherexpenses.Details_otherExpensesTest" name="validateSubCategoryId" time="0.067"/>
  <system-out/>
  <testcase classname="com.onsite.transaction.otherexpenses.Details_otherExpensesTest" name="validateCategoryId" time="0.077"/>
  <system-out/>
  <testcase classname="com.onsite.transaction.otherexpenses.Details_otherExpensesTest" name="validatePaymentDate" time="0.069"/>
  <system-out/>
  <testcase classname="com.onsite.transaction.otherexpenses.Details_otherExpensesTest" name="validateUnitId" time="0.062"/>
  <system-out/>
  <testcase classname="com.onsite.transaction.otherexpenses.Details_otherExpensesTest" name="validateEarningType" time="0.055"/>
  <system-out/>
  <testcase classname="com.onsite.transaction.otherexpenses.Details_otherExpensesTest" name="validateDueDays" time="0.071"/>
  <system-out/>
  <testcase classname="com.onsite.transaction.otherexpenses.Details_otherExpensesTest" name="validateShipToAddressId" time="0.053"/>
  <system-out/>
  <testcase classname="com.onsite.transaction.otherexpenses.Details_otherExpensesTest" name="validateBillToAddressId" time="0.041"/>
  <system-out/>
  <testcase classname="com.onsite.transaction.otherexpenses.Details_otherExpensesTest" name="validateShipFromAddressId" time="0.042"/>
  <system-out/>
  <testcase classname="com.onsite.transaction.otherexpenses.Details_otherExpensesTest" name="validateBillFromAddressId" time="0.041"/>
  <system-out/>
  <testcase classname="com.onsite.transaction.otherexpenses.Details_otherExpensesTest" name="validateIsGstPercent" time="0.053"/>
  <system-out/>
  <testcase classname="com.onsite.transaction.otherexpenses.Details_otherExpensesTest" name="validateIsRoundOff" time="0.050"/>
  <system-out/>
  <testcase classname="com.onsite.transaction.otherexpenses.Details_otherExpensesTest" name="validateVendorBillNumber" time="0.046"/>
  <system-out/>
  <testcase classname="com.onsite.transaction.otherexpenses.Details_otherExpensesTest" name="validateEquipmentStockId" time="0.045"/>
  <system-out/>
  <testcase classname="com.onsite.transaction.otherexpenses.Details_otherExpensesTest" name="validateBillingActivityId" time="0.044"/>
  <system-out/>
  <testcase classname="com.onsite.transaction.otherexpenses.Details_otherExpensesTest" name="validateMonkeyPatchInvoiceId" time="0.056"/>
  <system-out/>
  <testcase classname="com.onsite.transaction.otherexpenses.Details_otherExpensesTest" name="validateMonkeyPatchInvoiceCompanyId" time="0.056"/>
  <system-out/>
  <testcase classname="com.onsite.transaction.otherexpenses.Details_otherExpensesTest" name="validateMonkeyPatchInvoiceCreatorCompanyUserId" time="0.054"/>
  <system-out/>
  <testcase classname="com.onsite.transaction.otherexpenses.Details_otherExpensesTest" name="validateMonkeyPatchInvoicePartyCompanyUserId" time="0.062"/>
  <system-out/>
  <testcase classname="com.onsite.transaction.otherexpenses.Details_otherExpensesTest" name="validateMonkeyPatchInvoiceProjectId" time="0.069"/>
  <system-out/>
  <testcase classname="com.onsite.transaction.otherexpenses.Details_otherExpensesTest" name="validateMonkeyPatchInvoiceSubCategoryId" time="0.078"/>
  <system-out/>
  <testcase classname="com.onsite.transaction.otherexpenses.Details_otherExpensesTest" name="validateMonkeyPatchInvoiceFaturesType" time="0.074"/>
  <system-out/>
  <testcase classname="com.onsite.transaction.otherexpenses.Details_otherExpensesTest" name="validateMonkeyPatchInvoiceFeatureId" time="0.055"/>
  <system-out/>
  <testcase classname="com.onsite.transaction.otherexpenses.Details_otherExpensesTest" name="validateMonkeyPatchInvoiceInvoiceType" time="0.042"/>
  <system-out/>
  <testcase classname="com.onsite.transaction.otherexpenses.Details_otherExpensesTest" name="validateMonkeyPatchInvoiceStatus" time="0.040"/>
  <system-out/>
  <testcase classname="com.onsite.transaction.otherexpenses.Details_otherExpensesTest" name="validateMonkeyPatchInvoiceTotalPayable" time="0.043">
    <failure message="resMonkeyPatchInvoiceTotalPayable is :1191.8: is not match with resTotalPayable :1191.0" type="java.lang.AssertionError">
      <![CDATA[java.lang.AssertionError: resMonkeyPatchInvoiceTotalPayable is :1191.8: is not match with resTotalPayable :1191.0
at org.testng.Assert.fail(Assert.java:99)
at com.onsite.transaction.otherexpenses.Details_otherExpensesTest.validateMonkeyPatchInvoiceTotalPayable(Details_otherExpensesTest.java:836)
at java.base/jdk.internal.reflect.DirectMethodHandleAccessor.invoke(DirectMethodHandleAccessor.java:103)
at java.base/java.lang.reflect.Method.invoke(Method.java:580)
at org.testng.internal.MethodInvocationHelper.invokeMethod(MethodInvocationHelper.java:133)
at org.testng.internal.TestInvoker.invokeMethod(TestInvoker.java:598)
at org.testng.internal.TestInvoker.invokeTestMethod(TestInvoker.java:173)
at org.testng.internal.MethodRunner.runInSequence(MethodRunner.java:46)
at org.testng.internal.TestInvoker$MethodInvocationAgent.invoke(TestInvoker.java:824)
at org.testng.internal.TestInvoker.invokeTestMethods(TestInvoker.java:146)
at org.testng.internal.TestMethodWorker.invokeTestMethods(TestMethodWorker.java:146)
at org.testng.internal.TestMethodWorker.run(TestMethodWorker.java:128)
at java.base/java.util.ArrayList.forEach(ArrayList.java:1596)
at org.testng.TestRunner.privateRun(TestRunner.java:794)
at org.testng.TestRunner.run(TestRunner.java:596)
at org.testng.SuiteRunner.runTest(SuiteRunner.java:377)
at org.testng.SuiteRunner.runSequentially(SuiteRunner.java:371)
at org.testng.SuiteRunner.privateRun(SuiteRunner.java:332)
at org.testng.SuiteRunner.run(SuiteRunner.java:276)
at org.testng.SuiteRunnerWorker.runSuite(SuiteRunnerWorker.java:53)
at org.testng.SuiteRunnerWorker.run(SuiteRunnerWorker.java:96)
at org.testng.TestNG.runSuitesSequentially(TestNG.java:1212)
at org.testng.TestNG.runSuitesLocally(TestNG.java:1134)
at org.testng.TestNG.runSuites(TestNG.java:1063)
at org.testng.TestNG.run(TestNG.java:1031)
at org.testng.remote.AbstractRemoteTestNG.run(AbstractRemoteTestNG.java:115)
at org.testng.remote.RemoteTestNG.initAndRun(RemoteTestNG.java:293)
at org.testng.remote.RemoteTestNG.main(RemoteTestNG.java:91)
]]>
    </failure>
  </testcase> <!-- validateMonkeyPatchInvoiceTotalPayable -->
  <system-out/>
  <testcase classname="com.onsite.transaction.otherexpenses.Details_otherExpensesTest" name="validateMonkeyPatchInvoiceSequence" time="0.055"/>
  <system-out/>
  <testcase classname="com.onsite.transaction.otherexpenses.Details_otherExpensesTest" name="validateMonkeyPatchInvoiceApproval" time="0.044"/>
  <system-out/>
</testsuite> <!-- com.onsite.transaction.otherexpenses.Details_otherExpensesTest -->
