<?xml version="1.0" encoding="UTF-8"?>
<!-- Generated by org.testng.reporters.JUnitReportReporter -->
<testsuite hostname="DESKTOP-JKM4S1A" failures="0" tests="2" name="com.onsite.payroll_test_page.List_Payroll_Test" time="4.373" errors="0" timestamp="2025-12-17T11:31:11 IST" skipped="0">
  <testcase classname="com.onsite.payroll_test_page.List_Payroll_Test" name="labour_listpayroll" time="4.371"/>
  <system-out/>
  <testcase classname="com.onsite.payroll_test_page.List_Payroll_Test" name="staff_listpayroll" time="0.002"/>
  <system-out/>
</testsuite> <!-- com.onsite.payroll_test_page.List_Payroll_Test -->
