<?xml version="1.0" encoding="UTF-8"?>
<!-- Generated by org.testng.reporters.JUnitReportReporter -->
<testsuite hostname="DESKTOP-JKM4S1A" failures="0" tests="1" name="com.onsite.transaction.otherexpenses.Create_otherExpensesTest" time="9.348" errors="0" timestamp="2026-05-15T16:51:43 IST" skipped="0">
  <testcase classname="com.onsite.transaction.otherexpenses.Create_otherExpensesTest" name="createotherExpense" time="9.348"/>
  <system-out/>
</testsuite> <!-- com.onsite.transaction.otherexpenses.Create_otherExpensesTest -->
