<?xml version="1.0" encoding="UTF-8"?>
<!-- Generated by org.testng.reporters.JUnitReportReporter -->
<testsuite hostname="DESKTOP-JKM4S1A" failures="0" tests="3" name="com.onsite.creditnote_test_page.CreditNoteEditTest" time="5.175" errors="1" timestamp="2025-09-19T14:32:09 IST" skipped="1">
  <testcase classname="com.onsite.creditnote_test_page.CreditNoteEditTest" name="editCreditNote" time="0.542">
    <error message="First API failed: HTTP/1.1 502 Bad Gateway" type="java.lang.RuntimeException">
      <![CDATA[java.lang.RuntimeException: First API failed: HTTP/1.1 502 Bad Gateway
at com.onsite.utilities_page.AuthUtils.getToken(AuthUtils.java:34)
at com.onsite.creditnote_test_page.CreditNoteEditTest.editCreditNote(CreditNoteEditTest.java:40)
at java.base/jdk.internal.reflect.DirectMethodHandleAccessor.invoke(DirectMethodHandleAccessor.java:103)
at java.base/java.lang.reflect.Method.invoke(Method.java:580)
at org.testng.internal.MethodInvocationHelper.invokeMethod(MethodInvocationHelper.java:133)
at org.testng.internal.TestInvoker.invokeMethod(TestInvoker.java:598)
at org.testng.internal.TestInvoker.invokeTestMethod(TestInvoker.java:173)
at org.testng.internal.MethodRunner.runInSequence(MethodRunner.java:46)
at org.testng.internal.TestInvoker$MethodInvocationAgent.invoke(TestInvoker.java:824)
at org.testng.internal.TestInvoker.invokeTestMethods(TestInvoker.java:146)
at org.testng.internal.TestMethodWorker.invokeTestMethods(TestMethodWorker.java:146)
at org.testng.internal.TestMethodWorker.run(TestMethodWorker.java:128)
at java.base/java.util.ArrayList.forEach(ArrayList.java:1596)
at org.testng.TestRunner.privateRun(TestRunner.java:794)
at org.testng.TestRunner.run(TestRunner.java:596)
at org.testng.SuiteRunner.runTest(SuiteRunner.java:377)
at org.testng.SuiteRunner.runSequentially(SuiteRunner.java:371)
at org.testng.SuiteRunner.privateRun(SuiteRunner.java:332)
at org.testng.SuiteRunner.run(SuiteRunner.java:276)
at org.testng.SuiteRunnerWorker.runSuite(SuiteRunnerWorker.java:53)
at org.testng.SuiteRunnerWorker.run(SuiteRunnerWorker.java:96)
at org.testng.TestNG.runSuitesSequentially(TestNG.java:1212)
at org.testng.TestNG.runSuitesLocally(TestNG.java:1134)
at org.testng.TestNG.runSuites(TestNG.java:1063)
at org.testng.TestNG.run(TestNG.java:1031)
at org.testng.remote.AbstractRemoteTestNG.run(AbstractRemoteTestNG.java:115)
at org.testng.remote.RemoteTestNG.initAndRun(RemoteTestNG.java:251)
at org.testng.remote.RemoteTestNG.main(RemoteTestNG.java:77)
]]>
    </error>
  </testcase> <!-- editCreditNote -->
  <system-out/>
  <testcase classname="com.onsite.creditnote_test_page.CreditNoteEditTest" name="editCreditNote" time="4.632"/>
  <system-out/>
  <testcase classname="com.onsite.creditnote_test_page.CreditNoteEditTest" name="getCreditNote" time="0.001">
    <skipped/>
  </testcase> <!-- getCreditNote -->
  <system-out/>
</testsuite> <!-- com.onsite.creditnote_test_page.CreditNoteEditTest -->
