<?xml version="1.0" encoding="UTF-8"?>
<!-- Generated by org.testng.reporters.JUnitReportReporter -->
<testsuite hostname="DESKTOP-JKM4S1A" failures="0" tests="2" name="com.onsite.LabourPayroll_testpage.List_Payroll_Test" time="1.941" errors="0" timestamp="2025-12-24T18:52:06 IST" skipped="0">
  <testcase classname="com.onsite.LabourPayroll_testpage.List_Payroll_Test" name="labourPayrollList" time="1.623"/>
  <system-out/>
  <testcase classname="com.onsite.LabourPayroll_testpage.List_Payroll_Test" name="payrollIdValiadation" time="0.318"/>
  <system-out/>
</testsuite> <!-- com.onsite.LabourPayroll_testpage.List_Payroll_Test -->
