<?xml version="1.0" encoding="UTF-8"?>
<!-- Generated by org.testng.reporters.JUnitReportReporter -->
<testsuite hostname="DESKTOP-JKM4S1A" failures="0" tests="2" name="com.onsite.salarytemplate.Create_SalaryTemplate_Test" time="2.597" errors="0" timestamp="2026-09-16T18:15:52 IST" skipped="0">
  <testcase classname="com.onsite.salarytemplate.Create_SalaryTemplate_Test" name="create_salarytemplate" time="0.834"/>
  <system-out/>
  <testcase classname="com.onsite.salarytemplate.Create_SalaryTemplate_Test" name="validResponseSchema" time="1.763"/>
  <system-out/>
</testsuite> <!-- com.onsite.salarytemplate.Create_SalaryTemplate_Test -->
