<?xml version="1.0" encoding="UTF-8"?>
<!-- Generated by org.testng.reporters.JUnitReportReporter -->
<testsuite hostname="DESKTOP-JKM4S1A" failures="0" tests="1" name="com.onsite.transaction.materialPurchase_test.Details_materialPurchase_Test" time="7.758" errors="0" timestamp="2026-05-05T16:38:41 IST" skipped="0">
  <testcase classname="com.onsite.transaction.materialPurchase_test.Details_materialPurchase_Test" name="detailsMaterialPurchase" time="7.758"/>
  <system-out/>
</testsuite> <!-- com.onsite.transaction.materialPurchase_test.Details_materialPurchase_Test -->
