<?xml version="1.0" encoding="UTF-8"?>
<!-- Generated by org.testng.reporters.JUnitReportReporter -->
<testsuite hostname="DESKTOP-JKM4S1A" failures="0" tests="1" name="com.onsite.creditnote_test_page.CreditNoteApprovalTest" time="4.116" errors="0" timestamp="2025-09-19T14:32:09 IST" skipped="0">
  <testcase classname="com.onsite.creditnote_test_page.CreditNoteApprovalTest" name="approvalCreditNote" time="4.116"/>
  <system-out/>
</testsuite> <!-- com.onsite.creditnote_test_page.CreditNoteApprovalTest -->
