<?xml version="1.0" encoding="UTF-8"?>
<!-- Generated by org.testng.reporters.JUnitReportReporter -->
<testsuite hostname="DESKTOP-JKM4S1A" failures="0" tests="2" name="com.onsite.LabourPayroll_testpage.ListCompanyUserforPayroll" time="1.994" errors="0" timestamp="2025-12-24T18:52:06 IST" skipped="0">
  <testcase classname="com.onsite.LabourPayroll_testpage.ListCompanyUserforPayroll" name="labourTypeList" time="1.680"/>
  <system-out/>
  <testcase classname="com.onsite.LabourPayroll_testpage.ListCompanyUserforPayroll" name="saveLabourUserId" time="0.314"/>
  <system-out/>
</testsuite> <!-- com.onsite.LabourPayroll_testpage.ListCompanyUserforPayroll -->
