<?xml version="1.0" encoding="UTF-8"?>
<!-- Generated by org.testng.reporters.JUnitReportReporter -->
<testsuite hostname="DESKTOP-JKM4S1A" failures="0" tests="2" name="com.onsite.project_test_page.ProjectCreateTest" time="3.407" errors="0" timestamp="2025-09-19T14:32:09 IST" skipped="0">
  <testcase classname="com.onsite.project_test_page.ProjectCreateTest" name="createProject" time="1.894"/>
  <system-out/>
  <testcase classname="com.onsite.project_test_page.ProjectCreateTest" name="getProject" time="1.513"/>
  <system-out/>
</testsuite> <!-- com.onsite.project_test_page.ProjectCreateTest -->
