<?xml version="1.0" encoding="UTF-8"?>
<!-- Generated by org.testng.reporters.JUnitReportReporter -->
<testsuite hostname="DESKTOP-JKM4S1A" failures="0" tests="1" name="com.onsite.payroll_test_page.EditPayrollDeassociateProject" time="6.325" errors="0" timestamp="2025-11-20T17:00:21 IST" skipped="0">
  <testcase classname="com.onsite.payroll_test_page.EditPayrollDeassociateProject" name="removePayrollProject" time="6.325"/>
  <system-out/>
</testsuite> <!-- com.onsite.payroll_test_page.EditPayrollDeassociateProject -->
