<?xml version="1.0" encoding="UTF-8"?>
<!-- Generated by org.testng.reporters.JUnitReportReporter -->
<testsuite hostname="DESKTOP-JKM4S1A" failures="1" tests="5" name="com.onsite.materialReturn_testpage.Delete_MaterialReturn_test" time="6.656" errors="2" timestamp="2026-09-08T16:55:09 IST" skipped="0">
  <testcase classname="com.onsite.materialReturn_testpage.Delete_MaterialReturn_test" name="verifyDeleteWithValidId" time="5.716">
    <failure message="1 expectation failed.
Response body doesn&#039;t match expectation.
Expected: The content to match the given JSON schema.
error: object has missing required properties ([&quot;net_amount&quot;,&quot;purchase_date&quot;])
    level: &quot;error&quot;
    schema: {&quot;loadingURI&quot;:&quot;file:/C:/Users/Administrator/git/Api_repository/RestAssuredApiTesting.BDD/target/test-classes/responseSchema_files/materialPurchaseResponseSchema.json#&quot;,&quot;pointer&quot;:&quot;&quot;}
    instance: {&quot;pointer&quot;:&quot;&quot;}
    domain: &quot;validation&quot;
    keyword: &quot;required&quot;
    required: [&quot;company_id&quot;,&quot;created&quot;,&quot;discount&quot;,&quot;gst_amount&quot;,&quot;id&quot;,&quot;material_amount&quot;,&quot;net_amount&quot;,&quot;other_amount&quot;,&quot;party_company_user_id&quot;,&quot;project_id&quot;,&quot;purchase_date&quot;,&quot;remark&quot;,&quot;total_payable&quot;,&quot;vendor_reference_number&quot;]
    missing: [&quot;net_amount&quot;,&quot;purchase_date&quot;]

  Actual: {&quot;id&quot;:&quot;9dc3a1e2-570d-4a0e-a0ac-d92be67531af&quot;,&quot;company_id&quot;:&quot;9e87d60c-9bb0-4ede-9fd3-10d9db21e0bc&quot;,&quot;remark&quot;:&quot;test - 1&quot;,&quot;creator_company_user_id&quot;:&quot;94a98f3d-4bb1-4b82-9376-e7f8b59aa364&quot;,&quot;party_company_user_id&quot;:&quot;ff4ad76a-bdcb-4894-b0ab-d26390779e9d&quot;,&quot;project_id&quot;:&quot;3e2fcfd2-70e0-406e-8398-c84cb7481fd9&quot;,&quot;sub_category_id&quot;:&quot;eed3baf3-b8ff-4182-8d96-f1d1cad008b6&quot;,&quot;invoice_id&quot;:&quot;6252a521-9424-418d-8428-f17b72eb5d2c&quot;,&quot;material_ids&quot;:[&quot;b4782448-9ecb-4c1f-a763-259fd5beb1b2&quot;],&quot;discount&quot;:10,&quot;gst_amount&quot;:30,&quot;other_amount&quot;:20,&quot;material_amount&quot;:1000,&quot;total_payable&quot;:1040,&quot;prefix&quot;:&quot;MRET-&quot;,&quot;sequence&quot;:26,&quot;return_number&quot;:&quot;MRET-26&quot;,&quot;photos&quot;:[],&quot;return_date&quot;:&quot;2026-08-09T10:34:15.768Z&quot;,&quot;vendor_reference_number&quot;:&quot;A-01&quot;,&quot;delete&quot;:1,&quot;created&quot;:&quot;2026-09-08T10:26:45.938Z&quot;,&quot;updated&quot;:&quot;2026-09-08T11:25:07.629112371Z&quot;,&quot;updated_by_cu_id&quot;:&quot;94a98f3d-4bb1-4b82-9376-e7f8b59aa364&quot;,&quot;approval_flag&quot;:&quot;auto_approved&quot;,&quot;monkey_patch_materials&quot;:null,&quot;monkey_patch_creator_company_user&quot;:{&quot;id&quot;:&quot;&quot;,&quot;company_id&quot;:&quot;&quot;,&quot;company_role_id&quot;:&quot;&quot;,&quot;role&quot;:&quot;&quot;,&quot;type&quot;:&quot;&quot;,&quot;creator&quot;:&quot;&quot;,&quot;name&quot;:&quot;&quot;,&quot;mobile&quot;:0,&quot;mobile_verified&quot;:0,&quot;user_id&quot;:&quot;&quot;,&quot;gstin&quot;:&quot;&quot;,&quot;party_id&quot;:&quot;&quot;,&quot;legal_business_name&quot;:&quot;&quot;,&quot;billing_address&quot;:&quot;&quot;,&quot;hidden&quot;:0,&quot;profile_pic&quot;:&quot;&quot;,&quot;monkey_patch_policy_ids&quot;:null,&quot;monkey_patch_company_role&quot;:{&quot;id&quot;:&quot;&quot;,&quot;role&quot;:&quot;&quot;,&quot;name&quot;:&quot;&quot;,&quot;description&quot;:&quot;&quot;,&quot;company_id&quot;:&quot;&quot;,&quot;creator_company_user_id&quot;:&quot;&quot;,&quot;policy_ids&quot;:null,&quot;hidden&quot;:0,&quot;delete&quot;:0,&quot;created&quot;:&quot;0001-01-01T00:00:00Z&quot;,&quot;updated&quot;:&quot;0001-01-01T00:00:00Z&quot;,&quot;monkey_patch_policies&quot;:null},&quot;monkey_patch_user&quot;:{&quot;id&quot;:&quot;&quot;,&quot;name&quot;:&quot;&quot;,&quot;mobile&quot;:0,&quot;country_code&quot;:&quot;&quot;,&quot;profile_pic&quot;:&quot;&quot;,&quot;mobile_verified&quot;:0,&quot;invited&quot;:0,&quot;invitation_count&quot;:0,&quot;profession&quot;:&quot;&quot;},&quot;email&quot;:&quot;&quot;,&quot;date_of_joining&quot;:&quot;0001-01-01T00:00:00Z&quot;},&quot;monkey_patch_party_company_user&quot;:{&quot;id&quot;:&quot;&quot;,&quot;company_id&quot;:&quot;&quot;,&quot;company_role_id&quot;:&quot;&quot;,&quot;role&quot;:&quot;&quot;,&quot;type&quot;:&quot;&quot;,&quot;creator&quot;:&quot;&quot;,&quot;name&quot;:&quot;&quot;,&quot;mobile&quot;:0,&quot;mobile_verified&quot;:0,&quot;user_id&quot;:&quot;&quot;,&quot;gstin&quot;:&quot;&quot;,&quot;party_id&quot;:&quot;&quot;,&quot;legal_business_name&quot;:&quot;&quot;,&quot;billing_address&quot;:&quot;&quot;,&quot;hidden&quot;:0,&quot;profile_pic&quot;:&quot;&quot;,&quot;monkey_patch_policy_ids&quot;:null,&quot;monkey_patch_company_role&quot;:{&quot;id&quot;:&quot;&quot;,&quot;role&quot;:&quot;&quot;,&quot;name&quot;:&quot;&quot;,&quot;description&quot;:&quot;&quot;,&quot;company_id&quot;:&quot;&quot;,&quot;creator_company_user_id&quot;:&quot;&quot;,&quot;policy_ids&quot;:null,&quot;hidden&quot;:0,&quot;delete&quot;:0,&quot;created&quot;:&quot;0001-01-01T00:00:00Z&quot;,&quot;updated&quot;:&quot;0001-01-01T00:00:00Z&quot;,&quot;monkey_patch_policies&quot;:null},&quot;monkey_patch_user&quot;:{&quot;id&quot;:&quot;&quot;,&quot;name&quot;:&quot;&quot;,&quot;mobile&quot;:0,&quot;country_code&quot;:&quot;&quot;,&quot;profile_pic&quot;:&quot;&quot;,&quot;mobile_verified&quot;:0,&quot;invited&quot;:0,&quot;invitation_count&quot;:0,&quot;profession&quot;:&quot;&quot;},&quot;email&quot;:&quot;&quot;,&quot;date_of_joining&quot;:&quot;0001-01-01T00:00:00Z&quot;},&quot;monkey_patch_is_editable&quot;:0,&quot;monkey_patch_paid_amount&quot;:0,&quot;monkey_patch_status&quot;:&quot;&quot;,&quot;monkey_patch_sub_category&quot;:{&quot;id&quot;:&quot;&quot;,&quot;parent_id&quot;:&quot;&quot;,&quot;creator&quot;:&quot;&quot;,&quot;creator_company_user_id&quot;:&quot;&quot;,&quot;company_id&quot;:&quot;&quot;,&quot;type&quot;:&quot;&quot;,&quot;text_en&quot;:&quot;&quot;,&quot;text_hi&quot;:&quot;&quot;,&quot;index&quot;:0,&quot;hidden&quot;:0,&quot;created&quot;:&quot;0001-01-01T00:00:00Z&quot;,&quot;updated&quot;:&quot;0001-01-01T00:00:00Z&quot;,&quot;monkey_patch_children&quot;:null,&quot;monkey_patch_parent&quot;:null,&quot;color_hex&quot;:&quot;&quot;,&quot;is_project_phase&quot;:0},&quot;monkey_patch_project&quot;:{&quot;id&quot;:&quot;&quot;,&quot;type&quot;:&quot;&quot;,&quot;name&quot;:&quot;&quot;,&quot;contractor&quot;:&quot;&quot;,&quot;contractor_company_user_id&quot;:&quot;&quot;,&quot;creator&quot;:&quot;&quot;,&quot;creator_company_user_id&quot;:&quot;&quot;,&quot;bg_image&quot;:&quot;&quot;,&quot;admins&quot;:null,&quot;admins_company_user_ids&quot;:null,&quot;workers_company_user_ids&quot;:null,&quot;customer_name&quot;:&quot;&quot;,&quot;customer_contact&quot;:0,&quot;customer_email&quot;:&quot;&quot;,&quot;customer_company_name&quot;:&quot;&quot;,&quot;customer_company_address&quot;:&quot;&quot;,&quot;customer_gst&quot;:&quot;&quot;,&quot;customer_profile_image&quot;:&quot;&quot;,&quot;address&quot;:&quot;&quot;,&quot;city&quot;:&quot;&quot;,&quot;state&quot;:&quot;&quot;,&quot;status&quot;:&quot;&quot;,&quot;contact_book&quot;:null,&quot;is_engine&quot;:0,&quot;duplicate_from&quot;:&quot;&quot;,&quot;created&quot;:&quot;0001-01-01T00:00:00Z&quot;,&quot;updated&quot;:&quot;0001-01-01T00:00:00Z&quot;,&quot;updated_by_cu_id&quot;:&quot;&quot;,&quot;contact_data&quot;:null,&quot;photos&quot;:null,&quot;location&quot;:{&quot;type&quot;:&quot;&quot;,&quot;coordinates&quot;:null},&quot;google_address&quot;:null,&quot;allowed_features&quot;:null,&quot;estimated_cost&quot;:0,&quot;progress&quot;:0,&quot;start_date&quot;:&quot;0001-01-01T00:00:00Z&quot;,&quot;end_date&quot;:&quot;0001-01-01T00:00:00Z&quot;,&quot;monkey_patch_contractor_name&quot;:&quot;&quot;,&quot;monkey_patch_contractor_company_user_name&quot;:&quot;&quot;,&quot;monkey_patch_contractor_contact&quot;:0,&quot;monkey_patch_contractor_profile_pic&quot;:&quot;&quot;,&quot;monkey_patch_in_amount&quot;:0,&quot;monkey_patch_out_amount&quot;:0,&quot;monkey_patch_transaction_in_amount&quot;:0,&quot;monkey_patch_transaction_out_amount&quot;:0,&quot;company_id&quot;:&quot;&quot;,&quot;monkey_patch_my_company_user&quot;:{&quot;id&quot;:&quot;&quot;,&quot;company_id&quot;:&quot;&quot;,&quot;company_role_id&quot;:&quot;&quot;,&quot;role&quot;:&quot;&quot;,&quot;type&quot;:&quot;&quot;,&quot;creator&quot;:&quot;&quot;,&quot;name&quot;:&quot;&quot;,&quot;mobile&quot;:0,&quot;mobile_verified&quot;:0,&quot;user_id&quot;:&quot;&quot;,&quot;gstin&quot;:&quot;&quot;,&quot;party_id&quot;:&quot;&quot;,&quot;legal_business_name&quot;:&quot;&quot;,&quot;billing_address&quot;:&quot;&quot;,&quot;hidden&quot;:0,&quot;profile_pic&quot;:&quot;&quot;,&quot;monkey_patch_policy_ids&quot;:null,&quot;monkey_patch_company_role&quot;:{&quot;id&quot;:&quot;&quot;,&quot;role&quot;:&quot;&quot;,&quot;name&quot;:&quot;&quot;,&quot;description&quot;:&quot;&quot;,&quot;company_id&quot;:&quot;&quot;,&quot;creator_company_user_id&quot;:&quot;&quot;,&quot;policy_ids&quot;:null,&quot;hidden&quot;:0,&quot;delete&quot;:0,&quot;created&quot;:&quot;0001-01-01T00:00:00Z&quot;,&quot;updated&quot;:&quot;0001-01-01T00:00:00Z&quot;,&quot;monkey_patch_policies&quot;:null},&quot;monkey_patch_user&quot;:{&quot;id&quot;:&quot;&quot;,&quot;name&quot;:&quot;&quot;,&quot;mobile&quot;:0,&quot;country_code&quot;:&quot;&quot;,&quot;profile_pic&quot;:&quot;&quot;,&quot;mobile_verified&quot;:0,&quot;invited&quot;:0,&quot;invitation_count&quot;:0,&quot;profession&quot;:&quot;&quot;},&quot;email&quot;:&quot;&quot;,&quot;date_of_joining&quot;:&quot;0001-01-01T00:00:00Z&quot;},&quot;monkey_patch_company_name&quot;:&quot;&quot;,&quot;monkey_patch_team_member&quot;:null,&quot;monkey_patch_todo_count&quot;:0,&quot;attendance_radius&quot;:0,&quot;distance&quot;:0,&quot;monkey_patch_primary_address&quot;:{&quot;id&quot;:&quot;&quot;,&quot;company_id&quot;:&quot;&quot;,&quot;creator_company_user_id&quot;:&quot;&quot;,&quot;owner_id&quot;:&quot;&quot;,&quot;address_type&quot;:&quot;&quot;,&quot;address_title&quot;:&quot;&quot;,&quot;address_gst&quot;:&quot;&quot;,&quot;address_line_1&quot;:&quot;&quot;,&quot;address_line_2&quot;:&quot;&quot;,&quot;city&quot;:&quot;&quot;,&quot;state&quot;:&quot;&quot;,&quot;postal_code&quot;:&quot;&quot;,&quot;country_code&quot;:&quot;&quot;,&quot;location&quot;:{&quot;type&quot;:&quot;&quot;,&quot;coordinates&quot;:null},&quot;google_address&quot;:null,&quot;primary&quot;:0,&quot;delete&quot;:0,&quot;created&quot;:&quot;0001-01-01T00:00:00Z&quot;,&quot;updated&quot;:&quot;0001-01-01T00:00:00Z&quot;,&quot;search&quot;:&quot;&quot;,&quot;monkey_patch_country_config&quot;:{&quot;country_code&quot;:&quot;&quot;,&quot;country_iso&quot;:&quot;&quot;,&quot;country_name&quot;:&quot;&quot;,&quot;created&quot;:&quot;0001-01-01T00:00:00Z&quot;,&quot;minimum_digits&quot;:0,&quot;maximum_digits&quot;:0,&quot;login_channels&quot;:null,&quot;currency&quot;:&quot;&quot;,&quot;flag&quot;:&quot;&quot;,&quot;tax_slabs&quot;:null,&quot;tax_display_name&quot;:&quot;&quot;,&quot;tax_value_display_name&quot;:&quot;&quot;,&quot;published&quot;:0,&quot;decimal_digit&quot;:0,&quot;timezone&quot;:&quot;&quot;}},&quot;dimension&quot;:&quot;&quot;,&quot;orientation&quot;:&quot;&quot;,&quot;code&quot;:&quot;&quot;,&quot;key_personnel_cu_ids&quot;:null,&quot;billed_amount&quot;:0,&quot;monkey_patch_key_personnel&quot;:null,&quot;custom_fields&quot;:null,&quot;entry_time&quot;:&quot;0001-01-01T00:00:00Z&quot;,&quot;sub_category_id&quot;:&quot;&quot;,&quot;monkey_patch_sub_category&quot;:{&quot;id&quot;:&quot;&quot;,&quot;parent_id&quot;:&quot;&quot;,&quot;creator&quot;:&quot;&quot;,&quot;creator_company_user_id&quot;:&quot;&quot;,&quot;company_id&quot;:&quot;&quot;,&quot;type&quot;:&quot;&quot;,&quot;text_en&quot;:&quot;&quot;,&quot;text_hi&quot;:&quot;&quot;,&quot;index&quot;:0,&quot;hidden&quot;:0,&quot;created&quot;:&quot;0001-01-01T00:00:00Z&quot;,&quot;updated&quot;:&quot;0001-01-01T00:00:00Z&quot;,&quot;monkey_patch_children&quot;:null,&quot;monkey_patch_parent&quot;:null,&quot;color_hex&quot;:&quot;&quot;,&quot;is_project_phase&quot;:0},&quot;phase_sub_category_ids&quot;:null,&quot;phase_sub_category_id&quot;:&quot;&quot;,&quot;monkey_patch_phase_sub_category&quot;:{&quot;id&quot;:&quot;&quot;,&quot;parent_id&quot;:&quot;&quot;,&quot;creator&quot;:&quot;&quot;,&quot;creator_company_user_id&quot;:&quot;&quot;,&quot;company_id&quot;:&quot;&quot;,&quot;type&quot;:&quot;&quot;,&quot;text_en&quot;:&quot;&quot;,&quot;text_hi&quot;:&quot;&quot;,&quot;index&quot;:0,&quot;hidden&quot;:0,&quot;created&quot;:&quot;0001-01-01T00:00:00Z&quot;,&quot;updated&quot;:&quot;0001-01-01T00:00:00Z&quot;,&quot;monkey_patch_children&quot;:null,&quot;monkey_patch_parent&quot;:null,&quot;color_hex&quot;:&quot;&quot;,&quot;is_project_phase&quot;:0},&quot;scope_of_work&quot;:null,&quot;grn_prefix_list&quot;:null,&quot;default_grn_prefix&quot;:{&quot;prefix&quot;:&quot;&quot;,&quot;sequence&quot;:0},&quot;material_request_prefix_list&quot;:null,&quot;default_material_request_prefix&quot;:{&quot;prefix&quot;:&quot;&quot;,&quot;sequence&quot;:0},&quot;company_address_id&quot;:&quot;&quot;,&quot;monkey_patch_company_address&quot;:{&quot;id&quot;:&quot;&quot;,&quot;company_id&quot;:&quot;&quot;,&quot;creator_company_user_id&quot;:&quot;&quot;,&quot;owner_id&quot;:&quot;&quot;,&quot;address_type&quot;:&quot;&quot;,&quot;address_title&quot;:&quot;&quot;,&quot;address_gst&quot;:&quot;&quot;,&quot;address_line_1&quot;:&quot;&quot;,&quot;address_line_2&quot;:&quot;&quot;,&quot;city&quot;:&quot;&quot;,&quot;state&quot;:&quot;&quot;,&quot;postal_code&quot;:&quot;&quot;,&quot;country_code&quot;:&quot;&quot;,&quot;location&quot;:{&quot;type&quot;:&quot;&quot;,&quot;coordinates&quot;:null},&quot;google_address&quot;:null,&quot;primary&quot;:0,&quot;delete&quot;:0,&quot;created&quot;:&quot;0001-01-01T00:00:00Z&quot;,&quot;updated&quot;:&quot;0001-01-01T00:00:00Z&quot;,&quot;search&quot;:&quot;&quot;,&quot;monkey_patch_country_config&quot;:{&quot;country_code&quot;:&quot;&quot;,&quot;country_iso&quot;:&quot;&quot;,&quot;country_name&quot;:&quot;&quot;,&quot;created&quot;:&quot;0001-01-01T00:00:00Z&quot;,&quot;minimum_digits&quot;:0,&quot;maximum_digits&quot;:0,&quot;login_channels&quot;:null,&quot;currency&quot;:&quot;&quot;,&quot;flag&quot;:&quot;&quot;,&quot;tax_slabs&quot;:null,&quot;tax_display_name&quot;:&quot;&quot;,&quot;tax_value_display_name&quot;:&quot;&quot;,&quot;published&quot;:0,&quot;decimal_digit&quot;:0,&quot;timezone&quot;:&quot;&quot;}},&quot;total_estimated_budget&quot;:0},&quot;monkey_patch_invoice&quot;:{&quot;id&quot;:&quot;&quot;,&quot;company_id&quot;:&quot;&quot;,&quot;creator_company_user_id&quot;:&quot;&quot;,&quot;party_company_user_id&quot;:&quot;&quot;,&quot;project_id&quot;:&quot;&quot;,&quot;category_id&quot;:&quot;&quot;,&quot;sub_category_id&quot;:&quot;&quot;,&quot;feature_type&quot;:&quot;&quot;,&quot;feature_id&quot;:&quot;&quot;,&quot;invoice_type&quot;:&quot;&quot;,&quot;status&quot;:&quot;&quot;,&quot;total_payable&quot;:0,&quot;paid_amount&quot;:0,&quot;sequence&quot;:0,&quot;delete&quot;:0,&quot;invoice_date&quot;:&quot;0001-01-01T00:00:00Z&quot;,&quot;created&quot;:&quot;0001-01-01T00:00:00Z&quot;,&quot;updated&quot;:&quot;0001-01-01T00:00:00Z&quot;,&quot;updated_by_cu_id&quot;:&quot;&quot;,&quot;approval_flag&quot;:&quot;&quot;,&quot;monkey_patch_settlement&quot;:{&quot;id&quot;:&quot;&quot;,&quot;company_id&quot;:&quot;&quot;,&quot;creator_company_user_id&quot;:&quot;&quot;,&quot;party_company_user_id&quot;:&quot;&quot;,&quot;project_id&quot;:&quot;&quot;,&quot;invoice_id&quot;:&quot;&quot;,&quot;cashbooktransaction_id&quot;:&quot;&quot;,&quot;settled_amount&quot;:0,&quot;delete&quot;:0,&quot;created&quot;:&quot;0001-01-01T00:00:00Z&quot;,&quot;updated&quot;:&quot;0001-01-01T00:00:00Z&quot;,&quot;monkey_patch_settlement_date&quot;:&quot;0001-01-01T00:00:00Z&quot;},&quot;monkey_patch_retention_entry&quot;:null,&quot;monkey_patch_feature&quot;:null,&quot;monkey_patch_project&quot;:{&quot;id&quot;:&quot;&quot;,&quot;type&quot;:&quot;&quot;,&quot;name&quot;:&quot;&quot;,&quot;contractor&quot;:&quot;&quot;,&quot;contractor_company_user_id&quot;:&quot;&quot;,&quot;creator&quot;:&quot;&quot;,&quot;creator_company_user_id&quot;:&quot;&quot;,&quot;bg_image&quot;:&quot;&quot;,&quot;admins&quot;:null,&quot;admins_company_user_ids&quot;:null,&quot;workers_company_user_ids&quot;:null,&quot;customer_name&quot;:&quot;&quot;,&quot;customer_contact&quot;:0,&quot;customer_email&quot;:&quot;&quot;,&quot;customer_company_name&quot;:&quot;&quot;,&quot;customer_company_address&quot;:&quot;&quot;,&quot;customer_gst&quot;:&quot;&quot;,&quot;customer_profile_image&quot;:&quot;&quot;,&quot;address&quot;:&quot;&quot;,&quot;city&quot;:&quot;&quot;,&quot;state&quot;:&quot;&quot;,&quot;status&quot;:&quot;&quot;,&quot;contact_book&quot;:null,&quot;is_engine&quot;:0,&quot;duplicate_from&quot;:&quot;&quot;,&quot;created&quot;:&quot;0001-01-01T00:00:00Z&quot;,&quot;updated&quot;:&quot;0001-01-01T00:00:00Z&quot;,&quot;updated_by_cu_id&quot;:&quot;&quot;,&quot;contact_data&quot;:null,&quot;photos&quot;:null,&quot;location&quot;:{&quot;type&quot;:&quot;&quot;,&quot;coordinates&quot;:null},&quot;google_address&quot;:null,&quot;allowed_features&quot;:null,&quot;estimated_cost&quot;:0,&quot;progress&quot;:0,&quot;start_date&quot;:&quot;0001-01-01T00:00:00Z&quot;,&quot;end_date&quot;:&quot;0001-01-01T00:00:00Z&quot;,&quot;monkey_patch_contractor_name&quot;:&quot;&quot;,&quot;monkey_patch_contractor_company_user_name&quot;:&quot;&quot;,&quot;monkey_patch_contractor_contact&quot;:0,&quot;monkey_patch_contractor_profile_pic&quot;:&quot;&quot;,&quot;monkey_patch_in_amount&quot;:0,&quot;monkey_patch_out_amount&quot;:0,&quot;monkey_patch_transaction_in_amount&quot;:0,&quot;monkey_patch_transaction_out_amount&quot;:0,&quot;company_id&quot;:&quot;&quot;,&quot;monkey_patch_my_company_user&quot;:{&quot;id&quot;:&quot;&quot;,&quot;company_id&quot;:&quot;&quot;,&quot;company_role_id&quot;:&quot;&quot;,&quot;role&quot;:&quot;&quot;,&quot;type&quot;:&quot;&quot;,&quot;creator&quot;:&quot;&quot;,&quot;name&quot;:&quot;&quot;,&quot;mobile&quot;:0,&quot;mobile_verified&quot;:0,&quot;user_id&quot;:&quot;&quot;,&quot;gstin&quot;:&quot;&quot;,&quot;party_id&quot;:&quot;&quot;,&quot;legal_business_name&quot;:&quot;&quot;,&quot;billing_address&quot;:&quot;&quot;,&quot;hidden&quot;:0,&quot;profile_pic&quot;:&quot;&quot;,&quot;monkey_patch_policy_ids&quot;:null,&quot;monkey_patch_company_role&quot;:{&quot;id&quot;:&quot;&quot;,&quot;role&quot;:&quot;&quot;,&quot;name&quot;:&quot;&quot;,&quot;description&quot;:&quot;&quot;,&quot;company_id&quot;:&quot;&quot;,&quot;creator_company_user_id&quot;:&quot;&quot;,&quot;policy_ids&quot;:null,&quot;hidden&quot;:0,&quot;delete&quot;:0,&quot;created&quot;:&quot;0001-01-01T00:00:00Z&quot;,&quot;updated&quot;:&quot;0001-01-01T00:00:00Z&quot;,&quot;monkey_patch_policies&quot;:null},&quot;monkey_patch_user&quot;:{&quot;id&quot;:&quot;&quot;,&quot;name&quot;:&quot;&quot;,&quot;mobile&quot;:0,&quot;country_code&quot;:&quot;&quot;,&quot;profile_pic&quot;:&quot;&quot;,&quot;mobile_verified&quot;:0,&quot;invited&quot;:0,&quot;invitation_count&quot;:0,&quot;profession&quot;:&quot;&quot;},&quot;email&quot;:&quot;&quot;,&quot;date_of_joining&quot;:&quot;0001-01-01T00:00:00Z&quot;},&quot;monkey_patch_company_name&quot;:&quot;&quot;,&quot;monkey_patch_team_member&quot;:null,&quot;monkey_patch_todo_count&quot;:0,&quot;attendance_radius&quot;:0,&quot;distance&quot;:0,&quot;monkey_patch_primary_address&quot;:{&quot;id&quot;:&quot;&quot;,&quot;company_id&quot;:&quot;&quot;,&quot;creator_company_user_id&quot;:&quot;&quot;,&quot;owner_id&quot;:&quot;&quot;,&quot;address_type&quot;:&quot;&quot;,&quot;address_title&quot;:&quot;&quot;,&quot;address_gst&quot;:&quot;&quot;,&quot;address_line_1&quot;:&quot;&quot;,&quot;address_line_2&quot;:&quot;&quot;,&quot;city&quot;:&quot;&quot;,&quot;state&quot;:&quot;&quot;,&quot;postal_code&quot;:&quot;&quot;,&quot;country_code&quot;:&quot;&quot;,&quot;location&quot;:{&quot;type&quot;:&quot;&quot;,&quot;coordinates&quot;:null},&quot;google_address&quot;:null,&quot;primary&quot;:0,&quot;delete&quot;:0,&quot;created&quot;:&quot;0001-01-01T00:00:00Z&quot;,&quot;updated&quot;:&quot;0001-01-01T00:00:00Z&quot;,&quot;search&quot;:&quot;&quot;,&quot;monkey_patch_country_config&quot;:{&quot;country_code&quot;:&quot;&quot;,&quot;country_iso&quot;:&quot;&quot;,&quot;country_name&quot;:&quot;&quot;,&quot;created&quot;:&quot;0001-01-01T00:00:00Z&quot;,&quot;minimum_digits&quot;:0,&quot;maximum_digits&quot;:0,&quot;login_channels&quot;:null,&quot;currency&quot;:&quot;&quot;,&quot;flag&quot;:&quot;&quot;,&quot;tax_slabs&quot;:null,&quot;tax_display_name&quot;:&quot;&quot;,&quot;tax_value_display_name&quot;:&quot;&quot;,&quot;published&quot;:0,&quot;decimal_digit&quot;:0,&quot;timezone&quot;:&quot;&quot;}},&quot;dimension&quot;:&quot;&quot;,&quot;orientation&quot;:&quot;&quot;,&quot;code&quot;:&quot;&quot;,&quot;key_personnel_cu_ids&quot;:null,&quot;billed_amount&quot;:0,&quot;monkey_patch_key_personnel&quot;:null,&quot;custom_fields&quot;:null,&quot;entry_time&quot;:&quot;0001-01-01T00:00:00Z&quot;,&quot;sub_category_id&quot;:&quot;&quot;,&quot;monkey_patch_sub_category&quot;:{&quot;id&quot;:&quot;&quot;,&quot;parent_id&quot;:&quot;&quot;,&quot;creator&quot;:&quot;&quot;,&quot;creator_company_user_id&quot;:&quot;&quot;,&quot;company_id&quot;:&quot;&quot;,&quot;type&quot;:&quot;&quot;,&quot;text_en&quot;:&quot;&quot;,&quot;text_hi&quot;:&quot;&quot;,&quot;index&quot;:0,&quot;hidden&quot;:0,&quot;created&quot;:&quot;0001-01-01T00:00:00Z&quot;,&quot;updated&quot;:&quot;0001-01-01T00:00:00Z&quot;,&quot;monkey_patch_children&quot;:null,&quot;monkey_patch_parent&quot;:null,&quot;color_hex&quot;:&quot;&quot;,&quot;is_project_phase&quot;:0},&quot;phase_sub_category_ids&quot;:null,&quot;phase_sub_category_id&quot;:&quot;&quot;,&quot;monkey_patch_phase_sub_category&quot;:{&quot;id&quot;:&quot;&quot;,&quot;parent_id&quot;:&quot;&quot;,&quot;creator&quot;:&quot;&quot;,&quot;creator_company_user_id&quot;:&quot;&quot;,&quot;company_id&quot;:&quot;&quot;,&quot;type&quot;:&quot;&quot;,&quot;text_en&quot;:&quot;&quot;,&quot;text_hi&quot;:&quot;&quot;,&quot;index&quot;:0,&quot;hidden&quot;:0,&quot;created&quot;:&quot;0001-01-01T00:00:00Z&quot;,&quot;updated&quot;:&quot;0001-01-01T00:00:00Z&quot;,&quot;monkey_patch_children&quot;:null,&quot;monkey_patch_parent&quot;:null,&quot;color_hex&quot;:&quot;&quot;,&quot;is_project_phase&quot;:0},&quot;scope_of_work&quot;:null,&quot;grn_prefix_list&quot;:null,&quot;default_grn_prefix&quot;:{&quot;prefix&quot;:&quot;&quot;,&quot;sequence&quot;:0},&quot;material_request_prefix_list&quot;:null,&quot;default_material_request_prefix&quot;:{&quot;prefix&quot;:&quot;&quot;,&quot;sequence&quot;:0},&quot;company_address_id&quot;:&quot;&quot;,&quot;monkey_patch_company_address&quot;:{&quot;id&quot;:&quot;&quot;,&quot;company_id&quot;:&quot;&quot;,&quot;creator_company_user_id&quot;:&quot;&quot;,&quot;owner_id&quot;:&quot;&quot;,&quot;address_type&quot;:&quot;&quot;,&quot;address_title&quot;:&quot;&quot;,&quot;address_gst&quot;:&quot;&quot;,&quot;address_line_1&quot;:&quot;&quot;,&quot;address_line_2&quot;:&quot;&quot;,&quot;city&quot;:&quot;&quot;,&quot;state&quot;:&quot;&quot;,&quot;postal_code&quot;:&quot;&quot;,&quot;country_code&quot;:&quot;&quot;,&quot;location&quot;:{&quot;type&quot;:&quot;&quot;,&quot;coordinates&quot;:null},&quot;google_address&quot;:null,&quot;primary&quot;:0,&quot;delete&quot;:0,&quot;created&quot;:&quot;0001-01-01T00:00:00Z&quot;,&quot;updated&quot;:&quot;0001-01-01T00:00:00Z&quot;,&quot;search&quot;:&quot;&quot;,&quot;monkey_patch_country_config&quot;:{&quot;country_code&quot;:&quot;&quot;,&quot;country_iso&quot;:&quot;&quot;,&quot;country_name&quot;:&quot;&quot;,&quot;created&quot;:&quot;0001-01-01T00:00:00Z&quot;,&quot;minimum_digits&quot;:0,&quot;maximum_digits&quot;:0,&quot;login_channels&quot;:null,&quot;currency&quot;:&quot;&quot;,&quot;flag&quot;:&quot;&quot;,&quot;tax_slabs&quot;:null,&quot;tax_display_name&quot;:&quot;&quot;,&quot;tax_value_display_name&quot;:&quot;&quot;,&quot;published&quot;:0,&quot;decimal_digit&quot;:0,&quot;timezone&quot;:&quot;&quot;}},&quot;total_estimated_budget&quot;:0},&quot;gst_amount&quot;:0},&quot;meta_data&quot;:{&quot;can_edit&quot;:0,&quot;can_update_approval_flag&quot;:0},&quot;approval_comment&quot;:&quot;&quot;,&quot;approved_by&quot;:&quot;&quot;,&quot;monkey_patch_approved_by&quot;:{&quot;id&quot;:&quot;&quot;,&quot;company_id&quot;:&quot;&quot;,&quot;company_role_id&quot;:&quot;&quot;,&quot;role&quot;:&quot;&quot;,&quot;type&quot;:&quot;&quot;,&quot;creator&quot;:&quot;&quot;,&quot;name&quot;:&quot;&quot;,&quot;mobile&quot;:0,&quot;mobile_verified&quot;:0,&quot;user_id&quot;:&quot;&quot;,&quot;gstin&quot;:&quot;&quot;,&quot;party_id&quot;:&quot;&quot;,&quot;legal_business_name&quot;:&quot;&quot;,&quot;billing_address&quot;:&quot;&quot;,&quot;hidden&quot;:0,&quot;profile_pic&quot;:&quot;&quot;,&quot;monkey_patch_policy_ids&quot;:null,&quot;monkey_patch_company_role&quot;:{&quot;id&quot;:&quot;&quot;,&quot;role&quot;:&quot;&quot;,&quot;name&quot;:&quot;&quot;,&quot;description&quot;:&quot;&quot;,&quot;company_id&quot;:&quot;&quot;,&quot;creator_company_user_id&quot;:&quot;&quot;,&quot;policy_ids&quot;:null,&quot;hidden&quot;:0,&quot;delete&quot;:0,&quot;created&quot;:&quot;0001-01-01T00:00:00Z&quot;,&quot;updated&quot;:&quot;0001-01-01T00:00:00Z&quot;,&quot;monkey_patch_policies&quot;:null},&quot;monkey_patch_user&quot;:{&quot;id&quot;:&quot;&quot;,&quot;name&quot;:&quot;&quot;,&quot;mobile&quot;:0,&quot;country_code&quot;:&quot;&quot;,&quot;profile_pic&quot;:&quot;&quot;,&quot;mobile_verified&quot;:0,&quot;invited&quot;:0,&quot;invitation_count&quot;:0,&quot;profession&quot;:&quot;&quot;},&quot;email&quot;:&quot;&quot;,&quot;date_of_joining&quot;:&quot;0001-01-01T00:00:00Z&quot;},&quot;due_days&quot;:7}
" type="java.lang.AssertionError">
      <![CDATA[java.lang.AssertionError: 1 expectation failed.
Response body doesn't match expectation.
Expected: The content to match the given JSON schema.
error: object has missing required properties (["net_amount","purchase_date"])
    level: "error"
    schema: {"loadingURI":"file:/C:/Users/Administrator/git/Api_repository/RestAssuredApiTesting.BDD/target/test-classes/responseSchema_files/materialPurchaseResponseSchema.json#","pointer":""}
    instance: {"pointer":""}
    domain: "validation"
    keyword: "required"
    required: ["company_id","created","discount","gst_amount","id","material_amount","net_amount","other_amount","party_company_user_id","project_id","purchase_date","remark","total_payable","vendor_reference_number"]
    missing: ["net_amount","purchase_date"]

  Actual: {"id":"9dc3a1e2-570d-4a0e-a0ac-d92be67531af","company_id":"9e87d60c-9bb0-4ede-9fd3-10d9db21e0bc","remark":"test - 1","creator_company_user_id":"94a98f3d-4bb1-4b82-9376-e7f8b59aa364","party_company_user_id":"ff4ad76a-bdcb-4894-b0ab-d26390779e9d","project_id":"3e2fcfd2-70e0-406e-8398-c84cb7481fd9","sub_category_id":"eed3baf3-b8ff-4182-8d96-f1d1cad008b6","invoice_id":"6252a521-9424-418d-8428-f17b72eb5d2c","material_ids":["b4782448-9ecb-4c1f-a763-259fd5beb1b2"],"discount":10,"gst_amount":30,"other_amount":20,"material_amount":1000,"total_payable":1040,"prefix":"MRET-","sequence":26,"return_number":"MRET-26","photos":[],"return_date":"2026-08-09T10:34:15.768Z","vendor_reference_number":"A-01","delete":1,"created":"2026-09-08T10:26:45.938Z","updated":"2026-09-08T11:25:07.629112371Z","updated_by_cu_id":"94a98f3d-4bb1-4b82-9376-e7f8b59aa364","approval_flag":"auto_approved","monkey_patch_materials":null,"monkey_patch_creator_company_user":{"id":"","company_id":"","company_role_id":"","role":"","type":"","creator":"","name":"","mobile":0,"mobile_verified":0,"user_id":"","gstin":"","party_id":"","legal_business_name":"","billing_address":"","hidden":0,"profile_pic":"","monkey_patch_policy_ids":null,"monkey_patch_company_role":{"id":"","role":"","name":"","description":"","company_id":"","creator_company_user_id":"","policy_ids":null,"hidden":0,"delete":0,"created":"0001-01-01T00:00:00Z","updated":"0001-01-01T00:00:00Z","monkey_patch_policies":null},"monkey_patch_user":{"id":"","name":"","mobile":0,"country_code":"","profile_pic":"","mobile_verified":0,"invited":0,"invitation_count":0,"profession":""},"email":"","date_of_joining":"0001-01-01T00:00:00Z"},"monkey_patch_party_company_user":{"id":"","company_id":"","company_role_id":"","role":"","type":"","creator":"","name":"","mobile":0,"mobile_verified":0,"user_id":"","gstin":"","party_id":"","legal_business_name":"","billing_address":"","hidden":0,"profile_pic":"","monkey_patch_policy_ids":null,"monkey_patch_company_role":{"id":"","role":"","name":"","description":"","company_id":"","creator_company_user_id":"","policy_ids":null,"hidden":0,"delete":0,"created":"0001-01-01T00:00:00Z","updated":"0001-01-01T00:00:00Z","monkey_patch_policies":null},"monkey_patch_user":{"id":"","name":"","mobile":0,"country_code":"","profile_pic":"","mobile_verified":0,"invited":0,"invitation_count":0,"profession":""},"email":"","date_of_joining":"0001-01-01T00:00:00Z"},"monkey_patch_is_editable":0,"monkey_patch_paid_amount":0,"monkey_patch_status":"","monkey_patch_sub_category":{"id":"","parent_id":"","creator":"","creator_company_user_id":"","company_id":"","type":"","text_en":"","text_hi":"","index":0,"hidden":0,"created":"0001-01-01T00:00:00Z","updated":"0001-01-01T00:00:00Z","monkey_patch_children":null,"monkey_patch_parent":null,"color_hex":"","is_project_phase":0},"monkey_patch_project":{"id":"","type":"","name":"","contractor":"","contractor_company_user_id":"","creator":"","creator_company_user_id":"","bg_image":"","admins":null,"admins_company_user_ids":null,"workers_company_user_ids":null,"customer_name":"","customer_contact":0,"customer_email":"","customer_company_name":"","customer_company_address":"","customer_gst":"","customer_profile_image":"","address":"","city":"","state":"","status":"","contact_book":null,"is_engine":0,"duplicate_from":"","created":"0001-01-01T00:00:00Z","updated":"0001-01-01T00:00:00Z","updated_by_cu_id":"","contact_data":null,"photos":null,"location":{"type":"","coordinates":null},"google_address":null,"allowed_features":null,"estimated_cost":0,"progress":0,"start_date":"0001-01-01T00:00:00Z","end_date":"0001-01-01T00:00:00Z","monkey_patch_contractor_name":"","monkey_patch_contractor_company_user_name":"","monkey_patch_contractor_contact":0,"monkey_patch_contractor_profile_pic":"","monkey_patch_in_amount":0,"monkey_patch_out_amount":0,"monkey_patch_transaction_in_amount":0,"monkey_patch_transaction_out_amount":0,"company_id":"","monkey_patch_my_company_user":{"id":"","company_id":"","company_role_id":"","role":"","type":"","creator":"","name":"","mobile":0,"mobile_verified":0,"user_id":"","gstin":"","party_id":"","legal_business_name":"","billing_address":"","hidden":0,"profile_pic":"","monkey_patch_policy_ids":null,"monkey_patch_company_role":{"id":"","role":"","name":"","description":"","company_id":"","creator_company_user_id":"","policy_ids":null,"hidden":0,"delete":0,"created":"0001-01-01T00:00:00Z","updated":"0001-01-01T00:00:00Z","monkey_patch_policies":null},"monkey_patch_user":{"id":"","name":"","mobile":0,"country_code":"","profile_pic":"","mobile_verified":0,"invited":0,"invitation_count":0,"profession":""},"email":"","date_of_joining":"0001-01-01T00:00:00Z"},"monkey_patch_company_name":"","monkey_patch_team_member":null,"monkey_patch_todo_count":0,"attendance_radius":0,"distance":0,"monkey_patch_primary_address":{"id":"","company_id":"","creator_company_user_id":"","owner_id":"","address_type":"","address_title":"","address_gst":"","address_line_1":"","address_line_2":"","city":"","state":"","postal_code":"","country_code":"","location":{"type":"","coordinates":null},"google_address":null,"primary":0,"delete":0,"created":"0001-01-01T00:00:00Z","updated":"0001-01-01T00:00:00Z","search":"","monkey_patch_country_config":{"country_code":"","country_iso":"","country_name":"","created":"0001-01-01T00:00:00Z","minimum_digits":0,"maximum_digits":0,"login_channels":null,"currency":"","flag":"","tax_slabs":null,"tax_display_name":"","tax_value_display_name":"","published":0,"decimal_digit":0,"timezone":""}},"dimension":"","orientation":"","code":"","key_personnel_cu_ids":null,"billed_amount":0,"monkey_patch_key_personnel":null,"custom_fields":null,"entry_time":"0001-01-01T00:00:00Z","sub_category_id":"","monkey_patch_sub_category":{"id":"","parent_id":"","creator":"","creator_company_user_id":"","company_id":"","type":"","text_en":"","text_hi":"","index":0,"hidden":0,"created":"0001-01-01T00:00:00Z","updated":"0001-01-01T00:00:00Z","monkey_patch_children":null,"monkey_patch_parent":null,"color_hex":"","is_project_phase":0},"phase_sub_category_ids":null,"phase_sub_category_id":"","monkey_patch_phase_sub_category":{"id":"","parent_id":"","creator":"","creator_company_user_id":"","company_id":"","type":"","text_en":"","text_hi":"","index":0,"hidden":0,"created":"0001-01-01T00:00:00Z","updated":"0001-01-01T00:00:00Z","monkey_patch_children":null,"monkey_patch_parent":null,"color_hex":"","is_project_phase":0},"scope_of_work":null,"grn_prefix_list":null,"default_grn_prefix":{"prefix":"","sequence":0},"material_request_prefix_list":null,"default_material_request_prefix":{"prefix":"","sequence":0},"company_address_id":"","monkey_patch_company_address":{"id":"","company_id":"","creator_company_user_id":"","owner_id":"","address_type":"","address_title":"","address_gst":"","address_line_1":"","address_line_2":"","city":"","state":"","postal_code":"","country_code":"","location":{"type":"","coordinates":null},"google_address":null,"primary":0,"delete":0,"created":"0001-01-01T00:00:00Z","updated":"0001-01-01T00:00:00Z","search":"","monkey_patch_country_config":{"country_code":"","country_iso":"","country_name":"","created":"0001-01-01T00:00:00Z","minimum_digits":0,"maximum_digits":0,"login_channels":null,"currency":"","flag":"","tax_slabs":null,"tax_display_name":"","tax_value_display_name":"","published":0,"decimal_digit":0,"timezone":""}},"total_estimated_budget":0},"monkey_patch_invoice":{"id":"","company_id":"","creator_company_user_id":"","party_company_user_id":"","project_id":"","category_id":"","sub_category_id":"","feature_type":"","feature_id":"","invoice_type":"","status":"","total_payable":0,"paid_amount":0,"sequence":0,"delete":0,"invoice_date":"0001-01-01T00:00:00Z","created":"0001-01-01T00:00:00Z","updated":"0001-01-01T00:00:00Z","updated_by_cu_id":"","approval_flag":"","monkey_patch_settlement":{"id":"","company_id":"","creator_company_user_id":"","party_company_user_id":"","project_id":"","invoice_id":"","cashbooktransaction_id":"","settled_amount":0,"delete":0,"created":"0001-01-01T00:00:00Z","updated":"0001-01-01T00:00:00Z","monkey_patch_settlement_date":"0001-01-01T00:00:00Z"},"monkey_patch_retention_entry":null,"monkey_patch_feature":null,"monkey_patch_project":{"id":"","type":"","name":"","contractor":"","contractor_company_user_id":"","creator":"","creator_company_user_id":"","bg_image":"","admins":null,"admins_company_user_ids":null,"workers_company_user_ids":null,"customer_name":"","customer_contact":0,"customer_email":"","customer_company_name":"","customer_company_address":"","customer_gst":"","customer_profile_image":"","address":"","city":"","state":"","status":"","contact_book":null,"is_engine":0,"duplicate_from":"","created":"0001-01-01T00:00:00Z","updated":"0001-01-01T00:00:00Z","updated_by_cu_id":"","contact_data":null,"photos":null,"location":{"type":"","coordinates":null},"google_address":null,"allowed_features":null,"estimated_cost":0,"progress":0,"start_date":"0001-01-01T00:00:00Z","end_date":"0001-01-01T00:00:00Z","monkey_patch_contractor_name":"","monkey_patch_contractor_company_user_name":"","monkey_patch_contractor_contact":0,"monkey_patch_contractor_profile_pic":"","monkey_patch_in_amount":0,"monkey_patch_out_amount":0,"monkey_patch_transaction_in_amount":0,"monkey_patch_transaction_out_amount":0,"company_id":"","monkey_patch_my_company_user":{"id":"","company_id":"","company_role_id":"","role":"","type":"","creator":"","name":"","mobile":0,"mobile_verified":0,"user_id":"","gstin":"","party_id":"","legal_business_name":"","billing_address":"","hidden":0,"profile_pic":"","monkey_patch_policy_ids":null,"monkey_patch_company_role":{"id":"","role":"","name":"","description":"","company_id":"","creator_company_user_id":"","policy_ids":null,"hidden":0,"delete":0,"created":"0001-01-01T00:00:00Z","updated":"0001-01-01T00:00:00Z","monkey_patch_policies":null},"monkey_patch_user":{"id":"","name":"","mobile":0,"country_code":"","profile_pic":"","mobile_verified":0,"invited":0,"invitation_count":0,"profession":""},"email":"","date_of_joining":"0001-01-01T00:00:00Z"},"monkey_patch_company_name":"","monkey_patch_team_member":null,"monkey_patch_todo_count":0,"attendance_radius":0,"distance":0,"monkey_patch_primary_address":{"id":"","company_id":"","creator_company_user_id":"","owner_id":"","address_type":"","address_title":"","address_gst":"","address_line_1":"","address_line_2":"","city":"","state":"","postal_code":"","country_code":"","location":{"type":"","coordinates":null},"google_address":null,"primary":0,"delete":0,"created":"0001-01-01T00:00:00Z","updated":"0001-01-01T00:00:00Z","search":"","monkey_patch_country_config":{"country_code":"","country_iso":"","country_name":"","created":"0001-01-01T00:00:00Z","minimum_digits":0,"maximum_digits":0,"login_channels":null,"currency":"","flag":"","tax_slabs":null,"tax_display_name":"","tax_value_display_name":"","published":0,"decimal_digit":0,"timezone":""}},"dimension":"","orientation":"","code":"","key_personnel_cu_ids":null,"billed_amount":0,"monkey_patch_key_personnel":null,"custom_fields":null,"entry_time":"0001-01-01T00:00:00Z","sub_category_id":"","monkey_patch_sub_category":{"id":"","parent_id":"","creator":"","creator_company_user_id":"","company_id":"","type":"","text_en":"","text_hi":"","index":0,"hidden":0,"created":"0001-01-01T00:00:00Z","updated":"0001-01-01T00:00:00Z","monkey_patch_children":null,"monkey_patch_parent":null,"color_hex":"","is_project_phase":0},"phase_sub_category_ids":null,"phase_sub_category_id":"","monkey_patch_phase_sub_category":{"id":"","parent_id":"","creator":"","creator_company_user_id":"","company_id":"","type":"","text_en":"","text_hi":"","index":0,"hidden":0,"created":"0001-01-01T00:00:00Z","updated":"0001-01-01T00:00:00Z","monkey_patch_children":null,"monkey_patch_parent":null,"color_hex":"","is_project_phase":0},"scope_of_work":null,"grn_prefix_list":null,"default_grn_prefix":{"prefix":"","sequence":0},"material_request_prefix_list":null,"default_material_request_prefix":{"prefix":"","sequence":0},"company_address_id":"","monkey_patch_company_address":{"id":"","company_id":"","creator_company_user_id":"","owner_id":"","address_type":"","address_title":"","address_gst":"","address_line_1":"","address_line_2":"","city":"","state":"","postal_code":"","country_code":"","location":{"type":"","coordinates":null},"google_address":null,"primary":0,"delete":0,"created":"0001-01-01T00:00:00Z","updated":"0001-01-01T00:00:00Z","search":"","monkey_patch_country_config":{"country_code":"","country_iso":"","country_name":"","created":"0001-01-01T00:00:00Z","minimum_digits":0,"maximum_digits":0,"login_channels":null,"currency":"","flag":"","tax_slabs":null,"tax_display_name":"","tax_value_display_name":"","published":0,"decimal_digit":0,"timezone":""}},"total_estimated_budget":0},"gst_amount":0},"meta_data":{"can_edit":0,"can_update_approval_flag":0},"approval_comment":"","approved_by":"","monkey_patch_approved_by":{"id":"","company_id":"","company_role_id":"","role":"","type":"","creator":"","name":"","mobile":0,"mobile_verified":0,"user_id":"","gstin":"","party_id":"","legal_business_name":"","billing_address":"","hidden":0,"profile_pic":"","monkey_patch_policy_ids":null,"monkey_patch_company_role":{"id":"","role":"","name":"","description":"","company_id":"","creator_company_user_id":"","policy_ids":null,"hidden":0,"delete":0,"created":"0001-01-01T00:00:00Z","updated":"0001-01-01T00:00:00Z","monkey_patch_policies":null},"monkey_patch_user":{"id":"","name":"","mobile":0,"country_code":"","profile_pic":"","mobile_verified":0,"invited":0,"invitation_count":0,"profession":""},"email":"","date_of_joining":"0001-01-01T00:00:00Z"},"due_days":7}

at java.base/jdk.internal.reflect.DirectConstructorHandleAccessor.newInstance(DirectConstructorHandleAccessor.java:62)
at java.base/java.lang.reflect.Constructor.newInstanceWithCaller(Constructor.java:502)
at java.base/java.lang.reflect.Constructor.newInstance(Constructor.java:486)
at org.codehaus.groovy.reflection.CachedConstructor.invoke(CachedConstructor.java:73)
at org.codehaus.groovy.runtime.callsite.ConstructorSite$ConstructorSiteNoUnwrapNoCoerce.callConstructor(ConstructorSite.java:108)
at org.codehaus.groovy.runtime.callsite.CallSiteArray.defaultCallConstructor(CallSiteArray.java:57)
at org.codehaus.groovy.runtime.callsite.AbstractCallSite.callConstructor(AbstractCallSite.java:263)
at org.codehaus.groovy.runtime.callsite.AbstractCallSite.callConstructor(AbstractCallSite.java:277)
at io.restassured.internal.ResponseSpecificationImpl$HamcrestAssertionClosure.validate(ResponseSpecificationImpl.groovy:512)
at io.restassured.internal.ResponseSpecificationImpl$HamcrestAssertionClosure$validate$1.call(Unknown Source)
at org.codehaus.groovy.runtime.callsite.CallSiteArray.defaultCall(CallSiteArray.java:45)
at org.codehaus.groovy.runtime.callsite.AbstractCallSite.call(AbstractCallSite.java:125)
at org.codehaus.groovy.runtime.callsite.AbstractCallSite.call(AbstractCallSite.java:139)
at io.restassured.internal.ResponseSpecificationImpl.validateResponseIfRequired(ResponseSpecificationImpl.groovy:696)
at io.restassured.internal.ResponseSpecificationImpl.this$2$validateResponseIfRequired(ResponseSpecificationImpl.groovy)
at java.base/jdk.internal.reflect.DirectMethodHandleAccessor.invoke(DirectMethodHandleAccessor.java:103)
at java.base/java.lang.reflect.Method.invoke(Method.java:580)
at org.codehaus.groovy.runtime.callsite.PlainObjectMetaMethodSite.doInvoke(PlainObjectMetaMethodSite.java:43)
at org.codehaus.groovy.runtime.callsite.PogoMetaMethodSite$PogoCachedMethodSiteNoUnwrapNoCoerce.invoke(PogoMetaMethodSite.java:198)
at org.codehaus.groovy.runtime.callsite.PogoMetaMethodSite.callCurrent(PogoMetaMethodSite.java:62)
at org.codehaus.groovy.runtime.callsite.CallSiteArray.defaultCallCurrent(CallSiteArray.java:49)
at org.codehaus.groovy.runtime.callsite.AbstractCallSite.callCurrent(AbstractCallSite.java:171)
at org.codehaus.groovy.runtime.callsite.AbstractCallSite.callCurrent(AbstractCallSite.java:185)
at io.restassured.internal.ResponseSpecificationImpl.body(ResponseSpecificationImpl.groovy:107)
at io.restassured.internal.ValidatableResponseOptionsImpl.body(ValidatableResponseOptionsImpl.java:238)
at com.onsite.materialReturn_testpage.Delete_MaterialReturn_test.verifyDeleteWithValidId(Delete_MaterialReturn_test.java:84)
at java.base/jdk.internal.reflect.DirectMethodHandleAccessor.invoke(DirectMethodHandleAccessor.java:103)
at java.base/java.lang.reflect.Method.invoke(Method.java:580)
at org.testng.internal.MethodInvocationHelper.invokeMethod(MethodInvocationHelper.java:133)
at org.testng.internal.TestInvoker.invokeMethod(TestInvoker.java:598)
at org.testng.internal.TestInvoker.invokeTestMethod(TestInvoker.java:173)
at org.testng.internal.MethodRunner.runInSequence(MethodRunner.java:46)
at org.testng.internal.TestInvoker$MethodInvocationAgent.invoke(TestInvoker.java:824)
at org.testng.internal.TestInvoker.invokeTestMethods(TestInvoker.java:146)
at org.testng.internal.TestMethodWorker.invokeTestMethods(TestMethodWorker.java:146)
at org.testng.internal.TestMethodWorker.run(TestMethodWorker.java:128)
at java.base/java.util.ArrayList.forEach(ArrayList.java:1596)
at org.testng.TestRunner.privateRun(TestRunner.java:794)
at org.testng.TestRunner.run(TestRunner.java:596)
at org.testng.SuiteRunner.runTest(SuiteRunner.java:377)
at org.testng.SuiteRunner.runSequentially(SuiteRunner.java:371)
at org.testng.SuiteRunner.privateRun(SuiteRunner.java:332)
at org.testng.SuiteRunner.run(SuiteRunner.java:276)
at org.testng.SuiteRunnerWorker.runSuite(SuiteRunnerWorker.java:53)
at org.testng.SuiteRunnerWorker.run(SuiteRunnerWorker.java:96)
at org.testng.TestNG.runSuitesSequentially(TestNG.java:1212)
at org.testng.TestNG.runSuitesLocally(TestNG.java:1134)
at org.testng.TestNG.runSuites(TestNG.java:1063)
at org.testng.TestNG.run(TestNG.java:1031)
at org.testng.remote.AbstractRemoteTestNG.run(AbstractRemoteTestNG.java:115)
at org.testng.remote.RemoteTestNG.initAndRun(RemoteTestNG.java:293)
at org.testng.remote.RemoteTestNG.main(RemoteTestNG.java:91)
]]>
    </failure>
  </testcase> <!-- verifyDeleteWithValidId -->
  <system-out/>
  <testcase classname="com.onsite.materialReturn_testpage.Delete_MaterialReturn_test" name="verifyDeleteWithInvalidId" time="0.539"/>
  <system-out/>
  <testcase classname="com.onsite.materialReturn_testpage.Delete_MaterialReturn_test" name="verifyDeleteWithoutToken" time="0.000">
    <error message="
Method public void com.onsite.materialReturn_testpage.Delete_MaterialReturn_test.verifyDeleteWithoutToken(java.lang.String) requires a @DataProvider named : testData" type="org.testng.TestNGException">
      <![CDATA[org.testng.TestNGException: 
Method public void com.onsite.materialReturn_testpage.Delete_MaterialReturn_test.verifyDeleteWithoutToken(java.lang.String) requires a @DataProvider named : testData
at org.testng.internal.Parameters.findDataProvider(Parameters.java:561)
at org.testng.internal.Parameters.handleParameters(Parameters.java:772)
at org.testng.internal.Parameters.handleParameters(Parameters.java:740)
at org.testng.internal.ParameterHandler.handleParameters(ParameterHandler.java:59)
at org.testng.internal.ParameterHandler.createParameters(ParameterHandler.java:38)
at org.testng.internal.TestInvoker$MethodInvocationAgent.invoke(TestInvoker.java:791)
at org.testng.internal.TestInvoker.invokeTestMethods(TestInvoker.java:146)
at org.testng.internal.TestMethodWorker.invokeTestMethods(TestMethodWorker.java:146)
at org.testng.internal.TestMethodWorker.run(TestMethodWorker.java:128)
at java.base/java.util.ArrayList.forEach(ArrayList.java:1596)
at org.testng.TestRunner.privateRun(TestRunner.java:794)
at org.testng.TestRunner.run(TestRunner.java:596)
at org.testng.SuiteRunner.runTest(SuiteRunner.java:377)
at org.testng.SuiteRunner.runSequentially(SuiteRunner.java:371)
at org.testng.SuiteRunner.privateRun(SuiteRunner.java:332)
at org.testng.SuiteRunner.run(SuiteRunner.java:276)
at org.testng.SuiteRunnerWorker.runSuite(SuiteRunnerWorker.java:53)
at org.testng.SuiteRunnerWorker.run(SuiteRunnerWorker.java:96)
at org.testng.TestNG.runSuitesSequentially(TestNG.java:1212)
at org.testng.TestNG.runSuitesLocally(TestNG.java:1134)
at org.testng.TestNG.runSuites(TestNG.java:1063)
at org.testng.TestNG.run(TestNG.java:1031)
at org.testng.remote.AbstractRemoteTestNG.run(AbstractRemoteTestNG.java:115)
at org.testng.remote.RemoteTestNG.initAndRun(RemoteTestNG.java:293)
at org.testng.remote.RemoteTestNG.main(RemoteTestNG.java:91)
]]>
    </error>
  </testcase> <!-- verifyDeleteWithoutToken -->
  <system-out/>
  <testcase classname="com.onsite.materialReturn_testpage.Delete_MaterialReturn_test" name="verifyDeleteWithEmptyId" time="0.401"/>
  <system-out/>
  <testcase classname="com.onsite.materialReturn_testpage.Delete_MaterialReturn_test" name="verifyDeleteWithAlreadyDeletedId" time="0.000">
    <error message="
Method public void com.onsite.materialReturn_testpage.Delete_MaterialReturn_test.verifyDeleteWithAlreadyDeletedId(java.lang.String) requires a @DataProvider named : testData" type="org.testng.TestNGException">
      <![CDATA[org.testng.TestNGException: 
Method public void com.onsite.materialReturn_testpage.Delete_MaterialReturn_test.verifyDeleteWithAlreadyDeletedId(java.lang.String) requires a @DataProvider named : testData
at org.testng.internal.Parameters.findDataProvider(Parameters.java:561)
at org.testng.internal.Parameters.handleParameters(Parameters.java:772)
at org.testng.internal.Parameters.handleParameters(Parameters.java:740)
at org.testng.internal.ParameterHandler.handleParameters(ParameterHandler.java:59)
at org.testng.internal.ParameterHandler.createParameters(ParameterHandler.java:38)
at org.testng.internal.TestInvoker$MethodInvocationAgent.invoke(TestInvoker.java:791)
at org.testng.internal.TestInvoker.invokeTestMethods(TestInvoker.java:146)
at org.testng.internal.TestMethodWorker.invokeTestMethods(TestMethodWorker.java:146)
at org.testng.internal.TestMethodWorker.run(TestMethodWorker.java:128)
at java.base/java.util.ArrayList.forEach(ArrayList.java:1596)
at org.testng.TestRunner.privateRun(TestRunner.java:794)
at org.testng.TestRunner.run(TestRunner.java:596)
at org.testng.SuiteRunner.runTest(SuiteRunner.java:377)
at org.testng.SuiteRunner.runSequentially(SuiteRunner.java:371)
at org.testng.SuiteRunner.privateRun(SuiteRunner.java:332)
at org.testng.SuiteRunner.run(SuiteRunner.java:276)
at org.testng.SuiteRunnerWorker.runSuite(SuiteRunnerWorker.java:53)
at org.testng.SuiteRunnerWorker.run(SuiteRunnerWorker.java:96)
at org.testng.TestNG.runSuitesSequentially(TestNG.java:1212)
at org.testng.TestNG.runSuitesLocally(TestNG.java:1134)
at org.testng.TestNG.runSuites(TestNG.java:1063)
at org.testng.TestNG.run(TestNG.java:1031)
at org.testng.remote.AbstractRemoteTestNG.run(AbstractRemoteTestNG.java:115)
at org.testng.remote.RemoteTestNG.initAndRun(RemoteTestNG.java:293)
at org.testng.remote.RemoteTestNG.main(RemoteTestNG.java:91)
]]>
    </error>
  </testcase> <!-- verifyDeleteWithAlreadyDeletedId -->
  <system-out/>
</testsuite> <!-- com.onsite.materialReturn_testpage.Delete_MaterialReturn_test -->
