<?xml version="1.0" encoding="UTF-8"?>
<!-- Generated by org.testng.reporters.JUnitReportReporter -->
<testsuite hostname="DESKTOP-JKM4S1A" failures="0" tests="1" name="com.onsite.salarybreakupcomponant_testpage.ListSalaryBreakupComponant_Test" time="9.261" errors="0" timestamp="2025-10-30T18:02:16 IST" skipped="0">
  <testcase classname="com.onsite.salarybreakupcomponant_testpage.ListSalaryBreakupComponant_Test" name="listAllowanceComponant" time="9.261"/>
  <system-out/>
</testsuite> <!-- com.onsite.salarybreakupcomponant_testpage.ListSalaryBreakupComponant_Test -->
