<?xml version="1.0" encoding="UTF-8"?>
<!-- Generated by org.testng.reporters.JUnitReportReporter -->
<testsuite hostname="DESKTOP-JKM4S1A" failures="0" tests="2" name="com.onsite.salarybreakup_test_page.Add_SalaryBreakup_Test" time="7.970" errors="0" timestamp="2025-11-01T14:31:48 IST" skipped="0">
  <testcase classname="com.onsite.salarybreakup_test_page.Add_SalaryBreakup_Test" name="salaryBreakup" time="4.455"/>
  <system-out/>
  <testcase classname="com.onsite.salarybreakup_test_page.Add_SalaryBreakup_Test" name="detailsSalaryBreakup" time="3.515"/>
  <system-out/>
</testsuite> <!-- com.onsite.salarybreakup_test_page.Add_SalaryBreakup_Test -->
