<?xml version="1.0" encoding="UTF-8"?>
<!-- Generated by org.testng.reporters.JUnitReportReporter -->
<testsuite hostname="DESKTOP-JKM4S1A" failures="0" tests="22" name="com.onsite.materialReturn_testpage.Create_materialReturn_test" time="45.732" errors="0" timestamp="2026-08-05T14:16:25 IST" skipped="0">
  <testcase classname="com.onsite.materialReturn_testpage.Create_materialReturn_test" name="materialReturn" time="2.934"/>
  <system-out/>
  <testcase classname="com.onsite.materialReturn_testpage.Create_materialReturn_test" name="validStatusCode" time="1.406"/>
  <system-out/>
  <testcase classname="com.onsite.materialReturn_testpage.Create_materialReturn_test" name="validResponseMessage" time="1.577"/>
  <system-out/>
  <testcase classname="com.onsite.materialReturn_testpage.Create_materialReturn_test" name="validResponseTime" time="1.064"/>
  <system-out/>
  <testcase classname="com.onsite.materialReturn_testpage.Create_materialReturn_test" name="validResponseSchema" time="1.930"/>
  <system-out/>
  <testcase classname="com.onsite.materialReturn_testpage.Create_materialReturn_test" name="validMaterialReturnId" time="1.504"/>
  <system-out/>
  <testcase classname="com.onsite.materialReturn_testpage.Create_materialReturn_test" name="validCompanyId" time="2.570"/>
  <system-out/>
  <testcase classname="com.onsite.materialReturn_testpage.Create_materialReturn_test" name="validRemark" time="1.550"/>
  <system-out/>
  <testcase classname="com.onsite.materialReturn_testpage.Create_materialReturn_test" name="validPartyCompanyUserId" time="1.402"/>
  <system-out/>
  <testcase classname="com.onsite.materialReturn_testpage.Create_materialReturn_test" name="validCreatorCompanyUserId" time="1.520"/>
  <system-out/>
  <testcase classname="com.onsite.materialReturn_testpage.Create_materialReturn_test" name="validProjectId" time="1.856"/>
  <system-out/>
  <testcase classname="com.onsite.materialReturn_testpage.Create_materialReturn_test" name="validInvoiceId" time="2.013"/>
  <system-out/>
  <testcase classname="com.onsite.materialReturn_testpage.Create_materialReturn_test" name="validMaterial" time="3.010"/>
  <system-out/>
  <testcase classname="com.onsite.materialReturn_testpage.Create_materialReturn_test" name="validMaterialAmount" time="1.249"/>
  <system-out/>
  <testcase classname="com.onsite.materialReturn_testpage.Create_materialReturn_test" name="validDiscount" time="1.640"/>
  <system-out/>
  <testcase classname="com.onsite.materialReturn_testpage.Create_materialReturn_test" name="validGstAmount" time="1.741"/>
  <system-out/>
  <testcase classname="com.onsite.materialReturn_testpage.Create_materialReturn_test" name="validOtherAmount" time="4.034"/>
  <system-out/>
  <testcase classname="com.onsite.materialReturn_testpage.Create_materialReturn_test" name="validTotalPayable" time="2.101"/>
  <system-out/>
  <testcase classname="com.onsite.materialReturn_testpage.Create_materialReturn_test" name="validPhoto" time="1.160"/>
  <system-out/>
  <testcase classname="com.onsite.materialReturn_testpage.Create_materialReturn_test" name="validReturnDate" time="5.811"/>
  <system-out/>
  <testcase classname="com.onsite.materialReturn_testpage.Create_materialReturn_test" name="validRefrenceNumber" time="1.110"/>
  <system-out/>
  <testcase classname="com.onsite.materialReturn_testpage.Create_materialReturn_test" name="validDueDays" time="2.550"/>
  <system-out/>
</testsuite> <!-- com.onsite.materialReturn_testpage.Create_materialReturn_test -->
