<?xml version="1.0" encoding="UTF-8"?>
<!-- Generated by org.testng.reporters.JUnitReportReporter -->
<testsuite hostname="DESKTOP-JKM4S1A" failures="0" tests="1" name="com.onsite.LabourPayroll_testpage.Is_Payroll_Exist_Test" time="0.352" errors="0" timestamp="2025-12-24T18:52:06 IST" skipped="0">
  <testcase classname="com.onsite.LabourPayroll_testpage.Is_Payroll_Exist_Test" name="nonExistPayroll" time="0.352"/>
  <system-out/>
</testsuite> <!-- com.onsite.LabourPayroll_testpage.Is_Payroll_Exist_Test -->
