<?xml version="1.0" encoding="UTF-8"?>
<!-- Generated by org.testng.reporters.JUnitReportReporter -->
<testsuite hostname="DESKTOP-JKM4S1A" failures="0" tests="2" name="com.onsite.payroll_test_page.Add_Payroll_Test" time="13.497" errors="0" timestamp="2025-10-22T19:17:53 IST" skipped="0">
  <testcase classname="com.onsite.payroll_test_page.Add_Payroll_Test" name="addPayroll" time="8.572"/>
  <system-out/>
  <testcase classname="com.onsite.payroll_test_page.Add_Payroll_Test" name="detailPayroll" time="4.925"/>
  <system-out/>
</testsuite> <!-- com.onsite.payroll_test_page.Add_Payroll_Test -->
