<?xml version="1.0" encoding="UTF-8"?>
<!-- Generated by org.testng.reporters.JUnitReportReporter -->
<testsuite hostname="DESKTOP-JKM4S1A" failures="0" tests="2" name="com.onsite.LabourPayroll_testpage.List_Payroll_Test" time="0.000" errors="0" timestamp="2025-12-26T17:19:00 IST" skipped="2">
  <testcase classname="com.onsite.LabourPayroll_testpage.List_Payroll_Test" name="payrollIdValiadation" time="0.000">
    <skipped/>
  </testcase> <!-- payrollIdValiadation -->
  <system-out/>
  <testcase classname="com.onsite.LabourPayroll_testpage.List_Payroll_Test" name="labourPayrollList" time="0.000">
    <skipped/>
  </testcase> <!-- labourPayrollList -->
  <system-out/>
</testsuite> <!-- com.onsite.LabourPayroll_testpage.List_Payroll_Test -->
