<?xml version="1.0" encoding="UTF-8"?>
<!-- Generated by org.testng.reporters.JUnitReportReporter -->
<testsuite hostname="DESKTOP-JKM4S1A" failures="0" tests="2" name="com.onsite.StaffPayroll_testpage.ListCompanyUserforPayroll" time="2.333" errors="0" timestamp="2025-12-17T15:20:16 IST" skipped="0">
  <testcase classname="com.onsite.StaffPayroll_testpage.ListCompanyUserforPayroll" name="labourPayrollList" time="1.861"/>
  <system-out/>
  <testcase classname="com.onsite.StaffPayroll_testpage.ListCompanyUserforPayroll" name="saveLabourUserId" time="0.472"/>
  <system-out/>
</testsuite> <!-- com.onsite.StaffPayroll_testpage.ListCompanyUserforPayroll -->
