<?xml version="1.0" encoding="UTF-8"?>
<!-- Generated by org.testng.reporters.JUnitReportReporter -->
<testsuite hostname="DESKTOP-JKM4S1A" failures="0" tests="2" name="com.onsite.project_test_page.ProjectUpdateTest" time="1.488" errors="0" timestamp="2025-09-19T14:32:09 IST" skipped="0">
  <testcase classname="com.onsite.project_test_page.ProjectUpdateTest" name="editProject" time="0.786"/>
  <system-out/>
  <testcase classname="com.onsite.project_test_page.ProjectUpdateTest" name="getUpdatedProject" time="0.702"/>
  <system-out/>
</testsuite> <!-- com.onsite.project_test_page.ProjectUpdateTest -->
