<?xml version="1.0" encoding="UTF-8"?>
<!-- Generated by org.testng.reporters.JUnitReportReporter -->
<testsuite hostname="DESKTOP-JKM4S1A" failures="0" tests="20" name="com.onsite.materialReturn_testpage.Details_MaterialRequest_Test" time="14.270" errors="0" timestamp="2026-08-07T18:35:30 IST" skipped="0">
  <testcase classname="com.onsite.materialReturn_testpage.Details_MaterialRequest_Test" name="detailMaterialReturn" time="2.063"/>
  <system-out/>
  <testcase classname="com.onsite.materialReturn_testpage.Details_MaterialRequest_Test" name="validStatusCode" time="0.302"/>
  <system-out/>
  <testcase classname="com.onsite.materialReturn_testpage.Details_MaterialRequest_Test" name="validResponseMessage" time="0.707"/>
  <system-out/>
  <testcase classname="com.onsite.materialReturn_testpage.Details_MaterialRequest_Test" name="validResponseTime" time="0.380"/>
  <system-out/>
  <testcase classname="com.onsite.materialReturn_testpage.Details_MaterialRequest_Test" name="validResponseSchema" time="0.992"/>
  <system-out/>
  <testcase classname="com.onsite.materialReturn_testpage.Details_MaterialRequest_Test" name="validMaterialReturnId" time="0.647"/>
  <system-out/>
  <testcase classname="com.onsite.materialReturn_testpage.Details_MaterialRequest_Test" name="validRemark" time="0.663"/>
  <system-out/>
  <testcase classname="com.onsite.materialReturn_testpage.Details_MaterialRequest_Test" name="validPartyCompanyUserId" time="0.526"/>
  <system-out/>
  <testcase classname="com.onsite.materialReturn_testpage.Details_MaterialRequest_Test" name="validProjectId" time="0.679"/>
  <system-out/>
  <testcase classname="com.onsite.materialReturn_testpage.Details_MaterialRequest_Test" name="validSubCategoryId" time="0.689"/>
  <system-out/>
  <testcase classname="com.onsite.materialReturn_testpage.Details_MaterialRequest_Test" name="validMaterial" time="0.883"/>
  <system-out/>
  <testcase classname="com.onsite.materialReturn_testpage.Details_MaterialRequest_Test" name="validMaterialAmount" time="0.816"/>
  <system-out/>
  <testcase classname="com.onsite.materialReturn_testpage.Details_MaterialRequest_Test" name="validGstAmount" time="0.490"/>
  <system-out/>
  <testcase classname="com.onsite.materialReturn_testpage.Details_MaterialRequest_Test" name="validOtherAmount" time="0.716"/>
  <system-out/>
  <testcase classname="com.onsite.materialReturn_testpage.Details_MaterialRequest_Test" name="validDiscount" time="0.582"/>
  <system-out/>
  <testcase classname="com.onsite.materialReturn_testpage.Details_MaterialRequest_Test" name="validTotalPayable" time="0.983"/>
  <system-out/>
  <testcase classname="com.onsite.materialReturn_testpage.Details_MaterialRequest_Test" name="validPhotos" time="0.505"/>
  <system-out/>
  <testcase classname="com.onsite.materialReturn_testpage.Details_MaterialRequest_Test" name="validReturnDate" time="0.619"/>
  <system-out/>
  <testcase classname="com.onsite.materialReturn_testpage.Details_MaterialRequest_Test" name="validRefrenceNumber" time="0.500"/>
  <system-out/>
  <testcase classname="com.onsite.materialReturn_testpage.Details_MaterialRequest_Test" name="validDueDays" time="0.528"/>
  <system-out/>
</testsuite> <!-- com.onsite.materialReturn_testpage.Details_MaterialRequest_Test -->
