<?xml version="1.0" encoding="UTF-8"?>
<!-- Generated by org.testng.reporters.JUnitReportReporter -->
<testsuite hostname="DESKTOP-JKM4S1A" failures="0" tests="2" name="com.onsite.LabourPayroll_testpage.Add_LabourPayroll_Test" time="0.002" errors="0" timestamp="2026-01-15T18:30:18 IST" skipped="2">
  <testcase classname="com.onsite.LabourPayroll_testpage.Add_LabourPayroll_Test" name="createLabourPayroll" time="0.002">
    <skipped/>
  </testcase> <!-- createLabourPayroll -->
  <system-out/>
  <testcase classname="com.onsite.LabourPayroll_testpage.Add_LabourPayroll_Test" name="detailPayroll" time="0.000">
    <skipped/>
  </testcase> <!-- detailPayroll -->
  <system-out/>
</testsuite> <!-- com.onsite.LabourPayroll_testpage.Add_LabourPayroll_Test -->
