<?xml version="1.0" encoding="UTF-8"?>
<!-- Generated by org.testng.reporters.JUnitReportReporter -->
<testsuite hostname="DESKTOP-JKM4S1A" failures="0" tests="2" name="com.onsite.payroll_test_page.ListCompanyUserforPayroll" time="14.139" errors="0" timestamp="2025-11-24T15:34:46 IST" skipped="0">
  <testcase classname="com.onsite.payroll_test_page.ListCompanyUserforPayroll" name="labourPayrollList" time="10.621"/>
  <system-out/>
  <testcase classname="com.onsite.payroll_test_page.ListCompanyUserforPayroll" name="staffPayrollList" time="3.518"/>
  <system-out/>
</testsuite> <!-- com.onsite.payroll_test_page.ListCompanyUserforPayroll -->
