<?xml version="1.0" encoding="UTF-8"?>
<!-- Generated by org.testng.reporters.JUnitReportReporter -->
<testsuite hostname="DESKTOP-JKM4S1A" failures="0" tests="1" name="com.onsite.StaffPayroll_testpage.Is_Payroll_Exist_Test" time="0.000" errors="0" timestamp="2025-12-17T15:20:16 IST" skipped="1">
  <testcase classname="com.onsite.StaffPayroll_testpage.Is_Payroll_Exist_Test" name="nonExistPayroll" time="0.000">
    <skipped/>
  </testcase> <!-- nonExistPayroll -->
  <system-out/>
</testsuite> <!-- com.onsite.StaffPayroll_testpage.Is_Payroll_Exist_Test -->
