<?xml version="1.0" encoding="UTF-8"?>
<!-- Generated by org.testng.reporters.JUnitReportReporter -->
<testsuite hostname="DESKTOP-JKM4S1A" failures="0" tests="3" name="com.onsite.payroll_test_page.Is_Payroll_Exist_Test" time="1.638" errors="0" timestamp="2025-12-17T11:31:11 IST" skipped="0">
  <testcase classname="com.onsite.payroll_test_page.Is_Payroll_Exist_Test" name="nonExistPayroll" time="0.506"/>
  <system-out/>
  <testcase classname="com.onsite.payroll_test_page.Is_Payroll_Exist_Test" name="nonExistPayroll" time="0.493"/>
  <system-out/>
  <testcase classname="com.onsite.payroll_test_page.Is_Payroll_Exist_Test" name="nonExistPayroll" time="0.639"/>
  <system-out/>
</testsuite> <!-- com.onsite.payroll_test_page.Is_Payroll_Exist_Test -->
