<?xml version="1.0" encoding="UTF-8"?>
<!-- Generated by org.testng.reporters.JUnitReportReporter -->
<testsuite hostname="DESKTOP-JKM4S1A" failures="0" tests="2" name="com.onsite.payroll_test_page.List_Payroll_Test" time="2.672" errors="0" timestamp="2025-12-17T10:52:38 IST" skipped="0">
  <testcase classname="com.onsite.payroll_test_page.List_Payroll_Test" name="labour_listpayroll" time="2.671"/>
  <system-out/>
  <testcase classname="com.onsite.payroll_test_page.List_Payroll_Test" name="staff_listpayroll" time="0.001"/>
  <system-out/>
</testsuite> <!-- com.onsite.payroll_test_page.List_Payroll_Test -->
