<?xml version="1.0" encoding="UTF-8"?>
<!-- Generated by org.testng.reporters.JUnitReportReporter -->
<testsuite hostname="DESKTOP-JKM4S1A" failures="0" tests="1" name="com.onsite.transaction.materialPurchase_test.Delete_materialPurchase" time="4.044" errors="0" timestamp="2026-05-05T14:18:30 IST" skipped="0">
  <testcase classname="com.onsite.transaction.materialPurchase_test.Delete_materialPurchase" name="deleteMaterialPurchase" time="4.044"/>
  <system-out/>
</testsuite> <!-- com.onsite.transaction.materialPurchase_test.Delete_materialPurchase -->
