<?xml version="1.0" encoding="UTF-8"?>
<!-- Generated by org.testng.reporters.JUnitReportReporter -->
<testsuite hostname="DESKTOP-JKM4S1A" failures="0" tests="2" name="com.onsite.StaffPayroll_testpage.Payroll_Count_Test" time="0.545" errors="0" timestamp="2025-12-17T15:20:16 IST" skipped="0">
  <testcase classname="com.onsite.StaffPayroll_testpage.Payroll_Count_Test" name="labour_ActiveCount" time="0.277"/>
  <system-out/>
  <testcase classname="com.onsite.StaffPayroll_testpage.Payroll_Count_Test" name="labour_InactiveCount" time="0.268"/>
  <system-out/>
</testsuite> <!-- com.onsite.StaffPayroll_testpage.Payroll_Count_Test -->
