<?xml version="1.0" encoding="UTF-8"?>
<!-- Generated by org.testng.reporters.JUnitReportReporter -->
<testsuite hostname="DESKTOP-JKM4S1A" failures="0" tests="1" name="com.onsite.transaction.materialPurchase_test.Create_materialPurchaseTest" time="13.692" errors="0" timestamp="2026-03-31T18:11:36 IST" skipped="0">
  <testcase classname="com.onsite.transaction.materialPurchase_test.Create_materialPurchaseTest" name="addMaterialPurchase" time="13.692"/>
  <system-out/>
</testsuite> <!-- com.onsite.transaction.materialPurchase_test.Create_materialPurchaseTest -->
