<?xml version="1.0" encoding="UTF-8"?>
<!-- Generated by org.testng.reporters.JUnitReportReporter -->
<testsuite hostname="DESKTOP-JKM4S1A" failures="0" tests="4" name="com.onsite.payroll_test_page.Payroll_Count_Test" time="1.053" errors="0" timestamp="2025-12-17T11:31:11 IST" skipped="0">
  <testcase classname="com.onsite.payroll_test_page.Payroll_Count_Test" name="labour_ActiveCount" time="0.289"/>
  <system-out/>
  <testcase classname="com.onsite.payroll_test_page.Payroll_Count_Test" name="labour_InactiveCount" time="0.250"/>
  <system-out/>
  <testcase classname="com.onsite.payroll_test_page.Payroll_Count_Test" name="staff_ActiveCount" time="0.262"/>
  <system-out/>
  <testcase classname="com.onsite.payroll_test_page.Payroll_Count_Test" name="staff_InactiveCount" time="0.252"/>
  <system-out/>
</testsuite> <!-- com.onsite.payroll_test_page.Payroll_Count_Test -->
