<?xml version="1.0" encoding="UTF-8"?>
<!-- Generated by org.testng.reporters.JUnitReportReporter -->
<testsuite hostname="DESKTOP-JKM4S1A" failures="0" tests="1" name="com.onsite.materialReturn_testpage.Edit_materialReturn_test" time="1.189" errors="0" timestamp="2026-08-11T17:12:10 IST" skipped="0">
  <testcase classname="com.onsite.materialReturn_testpage.Edit_materialReturn_test" name="getMaterialReturnEdit" time="1.189"/>
  <system-out/>
</testsuite> <!-- com.onsite.materialReturn_testpage.Edit_materialReturn_test -->
