<?xml version="1.0" encoding="UTF-8"?>
<!-- Generated by org.testng.reporters.JUnitReportReporter -->
<testsuite hostname="DESKTOP-JKM4S1A" failures="0" tests="1" name="com.onsite.payroll_test_page.EditPayrollAssociateProject" time="11.935" errors="0" timestamp="2025-11-19T22:26:07 IST" skipped="0">
  <testcase classname="com.onsite.payroll_test_page.EditPayrollAssociateProject" name="payrollProject" time="11.935"/>
  <system-out/>
</testsuite> <!-- com.onsite.payroll_test_page.EditPayrollAssociateProject -->
