<?xml version="1.0" encoding="UTF-8"?>
<!-- Generated by org.testng.reporters.JUnitReportReporter -->
<testsuite hostname="DESKTOP-JKM4S1A" failures="0" tests="3" name="com.onsite.LabourPayroll_testpage.Is_Payroll_Exist_Test" time="0.000" errors="0" timestamp="2026-01-15T18:30:18 IST" skipped="3">
  <testcase classname="com.onsite.LabourPayroll_testpage.Is_Payroll_Exist_Test" name="existPayroll" time="0.000">
    <skipped/>
  </testcase> <!-- existPayroll -->
  <system-out/>
  <testcase classname="com.onsite.LabourPayroll_testpage.Is_Payroll_Exist_Test" name="nonExistPayroll" time="0.000">
    <skipped/>
  </testcase> <!-- nonExistPayroll -->
  <system-out/>
  <testcase classname="com.onsite.LabourPayroll_testpage.Is_Payroll_Exist_Test" name="saveUseIds" time="0.000">
    <skipped/>
  </testcase> <!-- saveUseIds -->
  <system-out/>
</testsuite> <!-- com.onsite.LabourPayroll_testpage.Is_Payroll_Exist_Test -->
