<?xml version="1.0" encoding="UTF-8"?>
<!-- Generated by org.testng.reporters.JUnitXMLReporter -->
<testsuite ignored="2" hostname="DESKTOP-JKM4S1A" failures="0" tests="6" name="CreditNote" time="34.543" errors="0" timestamp="2025-07-29T18:09:53 IST">
  <testcase classname="com.onsite.credit_note_test_page.CreditNoteCreateTest" name="postCreditNote" time="4.41"/>
  <testcase classname="com.onsite.credit_note_test_page.CreditNoteCreateTest" name="getCreditNote" time="3.836"/>
  <testcase classname="com.onsite.credit_note_test_page.CreditNoteEditTest" name="editCreditNote" time="4.168"/>
  <testcase classname="com.onsite.credit_note_test_page.CreditNoteEditTest" name="editCreditNote" time="4.754"/>
  <testcase classname="com.onsite.credit_note_test_page.CreditNoteEditTest" name="getCreditNote" time="3.022"/>
  <testcase classname="com.onsite.credit_note_test_page.CreditNoteDeleteTest" name="deleteCreditNote" time="3.953"/>
  <testcase classname="com.onsite.utilities_page.BaseToken" name="@BeforeSuite generateTokenForSuite" time="0.0">
    <ignored/>
  </testcase> <!-- @BeforeSuite generateTokenForSuite -->
  <testcase classname="com.onsite.utilities_page.BaseToken" name="@BeforeSuite generateTokenForSuite" time="0.0">
    <ignored/>
  </testcase> <!-- @BeforeSuite generateTokenForSuite -->
</testsuite> <!-- CreditNote -->
