<?xml version="1.0" encoding="UTF-8"?>
<!-- Generated by org.testng.reporters.JUnitXMLReporter -->
<testsuite ignored="3" hostname="DESKTOP-JKM4S1A" failures="0" tests="7" name="ProjectTest" time="23.122" errors="0" timestamp="2025-07-15T14:51:12 IST">
  <testcase classname="com.onsite.project_test_page.ProjectCreateTest" name="createProject" time="1.712"/>
  <testcase classname="com.onsite.project_test_page.ProjectCreateTest" name="getProject" time="1.563"/>
  <testcase classname="com.onsite.project_test_page.ProjectGetTest" name="getProjectDeatils" time="0.869"/>
  <testcase classname="com.onsite.project_test_page.ProjectUpdateTest" name="editProject" time="0.686"/>
  <testcase classname="com.onsite.project_test_page.ProjectUpdateTest" name="getUpdatedProject" time="0.991"/>
  <testcase classname="com.onsite.project_test_page.ProjectEditStatusTest" name="editStatusProject" time="0.715"/>
  <testcase classname="com.onsite.project_test_page.ProjectEditStatusTest" name="getProjectStatus" time="0.859"/>
  <testcase classname="com.onsite.utilities_page.BaseToken" name="@BeforeSuite generateTokenForSuite" time="0.0">
    <ignored/>
  </testcase> <!-- @BeforeSuite generateTokenForSuite -->
  <testcase classname="com.onsite.utilities_page.BaseToken" name="@BeforeSuite generateTokenForSuite" time="0.0">
    <ignored/>
  </testcase> <!-- @BeforeSuite generateTokenForSuite -->
  <testcase classname="com.onsite.utilities_page.BaseToken" name="@BeforeSuite generateTokenForSuite" time="0.0">
    <ignored/>
  </testcase> <!-- @BeforeSuite generateTokenForSuite -->
</testsuite> <!-- ProjectTest -->
