<?xml version="1.0" encoding="UTF-8"?>
<!-- Generated by org.testng.reporters.JUnitXMLReporter -->
<testsuite ignored="3" hostname="DESKTOP-JKM4S1A" failures="0" tests="7" name="ProjectTest" time="21.85" errors="0" timestamp="2025-07-06T12:59:16 IST">
  <testcase classname="com.onsite.project_test_page.ProjectCreateTest" name="createProject" time="2.443"/>
  <testcase classname="com.onsite.project_test_page.ProjectCreateTest" name="getProject" time="1.111"/>
  <testcase classname="com.onsite.project_test_page.ProjectGetTest" name="getProjectDeatils" time="0.889"/>
  <testcase classname="com.onsite.project_test_page.ProjectUpdateTest" name="editProject" time="1.142"/>
  <testcase classname="com.onsite.project_test_page.ProjectUpdateTest" name="getUpdatedProject" time="0.931"/>
  <testcase classname="com.onsite.project_test_page.ProjectEditStatusTest" name="editStatusProject" time="0.632"/>
  <testcase classname="com.onsite.project_test_page.ProjectEditStatusTest" name="getProjectStatus" time="0.946"/>
  <testcase classname="com.onsite.utilities_page.BaseToken" name="@BeforeSuite generateTokenForSuite" time="0.0">
    <ignored/>
  </testcase> <!-- @BeforeSuite generateTokenForSuite -->
  <testcase classname="com.onsite.utilities_page.BaseToken" name="@BeforeSuite generateTokenForSuite" time="0.0">
    <ignored/>
  </testcase> <!-- @BeforeSuite generateTokenForSuite -->
  <testcase classname="com.onsite.utilities_page.BaseToken" name="@BeforeSuite generateTokenForSuite" time="0.0">
    <ignored/>
  </testcase> <!-- @BeforeSuite generateTokenForSuite -->
</testsuite> <!-- ProjectTest -->
