<?xml version="1.0" encoding="UTF-8"?>
<!-- Generated by org.testng.reporters.JUnitXMLReporter -->
<testsuite ignored="3" hostname="DESKTOP-JKM4S1A" failures="0" tests="7" name="Test" time="20.677" errors="0" timestamp="2025-06-30T22:10:49 IST">
  <testcase classname="com.onsite.project_test_page.ProjectCreateTest" name="createProject" time="1.968"/>
  <testcase classname="com.onsite.project_test_page.ProjectCreateTest" name="getProject" time="1.422"/>
  <testcase classname="com.onsite.project_test_page.ProjectGetTest" name="getProjectDeatils" time="1.249"/>
  <testcase classname="com.onsite.project_test_page.ProjectUpdateTest" name="editProject" time="0.673"/>
  <testcase classname="com.onsite.project_test_page.ProjectUpdateTest" name="getUpdatedProject" time="0.714"/>
  <testcase classname="com.onsite.project_test_page.ProjectEditStatusTest" name="editStatusProject" time="0.56"/>
  <testcase classname="com.onsite.project_test_page.ProjectEditStatusTest" name="getProjectStatus" time="1.134"/>
  <testcase classname="com.onsite.utilities_page.BaseToken" name="@BeforeSuite generateTokenForSuite" time="0.0">
    <ignored/>
  </testcase> <!-- @BeforeSuite generateTokenForSuite -->
  <testcase classname="com.onsite.utilities_page.BaseToken" name="@BeforeSuite generateTokenForSuite" time="0.0">
    <ignored/>
  </testcase> <!-- @BeforeSuite generateTokenForSuite -->
  <testcase classname="com.onsite.utilities_page.BaseToken" name="@BeforeSuite generateTokenForSuite" time="0.0">
    <ignored/>
  </testcase> <!-- @BeforeSuite generateTokenForSuite -->
</testsuite> <!-- Test -->
