<?xml version="1.0" encoding="UTF-8"?>
<!-- Generated by org.testng.reporters.JUnitXMLReporter -->
<testsuite ignored="0" hostname="DESKTOP-JKM4S1A" failures="0" tests="2" name="TimeSheetTest" time="6.639" errors="0" timestamp="2025-07-06T13:50:33 IST">
  <testcase classname="com.onsite.timesheet_test_page.TimeSheetCreateTest" name="postTimesheet" time="2.337"/>
  <testcase classname="com.onsite.timesheet_test_page.TimeSheetCreateTest" name="getTimeSheet" time="0.933"/>
</testsuite> <!-- TimeSheetTest -->
