# JRE version: Java(TM) SE Runtime Environment (21.0.2+13) (build 21.0.2+13-LTS-58)
# Java VM: Java HotSpot(TM) 64-Bit Server VM (21.0.2+13-LTS-58, mixed mode, sharing, tiered, compressed oops, compressed class ptrs, g1 gc, windows-amd64)
GC Precious Log:
 CardTable entry size: 512
 Card Set container configuration: InlinePtr #cards 5 size 8 Array Of Cards #cards 12 size 40 Howl #buckets 4 coarsen threshold 1843 Howl Bitmap #cards 512 size 80 coarsen threshold 460 Card regions per heap region 1 cards per card region 2048
 CPUs: 4 total, 4 available
 Memory: 8072M
 Large Page Support: Disabled
 NUMA Support: Disabled
 Compressed Oops: Enabled (32-bit)
 Heap Region Size: 1M
 Heap Min Capacity: 8M
 Heap Initial Capacity: 128M
 Heap Max Capacity: 2020M
 Pre-touch: Disabled
 Parallel Workers: 4
 Concurrent Workers: 1
 Concurrent Refinement Workers: 4
 Periodic GC: Disabled
Heap:
 garbage-first heap   total 131072K, used 26262K [0x0000000081c00000, 0x0000000100000000)
  region size 1024K, 21 young (21504K), 5 survivors (5120K)
 Metaspace       used 19059K, committed 19456K, reserved 1114112K
  class space    used 2050K, committed 2240K, reserved 1048576K
GC Heap History (6 events):
Event: 1.121 GC heap before
{Heap before GC invocations=0 (full 0):
 garbage-first heap   total 131072K, used 12288K [0x0000000081c00000, 0x0000000100000000)
  region size 1024K, 13 young (13312K), 0 survivors (0K)
 Metaspace       used 4414K, committed 4608K, reserved 1114112K
  class space    used 456K, committed 512K, reserved 1048576K
}
Event: 1.128 GC heap after
{Heap after GC invocations=1 (full 0):
 garbage-first heap   total 131072K, used 6400K [0x0000000081c00000, 0x0000000100000000)
  region size 1024K, 2 young (2048K), 2 survivors (2048K)
 Metaspace       used 4414K, committed 4608K, reserved 1114112K
  class space    used 456K, committed 512K, reserved 1048576K
}
Event: 1.554 GC heap before
{Heap before GC invocations=1 (full 0):
 garbage-first heap   total 131072K, used 16640K [0x0000000081c00000, 0x0000000100000000)
  region size 1024K, 12 young (12288K), 2 survivors (2048K)
 Metaspace       used 7468K, committed 7680K, reserved 1114112K
  class space    used 806K, committed 896K, reserved 1048576K
}
Event: 1.560 GC heap after
{Heap after GC invocations=2 (full 0):
 garbage-first heap   total 131072K, used 7014K [0x0000000081c00000, 0x0000000100000000)
  region size 1024K, 1 young (1024K), 1 survivors (1024K)
 Metaspace       used 7468K, committed 7680K, reserved 1114112K
  class space    used 806K, committed 896K, reserved 1048576K
}
Event: 2.956 GC heap before
{Heap before GC invocations=2 (full 0):
 garbage-first heap   total 131072K, used 42854K [0x0000000081c00000, 0x0000000100000000)
  region size 1024K, 34 young (34816K), 1 survivors (1024K)
 Metaspace       used 17246K, committed 17536K, reserved 1114112K
  class space    used 1784K, committed 1920K, reserved 1048576K
}
Event: 2.964 GC heap after
{Heap after GC invocations=3 (full 0):
 garbage-first heap   total 131072K, used 10902K [0x0000000081c00000, 0x0000000100000000)
  region size 1024K, 5 young (5120K), 5 survivors (5120K)
 Metaspace       used 17246K, committed 17536K, reserved 1114112K
  class space    used 1784K, committed 1920K, reserved 1048576K
}

