# JRE version: Java(TM) SE Runtime Environment (21.0.2+13) (build 21.0.2+13-LTS-58)
# Java VM: Java HotSpot(TM) 64-Bit Server VM (21.0.2+13-LTS-58, mixed mode, sharing, tiered, compressed oops, compressed class ptrs, g1 gc, windows-amd64)
GC Precious Log:
 CardTable entry size: 512
 Card Set container configuration: InlinePtr #cards 5 size 8 Array Of Cards #cards 12 size 40 Howl #buckets 4 coarsen threshold 1843 Howl Bitmap #cards 512 size 80 coarsen threshold 460 Card regions per heap region 1 cards per card region 2048
 CPUs: 4 total, 4 available
 Memory: 8072M
 Large Page Support: Disabled
 NUMA Support: Disabled
 Compressed Oops: Enabled (32-bit)
 Heap Region Size: 1M
 Heap Min Capacity: 8M
 Heap Initial Capacity: 128M
 Heap Max Capacity: 2020M
 Pre-touch: Disabled
 Parallel Workers: 4
 Concurrent Workers: 1
 Concurrent Refinement Workers: 4
 Periodic GC: Disabled
Heap:
 garbage-first heap   total 65536K, used 27386K [0x0000000081c00000, 0x0000000100000000)
  region size 1024K, 9 young (9216K), 5 survivors (5120K)
 Metaspace       used 29087K, committed 29632K, reserved 1114112K
  class space    used 3301K, committed 3520K, reserved 1048576K
GC Heap History (10 events):
Event: 2.387 GC heap before
{Heap before GC invocations=0 (full 0):
 garbage-first heap   total 131072K, used 12288K [0x0000000081c00000, 0x0000000100000000)
  region size 1024K, 13 young (13312K), 0 survivors (0K)
 Metaspace       used 4427K, committed 4608K, reserved 1114112K
  class space    used 452K, committed 512K, reserved 1048576K
}
Event: 2.402 GC heap after
{Heap after GC invocations=1 (full 0):
 garbage-first heap   total 131072K, used 7200K [0x0000000081c00000, 0x0000000100000000)
  region size 1024K, 2 young (2048K), 2 survivors (2048K)
 Metaspace       used 4427K, committed 4608K, reserved 1114112K
  class space    used 452K, committed 512K, reserved 1048576K
}
Event: 2.918 GC heap before
{Heap before GC invocations=1 (full 0):
 garbage-first heap   total 131072K, used 16416K [0x0000000081c00000, 0x0000000100000000)
  region size 1024K, 12 young (12288K), 2 survivors (2048K)
 Metaspace       used 7588K, committed 7808K, reserved 1114112K
  class space    used 824K, committed 896K, reserved 1048576K
}
Event: 2.923 GC heap after
{Heap after GC invocations=2 (full 0):
 garbage-first heap   total 131072K, used 7569K [0x0000000081c00000, 0x0000000100000000)
  region size 1024K, 1 young (1024K), 1 survivors (1024K)
 Metaspace       used 7588K, committed 7808K, reserved 1114112K
  class space    used 824K, committed 896K, reserved 1048576K
}
Event: 4.542 GC heap before
{Heap before GC invocations=2 (full 0):
 garbage-first heap   total 131072K, used 43409K [0x0000000081c00000, 0x0000000100000000)
  region size 1024K, 34 young (34816K), 1 survivors (1024K)
 Metaspace       used 17222K, committed 17472K, reserved 1114112K
  class space    used 1789K, committed 1920K, reserved 1048576K
}
Event: 4.552 GC heap after
{Heap after GC invocations=3 (full 0):
 garbage-first heap   total 131072K, used 11568K [0x0000000081c00000, 0x0000000100000000)
  region size 1024K, 5 young (5120K), 5 survivors (5120K)
 Metaspace       used 17222K, committed 17472K, reserved 1114112K
  class space    used 1789K, committed 1920K, reserved 1048576K
}
Event: 7.330 GC heap before
{Heap before GC invocations=3 (full 0):
 garbage-first heap   total 131072K, used 53552K [0x0000000081c00000, 0x0000000100000000)
  region size 1024K, 47 young (48128K), 5 survivors (5120K)
 Metaspace       used 21065K, committed 21504K, reserved 1114112K
  class space    used 2279K, committed 2496K, reserved 1048576K
}
Event: 7.356 GC heap after
{Heap after GC invocations=4 (full 0):
 garbage-first heap   total 131072K, used 18170K [0x0000000081c00000, 0x0000000100000000)
  region size 1024K, 10 young (10240K), 10 survivors (10240K)
 Metaspace       used 21065K, committed 21504K, reserved 1114112K
  class space    used 2279K, committed 2496K, reserved 1048576K
}
Event: 29.857 GC heap before
{Heap before GC invocations=5 (full 0):
 garbage-first heap   total 65536K, used 45818K [0x0000000081c00000, 0x0000000100000000)
  region size 1024K, 38 young (38912K), 10 survivors (10240K)
 Metaspace       used 28825K, committed 29440K, reserved 1114112K
  class space    used 3256K, committed 3520K, reserved 1048576K
}
Event: 29.879 GC heap after
{Heap after GC invocations=6 (full 0):
 garbage-first heap   total 65536K, used 24314K [0x0000000081c00000, 0x0000000100000000)
  region size 1024K, 5 young (5120K), 5 survivors (5120K)
 Metaspace       used 28825K, committed 29440K, reserved 1114112K
  class space    used 3256K, committed 3520K, reserved 1048576K
}

